/cluster/home/xudjian/ModalGNN_Time_Domain/data/dataset_loader.py:190: UserWarning: Creating a tensor from a list of numpy.ndarrays is extremely slow. Please consider converting the list to a single numpy.ndarray with numpy.array() before converting to a tensor. (Triggered internally at ../torch/csrc/utils/tensor_new.cpp:261.)
  self.freqs = torch.tensor(self.freqs, dtype = torch.float).to(self.device)
wandb: Using wandb-core as the SDK backend. Please refer to https://wandb.me/wandb-core for more information.
wandb: Currently logged in as: jxd-engineer. Use `wandb login --relogin` to force relogin
wandb: Tracking run with wandb version 0.18.1
wandb: Run data is saved locally in /cluster/home/xudjian/ModalGNN_Time_Domain/wandb/run-20241024_151026-vhz092u2
wandb: Run `wandb offline` to turn off syncing.
wandb: Syncing run colorful-water-123
wandb: ⭐️ View project at https://wandb.ai/jxd-engineer/ModalGNN_TimeDomain
wandb: 🚀 View run at https://wandb.ai/jxd-engineer/ModalGNN_TimeDomain/runs/vhz092u2
wandb: - 0.020 MB of 0.020 MB uploadedwandb:                                                                                
wandb: 
wandb: Run history:
wandb: loss1_valid █▃▄▃▃▁▁▁▁▁▁▁▁▁▁▁▁▁▁▁▁▁▁▁▁▂▁▁▂▁▁▁▁▁▁▁▁▁▁▁
wandb: loss2_valid ██▅▅▂▁▁▁▁▁▁▁▁▁▁▁▁▁▁▁▂▂▂▂▂▂▂▂▂▂▂▂▂▂▂▂▂▂▂▂
wandb: loss3_valid █▇▇▁▁▁▁▁▁▁▁▁▁▁▁▁▁▁▁▁▁▁▁▁▁▁▁▁▁▁▁▁▁▁▁▁▁▁▁▁
wandb:  loss_train ██▆▆▅▅▅▄▄▄▄▄▄▄▃▃▃▃▃▂▂▂▂▂▂▂▁▁▁▁▁▁▁▁▁▁▁▁▁▁
wandb:  loss_valid █▄▄▃▃▃▂▂▂▂▁▁▁▁▁▁▁▁▁▁▁▁▁▁▁▁▁▁▁▁▁▁▁▁▁▁▁▁▁▁
wandb: 
wandb: Run summary:
wandb: loss1_valid 0.03644
wandb: loss2_valid 0.00755
wandb: loss3_valid 0.00262
wandb:  loss_train 0.00413
wandb:  loss_valid 0.04661
wandb: 
wandb: 🚀 View run colorful-water-123 at: https://wandb.ai/jxd-engineer/ModalGNN_TimeDomain/runs/vhz092u2
wandb: ⭐️ View project at: https://wandb.ai/jxd-engineer/ModalGNN_TimeDomain
wandb: Synced 5 W&B file(s), 0 media file(s), 0 artifact file(s) and 0 other file(s)
wandb: Find logs at: ./wandb/run-20241024_151026-vhz092u2/logs
Training device: cuda:0
Create model: done
graph_id = 0
graph_id = 1
graph_id = 2
graph_id = 3
graph_id = 4
graph_id = 5
graph_id = 6
graph_id = 7
graph_id = 8
graph_id = 9
graph_id = 10
graph_id = 11
graph_id = 12
graph_id = 13
graph_id = 14
graph_id = 15
graph_id = 16
graph_id = 17
graph_id = 18
graph_id = 19
graph_id = 20
graph_id = 21
graph_id = 22
graph_id = 23
graph_id = 24
graph_id = 25
graph_id = 26
graph_id = 27
graph_id = 28
graph_id = 29
graph_id = 30
graph_id = 31
graph_id = 32
graph_id = 33
graph_id = 34
graph_id = 35
graph_id = 36
graph_id = 37
graph_id = 38
graph_id = 39
graph_id = 40
graph_id = 41
graph_id = 42
graph_id = 43
graph_id = 44
graph_id = 45
graph_id = 46
graph_id = 47
graph_id = 48
graph_id = 49
graph_id = 50
graph_id = 51
graph_id = 52
graph_id = 53
graph_id = 54
graph_id = 55
graph_id = 56
graph_id = 57
graph_id = 58
graph_id = 59
graph_id = 60
graph_id = 61
graph_id = 62
graph_id = 63
graph_id = 64
graph_id = 65
graph_id = 66
graph_id = 67
graph_id = 68
graph_id = 69
graph_id = 70
graph_id = 71
graph_id = 72
graph_id = 73
graph_id = 74
graph_id = 75
graph_id = 76
graph_id = 77
graph_id = 78
graph_id = 79
graph_id = 80
graph_id = 81
graph_id = 82
graph_id = 83
graph_id = 84
graph_id = 85
graph_id = 86
graph_id = 87
graph_id = 88
graph_id = 89
graph_id = 90
graph_id = 91
graph_id = 92
graph_id = 93
graph_id = 94
graph_id = 95
graph_id = 96
graph_id = 97
graph_id = 98
graph_id = 99
Create training dataset: done
graph_id = 495
graph_id = 496
graph_id = 497
graph_id = 498
graph_id = 499
Create validation dataset: done
epoch: 0, loss_train: 0.8719894886, loss_valid: 1.1722272635
epoch: 20, loss_train: 0.1238643304, loss_valid: 0.5914549232
epoch: 40, loss_train: 0.0797875673, loss_valid: 0.4103613496
epoch: 60, loss_train: 0.0685247406, loss_valid: 0.4282566309
epoch: 80, loss_train: 0.0625436679, loss_valid: 0.3376117945
epoch: 100, loss_train: 0.0568864346, loss_valid: 0.3039849699
epoch: 120, loss_train: 0.0534454919, loss_valid: 0.3155163527
epoch: 140, loss_train: 0.0516438857, loss_valid: 0.3266350925
epoch: 160, loss_train: 0.0497698933, loss_valid: 0.3031787872
epoch: 180, loss_train: 0.0491047204, loss_valid: 0.2955954969
epoch: 200, loss_train: 0.0482532084, loss_valid: 0.2908747196
epoch: 220, loss_train: 0.0468143336, loss_valid: 0.3268516362
epoch: 240, loss_train: 0.0466851108, loss_valid: 0.3224742115
epoch: 260, loss_train: 0.0463301130, loss_valid: 0.2681176364
epoch: 280, loss_train: 0.0454305857, loss_valid: 0.2877714038
epoch: 300, loss_train: 0.0446872562, loss_valid: 0.2587864995
epoch: 320, loss_train: 0.0443640202, loss_valid: 0.2602431774
epoch: 340, loss_train: 0.0436544120, loss_valid: 0.2592388690
epoch: 360, loss_train: 0.0433142632, loss_valid: 0.3091726899
epoch: 380, loss_train: 0.0432186052, loss_valid: 0.2595185935
epoch: 400, loss_train: 0.0426771268, loss_valid: 0.2717227340
epoch: 420, loss_train: 0.0421431735, loss_valid: 0.2097899318
epoch: 440, loss_train: 0.0415501073, loss_valid: 0.2157372683
epoch: 460, loss_train: 0.0403202735, loss_valid: 0.1754418612
epoch: 480, loss_train: 0.0390845425, loss_valid: 0.1630032510
epoch: 500, loss_train: 0.0382060930, loss_valid: 0.1406587660
epoch: 520, loss_train: 0.0379162654, loss_valid: 0.1617748588
epoch: 540, loss_train: 0.0373347811, loss_valid: 0.1178490222
epoch: 560, loss_train: 0.0369618274, loss_valid: 0.1282554865
epoch: 580, loss_train: 0.0367759615, loss_valid: 0.1064320132
epoch: 600, loss_train: 0.0365718231, loss_valid: 0.1296583116
epoch: 620, loss_train: 0.0364265479, loss_valid: 0.1086450368
epoch: 640, loss_train: 0.0361875854, loss_valid: 0.1080641896
epoch: 660, loss_train: 0.0359465182, loss_valid: 0.1141510829
epoch: 680, loss_train: 0.0356948636, loss_valid: 0.0983226299
epoch: 700, loss_train: 0.0355937816, loss_valid: 0.0956224948
epoch: 720, loss_train: 0.0352452584, loss_valid: 0.0857269242
epoch: 740, loss_train: 0.0350021683, loss_valid: 0.0914929807
epoch: 760, loss_train: 0.0346846581, loss_valid: 0.0814746544
epoch: 780, loss_train: 0.0343343839, loss_valid: 0.0776320249
epoch: 800, loss_train: 0.0339229740, loss_valid: 0.0819936320
epoch: 820, loss_train: 0.0336910784, loss_valid: 0.0714003816
epoch: 840, loss_train: 0.0333104767, loss_valid: 0.0651965961
epoch: 860, loss_train: 0.0329473503, loss_valid: 0.0597573593
epoch: 880, loss_train: 0.0326660536, loss_valid: 0.0551574081
epoch: 900, loss_train: 0.0323681682, loss_valid: 0.0509044975
epoch: 920, loss_train: 0.0321236961, loss_valid: 0.0476388745
epoch: 940, loss_train: 0.0317838676, loss_valid: 0.0424688198
epoch: 960, loss_train: 0.0315490551, loss_valid: 0.0371480286
epoch: 980, loss_train: 0.0312420148, loss_valid: 0.0342222080
epoch: 1000, loss_train: 0.0310749151, loss_valid: 0.0314793177
epoch: 1020, loss_train: 0.0308633316, loss_valid: 0.0294409674
epoch: 1040, loss_train: 0.0306962337, loss_valid: 0.0275858846
epoch: 1060, loss_train: 0.0306102149, loss_valid: 0.0268591866
epoch: 1080, loss_train: 0.0304477494, loss_valid: 0.0262300987
epoch: 1100, loss_train: 0.0303333662, loss_valid: 0.0259416718
epoch: 1120, loss_train: 0.0301817320, loss_valid: 0.0256268978
epoch: 1140, loss_train: 0.0301545840, loss_valid: 0.0258941222
epoch: 1160, loss_train: 0.0299999285, loss_valid: 0.0256377142
epoch: 1180, loss_train: 0.0299028363, loss_valid: 0.0256224331
epoch: 1200, loss_train: 0.0298779234, loss_valid: 0.0267693289
epoch: 1220, loss_train: 0.0298383832, loss_valid: 0.0259065591
epoch: 1240, loss_train: 0.0296146814, loss_valid: 0.0258802064
epoch: 1260, loss_train: 0.0295353476, loss_valid: 0.0260215010
epoch: 1280, loss_train: 0.0294068754, loss_valid: 0.0266374629
epoch: 1300, loss_train: 0.0293311533, loss_valid: 0.0258492902
epoch: 1320, loss_train: 0.0292533282, loss_valid: 0.0269306004
epoch: 1340, loss_train: 0.0290941615, loss_valid: 0.0278966147
epoch: 1360, loss_train: 0.0290770382, loss_valid: 0.0296997465
epoch: 1380, loss_train: 0.0295362230, loss_valid: 0.0271616373
epoch: 1400, loss_train: 0.0290606581, loss_valid: 0.0272533707
epoch: 1420, loss_train: 0.0287878383, loss_valid: 0.0275588501
epoch: 1440, loss_train: 0.0285907872, loss_valid: 0.0272726621
epoch: 1460, loss_train: 0.0285740346, loss_valid: 0.0279268157
epoch: 1480, loss_train: 0.0283612832, loss_valid: 0.0284010582
epoch: 1500, loss_train: 0.0282048639, loss_valid: 0.0279795919
epoch: 1520, loss_train: 0.0281198137, loss_valid: 0.0290461313
epoch: 1540, loss_train: 0.0279482473, loss_valid: 0.0289357994
epoch: 1560, loss_train: 0.0277073234, loss_valid: 0.0291111022
epoch: 1580, loss_train: 0.0276302807, loss_valid: 0.0292028710
epoch: 1600, loss_train: 0.0275616944, loss_valid: 0.0297876503
epoch: 1620, loss_train: 0.0273802131, loss_valid: 0.0299142879
epoch: 1640, loss_train: 0.0272531919, loss_valid: 0.0302479602
epoch: 1660, loss_train: 0.0270960126, loss_valid: 0.0304717999
epoch: 1680, loss_train: 0.0268878713, loss_valid: 0.0311377626
epoch: 1700, loss_train: 0.0267967284, loss_valid: 0.0326542668
epoch: 1720, loss_train: 0.0265390705, loss_valid: 0.0312949046
epoch: 1740, loss_train: 0.0263227057, loss_valid: 0.0309136603
epoch: 1760, loss_train: 0.0261982996, loss_valid: 0.0321023501
epoch: 1780, loss_train: 0.0260646027, loss_valid: 0.0328110568
epoch: 1800, loss_train: 0.0258459132, loss_valid: 0.0318380371
epoch: 1820, loss_train: 0.0256142337, loss_valid: 0.0344930738
epoch: 1840, loss_train: 0.0253744386, loss_valid: 0.0349364765
epoch: 1860, loss_train: 0.0251142643, loss_valid: 0.0343706161
epoch: 1880, loss_train: 0.0248054862, loss_valid: 0.0343170278
epoch: 1900, loss_train: 0.0245046373, loss_valid: 0.0365026556
epoch: 1920, loss_train: 0.0241968706, loss_valid: 0.0372284465
epoch: 1940, loss_train: 0.0238402821, loss_valid: 0.0381906107
epoch: 1960, loss_train: 0.0234115236, loss_valid: 0.0396576859
epoch: 1980, loss_train: 0.0229738131, loss_valid: 0.0382704251
epoch: 2000, loss_train: 0.0225752033, loss_valid: 0.0379690118
epoch: 2020, loss_train: 0.0230349228, loss_valid: 0.0364690535
epoch: 2040, loss_train: 0.0218942966, loss_valid: 0.0392808318
epoch: 2060, loss_train: 0.0213167183, loss_valid: 0.0382672064
epoch: 2080, loss_train: 0.0209483579, loss_valid: 0.0363638252
epoch: 2100, loss_train: 0.0204237252, loss_valid: 0.0377229713
epoch: 2120, loss_train: 0.0199217852, loss_valid: 0.0367739126
epoch: 2140, loss_train: 0.0196133908, loss_valid: 0.0395706072
epoch: 2160, loss_train: 0.0192556195, loss_valid: 0.0385401919
epoch: 2180, loss_train: 0.0188894104, loss_valid: 0.0391589999
epoch: 2200, loss_train: 0.0185757149, loss_valid: 0.0391040854
epoch: 2220, loss_train: 0.0181251690, loss_valid: 0.0408767834
epoch: 2240, loss_train: 0.0179542042, loss_valid: 0.0387497693
epoch: 2260, loss_train: 0.0175437424, loss_valid: 0.0408226885
epoch: 2280, loss_train: 0.0172845647, loss_valid: 0.0399770550
epoch: 2300, loss_train: 0.0171771310, loss_valid: 0.0408820510
epoch: 2320, loss_train: 0.0167953726, loss_valid: 0.0450039357
epoch: 2340, loss_train: 0.0165111255, loss_valid: 0.0446090437
epoch: 2360, loss_train: 0.0163042191, loss_valid: 0.0407938771
epoch: 2380, loss_train: 0.0160123818, loss_valid: 0.0439141281
epoch: 2400, loss_train: 0.0157839749, loss_valid: 0.0433482304
epoch: 2420, loss_train: 0.0156043423, loss_valid: 0.0418961458
epoch: 2440, loss_train: 0.0154418685, loss_valid: 0.0441181883
epoch: 2460, loss_train: 0.0151507771, loss_valid: 0.0430091806
epoch: 2480, loss_train: 0.0150438985, loss_valid: 0.0429398306
epoch: 2500, loss_train: 0.0148246149, loss_valid: 0.0407866016
epoch: 2520, loss_train: 0.0145075787, loss_valid: 0.0431801304
epoch: 2540, loss_train: 0.0143510317, loss_valid: 0.0429815613
epoch: 2560, loss_train: 0.0143332081, loss_valid: 0.0416066833
epoch: 2580, loss_train: 0.0139160501, loss_valid: 0.0438967124
epoch: 2600, loss_train: 0.0137955165, loss_valid: 0.0439146124
epoch: 2620, loss_train: 0.0137267727, loss_valid: 0.0421646945
epoch: 2640, loss_train: 0.0135097243, loss_valid: 0.0443490483
epoch: 2660, loss_train: 0.0133752003, loss_valid: 0.0429644957
epoch: 2680, loss_train: 0.0132146534, loss_valid: 0.0463459678
epoch: 2700, loss_train: 0.0130042145, loss_valid: 0.0425551571
epoch: 2720, loss_train: 0.0127129694, loss_valid: 0.0445428565
epoch: 2740, loss_train: 0.0126974583, loss_valid: 0.0450760052
epoch: 2760, loss_train: 0.0125910398, loss_valid: 0.0422033332
epoch: 2780, loss_train: 0.0125081902, loss_valid: 0.0453726873
epoch: 2800, loss_train: 0.0121956877, loss_valid: 0.0425386839
epoch: 2820, loss_train: 0.0120850122, loss_valid: 0.0441695936
epoch: 2840, loss_train: 0.0119676935, loss_valid: 0.0434773006
epoch: 2860, loss_train: 0.0119245946, loss_valid: 0.0423256941
epoch: 2880, loss_train: 0.0117236190, loss_valid: 0.0440722108
epoch: 2900, loss_train: 0.0116475271, loss_valid: 0.0425570086
epoch: 2920, loss_train: 0.0114612542, loss_valid: 0.0439015254
epoch: 2940, loss_train: 0.0113815693, loss_valid: 0.0433918722
epoch: 2960, loss_train: 0.0112940921, loss_valid: 0.0455466919
epoch: 2980, loss_train: 0.0111984834, loss_valid: 0.0448253006
epoch: 3000, loss_train: 0.0109058078, loss_valid: 0.0447501838
epoch: 3020, loss_train: 0.0108398460, loss_valid: 0.0443769246
epoch: 3040, loss_train: 0.0106773786, loss_valid: 0.0448530354
epoch: 3060, loss_train: 0.0106372023, loss_valid: 0.0440294668
epoch: 3080, loss_train: 0.0106927231, loss_valid: 0.0444924012
epoch: 3100, loss_train: 0.0103844125, loss_valid: 0.0433383286
epoch: 3120, loss_train: 0.0101909870, loss_valid: 0.0468212888
epoch: 3140, loss_train: 0.0101560587, loss_valid: 0.0443635732
epoch: 3160, loss_train: 0.0100152856, loss_valid: 0.0456391238
epoch: 3180, loss_train: 0.0098388456, loss_valid: 0.0444195010
epoch: 3200, loss_train: 0.0096889287, loss_valid: 0.0462169610
epoch: 3220, loss_train: 0.0096887052, loss_valid: 0.0464774929
epoch: 3240, loss_train: 0.0095996251, loss_valid: 0.0461306758
epoch: 3260, loss_train: 0.0094916187, loss_valid: 0.0444363765
epoch: 3280, loss_train: 0.0092188232, loss_valid: 0.0479274355
epoch: 3300, loss_train: 0.0092024393, loss_valid: 0.0463819802
epoch: 3320, loss_train: 0.0092278225, loss_valid: 0.0452035256
epoch: 3340, loss_train: 0.0091026584, loss_valid: 0.0459203348
epoch: 3360, loss_train: 0.0088855280, loss_valid: 0.0483672842
epoch: 3380, loss_train: 0.0087959040, loss_valid: 0.0455742925
epoch: 3400, loss_train: 0.0087126121, loss_valid: 0.0461700484
epoch: 3420, loss_train: 0.0085696522, loss_valid: 0.0480282046
epoch: 3440, loss_train: 0.0085403230, loss_valid: 0.0459553078
epoch: 3460, loss_train: 0.0083421776, loss_valid: 0.0479242280
epoch: 3480, loss_train: 0.0084226327, loss_valid: 0.0473639704
epoch: 3500, loss_train: 0.0082892561, loss_valid: 0.0496468246
epoch: 3520, loss_train: 0.0081987986, loss_valid: 0.0457678214
epoch: 3540, loss_train: 0.0080556050, loss_valid: 0.0467780568
epoch: 3560, loss_train: 0.0079308273, loss_valid: 0.0462834612
epoch: 3580, loss_train: 0.0079005044, loss_valid: 0.0453008115
epoch: 3600, loss_train: 0.0078213690, loss_valid: 0.0467630550
epoch: 3620, loss_train: 0.0077759214, loss_valid: 0.0479842313
epoch: 3640, loss_train: 0.0076465406, loss_valid: 0.0477584042
epoch: 3660, loss_train: 0.0075826519, loss_valid: 0.0466026142
epoch: 3680, loss_train: 0.0074418336, loss_valid: 0.0476520024
epoch: 3700, loss_train: 0.0074492530, loss_valid: 0.0458017550
epoch: 3720, loss_train: 0.0073929294, loss_valid: 0.0487442203
epoch: 3740, loss_train: 0.0072315871, loss_valid: 0.0477744155
epoch: 3760, loss_train: 0.0070269764, loss_valid: 0.0478768833
epoch: 3780, loss_train: 0.0070022857, loss_valid: 0.0466131270
epoch: 3800, loss_train: 0.0070118206, loss_valid: 0.0482917950
epoch: 3820, loss_train: 0.0068876413, loss_valid: 0.0492738113
epoch: 3840, loss_train: 0.0068777376, loss_valid: 0.0488019250
epoch: 3860, loss_train: 0.0068428558, loss_valid: 0.0492798425
epoch: 3880, loss_train: 0.0066006011, loss_valid: 0.0474392101
epoch: 3900, loss_train: 0.0066161319, loss_valid: 0.0484260544
epoch: 3920, loss_train: 0.0065588178, loss_valid: 0.0490025766
epoch: 3940, loss_train: 0.0064761261, loss_valid: 0.0493699126
epoch: 3960, loss_train: 0.0064101359, loss_valid: 0.0491209179
epoch: 3980, loss_train: 0.0064103240, loss_valid: 0.0487646870
epoch: 4000, loss_train: 0.0062521473, loss_valid: 0.0492661558
epoch: 4020, loss_train: 0.0062547470, loss_valid: 0.0485062562
epoch: 4040, loss_train: 0.0062232432, loss_valid: 0.0494501740
epoch: 4060, loss_train: 0.0061399690, loss_valid: 0.0487865433
epoch: 4080, loss_train: 0.0061542857, loss_valid: 0.0464795157
epoch: 4100, loss_train: 0.0060150567, loss_valid: 0.0484188981
epoch: 4120, loss_train: 0.0058419150, loss_valid: 0.0483039767
epoch: 4140, loss_train: 0.0058272472, loss_valid: 0.0484154299
epoch: 4160, loss_train: 0.0057224240, loss_valid: 0.0484377593
epoch: 4180, loss_train: 0.0057004476, loss_valid: 0.0489282347
epoch: 4200, loss_train: 0.0057152519, loss_valid: 0.0477728769
epoch: 4220, loss_train: 0.0056147519, loss_valid: 0.0484156907
epoch: 4240, loss_train: 0.0055945804, loss_valid: 0.0484539010
epoch: 4260, loss_train: 0.0055377409, loss_valid: 0.0467679873
epoch: 4280, loss_train: 0.0055591404, loss_valid: 0.0473341942
epoch: 4300, loss_train: 0.0054628290, loss_valid: 0.0490694344
epoch: 4320, loss_train: 0.0053572576, loss_valid: 0.0481830686
epoch: 4340, loss_train: 0.0053397994, loss_valid: 0.0498352796
epoch: 4360, loss_train: 0.0053562582, loss_valid: 0.0484935381
epoch: 4380, loss_train: 0.0052846214, loss_valid: 0.0485655889
epoch: 4400, loss_train: 0.0051895115, loss_valid: 0.0497182868
epoch: 4420, loss_train: 0.0051368019, loss_valid: 0.0485581718
epoch: 4440, loss_train: 0.0050988398, loss_valid: 0.0479287431
epoch: 4460, loss_train: 0.0050594211, loss_valid: 0.0475215800
epoch: 4480, loss_train: 0.0051397728, loss_valid: 0.0481113344
epoch: 4500, loss_train: 0.0049412493, loss_valid: 0.0490745381
epoch: 4520, loss_train: 0.0049645714, loss_valid: 0.0474524796
epoch: 4540, loss_train: 0.0047731721, loss_valid: 0.0486228243
epoch: 4560, loss_train: 0.0049642758, loss_valid: 0.0463917851
epoch: 4580, loss_train: 0.0048182835, loss_valid: 0.0486324728
epoch: 4600, loss_train: 0.0047294581, loss_valid: 0.0479500555
epoch: 4620, loss_train: 0.0048215291, loss_valid: 0.0463667624
epoch: 4640, loss_train: 0.0047031529, loss_valid: 0.0499202237
epoch: 4660, loss_train: 0.0046961256, loss_valid: 0.0472442843
epoch: 4680, loss_train: 0.0045917714, loss_valid: 0.0471461266
epoch: 4700, loss_train: 0.0046415227, loss_valid: 0.0474843085
epoch: 4720, loss_train: 0.0045423815, loss_valid: 0.0484091528
epoch: 4740, loss_train: 0.0045060925, loss_valid: 0.0474034511
epoch: 4760, loss_train: 0.0044756299, loss_valid: 0.0478471257
epoch: 4780, loss_train: 0.0045562848, loss_valid: 0.0475563593
epoch: 4800, loss_train: 0.0045050164, loss_valid: 0.0481227189
epoch: 4820, loss_train: 0.0044191731, loss_valid: 0.0479879193
epoch: 4840, loss_train: 0.0044773174, loss_valid: 0.0468203127
epoch: 4860, loss_train: 0.0043567470, loss_valid: 0.0476019271
epoch: 4880, loss_train: 0.0043238094, loss_valid: 0.0476536006
epoch: 4900, loss_train: 0.0042951424, loss_valid: 0.0466851145
epoch: 4920, loss_train: 0.0043264269, loss_valid: 0.0474423245
epoch: 4940, loss_train: 0.0042515672, loss_valid: 0.0457308367
epoch: 4960, loss_train: 0.0042589898, loss_valid: 0.0476835892
epoch: 4980, loss_train: 0.0041550747, loss_valid: 0.0461561009
Train the model: done, 1632.6997964382172 seconds
Save trained model: done
