/cluster/home/xudjian/ModalGNN_Time_Domain/data/dataset_loader.py:190: UserWarning: Creating a tensor from a list of numpy.ndarrays is extremely slow. Please consider converting the list to a single numpy.ndarray with numpy.array() before converting to a tensor. (Triggered internally at ../torch/csrc/utils/tensor_new.cpp:261.)
  self.freqs = torch.tensor(self.freqs, dtype = torch.float).to(self.device)
wandb: Using wandb-core as the SDK backend. Please refer to https://wandb.me/wandb-core for more information.
wandb: Currently logged in as: jxd-engineer. Use `wandb login --relogin` to force relogin
wandb: Tracking run with wandb version 0.18.1
wandb: Run data is saved locally in /cluster/home/xudjian/ModalGNN_Time_Domain/wandb/run-20241029_163913-vj1gkxmu
wandb: Run `wandb offline` to turn off syncing.
wandb: Syncing run youthful-breeze-128
wandb: ⭐️ View project at https://wandb.ai/jxd-engineer/ModalGNN_TimeDomain
wandb: 🚀 View run at https://wandb.ai/jxd-engineer/ModalGNN_TimeDomain/runs/vj1gkxmu
wandb: - 0.020 MB of 0.020 MB uploadedwandb: \ 0.021 MB of 0.021 MB uploadedwandb: | 0.021 MB of 0.021 MB uploadedwandb: / 0.021 MB of 0.021 MB uploadedwandb:                                                                                
wandb: 
wandb: Run history:
wandb: loss1_valid █▇▇▆▇▄▃▃▂▁▁▁▁▁▁▁▁▁▁▁▁▁▁▁▁▁▁▁▁▁▁▁▁▁▁▁▁▁▁▁
wandb: loss2_valid ▄▁▁▁▁▁▄▂▁▁█▃▅▁▁▁▁▁▁▁▁▁▁▁▁▁▁▁▁▁▁▁▁▁▁▁▁▁▁▁
wandb: loss3_valid ▁▁▁▁▄▁▁▁▄▁▁▁▁█▆▁▁▁▁▁▁▁▁▁▁▁▁▁▁▁▁▁▁▁▁▁▁▁▁▁
wandb:  loss_train █▄▄▅▃▁▁▁▁▁▂▂▂▂▂▂▂▂▂▂▂▂▂▂▂▂▂▂▂▂▂▂▂▂▂▂▂▂▂▂
wandb:  loss_valid ▇▆▇█▇▁▁▁▁▁▁▁▁▁▁▁▁▁▁▁▁▁▁▁▁▁▁▁▁▁▁▁▁▁▁▁▁▁▁▁
wandb: 
wandb: Run summary:
wandb: loss1_valid 0.02697
wandb: loss2_valid 0.0
wandb: loss3_valid 0.0
wandb:  loss_train 0.02779
wandb:  loss_valid 0.02697
wandb: 
wandb: 🚀 View run youthful-breeze-128 at: https://wandb.ai/jxd-engineer/ModalGNN_TimeDomain/runs/vj1gkxmu
wandb: ⭐️ View project at: https://wandb.ai/jxd-engineer/ModalGNN_TimeDomain
wandb: Synced 5 W&B file(s), 0 media file(s), 2 artifact file(s) and 0 other file(s)
wandb: Find logs at: ./wandb/run-20241029_163913-vj1gkxmu/logs
Training device: cuda:0
Create model: done
graph_id = 0
graph_id = 1
graph_id = 2
graph_id = 3
graph_id = 4
graph_id = 5
graph_id = 6
graph_id = 7
graph_id = 8
graph_id = 9
Create training dataset: done
graph_id = 495
graph_id = 496
graph_id = 497
graph_id = 498
graph_id = 499
Create validation dataset: done
epoch: 0, loss_train: 0.7132628560, loss_valid: 0.7816724777
epoch: 20, loss_train: 0.1678424180, loss_valid: 0.6368072033
epoch: 40, loss_train: 0.1209688708, loss_valid: 0.6942704916
epoch: 60, loss_train: 0.1006623060, loss_valid: 0.7632436752
epoch: 80, loss_train: 0.0941207856, loss_valid: 0.6528785229
epoch: 100, loss_train: 0.0825669169, loss_valid: 0.7345477939
epoch: 120, loss_train: 0.0739841312, loss_valid: 0.7063640356
epoch: 140, loss_train: 0.0697450489, loss_valid: 0.6478972435
epoch: 160, loss_train: 0.0590723976, loss_valid: 0.6175944209
epoch: 180, loss_train: 0.0597905144, loss_valid: 0.6742171049
epoch: 200, loss_train: 0.0524374396, loss_valid: 0.6191509962
epoch: 220, loss_train: 0.0534614138, loss_valid: 0.7212952375
epoch: 240, loss_train: 0.0550792888, loss_valid: 0.6577185988
epoch: 260, loss_train: 0.0499102063, loss_valid: 0.7125164866
epoch: 280, loss_train: 0.0380538814, loss_valid: 0.6952975988
epoch: 300, loss_train: 0.0352461934, loss_valid: 0.4966329038
epoch: 320, loss_train: 0.0605838485, loss_valid: 0.5451083779
epoch: 340, loss_train: 0.0430746339, loss_valid: 0.6994060278
epoch: 360, loss_train: 0.0541615300, loss_valid: 0.7071906328
epoch: 380, loss_train: 0.0412646122, loss_valid: 0.6639698744
epoch: 400, loss_train: 0.0389364883, loss_valid: 0.7070567012
epoch: 420, loss_train: 0.0379858166, loss_valid: 0.5471584201
epoch: 440, loss_train: 0.0415742248, loss_valid: 0.4825626314
epoch: 460, loss_train: 0.0314560793, loss_valid: 0.5002468228
epoch: 480, loss_train: 0.0445726961, loss_valid: 0.5046984553
epoch: 500, loss_train: 0.0396160223, loss_valid: 0.4625598192
epoch: 520, loss_train: 0.0419257246, loss_valid: 0.3655769825
epoch: 540, loss_train: 0.0362035446, loss_valid: 0.3605993688
epoch: 560, loss_train: 0.0332087204, loss_valid: 0.3062207997
epoch: 580, loss_train: 0.0341923125, loss_valid: 0.3441320956
epoch: 600, loss_train: 0.0304680541, loss_valid: 0.2773950398
epoch: 620, loss_train: 0.0289051067, loss_valid: 0.2619926929
epoch: 640, loss_train: 0.0329075679, loss_valid: 0.2528941035
epoch: 660, loss_train: 0.0353589803, loss_valid: 0.2191076726
epoch: 680, loss_train: 0.0262212772, loss_valid: 0.1925728917
epoch: 700, loss_train: 0.0258468576, loss_valid: 0.1689164937
epoch: 720, loss_train: 0.0248240847, loss_valid: 0.1597812772
epoch: 740, loss_train: 0.0240081400, loss_valid: 0.1509681046
epoch: 760, loss_train: 0.0246488936, loss_valid: 0.1357330829
epoch: 780, loss_train: 0.0240040980, loss_valid: 0.1440353841
epoch: 800, loss_train: 0.0232787617, loss_valid: 0.1288239211
epoch: 820, loss_train: 0.0318604186, loss_valid: 0.1193829328
epoch: 840, loss_train: 0.0303582493, loss_valid: 0.1425214708
epoch: 860, loss_train: 0.0281319227, loss_valid: 0.1034024581
epoch: 880, loss_train: 0.0253011901, loss_valid: 0.1393431276
epoch: 900, loss_train: 0.0234567448, loss_valid: 0.1268124282
epoch: 920, loss_train: 0.0221944246, loss_valid: 0.0811924860
epoch: 940, loss_train: 0.0227327533, loss_valid: 0.0754409730
epoch: 960, loss_train: 0.0264495518, loss_valid: 0.2285955995
epoch: 980, loss_train: 0.0241982285, loss_valid: 0.1385627389
epoch: 1000, loss_train: 0.0252384543, loss_valid: 0.1555474102
epoch: 1020, loss_train: 0.0227733459, loss_valid: 0.1296769381
epoch: 1040, loss_train: 0.0220343135, loss_valid: 0.0943472236
epoch: 1060, loss_train: 0.0218968187, loss_valid: 0.1311649382
epoch: 1080, loss_train: 0.0216947235, loss_valid: 0.0700603053
epoch: 1100, loss_train: 0.0213274993, loss_valid: 0.0654057637
epoch: 1120, loss_train: 0.0208478943, loss_valid: 0.0611194000
epoch: 1140, loss_train: 0.0211555045, loss_valid: 0.0742868111
epoch: 1160, loss_train: 0.0205148906, loss_valid: 0.0577172786
epoch: 1180, loss_train: 0.0201823991, loss_valid: 0.0740722418
epoch: 1200, loss_train: 0.0243904963, loss_valid: 0.0731328875
epoch: 1220, loss_train: 0.0215070248, loss_valid: 0.0546230525
epoch: 1240, loss_train: 0.0298865177, loss_valid: 0.0691939518
epoch: 1260, loss_train: 0.0286781210, loss_valid: 0.0542125627
epoch: 1280, loss_train: 0.0255736541, loss_valid: 0.0934502631
epoch: 1300, loss_train: 0.0291164983, loss_valid: 0.0707787648
epoch: 1320, loss_train: 0.0257087983, loss_valid: 0.1172584593
epoch: 1340, loss_train: 0.0310671180, loss_valid: 0.0587044582
epoch: 1360, loss_train: 0.0292291231, loss_valid: 0.0487133525
epoch: 1380, loss_train: 0.0287515391, loss_valid: 0.0440806076
epoch: 1400, loss_train: 0.0286206510, loss_valid: 0.0388340540
epoch: 1420, loss_train: 0.0288734138, loss_valid: 0.0401809849
epoch: 1440, loss_train: 0.0286004581, loss_valid: 0.0416848436
epoch: 1460, loss_train: 0.0285724271, loss_valid: 0.0388117954
epoch: 1480, loss_train: 0.0298405178, loss_valid: 0.0400809720
epoch: 1500, loss_train: 0.0287289731, loss_valid: 0.0430836678
epoch: 1520, loss_train: 0.0284158085, loss_valid: 0.0376158059
epoch: 1540, loss_train: 0.0283147581, loss_valid: 0.0347255804
epoch: 1560, loss_train: 0.0284413192, loss_valid: 0.0369587876
epoch: 1580, loss_train: 0.0284413099, loss_valid: 0.0349867605
epoch: 1600, loss_train: 0.0285617113, loss_valid: 0.0346182622
epoch: 1620, loss_train: 0.0282803345, loss_valid: 0.0338328145
epoch: 1640, loss_train: 0.0282797460, loss_valid: 0.0348463990
epoch: 1660, loss_train: 0.0282765850, loss_valid: 0.0339429677
epoch: 1680, loss_train: 0.0282619745, loss_valid: 0.0341917314
epoch: 1700, loss_train: 0.0282098819, loss_valid: 0.0327302739
epoch: 1720, loss_train: 0.0288823899, loss_valid: 0.0351880938
epoch: 1740, loss_train: 0.0283139534, loss_valid: 0.0320834555
epoch: 1760, loss_train: 0.0293557383, loss_valid: 0.0343103036
epoch: 1780, loss_train: 0.0282217469, loss_valid: 0.0322165936
epoch: 1800, loss_train: 0.0281323269, loss_valid: 0.0312674493
epoch: 1820, loss_train: 0.0280378945, loss_valid: 0.0324710645
epoch: 1840, loss_train: 0.0278878938, loss_valid: 0.0314495042
epoch: 1860, loss_train: 0.0281024519, loss_valid: 0.0327502415
epoch: 1880, loss_train: 0.0480905101, loss_valid: 0.0774211138
epoch: 1900, loss_train: 0.0298131201, loss_valid: 0.0561244413
epoch: 1920, loss_train: 0.0289848372, loss_valid: 0.0459183715
epoch: 1940, loss_train: 0.0287366267, loss_valid: 0.0399437435
epoch: 1960, loss_train: 0.0286125150, loss_valid: 0.0396575220
epoch: 1980, loss_train: 0.0284165870, loss_valid: 0.0333934948
epoch: 2000, loss_train: 0.0289685950, loss_valid: 0.0364449322
epoch: 2020, loss_train: 0.0283785332, loss_valid: 0.0363288783
epoch: 2040, loss_train: 0.0283131730, loss_valid: 0.0334659256
epoch: 2060, loss_train: 0.0282985549, loss_valid: 0.0338140093
epoch: 2080, loss_train: 0.0280774571, loss_valid: 0.0331151113
epoch: 2100, loss_train: 0.0287233125, loss_valid: 0.0338969231
epoch: 2120, loss_train: 0.0282155424, loss_valid: 0.0337912478
epoch: 2140, loss_train: 0.0283201132, loss_valid: 0.0328793339
epoch: 2160, loss_train: 0.0282860603, loss_valid: 0.0333339982
epoch: 2180, loss_train: 0.0282233916, loss_valid: 0.0309491251
epoch: 2200, loss_train: 0.0280136745, loss_valid: 0.0302478950
epoch: 2220, loss_train: 0.0281348396, loss_valid: 0.0323396251
epoch: 2240, loss_train: 0.0278514978, loss_valid: 0.0320772454
epoch: 2260, loss_train: 0.0280437265, loss_valid: 0.0322563015
epoch: 2280, loss_train: 0.0277079716, loss_valid: 0.0316088833
epoch: 2300, loss_train: 0.0276812427, loss_valid: 0.0301703680
epoch: 2320, loss_train: 0.0276279692, loss_valid: 0.0318975933
epoch: 2340, loss_train: 0.0275965314, loss_valid: 0.0318640471
epoch: 2360, loss_train: 0.0276241917, loss_valid: 0.0317648128
epoch: 2380, loss_train: 0.0275426321, loss_valid: 0.0314835235
epoch: 2400, loss_train: 0.0276603568, loss_valid: 0.0310548823
epoch: 2420, loss_train: 0.0275336541, loss_valid: 0.0310744997
epoch: 2440, loss_train: 0.0274586752, loss_valid: 0.0307152756
epoch: 2460, loss_train: 0.0274602529, loss_valid: 0.0307622608
epoch: 2480, loss_train: 0.0274960548, loss_valid: 0.0313295089
epoch: 2500, loss_train: 0.0275054257, loss_valid: 0.0300193224
epoch: 2520, loss_train: 0.0275957733, loss_valid: 0.0305346735
epoch: 2540, loss_train: 0.0274517052, loss_valid: 0.0298109148
epoch: 2560, loss_train: 0.0274215117, loss_valid: 0.0311636180
epoch: 2580, loss_train: 0.0273708198, loss_valid: 0.0304253530
epoch: 2600, loss_train: 0.0273677297, loss_valid: 0.0288840402
epoch: 2620, loss_train: 0.0273561142, loss_valid: 0.0285213944
epoch: 2640, loss_train: 0.0273779612, loss_valid: 0.0296475440
epoch: 2660, loss_train: 0.0274352375, loss_valid: 0.0295278318
epoch: 2680, loss_train: 0.0273338780, loss_valid: 0.0291353185
epoch: 2700, loss_train: 0.0273017511, loss_valid: 0.0285050590
epoch: 2720, loss_train: 0.0272990707, loss_valid: 0.0290281512
epoch: 2740, loss_train: 0.0277970470, loss_valid: 0.0295984149
epoch: 2760, loss_train: 0.0316065513, loss_valid: 0.0751093850
epoch: 2780, loss_train: 0.0294705909, loss_valid: 0.0586657934
epoch: 2800, loss_train: 0.0289434399, loss_valid: 0.0458041206
epoch: 2820, loss_train: 0.0288336575, loss_valid: 0.0422123894
epoch: 2840, loss_train: 0.0285968184, loss_valid: 0.0378133804
epoch: 2860, loss_train: 0.0285556186, loss_valid: 0.0377671048
epoch: 2880, loss_train: 0.0282615162, loss_valid: 0.0351281688
epoch: 2900, loss_train: 0.0282717533, loss_valid: 0.0353251472
epoch: 2920, loss_train: 0.0282239765, loss_valid: 0.0348951891
epoch: 2940, loss_train: 0.0299100541, loss_valid: 0.0444589444
epoch: 2960, loss_train: 0.0292407740, loss_valid: 0.0531164780
epoch: 2980, loss_train: 0.0287278667, loss_valid: 0.0476065576
epoch: 3000, loss_train: 0.0286615975, loss_valid: 0.0422209650
epoch: 3020, loss_train: 0.0285537913, loss_valid: 0.0387390964
epoch: 3040, loss_train: 0.0283727590, loss_valid: 0.0386004634
epoch: 3060, loss_train: 0.0282320641, loss_valid: 0.0373915285
epoch: 3080, loss_train: 0.0280983951, loss_valid: 0.0362640657
epoch: 3100, loss_train: 0.0283574071, loss_valid: 0.0337364376
epoch: 3120, loss_train: 0.0280288439, loss_valid: 0.0324405953
epoch: 3140, loss_train: 0.0281013250, loss_valid: 0.0312057734
epoch: 3160, loss_train: 0.0278474074, loss_valid: 0.0321248956
epoch: 3180, loss_train: 0.0277299974, loss_valid: 0.0311283395
epoch: 3200, loss_train: 0.0277498029, loss_valid: 0.0306286700
epoch: 3220, loss_train: 0.0276256502, loss_valid: 0.0307259634
epoch: 3240, loss_train: 0.0276903324, loss_valid: 0.0297090840
epoch: 3260, loss_train: 0.0279072206, loss_valid: 0.0296480525
epoch: 3280, loss_train: 0.0306343008, loss_valid: 0.0381628014
epoch: 3300, loss_train: 0.0289512575, loss_valid: 0.0403827168
epoch: 3320, loss_train: 0.0285943076, loss_valid: 0.0369091891
epoch: 3340, loss_train: 0.0284069870, loss_valid: 0.0371490493
epoch: 3360, loss_train: 0.0283193532, loss_valid: 0.0356878303
epoch: 3380, loss_train: 0.0282257106, loss_valid: 0.0339563675
epoch: 3400, loss_train: 0.0279978886, loss_valid: 0.0318510942
epoch: 3420, loss_train: 0.0281635541, loss_valid: 0.0325834751
epoch: 3440, loss_train: 0.0280176215, loss_valid: 0.0309901685
epoch: 3460, loss_train: 0.0280368216, loss_valid: 0.0301876441
epoch: 3480, loss_train: 0.0281208362, loss_valid: 0.0303099155
epoch: 3500, loss_train: 0.0281760003, loss_valid: 0.0284051262
epoch: 3520, loss_train: 0.0280948728, loss_valid: 0.0283856299
epoch: 3540, loss_train: 0.0279458929, loss_valid: 0.0281494930
epoch: 3560, loss_train: 0.0281278696, loss_valid: 0.0289663784
epoch: 3580, loss_train: 0.0279613454, loss_valid: 0.0285632443
epoch: 3600, loss_train: 0.0284298398, loss_valid: 0.0291585643
epoch: 3620, loss_train: 0.0278331880, loss_valid: 0.0283925626
epoch: 3640, loss_train: 0.0277175605, loss_valid: 0.0276709739
epoch: 3660, loss_train: 0.0276411474, loss_valid: 0.0275488663
epoch: 3680, loss_train: 0.0275952164, loss_valid: 0.0281207785
epoch: 3700, loss_train: 0.0275904536, loss_valid: 0.0277802423
epoch: 3720, loss_train: 0.0275565647, loss_valid: 0.0274835173
epoch: 3740, loss_train: 0.0274931286, loss_valid: 0.0274686497
epoch: 3760, loss_train: 0.0274825934, loss_valid: 0.0278897807
epoch: 3780, loss_train: 0.0274585895, loss_valid: 0.0271638054
epoch: 3800, loss_train: 0.0274621323, loss_valid: 0.0272565614
epoch: 3820, loss_train: 0.0274337884, loss_valid: 0.0269739944
epoch: 3840, loss_train: 0.0273977034, loss_valid: 0.0268086474
epoch: 3860, loss_train: 0.0282201581, loss_valid: 0.0285026468
epoch: 3880, loss_train: 0.0309008528, loss_valid: 0.0530450642
epoch: 3900, loss_train: 0.0291144885, loss_valid: 0.0367394015
epoch: 3920, loss_train: 0.0290093496, loss_valid: 0.0320595317
epoch: 3940, loss_train: 0.0284478758, loss_valid: 0.0310183559
epoch: 3960, loss_train: 0.0284811463, loss_valid: 0.0301553700
epoch: 3980, loss_train: 0.0280975532, loss_valid: 0.0298612807
epoch: 4000, loss_train: 0.0285833441, loss_valid: 0.0309540350
epoch: 4020, loss_train: 0.0285665188, loss_valid: 0.0308847446
epoch: 4040, loss_train: 0.0281296540, loss_valid: 0.0291229095
epoch: 4060, loss_train: 0.0284443256, loss_valid: 0.0299194902
epoch: 4080, loss_train: 0.0282623060, loss_valid: 0.0288821310
epoch: 4100, loss_train: 0.0282237101, loss_valid: 0.0292168036
epoch: 4120, loss_train: 0.0281400997, loss_valid: 0.0287367925
epoch: 4140, loss_train: 0.0279521812, loss_valid: 0.0281724222
epoch: 4160, loss_train: 0.0280970987, loss_valid: 0.0286056567
epoch: 4180, loss_train: 0.0282367598, loss_valid: 0.0286353864
epoch: 4200, loss_train: 0.0278047230, loss_valid: 0.0283336118
epoch: 4220, loss_train: 0.0276507139, loss_valid: 0.0280171670
epoch: 4240, loss_train: 0.0276506338, loss_valid: 0.0272385497
epoch: 4260, loss_train: 0.0288914256, loss_valid: 0.0285939593
epoch: 4280, loss_train: 0.0292584021, loss_valid: 0.0469189547
epoch: 4300, loss_train: 0.0287864022, loss_valid: 0.0456887931
epoch: 4320, loss_train: 0.0282952711, loss_valid: 0.0390376896
epoch: 4340, loss_train: 0.0280683618, loss_valid: 0.0368644297
epoch: 4360, loss_train: 0.0279232860, loss_valid: 0.0351188593
epoch: 4380, loss_train: 0.0280006398, loss_valid: 0.0361398831
epoch: 4400, loss_train: 0.0278484263, loss_valid: 0.0344718285
epoch: 4420, loss_train: 0.0277477577, loss_valid: 0.0317646973
epoch: 4440, loss_train: 0.0278522111, loss_valid: 0.0322249532
epoch: 4460, loss_train: 0.0277700387, loss_valid: 0.0318356529
epoch: 4480, loss_train: 0.0284894817, loss_valid: 0.0308216829
epoch: 4500, loss_train: 0.0284210015, loss_valid: 0.0300988033
epoch: 4520, loss_train: 0.0280753840, loss_valid: 0.0288358591
epoch: 4540, loss_train: 0.0277470872, loss_valid: 0.0289245956
epoch: 4560, loss_train: 0.0282118041, loss_valid: 0.0298915412
epoch: 4580, loss_train: 0.0282761697, loss_valid: 0.0287223626
epoch: 4600, loss_train: 0.0282982364, loss_valid: 0.0288465545
epoch: 4620, loss_train: 0.0283492766, loss_valid: 0.0286903847
epoch: 4640, loss_train: 0.0281264391, loss_valid: 0.0271341819
epoch: 4660, loss_train: 0.0286539439, loss_valid: 0.0305141732
epoch: 4680, loss_train: 0.0280808471, loss_valid: 0.0303451326
epoch: 4700, loss_train: 0.0278436765, loss_valid: 0.0294653494
epoch: 4720, loss_train: 0.0276738796, loss_valid: 0.0292650983
epoch: 4740, loss_train: 0.0277043115, loss_valid: 0.0299569052
epoch: 4760, loss_train: 0.0281734001, loss_valid: 0.0298282690
epoch: 4780, loss_train: 0.0279016308, loss_valid: 0.0280228257
epoch: 4800, loss_train: 0.0279450733, loss_valid: 0.0282836296
epoch: 4820, loss_train: 0.0279644690, loss_valid: 0.0277873259
epoch: 4840, loss_train: 0.0280197579, loss_valid: 0.0286281090
epoch: 4860, loss_train: 0.0279295538, loss_valid: 0.0281892549
epoch: 4880, loss_train: 0.0276458748, loss_valid: 0.0274154730
epoch: 4900, loss_train: 0.0275729690, loss_valid: 0.0274623297
epoch: 4920, loss_train: 0.0278865546, loss_valid: 0.0276198778
epoch: 4940, loss_train: 0.0283597559, loss_valid: 0.0276486501
epoch: 4960, loss_train: 0.0279536247, loss_valid: 0.0269562788
epoch: 4980, loss_train: 0.0280858595, loss_valid: 0.0268376768
Train the model: done, 571.1738715171814 seconds
Save trained model: done
