/cluster/home/xudjian/ModalGNN_Time_Domain/data/dataset_loader.py:190: UserWarning: Creating a tensor from a list of numpy.ndarrays is extremely slow. Please consider converting the list to a single numpy.ndarray with numpy.array() before converting to a tensor. (Triggered internally at ../torch/csrc/utils/tensor_new.cpp:261.)
  self.freqs = torch.tensor(self.freqs, dtype = torch.float).to(self.device)
wandb: Using wandb-core as the SDK backend. Please refer to https://wandb.me/wandb-core for more information.
wandb: Currently logged in as: jxd-engineer. Use `wandb login --relogin` to force relogin
wandb: Tracking run with wandb version 0.18.1
wandb: Run data is saved locally in /cluster/home/xudjian/ModalGNN_Time_Domain/wandb/run-20241029_170818-j50x4s45
wandb: Run `wandb offline` to turn off syncing.
wandb: Syncing run eternal-field-129
wandb: ⭐️ View project at https://wandb.ai/jxd-engineer/ModalGNN_TimeDomain
wandb: 🚀 View run at https://wandb.ai/jxd-engineer/ModalGNN_TimeDomain/runs/j50x4s45
wandb: - 0.020 MB of 0.020 MB uploadedwandb: \ 0.021 MB of 0.021 MB uploadedwandb: | 0.021 MB of 0.021 MB uploadedwandb: / 0.021 MB of 0.021 MB uploadedwandb:                                                                                
wandb: 
wandb: Run history:
wandb: loss1_valid ▅█▇▇▇▅▄▃▄▃▄▄▄▄▅▁▁▁▁▁▁▁▁▁▁▁▁▁▁▁▁▁▁▁▁▁▁▁▁▁
wandb: loss2_valid ▃▅▁▁▁▁█▇▂▂▂▁▂▂▂▂▂▂▂▂▂▂▂▂▂▂▂▂▂▂▂▃▂▂▂▂▂▂▂▂
wandb: loss3_valid ▁▁▁▁▁▁▁▁▁▁▂▁▂▂▂▃▃▃▃▅▄▄▄▅▅▅▅▅▅▅▆▅▇▆▆█▇███
wandb:  loss_train █▅▅▄▄▅▄▄▅▄▃▃▂▂▂▂▂▁▁▁▁▁▁▁▁▁▁▁▁▁▁▁▁▁▁▁▁▁▁▁
wandb:  loss_valid ▇▄▃██▅▅▅▅▄▄▄▄▄▃▄▃▁▂▂▁▁▁▁▁▁▁▁▁▁▁▁▁▁▁▁▁▁▁▁
wandb: 
wandb: Run summary:
wandb: loss1_valid 0.0487
wandb: loss2_valid 0.00034
wandb: loss3_valid 0.01254
wandb:  loss_train 0.00177
wandb:  loss_valid 0.06158
wandb: 
wandb: 🚀 View run eternal-field-129 at: https://wandb.ai/jxd-engineer/ModalGNN_TimeDomain/runs/j50x4s45
wandb: ⭐️ View project at: https://wandb.ai/jxd-engineer/ModalGNN_TimeDomain
wandb: Synced 5 W&B file(s), 0 media file(s), 2 artifact file(s) and 0 other file(s)
wandb: Find logs at: ./wandb/run-20241029_170818-j50x4s45/logs
Training device: cuda:0
Create model: done
graph_id = 0
graph_id = 1
graph_id = 2
graph_id = 3
graph_id = 4
graph_id = 5
graph_id = 6
graph_id = 7
graph_id = 8
graph_id = 9
graph_id = 10
graph_id = 11
graph_id = 12
graph_id = 13
graph_id = 14
graph_id = 15
graph_id = 16
graph_id = 17
graph_id = 18
graph_id = 19
graph_id = 20
graph_id = 21
graph_id = 22
graph_id = 23
graph_id = 24
graph_id = 25
graph_id = 26
graph_id = 27
graph_id = 28
graph_id = 29
graph_id = 30
graph_id = 31
graph_id = 32
graph_id = 33
graph_id = 34
graph_id = 35
graph_id = 36
graph_id = 37
graph_id = 38
graph_id = 39
graph_id = 40
graph_id = 41
graph_id = 42
graph_id = 43
graph_id = 44
graph_id = 45
graph_id = 46
graph_id = 47
graph_id = 48
graph_id = 49
graph_id = 50
graph_id = 51
graph_id = 52
graph_id = 53
graph_id = 54
graph_id = 55
graph_id = 56
graph_id = 57
graph_id = 58
graph_id = 59
graph_id = 60
graph_id = 61
graph_id = 62
graph_id = 63
graph_id = 64
graph_id = 65
graph_id = 66
graph_id = 67
graph_id = 68
graph_id = 69
graph_id = 70
graph_id = 71
graph_id = 72
graph_id = 73
graph_id = 74
graph_id = 75
graph_id = 76
graph_id = 77
graph_id = 78
graph_id = 79
graph_id = 80
graph_id = 81
graph_id = 82
graph_id = 83
graph_id = 84
graph_id = 85
graph_id = 86
graph_id = 87
graph_id = 88
graph_id = 89
graph_id = 90
graph_id = 91
graph_id = 92
graph_id = 93
graph_id = 94
graph_id = 95
graph_id = 96
graph_id = 97
graph_id = 98
graph_id = 99
Create training dataset: done
graph_id = 495
graph_id = 496
graph_id = 497
graph_id = 498
graph_id = 499
Create validation dataset: done
epoch: 0, loss_train: 0.6196317673, loss_valid: 0.7871716619
epoch: 20, loss_train: 0.1388417780, loss_valid: 0.5414263606
epoch: 40, loss_train: 0.0857443660, loss_valid: 0.3815396130
epoch: 60, loss_train: 0.0754238218, loss_valid: 0.3864215612
epoch: 80, loss_train: 0.0669562742, loss_valid: 0.3668845892
epoch: 100, loss_train: 0.0513620228, loss_valid: 0.6181101799
epoch: 120, loss_train: 0.0441627353, loss_valid: 0.5450253487
epoch: 140, loss_train: 0.0417321175, loss_valid: 0.5672714114
epoch: 160, loss_train: 0.0403265655, loss_valid: 0.6891180873
epoch: 180, loss_train: 0.0381768942, loss_valid: 0.6287188530
epoch: 200, loss_train: 0.0383207873, loss_valid: 0.5266205072
epoch: 220, loss_train: 0.0384985358, loss_valid: 0.6350931525
epoch: 240, loss_train: 0.0351009406, loss_valid: 0.4189456105
epoch: 260, loss_train: 0.0347453505, loss_valid: 0.5803603530
epoch: 280, loss_train: 0.0351054184, loss_valid: 0.4885639846
epoch: 300, loss_train: 0.0365423374, loss_valid: 0.4612545669
epoch: 320, loss_train: 0.0361847915, loss_valid: 0.4556711614
epoch: 340, loss_train: 0.0343169868, loss_valid: 0.3539075851
epoch: 360, loss_train: 0.0327840820, loss_valid: 0.3143621981
epoch: 380, loss_train: 0.0335401781, loss_valid: 0.3380347490
epoch: 400, loss_train: 0.0331556126, loss_valid: 0.4351466596
epoch: 420, loss_train: 0.0320763737, loss_valid: 0.3292075098
epoch: 440, loss_train: 0.0316453651, loss_valid: 0.4640259147
epoch: 460, loss_train: 0.0323476084, loss_valid: 0.3492757380
epoch: 480, loss_train: 0.0311904475, loss_valid: 0.4773240685
epoch: 500, loss_train: 0.0297805406, loss_valid: 0.3686864078
epoch: 520, loss_train: 0.0309308618, loss_valid: 0.3689875901
epoch: 540, loss_train: 0.0294747613, loss_valid: 0.4050927162
epoch: 560, loss_train: 0.0295358971, loss_valid: 0.5180582404
epoch: 580, loss_train: 0.0295226108, loss_valid: 0.4170735180
epoch: 600, loss_train: 0.0283525065, loss_valid: 0.3491129577
epoch: 620, loss_train: 0.0322227925, loss_valid: 0.3988129497
epoch: 640, loss_train: 0.0290868841, loss_valid: 0.4535108805
epoch: 660, loss_train: 0.0284862760, loss_valid: 0.4324594140
epoch: 680, loss_train: 0.0270095840, loss_valid: 0.5250719190
epoch: 700, loss_train: 0.0271734744, loss_valid: 0.3987199068
epoch: 720, loss_train: 0.0257745981, loss_valid: 0.3799303770
epoch: 740, loss_train: 0.0356757194, loss_valid: 0.2948937416
epoch: 760, loss_train: 0.0287675411, loss_valid: 0.3310089409
epoch: 780, loss_train: 0.0272927415, loss_valid: 0.2067970783
epoch: 800, loss_train: 0.0245925300, loss_valid: 0.3956845403
epoch: 820, loss_train: 0.0251517259, loss_valid: 0.1742496043
epoch: 840, loss_train: 0.0295589976, loss_valid: 0.2408561558
epoch: 860, loss_train: 0.0255331509, loss_valid: 0.3000758886
epoch: 880, loss_train: 0.0245761089, loss_valid: 0.2772395611
epoch: 900, loss_train: 0.0232349895, loss_valid: 0.2288504243
epoch: 920, loss_train: 0.0230865460, loss_valid: 0.2167612314
epoch: 940, loss_train: 0.0220543630, loss_valid: 0.2264798731
epoch: 960, loss_train: 0.0225883797, loss_valid: 0.2506564558
epoch: 980, loss_train: 0.0219882801, loss_valid: 0.2155463696
epoch: 1000, loss_train: 0.0221785083, loss_valid: 0.2725461423
epoch: 1020, loss_train: 0.0211041570, loss_valid: 0.2596838772
epoch: 1040, loss_train: 0.0199283883, loss_valid: 0.2985527813
epoch: 1060, loss_train: 0.0225238279, loss_valid: 0.4037957191
epoch: 1080, loss_train: 0.0201533344, loss_valid: 0.3251655698
epoch: 1100, loss_train: 0.0200794451, loss_valid: 0.3994630277
epoch: 1120, loss_train: 0.0193824284, loss_valid: 0.3049085438
epoch: 1140, loss_train: 0.0188812241, loss_valid: 0.3351892233
epoch: 1160, loss_train: 0.0198711492, loss_valid: 0.3083812892
epoch: 1180, loss_train: 0.0183090605, loss_valid: 0.3072885871
epoch: 1200, loss_train: 0.0178769678, loss_valid: 0.3560705483
epoch: 1220, loss_train: 0.0175859518, loss_valid: 0.3481221795
epoch: 1240, loss_train: 0.0181561299, loss_valid: 0.2821951509
epoch: 1260, loss_train: 0.0171219576, loss_valid: 0.2751296461
epoch: 1280, loss_train: 0.0161780789, loss_valid: 0.3858589232
epoch: 1300, loss_train: 0.0161260888, loss_valid: 0.2973581553
epoch: 1320, loss_train: 0.0151623394, loss_valid: 0.2704205513
epoch: 1340, loss_train: 0.0146770999, loss_valid: 0.2387003750
epoch: 1360, loss_train: 0.0139024919, loss_valid: 0.2944861054
epoch: 1380, loss_train: 0.0142027726, loss_valid: 0.2725073993
epoch: 1400, loss_train: 0.0132830236, loss_valid: 0.2180297524
epoch: 1420, loss_train: 0.0137161389, loss_valid: 0.2132270038
epoch: 1440, loss_train: 0.0124023519, loss_valid: 0.2118044645
epoch: 1460, loss_train: 0.0123790149, loss_valid: 0.2014522254
epoch: 1480, loss_train: 0.0120182419, loss_valid: 0.2116449475
epoch: 1500, loss_train: 0.0204316732, loss_valid: 0.1015119702
epoch: 1520, loss_train: 0.0154764354, loss_valid: 0.1343995035
epoch: 1540, loss_train: 0.0127388518, loss_valid: 0.1221648902
epoch: 1560, loss_train: 0.0118033243, loss_valid: 0.1180476472
epoch: 1580, loss_train: 0.0115399556, loss_valid: 0.1481302530
epoch: 1600, loss_train: 0.0112359608, loss_valid: 0.1446682513
epoch: 1620, loss_train: 0.0108031128, loss_valid: 0.1095437482
epoch: 1640, loss_train: 0.0105238939, loss_valid: 0.1277097911
epoch: 1660, loss_train: 0.0106828334, loss_valid: 0.1301485002
epoch: 1680, loss_train: 0.0101909433, loss_valid: 0.1112396717
epoch: 1700, loss_train: 0.0101764817, loss_valid: 0.1212545782
epoch: 1720, loss_train: 0.0097825322, loss_valid: 0.1048277915
epoch: 1740, loss_train: 0.0096431784, loss_valid: 0.0910131261
epoch: 1760, loss_train: 0.0094787087, loss_valid: 0.1160600632
epoch: 1780, loss_train: 0.0093459841, loss_valid: 0.1149802953
epoch: 1800, loss_train: 0.0091152806, loss_valid: 0.0853143632
epoch: 1820, loss_train: 0.0088944808, loss_valid: 0.0939690247
epoch: 1840, loss_train: 0.0088874437, loss_valid: 0.0954462513
epoch: 1860, loss_train: 0.0089127030, loss_valid: 0.0949067101
epoch: 1880, loss_train: 0.0084917899, loss_valid: 0.0881948993
epoch: 1900, loss_train: 0.0083164647, loss_valid: 0.0871540830
epoch: 1920, loss_train: 0.0085154045, loss_valid: 0.0835536867
epoch: 1940, loss_train: 0.0083339717, loss_valid: 0.0745998323
epoch: 1960, loss_train: 0.0080154557, loss_valid: 0.0846057534
epoch: 1980, loss_train: 0.0078519033, loss_valid: 0.0887256861
epoch: 2000, loss_train: 0.0077637788, loss_valid: 0.0920490772
epoch: 2020, loss_train: 0.0084409406, loss_valid: 0.0847368762
epoch: 2040, loss_train: 0.0078610517, loss_valid: 0.0814116895
epoch: 2060, loss_train: 0.0076522306, loss_valid: 0.0777195096
epoch: 2080, loss_train: 0.0072311349, loss_valid: 0.0837261081
epoch: 2100, loss_train: 0.0071643116, loss_valid: 0.0945670456
epoch: 2120, loss_train: 0.0071825497, loss_valid: 0.0856087357
epoch: 2140, loss_train: 0.0070237927, loss_valid: 0.0801220611
epoch: 2160, loss_train: 0.0069201132, loss_valid: 0.0948412791
epoch: 2180, loss_train: 0.0068225339, loss_valid: 0.0882581696
epoch: 2200, loss_train: 0.0065598288, loss_valid: 0.0985382646
epoch: 2220, loss_train: 0.0064724134, loss_valid: 0.1048308089
epoch: 2240, loss_train: 0.0064340197, loss_valid: 0.0957586318
epoch: 2260, loss_train: 0.0064782416, loss_valid: 0.0868982896
epoch: 2280, loss_train: 0.0063007306, loss_valid: 0.0934669375
epoch: 2300, loss_train: 0.0062143048, loss_valid: 0.0947263241
epoch: 2320, loss_train: 0.0059699118, loss_valid: 0.0875793695
epoch: 2340, loss_train: 0.0059616016, loss_valid: 0.0950467139
epoch: 2360, loss_train: 0.0059043113, loss_valid: 0.0908721089
epoch: 2380, loss_train: 0.0059895609, loss_valid: 0.0931958109
epoch: 2400, loss_train: 0.0056209806, loss_valid: 0.0948678553
epoch: 2420, loss_train: 0.0056651179, loss_valid: 0.1025975496
epoch: 2440, loss_train: 0.0055802390, loss_valid: 0.0969549417
epoch: 2460, loss_train: 0.0055114916, loss_valid: 0.1003015041
epoch: 2480, loss_train: 0.0054869968, loss_valid: 0.1111156791
epoch: 2500, loss_train: 0.0053593693, loss_valid: 0.0908718705
epoch: 2520, loss_train: 0.0052253241, loss_valid: 0.1041756123
epoch: 2540, loss_train: 0.0052199708, loss_valid: 0.1007493585
epoch: 2560, loss_train: 0.0051446171, loss_valid: 0.1022398323
epoch: 2580, loss_train: 0.0050798384, loss_valid: 0.1017321348
epoch: 2600, loss_train: 0.0050023086, loss_valid: 0.0964580774
epoch: 2620, loss_train: 0.0049938224, loss_valid: 0.1107822731
epoch: 2640, loss_train: 0.0048060678, loss_valid: 0.1031905562
epoch: 2660, loss_train: 0.0048082876, loss_valid: 0.1135282889
epoch: 2680, loss_train: 0.0047977506, loss_valid: 0.1033304110
epoch: 2700, loss_train: 0.0047788834, loss_valid: 0.1003680676
epoch: 2720, loss_train: 0.0046201320, loss_valid: 0.0972437263
epoch: 2740, loss_train: 0.0046220375, loss_valid: 0.1004225016
epoch: 2760, loss_train: 0.0044670505, loss_valid: 0.1105914339
epoch: 2780, loss_train: 0.0044332165, loss_valid: 0.1095306426
epoch: 2800, loss_train: 0.0044192034, loss_valid: 0.1090814918
epoch: 2820, loss_train: 0.0043866886, loss_valid: 0.1042789370
epoch: 2840, loss_train: 0.0042919861, loss_valid: 0.1136851460
epoch: 2860, loss_train: 0.0042912150, loss_valid: 0.1040476859
epoch: 2880, loss_train: 0.0042683091, loss_valid: 0.0980967879
epoch: 2900, loss_train: 0.0041725249, loss_valid: 0.1093822792
epoch: 2920, loss_train: 0.0041484446, loss_valid: 0.1062357724
epoch: 2940, loss_train: 0.0040739551, loss_valid: 0.1093163043
epoch: 2960, loss_train: 0.0040516602, loss_valid: 0.1151534393
epoch: 2980, loss_train: 0.0040591480, loss_valid: 0.1194409579
epoch: 3000, loss_train: 0.0039270162, loss_valid: 0.1085236520
epoch: 3020, loss_train: 0.0039202878, loss_valid: 0.1030453742
epoch: 3040, loss_train: 0.0038477583, loss_valid: 0.1195037961
epoch: 3060, loss_train: 0.0038612860, loss_valid: 0.0941752344
epoch: 3080, loss_train: 0.0037549930, loss_valid: 0.1058471575
epoch: 3100, loss_train: 0.0037585211, loss_valid: 0.1034367979
epoch: 3120, loss_train: 0.0036807125, loss_valid: 0.1109570861
epoch: 3140, loss_train: 0.0036624977, loss_valid: 0.1207820848
epoch: 3160, loss_train: 0.0035477760, loss_valid: 0.1107043326
epoch: 3180, loss_train: 0.0035474324, loss_valid: 0.1041155756
epoch: 3200, loss_train: 0.0034950627, loss_valid: 0.1205667704
epoch: 3220, loss_train: 0.0034853583, loss_valid: 0.1157704443
epoch: 3240, loss_train: 0.0034790542, loss_valid: 0.1136221886
epoch: 3260, loss_train: 0.0033632661, loss_valid: 0.1005682796
epoch: 3280, loss_train: 0.0033759577, loss_valid: 0.1148073152
epoch: 3300, loss_train: 0.0033685991, loss_valid: 0.1032141596
epoch: 3320, loss_train: 0.0033780339, loss_valid: 0.1249985173
epoch: 3340, loss_train: 0.0032966207, loss_valid: 0.1107292771
epoch: 3360, loss_train: 0.0032631955, loss_valid: 0.1039747521
epoch: 3380, loss_train: 0.0032527444, loss_valid: 0.1071657836
epoch: 3400, loss_train: 0.0032349681, loss_valid: 0.1216408312
epoch: 3420, loss_train: 0.0031456463, loss_valid: 0.1157253236
epoch: 3440, loss_train: 0.0031176300, loss_valid: 0.1110694855
epoch: 3460, loss_train: 0.0030810945, loss_valid: 0.1138915643
epoch: 3480, loss_train: 0.0030613244, loss_valid: 0.1020598933
epoch: 3500, loss_train: 0.0030905423, loss_valid: 0.1022100151
epoch: 3520, loss_train: 0.0030422339, loss_valid: 0.1123055220
epoch: 3540, loss_train: 0.0030250316, loss_valid: 0.1021108627
epoch: 3560, loss_train: 0.0030225068, loss_valid: 0.1117381006
epoch: 3580, loss_train: 0.0030474113, loss_valid: 0.1130272895
epoch: 3600, loss_train: 0.0029855617, loss_valid: 0.1093180925
epoch: 3620, loss_train: 0.0029458879, loss_valid: 0.1162913367
epoch: 3640, loss_train: 0.0028651666, loss_valid: 0.1108608693
epoch: 3660, loss_train: 0.0028245824, loss_valid: 0.1124082655
epoch: 3680, loss_train: 0.0028111669, loss_valid: 0.1169241369
epoch: 3700, loss_train: 0.0027895696, loss_valid: 0.1167139933
epoch: 3720, loss_train: 0.0027007179, loss_valid: 0.1226731986
epoch: 3740, loss_train: 0.0028817346, loss_valid: 0.1237231940
epoch: 3760, loss_train: 0.0027881088, loss_valid: 0.1194551960
epoch: 3780, loss_train: 0.0026755398, loss_valid: 0.1189368516
epoch: 3800, loss_train: 0.0026271124, loss_valid: 0.1228281930
epoch: 3820, loss_train: 0.0025841719, loss_valid: 0.1290266365
epoch: 3840, loss_train: 0.0026315441, loss_valid: 0.1344331503
epoch: 3860, loss_train: 0.0025870679, loss_valid: 0.1179644242
epoch: 3880, loss_train: 0.0027829381, loss_valid: 0.1377725154
epoch: 3900, loss_train: 0.0026321318, loss_valid: 0.1200700477
epoch: 3920, loss_train: 0.0025744583, loss_valid: 0.1192727536
epoch: 3940, loss_train: 0.0025351667, loss_valid: 0.1209847853
epoch: 3960, loss_train: 0.0024925880, loss_valid: 0.1264687181
epoch: 3980, loss_train: 0.0024905016, loss_valid: 0.1560989469
epoch: 4000, loss_train: 0.0024604443, loss_valid: 0.1426511109
epoch: 4020, loss_train: 0.0025089909, loss_valid: 0.1263642907
epoch: 4040, loss_train: 0.0024035452, loss_valid: 0.1316324770
epoch: 4060, loss_train: 0.0024265121, loss_valid: 0.1309616417
epoch: 4080, loss_train: 0.0023891702, loss_valid: 0.1516489983
epoch: 4100, loss_train: 0.0023274221, loss_valid: 0.1292057633
epoch: 4120, loss_train: 0.0022898656, loss_valid: 0.1347333491
epoch: 4140, loss_train: 0.0022743682, loss_valid: 0.1373367757
epoch: 4160, loss_train: 0.0023556736, loss_valid: 0.1329327673
epoch: 4180, loss_train: 0.0022598566, loss_valid: 0.1351222545
epoch: 4200, loss_train: 0.0023144963, loss_valid: 0.1422872245
epoch: 4220, loss_train: 0.0022626151, loss_valid: 0.1300745159
epoch: 4240, loss_train: 0.0022322969, loss_valid: 0.1298768520
epoch: 4260, loss_train: 0.0023150796, loss_valid: 0.1428730786
epoch: 4280, loss_train: 0.0022290114, loss_valid: 0.1385792494
epoch: 4300, loss_train: 0.0021703183, loss_valid: 0.1348879337
epoch: 4320, loss_train: 0.0021742687, loss_valid: 0.1535419673
epoch: 4340, loss_train: 0.0021536001, loss_valid: 0.1433315426
epoch: 4360, loss_train: 0.0021281634, loss_valid: 0.1463447511
epoch: 4380, loss_train: 0.0021214741, loss_valid: 0.1670808196
epoch: 4400, loss_train: 0.0020932588, loss_valid: 0.1419785321
epoch: 4420, loss_train: 0.0021128124, loss_valid: 0.1845851243
epoch: 4440, loss_train: 0.0020914190, loss_valid: 0.1529070139
epoch: 4460, loss_train: 0.0020949254, loss_valid: 0.1570307314
epoch: 4480, loss_train: 0.0020274762, loss_valid: 0.1444238275
epoch: 4500, loss_train: 0.0020031515, loss_valid: 0.1687461585
epoch: 4520, loss_train: 0.0020564557, loss_valid: 0.1590582579
epoch: 4540, loss_train: 0.0020576981, loss_valid: 0.1617793888
epoch: 4560, loss_train: 0.0020119241, loss_valid: 0.1564676613
epoch: 4580, loss_train: 0.0020012544, loss_valid: 0.1548265815
epoch: 4600, loss_train: 0.0020006553, loss_valid: 0.1642248333
epoch: 4620, loss_train: 0.0019585437, loss_valid: 0.1698154062
epoch: 4640, loss_train: 0.0019681496, loss_valid: 0.1714121699
epoch: 4660, loss_train: 0.0019802391, loss_valid: 0.1542365849
epoch: 4680, loss_train: 0.0019667861, loss_valid: 0.1648866534
epoch: 4700, loss_train: 0.0019265969, loss_valid: 0.1593897939
epoch: 4720, loss_train: 0.0018959994, loss_valid: 0.1882969141
epoch: 4740, loss_train: 0.0018886842, loss_valid: 0.1570404768
epoch: 4760, loss_train: 0.0018711095, loss_valid: 0.1661380827
epoch: 4780, loss_train: 0.0019664085, loss_valid: 0.1756343096
epoch: 4800, loss_train: 0.0019158950, loss_valid: 0.1911939234
epoch: 4820, loss_train: 0.0018334931, loss_valid: 0.1688867360
epoch: 4840, loss_train: 0.0018497044, loss_valid: 0.1595559418
epoch: 4860, loss_train: 0.0019430022, loss_valid: 0.1670035124
epoch: 4880, loss_train: 0.0018388869, loss_valid: 0.1922180951
epoch: 4900, loss_train: 0.0018995820, loss_valid: 0.1750160754
epoch: 4920, loss_train: 0.0018207636, loss_valid: 0.1749141216
epoch: 4940, loss_train: 0.0017481609, loss_valid: 0.1878522187
epoch: 4960, loss_train: 0.0018019219, loss_valid: 0.1686401814
epoch: 4980, loss_train: 0.0017467492, loss_valid: 0.1588012576
Train the model: done, 1710.2099554538727 seconds
Save trained model: done
