/cluster/home/xudjian/ModalGNN_Time_Domain/data/dataset_loader.py:190: UserWarning: Creating a tensor from a list of numpy.ndarrays is extremely slow. Please consider converting the list to a single numpy.ndarray with numpy.array() before converting to a tensor. (Triggered internally at ../torch/csrc/utils/tensor_new.cpp:261.)
  self.freqs = torch.tensor(self.freqs, dtype = torch.float).to(self.device)
wandb: Using wandb-core as the SDK backend. Please refer to https://wandb.me/wandb-core for more information.
wandb: Currently logged in as: jxd-engineer. Use `wandb login --relogin` to force relogin
wandb: Tracking run with wandb version 0.18.1
wandb: Run data is saved locally in /cluster/home/xudjian/ModalGNN_Time_Domain/wandb/run-20241029_182209-v82xwpa3
wandb: Run `wandb offline` to turn off syncing.
wandb: Syncing run clean-frog-132
wandb: ⭐️ View project at https://wandb.ai/jxd-engineer/ModalGNN_TimeDomain
wandb: 🚀 View run at https://wandb.ai/jxd-engineer/ModalGNN_TimeDomain/runs/v82xwpa3
wandb: - 0.035 MB of 0.035 MB uploadedwandb:                                                                                
wandb: 
wandb: Run history:
wandb: loss1_valid █▃▄▅▄▅▄▃▃▃▂▂▂▂▂▂▂▂▁▁▁▁▁▁▁▁▁▁▁▁▁▁▁▁▁▁▁▁▁▁
wandb: loss2_valid █▅▅▃▃▂▂▂▂▂▂▂▂▂▁▁▁▁▁▁▁▁▁▁▁▁▁▁▁▁▁▁▁▁▁▁▁▁▁▁
wandb: loss3_valid █▁▁▁▁▂▂▂▂▂▃▄▄▄▄▅▅▆▅▅▅▅▆▆▆▇▇▇▄▅▇▇▇▇▇▇▇█▇▇
wandb:  loss_train ██▅▃▂▂▂▂▁▁▁▁▁▁▁▁▁▁▁▁▁▁▁▁▁▁▁▁▁▁▁▁▁▁▁▁▁▁▁▁
wandb:  loss_valid ▆█▇█▇▄▃▃▃▃▂▂▂▂▂▂▂▂▂▂▂▁▁▁▁▁▁▁▁▁▁▁▁▁▁▁▁▁▁▁
wandb: 
wandb: Run summary:
wandb: loss1_valid 0.05951
wandb: loss2_valid 0.00053
wandb: loss3_valid 0.00239
wandb:  loss_train 0.00069
wandb:  loss_valid 0.06243
wandb: 
wandb: 🚀 View run clean-frog-132 at: https://wandb.ai/jxd-engineer/ModalGNN_TimeDomain/runs/v82xwpa3
wandb: ⭐️ View project at: https://wandb.ai/jxd-engineer/ModalGNN_TimeDomain
wandb: Synced 5 W&B file(s), 0 media file(s), 0 artifact file(s) and 0 other file(s)
wandb: Find logs at: ./wandb/run-20241029_182209-v82xwpa3/logs
Training device: cuda:0
Create model: done
graph_id = 0
graph_id = 1
graph_id = 2
graph_id = 3
graph_id = 4
graph_id = 5
graph_id = 6
graph_id = 7
graph_id = 8
graph_id = 9
graph_id = 10
graph_id = 11
graph_id = 12
graph_id = 13
graph_id = 14
graph_id = 15
graph_id = 16
graph_id = 17
graph_id = 18
graph_id = 19
graph_id = 20
graph_id = 21
graph_id = 22
graph_id = 23
graph_id = 24
graph_id = 25
graph_id = 26
graph_id = 27
graph_id = 28
graph_id = 29
graph_id = 30
graph_id = 31
graph_id = 32
graph_id = 33
graph_id = 34
graph_id = 35
graph_id = 36
graph_id = 37
graph_id = 38
graph_id = 39
graph_id = 40
graph_id = 41
graph_id = 42
graph_id = 43
graph_id = 44
graph_id = 45
graph_id = 46
graph_id = 47
graph_id = 48
graph_id = 49
graph_id = 50
graph_id = 51
graph_id = 52
graph_id = 53
graph_id = 54
graph_id = 55
graph_id = 56
graph_id = 57
graph_id = 58
graph_id = 59
Create training dataset: done
graph_id = 60
graph_id = 61
graph_id = 62
graph_id = 63
graph_id = 64
graph_id = 65
graph_id = 66
graph_id = 67
graph_id = 68
graph_id = 69
graph_id = 70
graph_id = 71
graph_id = 72
graph_id = 73
graph_id = 74
graph_id = 75
graph_id = 76
graph_id = 77
graph_id = 78
graph_id = 79
Create validation dataset: done
epoch: 0, loss_train: 0.6322999001, loss_valid: 0.7547534108
epoch: 20, loss_train: 0.0607034042, loss_valid: 0.2741004527
epoch: 40, loss_train: 0.0475942492, loss_valid: 0.2234334946
epoch: 60, loss_train: 0.0426839404, loss_valid: 0.1698120534
epoch: 80, loss_train: 0.0403888300, loss_valid: 0.1700938046
epoch: 100, loss_train: 0.0388317183, loss_valid: 0.1467105150
epoch: 120, loss_train: 0.0381127410, loss_valid: 0.1270007193
epoch: 140, loss_train: 0.0371298604, loss_valid: 0.1364587843
epoch: 160, loss_train: 0.0366367362, loss_valid: 0.1221187338
epoch: 180, loss_train: 0.0360525213, loss_valid: 0.1065252498
epoch: 200, loss_train: 0.0361721180, loss_valid: 0.1123879999
epoch: 220, loss_train: 0.0351421461, loss_valid: 0.1139774695
epoch: 240, loss_train: 0.0343521796, loss_valid: 0.1038294137
epoch: 260, loss_train: 0.0332136154, loss_valid: 0.0955123007
epoch: 280, loss_train: 0.0321614146, loss_valid: 0.1048890427
epoch: 300, loss_train: 0.0313088521, loss_valid: 0.1040307879
epoch: 320, loss_train: 0.0302587803, loss_valid: 0.1284961104
epoch: 340, loss_train: 0.0291665774, loss_valid: 0.1282346845
epoch: 360, loss_train: 0.0279862359, loss_valid: 0.1345303804
epoch: 380, loss_train: 0.0268860254, loss_valid: 0.1289968491
epoch: 400, loss_train: 0.0253198631, loss_valid: 0.1226807013
epoch: 420, loss_train: 0.0240609962, loss_valid: 0.1381242573
epoch: 440, loss_train: 0.0225905795, loss_valid: 0.1428225189
epoch: 460, loss_train: 0.0211921334, loss_valid: 0.1501663029
epoch: 480, loss_train: 0.0199379176, loss_valid: 0.1407854855
epoch: 500, loss_train: 0.0185468253, loss_valid: 0.1584688574
epoch: 520, loss_train: 0.0174914617, loss_valid: 0.1504853070
epoch: 540, loss_train: 0.0165991765, loss_valid: 0.1527584195
epoch: 560, loss_train: 0.0157477539, loss_valid: 0.1520562470
epoch: 580, loss_train: 0.0148241445, loss_valid: 0.1716776788
epoch: 600, loss_train: 0.0142171523, loss_valid: 0.1657765061
epoch: 620, loss_train: 0.0135683622, loss_valid: 0.1605740190
epoch: 640, loss_train: 0.0130029647, loss_valid: 0.1574812084
epoch: 660, loss_train: 0.0123876417, loss_valid: 0.1605747342
epoch: 680, loss_train: 0.0117846876, loss_valid: 0.1743845046
epoch: 700, loss_train: 0.0112184323, loss_valid: 0.1800373346
epoch: 720, loss_train: 0.0108346855, loss_valid: 0.1752303541
epoch: 740, loss_train: 0.0103337746, loss_valid: 0.1528328955
epoch: 760, loss_train: 0.0100459056, loss_valid: 0.1707335860
epoch: 780, loss_train: 0.0096706357, loss_valid: 0.1743409783
epoch: 800, loss_train: 0.0092874561, loss_valid: 0.1741005629
epoch: 820, loss_train: 0.0089583239, loss_valid: 0.1722112745
epoch: 840, loss_train: 0.0087778671, loss_valid: 0.1732222140
epoch: 860, loss_train: 0.0084107202, loss_valid: 0.1739789099
epoch: 880, loss_train: 0.0081183035, loss_valid: 0.1666934341
epoch: 900, loss_train: 0.0079293028, loss_valid: 0.1725331545
epoch: 920, loss_train: 0.0077195768, loss_valid: 0.1703899950
epoch: 940, loss_train: 0.0075679640, loss_valid: 0.1817525625
epoch: 960, loss_train: 0.0072989706, loss_valid: 0.1632246673
epoch: 980, loss_train: 0.0071247630, loss_valid: 0.1686131060
epoch: 1000, loss_train: 0.0069348142, loss_valid: 0.1734707803
epoch: 1020, loss_train: 0.0066968976, loss_valid: 0.1818205267
epoch: 1040, loss_train: 0.0065839156, loss_valid: 0.1600301862
epoch: 1060, loss_train: 0.0064149364, loss_valid: 0.1723612696
epoch: 1080, loss_train: 0.0062438413, loss_valid: 0.1697427481
epoch: 1100, loss_train: 0.0060404353, loss_valid: 0.1559090614
epoch: 1120, loss_train: 0.0059926482, loss_valid: 0.1629899591
epoch: 1140, loss_train: 0.0058173276, loss_valid: 0.1617377102
epoch: 1160, loss_train: 0.0056343968, loss_valid: 0.1584359109
epoch: 1180, loss_train: 0.0054805852, loss_valid: 0.1483672857
epoch: 1200, loss_train: 0.0054111565, loss_valid: 0.1452712715
epoch: 1220, loss_train: 0.0052514798, loss_valid: 0.1462879181
epoch: 1240, loss_train: 0.0051804893, loss_valid: 0.1503322870
epoch: 1260, loss_train: 0.0049940157, loss_valid: 0.1314735264
epoch: 1280, loss_train: 0.0050034141, loss_valid: 0.1336305290
epoch: 1300, loss_train: 0.0047279312, loss_valid: 0.1304165423
epoch: 1320, loss_train: 0.0046318984, loss_valid: 0.1239827871
epoch: 1340, loss_train: 0.0047313496, loss_valid: 0.1155721992
epoch: 1360, loss_train: 0.0045275264, loss_valid: 0.1262692511
epoch: 1380, loss_train: 0.0044121575, loss_valid: 0.1161169633
epoch: 1400, loss_train: 0.0043423176, loss_valid: 0.1106211916
epoch: 1420, loss_train: 0.0041991086, loss_valid: 0.1127605513
epoch: 1440, loss_train: 0.0042017428, loss_valid: 0.1128109694
epoch: 1460, loss_train: 0.0040366622, loss_valid: 0.1131913662
epoch: 1480, loss_train: 0.0039517530, loss_valid: 0.1134341285
epoch: 1500, loss_train: 0.0038592799, loss_valid: 0.1044897661
epoch: 1520, loss_train: 0.0038171269, loss_valid: 0.1107530743
epoch: 1540, loss_train: 0.0037143533, loss_valid: 0.1087077707
epoch: 1560, loss_train: 0.0036353383, loss_valid: 0.1088510305
epoch: 1580, loss_train: 0.0035659852, loss_valid: 0.1037293151
epoch: 1600, loss_train: 0.0035007682, loss_valid: 0.1062748134
epoch: 1620, loss_train: 0.0034259805, loss_valid: 0.1021634936
epoch: 1640, loss_train: 0.0034311630, loss_valid: 0.1033447385
epoch: 1660, loss_train: 0.0033835522, loss_valid: 0.0978893861
epoch: 1680, loss_train: 0.0032877661, loss_valid: 0.1011203080
epoch: 1700, loss_train: 0.0032476240, loss_valid: 0.1014346033
epoch: 1720, loss_train: 0.0031974926, loss_valid: 0.0976378471
epoch: 1740, loss_train: 0.0031463164, loss_valid: 0.0967331231
epoch: 1760, loss_train: 0.0030627698, loss_valid: 0.0978151858
epoch: 1780, loss_train: 0.0030267017, loss_valid: 0.0992584452
epoch: 1800, loss_train: 0.0030449324, loss_valid: 0.1022058278
epoch: 1820, loss_train: 0.0029533664, loss_valid: 0.0971506238
epoch: 1840, loss_train: 0.0029377674, loss_valid: 0.0927393287
epoch: 1860, loss_train: 0.0029272675, loss_valid: 0.0937523022
epoch: 1880, loss_train: 0.0028016421, loss_valid: 0.0936012268
epoch: 1900, loss_train: 0.0027838885, loss_valid: 0.0926877856
epoch: 1920, loss_train: 0.0027824461, loss_valid: 0.0958232358
epoch: 1940, loss_train: 0.0027339926, loss_valid: 0.0958555937
epoch: 1960, loss_train: 0.0026794367, loss_valid: 0.0946007669
epoch: 1980, loss_train: 0.0026594957, loss_valid: 0.0922679156
epoch: 2000, loss_train: 0.0026669276, loss_valid: 0.0946311504
epoch: 2020, loss_train: 0.0026091512, loss_valid: 0.0888232887
epoch: 2040, loss_train: 0.0025541291, loss_valid: 0.0915659294
epoch: 2060, loss_train: 0.0026402492, loss_valid: 0.0893978104
epoch: 2080, loss_train: 0.0024897105, loss_valid: 0.0949844122
epoch: 2100, loss_train: 0.0024271163, loss_valid: 0.0934889913
epoch: 2120, loss_train: 0.0024278881, loss_valid: 0.0877262205
epoch: 2140, loss_train: 0.0023957866, loss_valid: 0.0917032063
epoch: 2160, loss_train: 0.0023724150, loss_valid: 0.0902963802
epoch: 2180, loss_train: 0.0023642790, loss_valid: 0.0896269381
epoch: 2200, loss_train: 0.0024099767, loss_valid: 0.0894246474
epoch: 2220, loss_train: 0.0023305397, loss_valid: 0.0839351937
epoch: 2240, loss_train: 0.0022672920, loss_valid: 0.0895860940
epoch: 2260, loss_train: 0.0022814523, loss_valid: 0.0919355750
epoch: 2280, loss_train: 0.0022506826, loss_valid: 0.0886580572
epoch: 2300, loss_train: 0.0022475063, loss_valid: 0.0915050656
epoch: 2320, loss_train: 0.0022041204, loss_valid: 0.0897345841
epoch: 2340, loss_train: 0.0021949827, loss_valid: 0.0854202434
epoch: 2360, loss_train: 0.0021291194, loss_valid: 0.0905687734
epoch: 2380, loss_train: 0.0021506823, loss_valid: 0.0875276923
epoch: 2400, loss_train: 0.0020686360, loss_valid: 0.0887894928
epoch: 2420, loss_train: 0.0020735404, loss_valid: 0.0839413553
epoch: 2440, loss_train: 0.0021079949, loss_valid: 0.0910315812
epoch: 2460, loss_train: 0.0020509406, loss_valid: 0.0854845196
epoch: 2480, loss_train: 0.0020992055, loss_valid: 0.0867793187
epoch: 2500, loss_train: 0.0020346206, loss_valid: 0.0850920156
epoch: 2520, loss_train: 0.0019568068, loss_valid: 0.0838070437
epoch: 2540, loss_train: 0.0020014972, loss_valid: 0.0877495706
epoch: 2560, loss_train: 0.0019433644, loss_valid: 0.0881852955
epoch: 2580, loss_train: 0.0020015789, loss_valid: 0.0837884247
epoch: 2600, loss_train: 0.0019350123, loss_valid: 0.0816164091
epoch: 2620, loss_train: 0.0018987011, loss_valid: 0.0843634978
epoch: 2640, loss_train: 0.0018734857, loss_valid: 0.0831598565
epoch: 2660, loss_train: 0.0018764494, loss_valid: 0.0813268647
epoch: 2680, loss_train: 0.0018989580, loss_valid: 0.0810459256
epoch: 2700, loss_train: 0.0018262655, loss_valid: 0.0833588392
epoch: 2720, loss_train: 0.0018192395, loss_valid: 0.0836070403
epoch: 2740, loss_train: 0.0018172456, loss_valid: 0.0817883983
epoch: 2760, loss_train: 0.0018207898, loss_valid: 0.0812174752
epoch: 2780, loss_train: 0.0018960837, loss_valid: 0.0826498494
epoch: 2800, loss_train: 0.0017422538, loss_valid: 0.0805024728
epoch: 2820, loss_train: 0.0017249018, loss_valid: 0.0815513432
epoch: 2840, loss_train: 0.0016991841, loss_valid: 0.0828421786
epoch: 2860, loss_train: 0.0017575114, loss_valid: 0.0813418403
epoch: 2880, loss_train: 0.0017022783, loss_valid: 0.0807860270
epoch: 2900, loss_train: 0.0016757459, loss_valid: 0.0835006535
epoch: 2920, loss_train: 0.0016659537, loss_valid: 0.0799204484
epoch: 2940, loss_train: 0.0016671960, loss_valid: 0.0813230947
epoch: 2960, loss_train: 0.0016372101, loss_valid: 0.0826444924
epoch: 2980, loss_train: 0.0016802188, loss_valid: 0.0797036216
epoch: 3000, loss_train: 0.0016289173, loss_valid: 0.0786308199
epoch: 3020, loss_train: 0.0016325825, loss_valid: 0.0788989663
epoch: 3040, loss_train: 0.0016363435, loss_valid: 0.0791457295
epoch: 3060, loss_train: 0.0015938120, loss_valid: 0.0803828537
epoch: 3080, loss_train: 0.0016417810, loss_valid: 0.0766750500
epoch: 3100, loss_train: 0.0016020816, loss_valid: 0.0796318501
epoch: 3120, loss_train: 0.0015395709, loss_valid: 0.0774167404
epoch: 3140, loss_train: 0.0015038984, loss_valid: 0.0788564533
epoch: 3160, loss_train: 0.0015090071, loss_valid: 0.0800447688
epoch: 3180, loss_train: 0.0015119594, loss_valid: 0.0807315260
epoch: 3200, loss_train: 0.0014674476, loss_valid: 0.0808569491
epoch: 3220, loss_train: 0.0015054928, loss_valid: 0.0780190676
epoch: 3240, loss_train: 0.0014920708, loss_valid: 0.0801481977
epoch: 3260, loss_train: 0.0014942561, loss_valid: 0.0772827268
epoch: 3280, loss_train: 0.0014406171, loss_valid: 0.0783031061
epoch: 3300, loss_train: 0.0014680678, loss_valid: 0.0781956241
epoch: 3320, loss_train: 0.0014435486, loss_valid: 0.0770266876
epoch: 3340, loss_train: 0.0014076830, loss_valid: 0.0781151503
epoch: 3360, loss_train: 0.0013684914, loss_valid: 0.0808831155
epoch: 3380, loss_train: 0.0014380477, loss_valid: 0.0785795748
epoch: 3400, loss_train: 0.0013836940, loss_valid: 0.0817006975
epoch: 3420, loss_train: 0.0013982577, loss_valid: 0.0759365633
epoch: 3440, loss_train: 0.0015426830, loss_valid: 0.0768874586
epoch: 3460, loss_train: 0.0014592904, loss_valid: 0.0767153427
epoch: 3480, loss_train: 0.0014097505, loss_valid: 0.0784944817
epoch: 3500, loss_train: 0.0013421968, loss_valid: 0.0766819343
epoch: 3520, loss_train: 0.0013154632, loss_valid: 0.0761510730
epoch: 3540, loss_train: 0.0013605162, loss_valid: 0.0802228376
epoch: 3560, loss_train: 0.0013339219, loss_valid: 0.0782573074
epoch: 3580, loss_train: 0.0013136837, loss_valid: 0.0787381828
epoch: 3600, loss_train: 0.0012926505, loss_valid: 0.0769096836
epoch: 3620, loss_train: 0.0013479386, loss_valid: 0.0762558505
epoch: 3640, loss_train: 0.0012613874, loss_valid: 0.0780051872
epoch: 3660, loss_train: 0.0012618520, loss_valid: 0.0770659819
epoch: 3680, loss_train: 0.0012369896, loss_valid: 0.0776843280
epoch: 3700, loss_train: 0.0012599013, loss_valid: 0.0744990557
epoch: 3720, loss_train: 0.0012627123, loss_valid: 0.0739773586
epoch: 3740, loss_train: 0.0011984888, loss_valid: 0.0763530880
epoch: 3760, loss_train: 0.0012788177, loss_valid: 0.0774975941
epoch: 3780, loss_train: 0.0012101551, loss_valid: 0.0788515732
epoch: 3800, loss_train: 0.0012611711, loss_valid: 0.0750671029
epoch: 3820, loss_train: 0.0012728150, loss_valid: 0.0775972158
epoch: 3840, loss_train: 0.0011741731, loss_valid: 0.0757266730
epoch: 3860, loss_train: 0.0012303140, loss_valid: 0.0747137815
epoch: 3880, loss_train: 0.0012636220, loss_valid: 0.0743510723
epoch: 3900, loss_train: 0.0011969703, loss_valid: 0.0740306973
epoch: 3920, loss_train: 0.0011527073, loss_valid: 0.0739785880
epoch: 3940, loss_train: 0.0012321144, loss_valid: 0.0756990239
epoch: 3960, loss_train: 0.0011889939, loss_valid: 0.0783032179
epoch: 3980, loss_train: 0.0011592453, loss_valid: 0.0771116167
epoch: 4000, loss_train: 0.0011702939, loss_valid: 0.0762209296
epoch: 4020, loss_train: 0.0011438231, loss_valid: 0.0745627061
epoch: 4040, loss_train: 0.0011203726, loss_valid: 0.0778115839
epoch: 4060, loss_train: 0.0011226732, loss_valid: 0.0751034319
epoch: 4080, loss_train: 0.0010931599, loss_valid: 0.0781488270
epoch: 4100, loss_train: 0.0011417667, loss_valid: 0.0733307675
epoch: 4120, loss_train: 0.0011204669, loss_valid: 0.0737538561
epoch: 4140, loss_train: 0.0010919125, loss_valid: 0.0723787248
epoch: 4160, loss_train: 0.0010727077, loss_valid: 0.0764614940
epoch: 4180, loss_train: 0.0011472335, loss_valid: 0.0764868781
epoch: 4200, loss_train: 0.0011143724, loss_valid: 0.0761714652
epoch: 4220, loss_train: 0.0010779181, loss_valid: 0.0745512992
epoch: 4240, loss_train: 0.0010808279, loss_valid: 0.0749194100
epoch: 4260, loss_train: 0.0011069211, loss_valid: 0.0776913166
epoch: 4280, loss_train: 0.0011318463, loss_valid: 0.0731983632
epoch: 4300, loss_train: 0.0010601891, loss_valid: 0.0732889548
epoch: 4320, loss_train: 0.0010853760, loss_valid: 0.0744116902
epoch: 4340, loss_train: 0.0011026406, loss_valid: 0.0738460273
epoch: 4360, loss_train: 0.0010273755, loss_valid: 0.0762441307
epoch: 4380, loss_train: 0.0010965908, loss_valid: 0.0736584291
epoch: 4400, loss_train: 0.0010910088, loss_valid: 0.0732838884
epoch: 4420, loss_train: 0.0009942311, loss_valid: 0.0714292452
epoch: 4440, loss_train: 0.0010646845, loss_valid: 0.0747425556
epoch: 4460, loss_train: 0.0010616402, loss_valid: 0.0719969794
epoch: 4480, loss_train: 0.0010666783, loss_valid: 0.0719191283
epoch: 4500, loss_train: 0.0010595513, loss_valid: 0.0741205886
epoch: 4520, loss_train: 0.0010018803, loss_valid: 0.0739562735
epoch: 4540, loss_train: 0.0010422581, loss_valid: 0.0744928718
epoch: 4560, loss_train: 0.0010332547, loss_valid: 0.0711787269
epoch: 4580, loss_train: 0.0010689881, loss_valid: 0.0741785616
epoch: 4600, loss_train: 0.0010032861, loss_valid: 0.0735338852
epoch: 4620, loss_train: 0.0009480029, loss_valid: 0.0722660571
epoch: 4640, loss_train: 0.0009778672, loss_valid: 0.0728827864
epoch: 4660, loss_train: 0.0010313850, loss_valid: 0.0732059181
epoch: 4680, loss_train: 0.0009757658, loss_valid: 0.0724857822
epoch: 4700, loss_train: 0.0009547393, loss_valid: 0.0719516799
epoch: 4720, loss_train: 0.0009747532, loss_valid: 0.0735999197
epoch: 4740, loss_train: 0.0009095778, loss_valid: 0.0720965639
epoch: 4760, loss_train: 0.0009558062, loss_valid: 0.0700844750
epoch: 4780, loss_train: 0.0009528311, loss_valid: 0.0716526583
epoch: 4800, loss_train: 0.0009533326, loss_valid: 0.0723223612
epoch: 4820, loss_train: 0.0009567405, loss_valid: 0.0722704157
epoch: 4840, loss_train: 0.0009900412, loss_valid: 0.0728260949
epoch: 4860, loss_train: 0.0010094618, loss_valid: 0.0716004297
epoch: 4880, loss_train: 0.0009629062, loss_valid: 0.0708945617
epoch: 4900, loss_train: 0.0009699617, loss_valid: 0.0701152682
epoch: 4920, loss_train: 0.0009969436, loss_valid: 0.0735799372
epoch: 4940, loss_train: 0.0009433756, loss_valid: 0.0711998343
epoch: 4960, loss_train: 0.0009463986, loss_valid: 0.0724675730
epoch: 4980, loss_train: 0.0009231395, loss_valid: 0.0715017542
epoch: 5000, loss_train: 0.0009141937, loss_valid: 0.0748122260
epoch: 5020, loss_train: 0.0009176870, loss_valid: 0.0728798062
epoch: 5040, loss_train: 0.0009068922, loss_valid: 0.0693400130
epoch: 5060, loss_train: 0.0008867885, loss_valid: 0.0709572658
epoch: 5080, loss_train: 0.0009426597, loss_valid: 0.0684835538
epoch: 5100, loss_train: 0.0009671809, loss_valid: 0.0715161338
epoch: 5120, loss_train: 0.0009547703, loss_valid: 0.0710058585
epoch: 5140, loss_train: 0.0008956296, loss_valid: 0.0715354905
epoch: 5160, loss_train: 0.0009060331, loss_valid: 0.0678073466
epoch: 5180, loss_train: 0.0009030602, loss_valid: 0.0710854083
epoch: 5200, loss_train: 0.0008663759, loss_valid: 0.0715795606
epoch: 5220, loss_train: 0.0008877345, loss_valid: 0.0709712431
epoch: 5240, loss_train: 0.0009058062, loss_valid: 0.0709178224
epoch: 5260, loss_train: 0.0009103147, loss_valid: 0.0710535869
epoch: 5280, loss_train: 0.0009243761, loss_valid: 0.0713145062
epoch: 5300, loss_train: 0.0009053905, loss_valid: 0.0691244379
epoch: 5320, loss_train: 0.0008972061, loss_valid: 0.0719698519
epoch: 5340, loss_train: 0.0008656279, loss_valid: 0.0698134974
epoch: 5360, loss_train: 0.0009728887, loss_valid: 0.0710235462
epoch: 5380, loss_train: 0.0008924033, loss_valid: 0.0731531233
epoch: 5400, loss_train: 0.0008517524, loss_valid: 0.0711053982
epoch: 5420, loss_train: 0.0008389151, loss_valid: 0.0711115003
epoch: 5440, loss_train: 0.0008653320, loss_valid: 0.0713126436
epoch: 5460, loss_train: 0.0009027859, loss_valid: 0.0708283931
epoch: 5480, loss_train: 0.0008686265, loss_valid: 0.0697237328
epoch: 5500, loss_train: 0.0008822851, loss_valid: 0.0671597794
epoch: 5520, loss_train: 0.0009086665, loss_valid: 0.0704124346
epoch: 5540, loss_train: 0.0009031973, loss_valid: 0.0672300607
epoch: 5560, loss_train: 0.0008410199, loss_valid: 0.0695410743
epoch: 5580, loss_train: 0.0008422527, loss_valid: 0.0681730509
epoch: 5600, loss_train: 0.0008420072, loss_valid: 0.0695048422
epoch: 5620, loss_train: 0.0008038802, loss_valid: 0.0675023347
epoch: 5640, loss_train: 0.0008092192, loss_valid: 0.0687486753
epoch: 5660, loss_train: 0.0008474698, loss_valid: 0.0690029040
epoch: 5680, loss_train: 0.0008333648, loss_valid: 0.0681961402
epoch: 5700, loss_train: 0.0007991635, loss_valid: 0.0680911019
epoch: 5720, loss_train: 0.0008206166, loss_valid: 0.0670708269
epoch: 5740, loss_train: 0.0007726906, loss_valid: 0.0696634799
epoch: 5760, loss_train: 0.0008122127, loss_valid: 0.0693408325
epoch: 5780, loss_train: 0.0008092786, loss_valid: 0.0679609701
epoch: 5800, loss_train: 0.0008432364, loss_valid: 0.0691875666
epoch: 5820, loss_train: 0.0008043327, loss_valid: 0.0673426017
epoch: 5840, loss_train: 0.0007860406, loss_valid: 0.0698369965
epoch: 5860, loss_train: 0.0007852181, loss_valid: 0.0678514019
epoch: 5880, loss_train: 0.0007873941, loss_valid: 0.0661081970
epoch: 5900, loss_train: 0.0007884512, loss_valid: 0.0676755011
epoch: 5920, loss_train: 0.0008240088, loss_valid: 0.0657636002
epoch: 5940, loss_train: 0.0008002776, loss_valid: 0.0676960498
epoch: 5960, loss_train: 0.0008122718, loss_valid: 0.0693512857
epoch: 5980, loss_train: 0.0008022215, loss_valid: 0.0679222271
epoch: 6000, loss_train: 0.0009246770, loss_valid: 0.0689432919
epoch: 6020, loss_train: 0.0007943224, loss_valid: 0.0677069947
epoch: 6040, loss_train: 0.0008696854, loss_valid: 0.0692900866
epoch: 6060, loss_train: 0.0008605690, loss_valid: 0.0688925758
epoch: 6080, loss_train: 0.0007641711, loss_valid: 0.0679216608
epoch: 6100, loss_train: 0.0007769359, loss_valid: 0.0676125661
epoch: 6120, loss_train: 0.0008119344, loss_valid: 0.0655788258
epoch: 6140, loss_train: 0.0007956752, loss_valid: 0.0668804571
epoch: 6160, loss_train: 0.0008065097, loss_valid: 0.0681477860
epoch: 6180, loss_train: 0.0007743135, loss_valid: 0.0672497228
epoch: 6200, loss_train: 0.0007485469, loss_valid: 0.0656357408
epoch: 6220, loss_train: 0.0007514450, loss_valid: 0.0667268857
epoch: 6240, loss_train: 0.0007707559, loss_valid: 0.0662474483
epoch: 6260, loss_train: 0.0008168160, loss_valid: 0.0649625137
epoch: 6280, loss_train: 0.0007532047, loss_valid: 0.0684993416
epoch: 6300, loss_train: 0.0007260455, loss_valid: 0.0692374855
epoch: 6320, loss_train: 0.0007968344, loss_valid: 0.0692036375
epoch: 6340, loss_train: 0.0007412292, loss_valid: 0.0681507811
epoch: 6360, loss_train: 0.0007537333, loss_valid: 0.0701401457
epoch: 6380, loss_train: 0.0008145539, loss_valid: 0.0694334432
epoch: 6400, loss_train: 0.0007195346, loss_valid: 0.0699142516
epoch: 6420, loss_train: 0.0007301660, loss_valid: 0.0665001273
epoch: 6440, loss_train: 0.0007424892, loss_valid: 0.0658976883
epoch: 6460, loss_train: 0.0007502045, loss_valid: 0.0658072829
epoch: 6480, loss_train: 0.0007489753, loss_valid: 0.0670360103
epoch: 6500, loss_train: 0.0008052032, loss_valid: 0.0655180290
epoch: 6520, loss_train: 0.0007677854, loss_valid: 0.0655405670
epoch: 6540, loss_train: 0.0007513119, loss_valid: 0.0674742460
epoch: 6560, loss_train: 0.0008008901, loss_valid: 0.0671992525
epoch: 6580, loss_train: 0.0007427188, loss_valid: 0.0670503974
epoch: 6600, loss_train: 0.0007310009, loss_valid: 0.0676209256
epoch: 6620, loss_train: 0.0007573257, loss_valid: 0.0663672984
epoch: 6640, loss_train: 0.0007058009, loss_valid: 0.0668767542
epoch: 6660, loss_train: 0.0007230026, loss_valid: 0.0666457191
epoch: 6680, loss_train: 0.0007458300, loss_valid: 0.0670007393
epoch: 6700, loss_train: 0.0007440393, loss_valid: 0.0663839206
epoch: 6720, loss_train: 0.0007416192, loss_valid: 0.0657670796
epoch: 6740, loss_train: 0.0007650410, loss_valid: 0.0663158521
epoch: 6760, loss_train: 0.0006890529, loss_valid: 0.0681021959
epoch: 6780, loss_train: 0.0007428377, loss_valid: 0.0666930228
epoch: 6800, loss_train: 0.0007585429, loss_valid: 0.0667761415
epoch: 6820, loss_train: 0.0194926318, loss_valid: 0.0569560900
epoch: 6840, loss_train: 0.0127418032, loss_valid: 0.0657048598
epoch: 6860, loss_train: 0.0086622247, loss_valid: 0.0679251924
epoch: 6880, loss_train: 0.0062843086, loss_valid: 0.0671140626
epoch: 6900, loss_train: 0.0050140307, loss_valid: 0.0658558235
epoch: 6920, loss_train: 0.0041390862, loss_valid: 0.0679313093
epoch: 6940, loss_train: 0.0035352227, loss_valid: 0.0661964566
epoch: 6960, loss_train: 0.0031078858, loss_valid: 0.0685488358
epoch: 6980, loss_train: 0.0028222050, loss_valid: 0.0656715780
epoch: 7000, loss_train: 0.0025129595, loss_valid: 0.0635138676
epoch: 7020, loss_train: 0.0024019105, loss_valid: 0.0635084882
epoch: 7040, loss_train: 0.0022160935, loss_valid: 0.0641051754
epoch: 7060, loss_train: 0.0020453529, loss_valid: 0.0662013143
epoch: 7080, loss_train: 0.0019648592, loss_valid: 0.0644641295
epoch: 7100, loss_train: 0.0018510249, loss_valid: 0.0654263720
epoch: 7120, loss_train: 0.0018179718, loss_valid: 0.0617482513
epoch: 7140, loss_train: 0.0017584445, loss_valid: 0.0636647344
epoch: 7160, loss_train: 0.0016480044, loss_valid: 0.0631379858
epoch: 7180, loss_train: 0.0016556846, loss_valid: 0.0652750582
epoch: 7200, loss_train: 0.0015283561, loss_valid: 0.0630208999
epoch: 7220, loss_train: 0.0015223081, loss_valid: 0.0657133535
epoch: 7240, loss_train: 0.0015285980, loss_valid: 0.0647649989
epoch: 7260, loss_train: 0.0014480762, loss_valid: 0.0618613400
epoch: 7280, loss_train: 0.0014124918, loss_valid: 0.0632949099
epoch: 7300, loss_train: 0.0013741227, loss_valid: 0.0643151104
epoch: 7320, loss_train: 0.0013385533, loss_valid: 0.0625892207
epoch: 7340, loss_train: 0.0014029889, loss_valid: 0.0645462424
epoch: 7360, loss_train: 0.0012880247, loss_valid: 0.0633952841
epoch: 7380, loss_train: 0.0012428513, loss_valid: 0.0643454939
epoch: 7400, loss_train: 0.0012801902, loss_valid: 0.0638891309
epoch: 7420, loss_train: 0.0012304429, loss_valid: 0.0633778051
epoch: 7440, loss_train: 0.0012263265, loss_valid: 0.0635065213
epoch: 7460, loss_train: 0.0011625652, loss_valid: 0.0657663643
epoch: 7480, loss_train: 0.0011758119, loss_valid: 0.0650261790
epoch: 7500, loss_train: 0.0011538448, loss_valid: 0.0641092062
epoch: 7520, loss_train: 0.0011141055, loss_valid: 0.0645420626
epoch: 7540, loss_train: 0.0011818581, loss_valid: 0.0655225143
epoch: 7560, loss_train: 0.0010778060, loss_valid: 0.0652424619
epoch: 7580, loss_train: 0.0010746797, loss_valid: 0.0641398653
epoch: 7600, loss_train: 0.0011056262, loss_valid: 0.0633331314
epoch: 7620, loss_train: 0.0010957877, loss_valid: 0.0640587807
epoch: 7640, loss_train: 0.0010534248, loss_valid: 0.0626011118
epoch: 7660, loss_train: 0.0011317915, loss_valid: 0.0630570725
epoch: 7680, loss_train: 0.0010498249, loss_valid: 0.0645985156
epoch: 7700, loss_train: 0.0010323497, loss_valid: 0.0653331727
epoch: 7720, loss_train: 0.0010563089, loss_valid: 0.0648235306
epoch: 7740, loss_train: 0.0010253040, loss_valid: 0.0657079443
epoch: 7760, loss_train: 0.0010069985, loss_valid: 0.0637270883
epoch: 7780, loss_train: 0.0010000215, loss_valid: 0.0640500560
epoch: 7800, loss_train: 0.0009809856, loss_valid: 0.0642946810
epoch: 7820, loss_train: 0.0010194173, loss_valid: 0.0648568496
epoch: 7840, loss_train: 0.0009973132, loss_valid: 0.0652199462
epoch: 7860, loss_train: 0.0010072152, loss_valid: 0.0656924024
epoch: 7880, loss_train: 0.0010357079, loss_valid: 0.0655322596
epoch: 7900, loss_train: 0.0009786371, loss_valid: 0.0627514347
epoch: 7920, loss_train: 0.0010148929, loss_valid: 0.0652283728
epoch: 7940, loss_train: 0.0009558269, loss_valid: 0.0636418164
epoch: 7960, loss_train: 0.0009346915, loss_valid: 0.0653262436
epoch: 7980, loss_train: 0.0009756516, loss_valid: 0.0637925342
epoch: 8000, loss_train: 0.0009777595, loss_valid: 0.0652603060
epoch: 8020, loss_train: 0.0009271917, loss_valid: 0.0648655593
epoch: 8040, loss_train: 0.0008943502, loss_valid: 0.0639221668
epoch: 8060, loss_train: 0.0009227247, loss_valid: 0.0637821630
epoch: 8080, loss_train: 0.0009455393, loss_valid: 0.0639353096
epoch: 8100, loss_train: 0.0008983513, loss_valid: 0.0660079196
epoch: 8120, loss_train: 0.0008802816, loss_valid: 0.0636810213
epoch: 8140, loss_train: 0.0009145968, loss_valid: 0.0634394288
epoch: 8160, loss_train: 0.0009084602, loss_valid: 0.0657770857
epoch: 8180, loss_train: 0.0008972491, loss_valid: 0.0642923787
epoch: 8200, loss_train: 0.0008658931, loss_valid: 0.0642650425
epoch: 8220, loss_train: 0.0008527755, loss_valid: 0.0652822033
epoch: 8240, loss_train: 0.0008992532, loss_valid: 0.0628733635
epoch: 8260, loss_train: 0.0008628332, loss_valid: 0.0658430159
epoch: 8280, loss_train: 0.0008908497, loss_valid: 0.0635519475
epoch: 8300, loss_train: 0.0008860223, loss_valid: 0.0629585087
epoch: 8320, loss_train: 0.0008715707, loss_valid: 0.0638710260
epoch: 8340, loss_train: 0.0008404478, loss_valid: 0.0631863326
epoch: 8360, loss_train: 0.0008599680, loss_valid: 0.0634796843
epoch: 8380, loss_train: 0.0008783641, loss_valid: 0.0636307150
epoch: 8400, loss_train: 0.0008425787, loss_valid: 0.0639994591
epoch: 8420, loss_train: 0.0008932929, loss_valid: 0.0642074049
epoch: 8440, loss_train: 0.0008221791, loss_valid: 0.0638489276
epoch: 8460, loss_train: 0.0008028682, loss_valid: 0.0624899007
epoch: 8480, loss_train: 0.0008305416, loss_valid: 0.0628766939
epoch: 8500, loss_train: 0.0008101579, loss_valid: 0.0637852699
epoch: 8520, loss_train: 0.0008333235, loss_valid: 0.0636432916
epoch: 8540, loss_train: 0.0007961182, loss_valid: 0.0652034134
epoch: 8560, loss_train: 0.0008237979, loss_valid: 0.0634790957
epoch: 8580, loss_train: 0.0008149578, loss_valid: 0.0624602586
epoch: 8600, loss_train: 0.0008431086, loss_valid: 0.0623123795
epoch: 8620, loss_train: 0.0008290692, loss_valid: 0.0641090348
epoch: 8640, loss_train: 0.0008061628, loss_valid: 0.0633838698
epoch: 8660, loss_train: 0.0008160056, loss_valid: 0.0650724471
epoch: 8680, loss_train: 0.0008289465, loss_valid: 0.0625632778
epoch: 8700, loss_train: 0.0007834681, loss_valid: 0.0643008873
epoch: 8720, loss_train: 0.0008073526, loss_valid: 0.0635809228
epoch: 8740, loss_train: 0.0008222372, loss_valid: 0.0631234422
epoch: 8760, loss_train: 0.0007691875, loss_valid: 0.0623241439
epoch: 8780, loss_train: 0.0008308225, loss_valid: 0.0636302903
epoch: 8800, loss_train: 0.0007778329, loss_valid: 0.0621750206
epoch: 8820, loss_train: 0.0007987025, loss_valid: 0.0621753708
epoch: 8840, loss_train: 0.0007770668, loss_valid: 0.0629590750
epoch: 8860, loss_train: 0.0007542875, loss_valid: 0.0634712726
epoch: 8880, loss_train: 0.0007647817, loss_valid: 0.0616975762
epoch: 8900, loss_train: 0.0007567414, loss_valid: 0.0608498231
epoch: 8920, loss_train: 0.0008439081, loss_valid: 0.0625876933
epoch: 8940, loss_train: 0.0007392395, loss_valid: 0.0638835952
epoch: 8960, loss_train: 0.0007413054, loss_valid: 0.0617710873
epoch: 8980, loss_train: 0.0007539907, loss_valid: 0.0611056499
epoch: 9000, loss_train: 0.0007734508, loss_valid: 0.0632243901
epoch: 9020, loss_train: 0.0007753643, loss_valid: 0.0621839650
epoch: 9040, loss_train: 0.0007717069, loss_valid: 0.0629930645
epoch: 9060, loss_train: 0.0007461823, loss_valid: 0.0612680838
epoch: 9080, loss_train: 0.0007446234, loss_valid: 0.0622945540
epoch: 9100, loss_train: 0.0007473722, loss_valid: 0.0621251538
epoch: 9120, loss_train: 0.0007204261, loss_valid: 0.0637730360
epoch: 9140, loss_train: 0.0007719692, loss_valid: 0.0619646795
epoch: 9160, loss_train: 0.0007095981, loss_valid: 0.0617201515
epoch: 9180, loss_train: 0.0007235026, loss_valid: 0.0631120279
epoch: 9200, loss_train: 0.0008006730, loss_valid: 0.0628049299
epoch: 9220, loss_train: 0.0007205749, loss_valid: 0.0621281862
epoch: 9240, loss_train: 0.0007284732, loss_valid: 0.0641881451
epoch: 9260, loss_train: 0.0007255735, loss_valid: 0.0631806925
epoch: 9280, loss_train: 0.0007341999, loss_valid: 0.0633956790
epoch: 9300, loss_train: 0.0007336453, loss_valid: 0.0616073348
epoch: 9320, loss_train: 0.0008192041, loss_valid: 0.0619480051
epoch: 9340, loss_train: 0.0007805187, loss_valid: 0.0628120974
epoch: 9360, loss_train: 0.0007376305, loss_valid: 0.0607406460
epoch: 9380, loss_train: 0.0007085549, loss_valid: 0.0619138815
epoch: 9400, loss_train: 0.0007307727, loss_valid: 0.0615060143
epoch: 9420, loss_train: 0.0007175232, loss_valid: 0.0622187853
epoch: 9440, loss_train: 0.0006960569, loss_valid: 0.0626880005
epoch: 9460, loss_train: 0.0006967278, loss_valid: 0.0608659461
epoch: 9480, loss_train: 0.0007222430, loss_valid: 0.0614431985
epoch: 9500, loss_train: 0.0008200856, loss_valid: 0.0624400824
epoch: 9520, loss_train: 0.0007376352, loss_valid: 0.0606924966
epoch: 9540, loss_train: 0.0006896111, loss_valid: 0.0618970729
epoch: 9560, loss_train: 0.0007358905, loss_valid: 0.0621196069
epoch: 9580, loss_train: 0.0007206175, loss_valid: 0.0623221211
epoch: 9600, loss_train: 0.0007122286, loss_valid: 0.0630233735
epoch: 9620, loss_train: 0.0006654170, loss_valid: 0.0625536442
epoch: 9640, loss_train: 0.0007641373, loss_valid: 0.0618846565
epoch: 9660, loss_train: 0.0007181130, loss_valid: 0.0625542179
epoch: 9680, loss_train: 0.0006857258, loss_valid: 0.0610915087
epoch: 9700, loss_train: 0.0007504504, loss_valid: 0.0612036660
epoch: 9720, loss_train: 0.0006826861, loss_valid: 0.0623187535
epoch: 9740, loss_train: 0.0006962836, loss_valid: 0.0622730106
epoch: 9760, loss_train: 0.0006883832, loss_valid: 0.0610836931
epoch: 9780, loss_train: 0.0007139863, loss_valid: 0.0599192865
epoch: 9800, loss_train: 0.0006830831, loss_valid: 0.0617871471
epoch: 9820, loss_train: 0.0006681616, loss_valid: 0.0604457967
epoch: 9840, loss_train: 0.0006780817, loss_valid: 0.0613993183
epoch: 9860, loss_train: 0.0007064647, loss_valid: 0.0615160502
epoch: 9880, loss_train: 0.0006630655, loss_valid: 0.0617179982
epoch: 9900, loss_train: 0.0007119234, loss_valid: 0.0602717064
epoch: 9920, loss_train: 0.0007026251, loss_valid: 0.0596708991
epoch: 9940, loss_train: 0.0006508004, loss_valid: 0.0599287599
epoch: 9960, loss_train: 0.0006996856, loss_valid: 0.0614127964
epoch: 9980, loss_train: 0.0006497917, loss_valid: 0.0611179173
Train the model: done, 2437.1167306900024 seconds
Save trained model: done
