/cluster/home/xudjian/ModalGNN_Time_Domain/data/dataset_loader.py:190: UserWarning: Creating a tensor from a list of numpy.ndarrays is extremely slow. Please consider converting the list to a single numpy.ndarray with numpy.array() before converting to a tensor. (Triggered internally at ../torch/csrc/utils/tensor_new.cpp:261.)
  self.freqs = torch.tensor(self.freqs, dtype = torch.float).to(self.device)
wandb: Using wandb-core as the SDK backend. Please refer to https://wandb.me/wandb-core for more information.
wandb: Currently logged in as: jxd-engineer. Use `wandb login --relogin` to force relogin
wandb: Tracking run with wandb version 0.18.1
wandb: Run data is saved locally in /cluster/home/xudjian/ModalGNN_Time_Domain/wandb/run-20241031_204155-g5d3ysws
wandb: Run `wandb offline` to turn off syncing.
wandb: Syncing run shadowed-lantern-148
wandb: ⭐️ View project at https://wandb.ai/jxd-engineer/ModalGNN_TimeDomain
wandb: 🚀 View run at https://wandb.ai/jxd-engineer/ModalGNN_TimeDomain/runs/g5d3ysws
wandb: - 0.035 MB of 0.035 MB uploadedwandb: \ 0.035 MB of 0.035 MB uploadedwandb: | 0.037 MB of 0.037 MB uploadedwandb:                                                                                
wandb: 
wandb: Run history:
wandb: loss1_train █▄▃▂▂▂▂▂▂▂▁▁▁▁▁▁▁▁▁▁▁▁▁▁▁▁▁▁▁▁▁▁▁▁▁▁▁▁▁▁
wandb: loss1_valid ▁▇▇▇██▇███▆▆▆▅▅▅▅▅▄▄▄▄▃▃▃▃▂▃▂▂▂▂▁▁▁▁▁▁▁▁
wandb: loss2_train █▄█▇▆▂▂▂▂▂▁▁▁▁▁▁▁▁▁▁▁▁▁▁▁▁▁▁▁▁▁▁▁▁▁▁▁▁▁▁
wandb: loss2_valid █▇▆▃▃▁▁▁▁▁▂▁▂▂▁▁▁▁▁▁▁▁▁▁▁▁▁▁▁▁▁▁▁▁▁▁▁▁▂▁
wandb: loss3_train ▆▇█▆▆▃▂▂▂▂▂▁▁▁▁▁▁▁▁▁▁▁▁▁▁▁▁▁▁▁▁▁▁▁▁▁▁▁▁▁
wandb: loss3_valid ▁▁▁▁▁▂▂▂▃▃▄▄▅▅▅▅▅▅▆▆▇▇▇▇▇▇▇▇▇▇▇▇▇▇▇▇▇▇██
wandb:  loss_train █▅▄▄▃▃▃▂▂▂▂▂▂▁▁▁▁▁▁▁▁▁▁▁▁▁▁▁▁▁▁▁▁▁▁▁▁▁▁▁
wandb:  loss_valid ▁▃▄▅▇██▇▇▇▇▆▇▇▆▆▆▆▆▆▆▇▆▆▆▆▆▆▆▆▅▅▅▅▄▄▄▃▂▃
wandb: 
wandb: Run summary:
wandb: loss1_train 0.00046
wandb: loss1_valid 0.04011
wandb: loss2_train 0.0
wandb: loss2_valid 0.00021
wandb: loss3_train 1e-05
wandb: loss3_valid 0.00856
wandb:  loss_train 0.00047
wandb:  loss_valid 0.04887
wandb: 
wandb: 🚀 View run shadowed-lantern-148 at: https://wandb.ai/jxd-engineer/ModalGNN_TimeDomain/runs/g5d3ysws
wandb: ⭐️ View project at: https://wandb.ai/jxd-engineer/ModalGNN_TimeDomain
wandb: Synced 5 W&B file(s), 0 media file(s), 2 artifact file(s) and 0 other file(s)
wandb: Find logs at: ./wandb/run-20241031_204155-g5d3ysws/logs
Training device: cuda:0
Create model: done
graph_id = 0
graph_id = 1
graph_id = 2
graph_id = 3
graph_id = 4
graph_id = 5
graph_id = 6
graph_id = 7
graph_id = 8
graph_id = 9
graph_id = 10
graph_id = 11
graph_id = 12
graph_id = 13
graph_id = 14
graph_id = 15
graph_id = 16
graph_id = 17
graph_id = 18
graph_id = 19
graph_id = 20
graph_id = 21
graph_id = 22
graph_id = 23
graph_id = 24
graph_id = 25
graph_id = 26
graph_id = 27
graph_id = 28
graph_id = 29
graph_id = 30
graph_id = 31
Create training dataset: done
graph_id = 32
graph_id = 33
graph_id = 34
graph_id = 35
graph_id = 36
graph_id = 37
graph_id = 38
graph_id = 39
Create validation dataset: done
epoch: 0, loss_train: 0.0983291864, loss_valid: 0.1172591373
epoch: 20, loss_train: 0.0327513739, loss_valid: 0.0466294885
epoch: 40, loss_train: 0.0299551021, loss_valid: 0.0413362682
epoch: 60, loss_train: 0.0287498049, loss_valid: 0.0399430394
epoch: 80, loss_train: 0.0270787552, loss_valid: 0.0404863767
epoch: 100, loss_train: 0.0251277667, loss_valid: 0.0409672000
epoch: 120, loss_train: 0.0233534705, loss_valid: 0.0416748822
epoch: 140, loss_train: 0.0216054618, loss_valid: 0.0423992574
epoch: 160, loss_train: 0.0199495386, loss_valid: 0.0430697799
epoch: 180, loss_train: 0.0184037872, loss_valid: 0.0437496603
epoch: 200, loss_train: 0.0169633999, loss_valid: 0.0443469211
epoch: 220, loss_train: 0.0156589616, loss_valid: 0.0450516343
epoch: 240, loss_train: 0.0145377442, loss_valid: 0.0455771163
epoch: 260, loss_train: 0.0135996891, loss_valid: 0.0467090122
epoch: 280, loss_train: 0.0126698203, loss_valid: 0.0470889919
epoch: 300, loss_train: 0.0118950056, loss_valid: 0.0473987423
epoch: 320, loss_train: 0.0111807175, loss_valid: 0.0477510616
epoch: 340, loss_train: 0.0105612120, loss_valid: 0.0483021550
epoch: 360, loss_train: 0.0100517804, loss_valid: 0.0491515398
epoch: 380, loss_train: 0.0095424699, loss_valid: 0.0494690612
epoch: 400, loss_train: 0.0091350572, loss_valid: 0.0489942431
epoch: 420, loss_train: 0.0087570511, loss_valid: 0.0500035360
epoch: 440, loss_train: 0.0083586881, loss_valid: 0.0503055714
epoch: 460, loss_train: 0.0080776531, loss_valid: 0.0499463454
epoch: 480, loss_train: 0.0077268817, loss_valid: 0.0500690527
epoch: 500, loss_train: 0.0074884077, loss_valid: 0.0504355989
epoch: 520, loss_train: 0.0072421161, loss_valid: 0.0500715822
epoch: 540, loss_train: 0.0069532678, loss_valid: 0.0504575334
epoch: 560, loss_train: 0.0067208651, loss_valid: 0.0507613011
epoch: 580, loss_train: 0.0065168124, loss_valid: 0.0508248098
epoch: 600, loss_train: 0.0062843291, loss_valid: 0.0508474298
epoch: 620, loss_train: 0.0060639349, loss_valid: 0.0509506799
epoch: 640, loss_train: 0.0058891545, loss_valid: 0.0518622920
epoch: 660, loss_train: 0.0056860675, loss_valid: 0.0522189215
epoch: 680, loss_train: 0.0055196821, loss_valid: 0.0508407354
epoch: 700, loss_train: 0.0053543076, loss_valid: 0.0508645289
epoch: 720, loss_train: 0.0051747295, loss_valid: 0.0514141582
epoch: 740, loss_train: 0.0050476538, loss_valid: 0.0519800223
epoch: 760, loss_train: 0.0049387692, loss_valid: 0.0518059470
epoch: 780, loss_train: 0.0047424040, loss_valid: 0.0520732887
epoch: 800, loss_train: 0.0046263216, loss_valid: 0.0519529618
epoch: 820, loss_train: 0.0044608875, loss_valid: 0.0519488119
epoch: 840, loss_train: 0.0043876767, loss_valid: 0.0519540347
epoch: 860, loss_train: 0.0042076940, loss_valid: 0.0524297655
epoch: 880, loss_train: 0.0041757957, loss_valid: 0.0516514331
epoch: 900, loss_train: 0.0040099816, loss_valid: 0.0519441031
epoch: 920, loss_train: 0.0039333822, loss_valid: 0.0522190966
epoch: 940, loss_train: 0.0038184449, loss_valid: 0.0518670045
epoch: 960, loss_train: 0.0038001486, loss_valid: 0.0523173101
epoch: 980, loss_train: 0.0036518387, loss_valid: 0.0519872457
epoch: 1000, loss_train: 0.0035804869, loss_valid: 0.0525420383
epoch: 1020, loss_train: 0.0034823453, loss_valid: 0.0519762374
epoch: 1040, loss_train: 0.0034358683, loss_valid: 0.0519761704
epoch: 1060, loss_train: 0.0033076678, loss_valid: 0.0522030704
epoch: 1080, loss_train: 0.0032689271, loss_valid: 0.0530476794
epoch: 1100, loss_train: 0.0031592888, loss_valid: 0.0524458326
epoch: 1120, loss_train: 0.0031263938, loss_valid: 0.0528323837
epoch: 1140, loss_train: 0.0030499084, loss_valid: 0.0523860194
epoch: 1160, loss_train: 0.0030180789, loss_valid: 0.0533878468
epoch: 1180, loss_train: 0.0029582416, loss_valid: 0.0529198050
epoch: 1200, loss_train: 0.0029239375, loss_valid: 0.0531503409
epoch: 1220, loss_train: 0.0028265137, loss_valid: 0.0535861142
epoch: 1240, loss_train: 0.0027736775, loss_valid: 0.0528486334
epoch: 1260, loss_train: 0.0027519190, loss_valid: 0.0535233431
epoch: 1280, loss_train: 0.0027001451, loss_valid: 0.0531545281
epoch: 1300, loss_train: 0.0026220547, loss_valid: 0.0530382842
epoch: 1320, loss_train: 0.0025737069, loss_valid: 0.0526894331
epoch: 1340, loss_train: 0.0025740243, loss_valid: 0.0527360626
epoch: 1360, loss_train: 0.0024861484, loss_valid: 0.0532079265
epoch: 1380, loss_train: 0.0024455281, loss_valid: 0.0528560951
epoch: 1400, loss_train: 0.0024051075, loss_valid: 0.0530634411
epoch: 1420, loss_train: 0.0023973861, loss_valid: 0.0531362183
epoch: 1440, loss_train: 0.0022981807, loss_valid: 0.0524791218
epoch: 1460, loss_train: 0.0023358695, loss_valid: 0.0533622466
epoch: 1480, loss_train: 0.0022474108, loss_valid: 0.0528137535
epoch: 1500, loss_train: 0.0022163594, loss_valid: 0.0529636145
epoch: 1520, loss_train: 0.0021817503, loss_valid: 0.0534465685
epoch: 1540, loss_train: 0.0021368952, loss_valid: 0.0528591797
epoch: 1560, loss_train: 0.0021242718, loss_valid: 0.0525713265
epoch: 1580, loss_train: 0.0020891570, loss_valid: 0.0528518818
epoch: 1600, loss_train: 0.0020415334, loss_valid: 0.0529430695
epoch: 1620, loss_train: 0.0020325624, loss_valid: 0.0521794781
epoch: 1640, loss_train: 0.0020248238, loss_valid: 0.0528557189
epoch: 1660, loss_train: 0.0019836393, loss_valid: 0.0529707074
epoch: 1680, loss_train: 0.0019828216, loss_valid: 0.0526780486
epoch: 1700, loss_train: 0.0019351071, loss_valid: 0.0526660979
epoch: 1720, loss_train: 0.0019038904, loss_valid: 0.0521987341
epoch: 1740, loss_train: 0.0018869342, loss_valid: 0.0523201749
epoch: 1760, loss_train: 0.0018592338, loss_valid: 0.0524906144
epoch: 1780, loss_train: 0.0018183786, loss_valid: 0.0523274280
epoch: 1800, loss_train: 0.0018219375, loss_valid: 0.0528234020
epoch: 1820, loss_train: 0.0018033209, loss_valid: 0.0525773466
epoch: 1840, loss_train: 0.0017686335, loss_valid: 0.0528964996
epoch: 1860, loss_train: 0.0017661947, loss_valid: 0.0529493392
epoch: 1880, loss_train: 0.0017665817, loss_valid: 0.0526202507
epoch: 1900, loss_train: 0.0016984800, loss_valid: 0.0531089343
epoch: 1920, loss_train: 0.0016787873, loss_valid: 0.0523256883
epoch: 1940, loss_train: 0.0016810531, loss_valid: 0.0521553122
epoch: 1960, loss_train: 0.0016216476, loss_valid: 0.0521618351
epoch: 1980, loss_train: 0.0016288756, loss_valid: 0.0523822308
epoch: 2000, loss_train: 0.0016084455, loss_valid: 0.0523533598
epoch: 2020, loss_train: 0.0016094071, loss_valid: 0.0520008951
epoch: 2040, loss_train: 0.0015622731, loss_valid: 0.0519433022
epoch: 2060, loss_train: 0.0015515598, loss_valid: 0.0523131453
epoch: 2080, loss_train: 0.0015354254, loss_valid: 0.0522815734
epoch: 2100, loss_train: 0.0015103085, loss_valid: 0.0518604144
epoch: 2120, loss_train: 0.0014888038, loss_valid: 0.0525958873
epoch: 2140, loss_train: 0.0014864134, loss_valid: 0.0522790030
epoch: 2160, loss_train: 0.0014735801, loss_valid: 0.0526214577
epoch: 2180, loss_train: 0.0014525729, loss_valid: 0.0523359478
epoch: 2200, loss_train: 0.0014519345, loss_valid: 0.0521370284
epoch: 2220, loss_train: 0.0014474469, loss_valid: 0.0522177741
epoch: 2240, loss_train: 0.0014051185, loss_valid: 0.0524784401
epoch: 2260, loss_train: 0.0014433180, loss_valid: 0.0522498824
epoch: 2280, loss_train: 0.0013798816, loss_valid: 0.0526761599
epoch: 2300, loss_train: 0.0013746085, loss_valid: 0.0523049757
epoch: 2320, loss_train: 0.0013694140, loss_valid: 0.0528029650
epoch: 2340, loss_train: 0.0013316862, loss_valid: 0.0520800389
epoch: 2360, loss_train: 0.0013489863, loss_valid: 0.0523688234
epoch: 2380, loss_train: 0.0013399208, loss_valid: 0.0524248220
epoch: 2400, loss_train: 0.0013026302, loss_valid: 0.0528877638
epoch: 2420, loss_train: 0.0013060034, loss_valid: 0.0527558587
epoch: 2440, loss_train: 0.0012976001, loss_valid: 0.0516907871
epoch: 2460, loss_train: 0.0012651291, loss_valid: 0.0521388203
epoch: 2480, loss_train: 0.0012766684, loss_valid: 0.0520493537
epoch: 2500, loss_train: 0.0012667309, loss_valid: 0.0521798767
epoch: 2520, loss_train: 0.0012517864, loss_valid: 0.0521709137
epoch: 2540, loss_train: 0.0012142027, loss_valid: 0.0524906181
epoch: 2560, loss_train: 0.0012179789, loss_valid: 0.0518305749
epoch: 2580, loss_train: 0.0011946695, loss_valid: 0.0526611395
epoch: 2600, loss_train: 0.0011995578, loss_valid: 0.0523256622
epoch: 2620, loss_train: 0.0011886297, loss_valid: 0.0514639728
epoch: 2640, loss_train: 0.0011766697, loss_valid: 0.0523390658
epoch: 2660, loss_train: 0.0011783618, loss_valid: 0.0519111380
epoch: 2680, loss_train: 0.0011495708, loss_valid: 0.0522415563
epoch: 2700, loss_train: 0.0011484424, loss_valid: 0.0522096716
epoch: 2720, loss_train: 0.0011387600, loss_valid: 0.0522458740
epoch: 2740, loss_train: 0.0011340400, loss_valid: 0.0521507561
epoch: 2760, loss_train: 0.0011013832, loss_valid: 0.0523760282
epoch: 2780, loss_train: 0.0010903644, loss_valid: 0.0523928292
epoch: 2800, loss_train: 0.0011045909, loss_valid: 0.0523119271
epoch: 2820, loss_train: 0.0011229884, loss_valid: 0.0520930104
epoch: 2840, loss_train: 0.0010908961, loss_valid: 0.0520893037
epoch: 2860, loss_train: 0.0010645372, loss_valid: 0.0519794188
epoch: 2880, loss_train: 0.0010886717, loss_valid: 0.0514999740
epoch: 2900, loss_train: 0.0010691686, loss_valid: 0.0521149449
epoch: 2920, loss_train: 0.0010578936, loss_valid: 0.0523497947
epoch: 2940, loss_train: 0.0010248444, loss_valid: 0.0522707961
epoch: 2960, loss_train: 0.0010583790, loss_valid: 0.0523202419
epoch: 2980, loss_train: 0.0010416246, loss_valid: 0.0520106629
epoch: 3000, loss_train: 0.0010314139, loss_valid: 0.0516026467
epoch: 3020, loss_train: 0.0010355425, loss_valid: 0.0514414981
epoch: 3040, loss_train: 0.0010175304, loss_valid: 0.0520277284
epoch: 3060, loss_train: 0.0010100543, loss_valid: 0.0522292592
epoch: 3080, loss_train: 0.0010120897, loss_valid: 0.0521764494
epoch: 3100, loss_train: 0.0009982402, loss_valid: 0.0517458767
epoch: 3120, loss_train: 0.0009904462, loss_valid: 0.0516471602
epoch: 3140, loss_train: 0.0009946960, loss_valid: 0.0514985546
epoch: 3160, loss_train: 0.0009786126, loss_valid: 0.0520172529
epoch: 3180, loss_train: 0.0009729050, loss_valid: 0.0516748503
epoch: 3200, loss_train: 0.0009433270, loss_valid: 0.0520668849
epoch: 3220, loss_train: 0.0009538943, loss_valid: 0.0517707914
epoch: 3240, loss_train: 0.0009344852, loss_valid: 0.0518225878
epoch: 3260, loss_train: 0.0009187778, loss_valid: 0.0520814545
epoch: 3280, loss_train: 0.0009470272, loss_valid: 0.0522613563
epoch: 3300, loss_train: 0.0009301963, loss_valid: 0.0521057397
epoch: 3320, loss_train: 0.0009070670, loss_valid: 0.0518197268
epoch: 3340, loss_train: 0.0009506374, loss_valid: 0.0521262772
epoch: 3360, loss_train: 0.0009231369, loss_valid: 0.0521037653
epoch: 3380, loss_train: 0.0009034983, loss_valid: 0.0519755669
epoch: 3400, loss_train: 0.0009166204, loss_valid: 0.0519168749
epoch: 3420, loss_train: 0.0009248236, loss_valid: 0.0515361354
epoch: 3440, loss_train: 0.0009048074, loss_valid: 0.0518379323
epoch: 3460, loss_train: 0.0008920325, loss_valid: 0.0515660718
epoch: 3480, loss_train: 0.0008974357, loss_valid: 0.0517322607
epoch: 3500, loss_train: 0.0008843237, loss_valid: 0.0517253950
epoch: 3520, loss_train: 0.0008661589, loss_valid: 0.0518762767
epoch: 3540, loss_train: 0.0008764746, loss_valid: 0.0521785319
epoch: 3560, loss_train: 0.0008731231, loss_valid: 0.0517929904
epoch: 3580, loss_train: 0.0008656258, loss_valid: 0.0513771176
epoch: 3600, loss_train: 0.0009054336, loss_valid: 0.0518478490
epoch: 3620, loss_train: 0.0008447721, loss_valid: 0.0515755452
epoch: 3640, loss_train: 0.0008638303, loss_valid: 0.0519567132
epoch: 3660, loss_train: 0.0008196872, loss_valid: 0.0517599359
epoch: 3680, loss_train: 0.0008353285, loss_valid: 0.0515280813
epoch: 3700, loss_train: 0.0008267973, loss_valid: 0.0517600067
epoch: 3720, loss_train: 0.0008281840, loss_valid: 0.0519659966
epoch: 3740, loss_train: 0.0008201025, loss_valid: 0.0518299155
epoch: 3760, loss_train: 0.0008465648, loss_valid: 0.0515011102
epoch: 3780, loss_train: 0.0008240886, loss_valid: 0.0514643937
epoch: 3800, loss_train: 0.0008188932, loss_valid: 0.0515825525
epoch: 3820, loss_train: 0.0008320474, loss_valid: 0.0509802029
epoch: 3840, loss_train: 0.0008201081, loss_valid: 0.0511518121
epoch: 3860, loss_train: 0.0008050625, loss_valid: 0.0512996577
epoch: 3880, loss_train: 0.0008073054, loss_valid: 0.0513960458
epoch: 3900, loss_train: 0.0008237167, loss_valid: 0.0514563359
epoch: 3920, loss_train: 0.0008058980, loss_valid: 0.0516292490
epoch: 3940, loss_train: 0.0007907785, loss_valid: 0.0513721034
epoch: 3960, loss_train: 0.0007692374, loss_valid: 0.0512938984
epoch: 3980, loss_train: 0.0008020305, loss_valid: 0.0512308516
epoch: 4000, loss_train: 0.0008086987, loss_valid: 0.0515176505
epoch: 4020, loss_train: 0.0008146141, loss_valid: 0.0512962192
epoch: 4040, loss_train: 0.0007825759, loss_valid: 0.0514704958
epoch: 4060, loss_train: 0.0007572534, loss_valid: 0.0517886728
epoch: 4080, loss_train: 0.0007779667, loss_valid: 0.0516829267
epoch: 4100, loss_train: 0.0007726473, loss_valid: 0.0514789484
epoch: 4120, loss_train: 0.0007697122, loss_valid: 0.0514688604
epoch: 4140, loss_train: 0.0007729490, loss_valid: 0.0521319807
epoch: 4160, loss_train: 0.0007877839, loss_valid: 0.0515745580
epoch: 4180, loss_train: 0.0007632201, loss_valid: 0.0514772460
epoch: 4200, loss_train: 0.0007418616, loss_valid: 0.0515416153
epoch: 4220, loss_train: 0.0007513015, loss_valid: 0.0515897535
epoch: 4240, loss_train: 0.0007359297, loss_valid: 0.0515405536
epoch: 4260, loss_train: 0.0007565723, loss_valid: 0.0512364842
epoch: 4280, loss_train: 0.0007412815, loss_valid: 0.0517712198
epoch: 4300, loss_train: 0.0007365028, loss_valid: 0.0516864136
epoch: 4320, loss_train: 0.0007555824, loss_valid: 0.0509973541
epoch: 4340, loss_train: 0.0007226769, loss_valid: 0.0516722724
epoch: 4360, loss_train: 0.0007458229, loss_valid: 0.0517049357
epoch: 4380, loss_train: 0.0007352501, loss_valid: 0.0513482913
epoch: 4400, loss_train: 0.0007130627, loss_valid: 0.0515525453
epoch: 4420, loss_train: 0.0007303794, loss_valid: 0.0514893159
epoch: 4440, loss_train: 0.0007143935, loss_valid: 0.0515436940
epoch: 4460, loss_train: 0.0007007897, loss_valid: 0.0514551960
epoch: 4480, loss_train: 0.0007120621, loss_valid: 0.0514376909
epoch: 4500, loss_train: 0.0007466789, loss_valid: 0.0515536927
epoch: 4520, loss_train: 0.0007283794, loss_valid: 0.0518677793
epoch: 4540, loss_train: 0.0007070355, loss_valid: 0.0513954014
epoch: 4560, loss_train: 0.0007032867, loss_valid: 0.0515120290
epoch: 4580, loss_train: 0.0007083000, loss_valid: 0.0512260683
epoch: 4600, loss_train: 0.0006940025, loss_valid: 0.0516836718
epoch: 4620, loss_train: 0.0007126598, loss_valid: 0.0512513556
epoch: 4640, loss_train: 0.0007134136, loss_valid: 0.0512501746
epoch: 4660, loss_train: 0.0006953478, loss_valid: 0.0517192036
epoch: 4680, loss_train: 0.0007286174, loss_valid: 0.0511999875
epoch: 4700, loss_train: 0.0006873884, loss_valid: 0.0514820293
epoch: 4720, loss_train: 0.0007211549, loss_valid: 0.0514876954
epoch: 4740, loss_train: 0.0006805539, loss_valid: 0.0515436381
epoch: 4760, loss_train: 0.0006719177, loss_valid: 0.0516122468
epoch: 4780, loss_train: 0.0006789797, loss_valid: 0.0516974665
epoch: 4800, loss_train: 0.0006623825, loss_valid: 0.0512914099
epoch: 4820, loss_train: 0.0006753182, loss_valid: 0.0511687361
epoch: 4840, loss_train: 0.0006956449, loss_valid: 0.0511097349
epoch: 4860, loss_train: 0.0006610369, loss_valid: 0.0517246127
epoch: 4880, loss_train: 0.0006663083, loss_valid: 0.0513808765
epoch: 4900, loss_train: 0.0006711837, loss_valid: 0.0509669445
epoch: 4920, loss_train: 0.0006805143, loss_valid: 0.0511885881
epoch: 4940, loss_train: 0.0006658075, loss_valid: 0.0512191616
epoch: 4960, loss_train: 0.0006566001, loss_valid: 0.0510795303
epoch: 4980, loss_train: 0.0006575945, loss_valid: 0.0514482185
epoch: 5000, loss_train: 0.0006400772, loss_valid: 0.0512069501
epoch: 5020, loss_train: 0.0006422049, loss_valid: 0.0511820726
epoch: 5040, loss_train: 0.0006586352, loss_valid: 0.0511043966
epoch: 5060, loss_train: 0.0006480666, loss_valid: 0.0514091328
epoch: 5080, loss_train: 0.0006517113, loss_valid: 0.0514815748
epoch: 5100, loss_train: 0.0006531986, loss_valid: 0.0511361845
epoch: 5120, loss_train: 0.0006263191, loss_valid: 0.0513631627
epoch: 5140, loss_train: 0.0006353871, loss_valid: 0.0515609607
epoch: 5160, loss_train: 0.0006431601, loss_valid: 0.0511237644
epoch: 5180, loss_train: 0.0006312065, loss_valid: 0.0512533002
epoch: 5200, loss_train: 0.0006383067, loss_valid: 0.0512726009
epoch: 5220, loss_train: 0.0006300571, loss_valid: 0.0510994792
epoch: 5240, loss_train: 0.0006265875, loss_valid: 0.0510963537
epoch: 5260, loss_train: 0.0006202028, loss_valid: 0.0512856022
epoch: 5280, loss_train: 0.0006040693, loss_valid: 0.0510535762
epoch: 5300, loss_train: 0.0006393446, loss_valid: 0.0516064465
epoch: 5320, loss_train: 0.0006117847, loss_valid: 0.0514148138
epoch: 5340, loss_train: 0.0006288233, loss_valid: 0.0510232411
epoch: 5360, loss_train: 0.0006255194, loss_valid: 0.0512518734
epoch: 5380, loss_train: 0.0005933347, loss_valid: 0.0510343947
epoch: 5400, loss_train: 0.0006147383, loss_valid: 0.0512743331
epoch: 5420, loss_train: 0.0005982713, loss_valid: 0.0511189848
epoch: 5440, loss_train: 0.0006273127, loss_valid: 0.0509918332
epoch: 5460, loss_train: 0.0006030888, loss_valid: 0.0514540076
epoch: 5480, loss_train: 0.0005890506, loss_valid: 0.0508031957
epoch: 5500, loss_train: 0.0006167152, loss_valid: 0.0511562042
epoch: 5520, loss_train: 0.0006301611, loss_valid: 0.0513886623
epoch: 5540, loss_train: 0.0006010726, loss_valid: 0.0510612614
epoch: 5560, loss_train: 0.0005959307, loss_valid: 0.0513409227
epoch: 5580, loss_train: 0.0005778631, loss_valid: 0.0510452166
epoch: 5600, loss_train: 0.0005936759, loss_valid: 0.0508714020
epoch: 5620, loss_train: 0.0006057244, loss_valid: 0.0513176918
epoch: 5640, loss_train: 0.0005998703, loss_valid: 0.0513602197
epoch: 5660, loss_train: 0.0005842061, loss_valid: 0.0513488613
epoch: 5680, loss_train: 0.0006048925, loss_valid: 0.0512153246
epoch: 5700, loss_train: 0.0006014662, loss_valid: 0.0513330922
epoch: 5720, loss_train: 0.0005889279, loss_valid: 0.0513623431
epoch: 5740, loss_train: 0.0005845447, loss_valid: 0.0509798154
epoch: 5760, loss_train: 0.0005837834, loss_valid: 0.0509959497
epoch: 5780, loss_train: 0.0005765678, loss_valid: 0.0510766767
epoch: 5800, loss_train: 0.0005782099, loss_valid: 0.0508135445
epoch: 5820, loss_train: 0.0005855151, loss_valid: 0.0515711829
epoch: 5840, loss_train: 0.0005892417, loss_valid: 0.0511960089
epoch: 5860, loss_train: 0.0005930989, loss_valid: 0.0512006022
epoch: 5880, loss_train: 0.0005707245, loss_valid: 0.0509692915
epoch: 5900, loss_train: 0.0006030305, loss_valid: 0.0511688665
epoch: 5920, loss_train: 0.0005882792, loss_valid: 0.0509826168
epoch: 5940, loss_train: 0.0005655272, loss_valid: 0.0515181161
epoch: 5960, loss_train: 0.0005810283, loss_valid: 0.0509781353
epoch: 5980, loss_train: 0.0005821473, loss_valid: 0.0507903323
epoch: 6000, loss_train: 0.0005592740, loss_valid: 0.0513072982
epoch: 6020, loss_train: 0.0005560599, loss_valid: 0.0512897894
epoch: 6040, loss_train: 0.0005494502, loss_valid: 0.0513738915
epoch: 6060, loss_train: 0.0005591048, loss_valid: 0.0511816964
epoch: 6080, loss_train: 0.0005682022, loss_valid: 0.0510437414
epoch: 6100, loss_train: 0.0005510070, loss_valid: 0.0510812178
epoch: 6120, loss_train: 0.0005890242, loss_valid: 0.0509676300
epoch: 6140, loss_train: 0.0005612933, loss_valid: 0.0510283038
epoch: 6160, loss_train: 0.0005404591, loss_valid: 0.0513383970
epoch: 6180, loss_train: 0.0005547836, loss_valid: 0.0506657586
epoch: 6200, loss_train: 0.0005558854, loss_valid: 0.0510326028
epoch: 6220, loss_train: 0.0005455225, loss_valid: 0.0510453284
epoch: 6240, loss_train: 0.0005428889, loss_valid: 0.0505326577
epoch: 6260, loss_train: 0.0005643011, loss_valid: 0.0508538447
epoch: 6280, loss_train: 0.0005558511, loss_valid: 0.0506398045
epoch: 6300, loss_train: 0.0005658285, loss_valid: 0.0504507683
epoch: 6320, loss_train: 0.0005502113, loss_valid: 0.0508378856
epoch: 6340, loss_train: 0.0005393645, loss_valid: 0.0510784350
epoch: 6360, loss_train: 0.0005490565, loss_valid: 0.0509518906
epoch: 6380, loss_train: 0.0005521777, loss_valid: 0.0509161949
epoch: 6400, loss_train: 0.0005308812, loss_valid: 0.0506778136
epoch: 6420, loss_train: 0.0005467326, loss_valid: 0.0507468916
epoch: 6440, loss_train: 0.0005374922, loss_valid: 0.0505616628
epoch: 6460, loss_train: 0.0005462047, loss_valid: 0.0506553166
epoch: 6480, loss_train: 0.0005258180, loss_valid: 0.0504512452
epoch: 6500, loss_train: 0.0005262124, loss_valid: 0.0503678247
epoch: 6520, loss_train: 0.0005445034, loss_valid: 0.0505007431
epoch: 6540, loss_train: 0.0005454103, loss_valid: 0.0506453328
epoch: 6560, loss_train: 0.0005434193, loss_valid: 0.0509249717
epoch: 6580, loss_train: 0.0005419143, loss_valid: 0.0506148599
epoch: 6600, loss_train: 0.0005339231, loss_valid: 0.0508263558
epoch: 6620, loss_train: 0.0005458911, loss_valid: 0.0509375073
epoch: 6640, loss_train: 0.0005413151, loss_valid: 0.0506778881
epoch: 6660, loss_train: 0.0005389028, loss_valid: 0.0507083386
epoch: 6680, loss_train: 0.0005473444, loss_valid: 0.0505430214
epoch: 6700, loss_train: 0.0005770420, loss_valid: 0.0512318201
epoch: 6720, loss_train: 0.0005255675, loss_valid: 0.0506796688
epoch: 6740, loss_train: 0.0005285682, loss_valid: 0.0502179377
epoch: 6760, loss_train: 0.0005300012, loss_valid: 0.0507367626
epoch: 6780, loss_train: 0.0005227698, loss_valid: 0.0501911752
epoch: 6800, loss_train: 0.0005264208, loss_valid: 0.0504417904
epoch: 6820, loss_train: 0.0005229985, loss_valid: 0.0502793491
epoch: 6840, loss_train: 0.0005086435, loss_valid: 0.0505270064
epoch: 6860, loss_train: 0.0005337652, loss_valid: 0.0503366590
epoch: 6880, loss_train: 0.0005405874, loss_valid: 0.0504785627
epoch: 6900, loss_train: 0.0005259893, loss_valid: 0.0503750071
epoch: 6920, loss_train: 0.0005209029, loss_valid: 0.0503130630
epoch: 6940, loss_train: 0.0005157543, loss_valid: 0.0506851673
epoch: 6960, loss_train: 0.0005127921, loss_valid: 0.0499939397
epoch: 6980, loss_train: 0.0005407688, loss_valid: 0.0499552861
epoch: 7000, loss_train: 0.0005275838, loss_valid: 0.0504173823
epoch: 7020, loss_train: 0.0005172171, loss_valid: 0.0500689819
epoch: 7040, loss_train: 0.0005270449, loss_valid: 0.0502432436
epoch: 7060, loss_train: 0.0005141771, loss_valid: 0.0502745435
epoch: 7080, loss_train: 0.0005460804, loss_valid: 0.0505045243
epoch: 7100, loss_train: 0.0005150753, loss_valid: 0.0502834246
epoch: 7120, loss_train: 0.0004965405, loss_valid: 0.0503865331
epoch: 7140, loss_train: 0.0005046094, loss_valid: 0.0501817837
epoch: 7160, loss_train: 0.0005121258, loss_valid: 0.0505268760
epoch: 7180, loss_train: 0.0005328389, loss_valid: 0.0501287207
epoch: 7200, loss_train: 0.0005264414, loss_valid: 0.0504456721
epoch: 7220, loss_train: 0.0005260014, loss_valid: 0.0501713753
epoch: 7240, loss_train: 0.0005266662, loss_valid: 0.0503600836
epoch: 7260, loss_train: 0.0005198196, loss_valid: 0.0500965044
epoch: 7280, loss_train: 0.0005227379, loss_valid: 0.0504591055
epoch: 7300, loss_train: 0.0004947006, loss_valid: 0.0502238646
epoch: 7320, loss_train: 0.0005040185, loss_valid: 0.0506807305
epoch: 7340, loss_train: 0.0005182892, loss_valid: 0.0504510254
epoch: 7360, loss_train: 0.0005370968, loss_valid: 0.0506045967
epoch: 7380, loss_train: 0.0004971580, loss_valid: 0.0501452200
epoch: 7400, loss_train: 0.0005211408, loss_valid: 0.0500479005
epoch: 7420, loss_train: 0.0004980974, loss_valid: 0.0499809422
epoch: 7440, loss_train: 0.0005198516, loss_valid: 0.0501112267
epoch: 7460, loss_train: 0.0005006132, loss_valid: 0.0501315147
epoch: 7480, loss_train: 0.0005145607, loss_valid: 0.0501653440
epoch: 7500, loss_train: 0.0005164224, loss_valid: 0.0499890745
epoch: 7520, loss_train: 0.0005202920, loss_valid: 0.0502732880
epoch: 7540, loss_train: 0.0005237651, loss_valid: 0.0499819554
epoch: 7560, loss_train: 0.0005046719, loss_valid: 0.0498470962
epoch: 7580, loss_train: 0.0005051678, loss_valid: 0.0500293709
epoch: 7600, loss_train: 0.0005049229, loss_valid: 0.0498557724
epoch: 7620, loss_train: 0.0005025765, loss_valid: 0.0504444689
epoch: 7640, loss_train: 0.0005109705, loss_valid: 0.0501005091
epoch: 7660, loss_train: 0.0005114932, loss_valid: 0.0502499416
epoch: 7680, loss_train: 0.0004807072, loss_valid: 0.0500279628
epoch: 7700, loss_train: 0.0004967072, loss_valid: 0.0501745641
epoch: 7720, loss_train: 0.0005094133, loss_valid: 0.0499502234
epoch: 7740, loss_train: 0.0005217240, loss_valid: 0.0501974821
epoch: 7760, loss_train: 0.0005280324, loss_valid: 0.0499172471
epoch: 7780, loss_train: 0.0004897480, loss_valid: 0.0498002842
epoch: 7800, loss_train: 0.0004810176, loss_valid: 0.0502615049
epoch: 7820, loss_train: 0.0005097894, loss_valid: 0.0500610769
epoch: 7840, loss_train: 0.0004909880, loss_valid: 0.0500441566
epoch: 7860, loss_train: 0.0004784720, loss_valid: 0.0502227768
epoch: 7880, loss_train: 0.0005190767, loss_valid: 0.0500526354
epoch: 7900, loss_train: 0.0005209664, loss_valid: 0.0496288054
epoch: 7920, loss_train: 0.0004919277, loss_valid: 0.0501138866
epoch: 7940, loss_train: 0.0004952546, loss_valid: 0.0499632433
epoch: 7960, loss_train: 0.0004877574, loss_valid: 0.0499366447
epoch: 7980, loss_train: 0.0004950179, loss_valid: 0.0498535000
epoch: 8000, loss_train: 0.0004647714, loss_valid: 0.0499835834
epoch: 8020, loss_train: 0.0005071084, loss_valid: 0.0503864847
epoch: 8040, loss_train: 0.0004923592, loss_valid: 0.0499228872
epoch: 8060, loss_train: 0.0005052470, loss_valid: 0.0501298495
epoch: 8080, loss_train: 0.0004964187, loss_valid: 0.0498054437
epoch: 8100, loss_train: 0.0004992234, loss_valid: 0.0502263680
epoch: 8120, loss_train: 0.0004917211, loss_valid: 0.0499042273
epoch: 8140, loss_train: 0.0004749675, loss_valid: 0.0502104200
epoch: 8160, loss_train: 0.0005166305, loss_valid: 0.0495977439
epoch: 8180, loss_train: 0.0004846263, loss_valid: 0.0498187169
epoch: 8200, loss_train: 0.0004645705, loss_valid: 0.0495643504
epoch: 8220, loss_train: 0.0004902053, loss_valid: 0.0499095321
epoch: 8240, loss_train: 0.0004969939, loss_valid: 0.0499438308
epoch: 8260, loss_train: 0.0004895611, loss_valid: 0.0498595946
epoch: 8280, loss_train: 0.0004690398, loss_valid: 0.0496277511
epoch: 8300, loss_train: 0.0004827410, loss_valid: 0.0500584394
epoch: 8320, loss_train: 0.0004838179, loss_valid: 0.0496509373
epoch: 8340, loss_train: 0.0004862724, loss_valid: 0.0496406481
epoch: 8360, loss_train: 0.0004899093, loss_valid: 0.0500697568
epoch: 8380, loss_train: 0.0004670630, loss_valid: 0.0493533053
epoch: 8400, loss_train: 0.0004650050, loss_valid: 0.0498334281
epoch: 8420, loss_train: 0.0004818528, loss_valid: 0.0495519191
epoch: 8440, loss_train: 0.0004850472, loss_valid: 0.0498085134
epoch: 8460, loss_train: 0.0004929650, loss_valid: 0.0497590713
epoch: 8480, loss_train: 0.0005035224, loss_valid: 0.0495774485
epoch: 8500, loss_train: 0.0004824962, loss_valid: 0.0495238006
epoch: 8520, loss_train: 0.0004994091, loss_valid: 0.0498500168
epoch: 8540, loss_train: 0.0004679825, loss_valid: 0.0494362824
epoch: 8560, loss_train: 0.0004825460, loss_valid: 0.0495255999
epoch: 8580, loss_train: 0.0004667586, loss_valid: 0.0496925116
epoch: 8600, loss_train: 0.0036715274, loss_valid: 0.0492650792
epoch: 8620, loss_train: 0.0014123647, loss_valid: 0.0467642136
epoch: 8640, loss_train: 0.0008916690, loss_valid: 0.0479116291
epoch: 8660, loss_train: 0.0007471457, loss_valid: 0.0479084775
epoch: 8680, loss_train: 0.0007019608, loss_valid: 0.0480113477
epoch: 8700, loss_train: 0.0006591212, loss_valid: 0.0486480221
epoch: 8720, loss_train: 0.0006364757, loss_valid: 0.0483301915
epoch: 8740, loss_train: 0.0005946468, loss_valid: 0.0483178459
epoch: 8760, loss_train: 0.0005975783, loss_valid: 0.0483032800
epoch: 8780, loss_train: 0.0005836811, loss_valid: 0.0484493077
epoch: 8800, loss_train: 0.0005771725, loss_valid: 0.0484312102
epoch: 8820, loss_train: 0.0005779015, loss_valid: 0.0482593887
epoch: 8840, loss_train: 0.0005842733, loss_valid: 0.0484039709
epoch: 8860, loss_train: 0.0005718869, loss_valid: 0.0482456908
epoch: 8880, loss_train: 0.0005651523, loss_valid: 0.0484773293
epoch: 8900, loss_train: 0.0005585917, loss_valid: 0.0487328768
epoch: 8920, loss_train: 0.0005624638, loss_valid: 0.0487733483
epoch: 8940, loss_train: 0.0005446001, loss_valid: 0.0486149825
epoch: 8960, loss_train: 0.0005383265, loss_valid: 0.0485059880
epoch: 8980, loss_train: 0.0005420212, loss_valid: 0.0486754328
epoch: 9000, loss_train: 0.0005387857, loss_valid: 0.0486386232
epoch: 9020, loss_train: 0.0005665817, loss_valid: 0.0485126972
epoch: 9040, loss_train: 0.0005450475, loss_valid: 0.0483722612
epoch: 9060, loss_train: 0.0005350092, loss_valid: 0.0482640080
epoch: 9080, loss_train: 0.0005294476, loss_valid: 0.0484676547
epoch: 9100, loss_train: 0.0005146700, loss_valid: 0.0488904193
epoch: 9120, loss_train: 0.0005209352, loss_valid: 0.0484817699
epoch: 9140, loss_train: 0.0005191535, loss_valid: 0.0486988910
epoch: 9160, loss_train: 0.0005506668, loss_valid: 0.0487240627
epoch: 9180, loss_train: 0.0005231412, loss_valid: 0.0487467051
epoch: 9200, loss_train: 0.0004950164, loss_valid: 0.0485243462
epoch: 9220, loss_train: 0.0005256092, loss_valid: 0.0483196825
epoch: 9240, loss_train: 0.0005147277, loss_valid: 0.0489227325
epoch: 9260, loss_train: 0.0005197027, loss_valid: 0.0486313738
epoch: 9280, loss_train: 0.0004977817, loss_valid: 0.0487001799
epoch: 9300, loss_train: 0.0004950807, loss_valid: 0.0487739146
epoch: 9320, loss_train: 0.0004973147, loss_valid: 0.0487240031
epoch: 9340, loss_train: 0.0004861189, loss_valid: 0.0486686081
epoch: 9360, loss_train: 0.0005231380, loss_valid: 0.0486885533
epoch: 9380, loss_train: 0.0005086497, loss_valid: 0.0487397239
epoch: 9400, loss_train: 0.0005196713, loss_valid: 0.0487126708
epoch: 9420, loss_train: 0.0005061248, loss_valid: 0.0487164631
epoch: 9440, loss_train: 0.0004945272, loss_valid: 0.0490921363
epoch: 9460, loss_train: 0.0004878617, loss_valid: 0.0490587093
epoch: 9480, loss_train: 0.0004816294, loss_valid: 0.0488208570
epoch: 9500, loss_train: 0.0004967505, loss_valid: 0.0488805100
epoch: 9520, loss_train: 0.0004998434, loss_valid: 0.0488973893
epoch: 9540, loss_train: 0.0004885783, loss_valid: 0.0488263778
epoch: 9560, loss_train: 0.0005032026, loss_valid: 0.0487107523
epoch: 9580, loss_train: 0.0004824232, loss_valid: 0.0488849841
epoch: 9600, loss_train: 0.0005044805, loss_valid: 0.0487899892
epoch: 9620, loss_train: 0.0004884377, loss_valid: 0.0488217250
epoch: 9640, loss_train: 0.0005054371, loss_valid: 0.0489738360
epoch: 9660, loss_train: 0.0004880465, loss_valid: 0.0489941165
epoch: 9680, loss_train: 0.0004694431, loss_valid: 0.0490336269
epoch: 9700, loss_train: 0.0004914638, loss_valid: 0.0492100343
epoch: 9720, loss_train: 0.0004912188, loss_valid: 0.0487989448
epoch: 9740, loss_train: 0.0004755211, loss_valid: 0.0487096421
epoch: 9760, loss_train: 0.0004885505, loss_valid: 0.0490179770
epoch: 9780, loss_train: 0.0004756699, loss_valid: 0.0490028560
epoch: 9800, loss_train: 0.0004772843, loss_valid: 0.0494046770
epoch: 9820, loss_train: 0.0004818319, loss_valid: 0.0489920899
epoch: 9840, loss_train: 0.0004874420, loss_valid: 0.0488493890
epoch: 9860, loss_train: 0.0004635655, loss_valid: 0.0492338091
epoch: 9880, loss_train: 0.0004745873, loss_valid: 0.0492025875
epoch: 9900, loss_train: 0.0004887661, loss_valid: 0.0488454327
epoch: 9920, loss_train: 0.0004992171, loss_valid: 0.0488797724
epoch: 9940, loss_train: 0.0004700586, loss_valid: 0.0488374494
epoch: 9960, loss_train: 0.0004643273, loss_valid: 0.0491681099
epoch: 9980, loss_train: 0.0004643629, loss_valid: 0.0490498319
Train the model: done, 782.6063685417175 seconds
Save trained model: done
