/cluster/home/xudjian/ModalGNN_Time_Domain/data/dataset_loader.py:190: UserWarning: Creating a tensor from a list of numpy.ndarrays is extremely slow. Please consider converting the list to a single numpy.ndarray with numpy.array() before converting to a tensor. (Triggered internally at ../torch/csrc/utils/tensor_new.cpp:261.)
  self.freqs = torch.tensor(self.freqs, dtype = torch.float).to(self.device)
wandb: Using wandb-core as the SDK backend. Please refer to https://wandb.me/wandb-core for more information.
wandb: Currently logged in as: jxd-engineer. Use `wandb login --relogin` to force relogin
wandb: Tracking run with wandb version 0.18.1
wandb: Run data is saved locally in /cluster/home/xudjian/ModalGNN_Time_Domain/wandb/run-20241030_094839-eu1u18fc
wandb: Run `wandb offline` to turn off syncing.
wandb: Syncing run occult-tombstone-136
wandb: ⭐️ View project at https://wandb.ai/jxd-engineer/ModalGNN_TimeDomain
wandb: 🚀 View run at https://wandb.ai/jxd-engineer/ModalGNN_TimeDomain/runs/eu1u18fc
wandb: - 0.020 MB of 0.020 MB uploadedwandb: \ 0.020 MB of 0.020 MB uploadedwandb: | 0.021 MB of 0.021 MB uploadedwandb:                                                                                
wandb: 
wandb: Run history:
wandb: loss1_valid █▅▃▄▃▆▆▇▇▇▇▇▆▇▆▅▂▂▂▂▂▂▂▂▂▂▁▁▁▁▁▁▁▁▁▁▁▁▁▁
wandb: loss2_valid █▆▄▆▅▅▄▄▄▃▃▃▃▂▂▁▁▁▁▁▁▁▁▁▁▁▁▁▁▁▁▁▁▁▁▁▁▁▁▁
wandb: loss3_valid ▅▁▁▁▁▁▁▁▁▂▃▄▄▅▅▅▅▅▅▆▆▆▇▆▆▇▇▇▇▇█▇▇▇▇▇██▇█
wandb:  loss_train ██▅▃▃▂▂▂▂▂▂▁▁▁▁▁▁▁▁▁▁▁▁▁▁▁▁▁▁▁▁▁▁▁▁▁▁▁▁▁
wandb:  loss_valid ▅▅▆▄▄▄▄▅█████▇▅▄▄▂▂▂▂▂▁▁▁▁▁▁▁▁▁▁▁▁▁▁▁▁▁▁
wandb: 
wandb: Run summary:
wandb: loss1_valid 0.07509
wandb: loss2_valid 0.00038
wandb: loss3_valid 0.00926
wandb:  loss_train 0.0006
wandb:  loss_valid 0.08473
wandb: 
wandb: 🚀 View run occult-tombstone-136 at: https://wandb.ai/jxd-engineer/ModalGNN_TimeDomain/runs/eu1u18fc
wandb: ⭐️ View project at: https://wandb.ai/jxd-engineer/ModalGNN_TimeDomain
wandb: Synced 5 W&B file(s), 0 media file(s), 2 artifact file(s) and 0 other file(s)
wandb: Find logs at: ./wandb/run-20241030_094839-eu1u18fc/logs
Training device: cuda:0
Create model: done
graph_id = 0
graph_id = 1
graph_id = 2
graph_id = 3
graph_id = 4
graph_id = 5
graph_id = 6
graph_id = 7
graph_id = 8
graph_id = 9
graph_id = 10
graph_id = 11
graph_id = 12
graph_id = 13
graph_id = 14
graph_id = 15
graph_id = 16
graph_id = 17
graph_id = 18
graph_id = 19
graph_id = 20
graph_id = 21
graph_id = 22
graph_id = 23
graph_id = 24
graph_id = 25
graph_id = 26
graph_id = 27
graph_id = 28
graph_id = 29
graph_id = 30
graph_id = 31
Create training dataset: done
graph_id = 32
graph_id = 33
graph_id = 34
graph_id = 35
graph_id = 36
graph_id = 37
graph_id = 38
graph_id = 39
Create validation dataset: done
epoch: 0, loss_train: 0.7123950720, loss_valid: 0.8319445252
epoch: 20, loss_train: 0.0649394095, loss_valid: 0.4000678658
epoch: 40, loss_train: 0.0469618663, loss_valid: 0.2807693779
epoch: 60, loss_train: 0.0431108028, loss_valid: 0.2327824384
epoch: 80, loss_train: 0.0401123017, loss_valid: 0.2235947698
epoch: 100, loss_train: 0.0373601876, loss_valid: 0.2046423256
epoch: 120, loss_train: 0.0356731676, loss_valid: 0.2835663259
epoch: 140, loss_train: 0.0333966129, loss_valid: 0.3212061226
epoch: 160, loss_train: 0.0315017514, loss_valid: 0.2947626114
epoch: 180, loss_train: 0.0300651714, loss_valid: 0.2317626625
epoch: 200, loss_train: 0.0290894397, loss_valid: 0.2259511203
epoch: 220, loss_train: 0.0275635142, loss_valid: 0.1996323019
epoch: 240, loss_train: 0.0262973756, loss_valid: 0.2127310336
epoch: 260, loss_train: 0.0247469787, loss_valid: 0.1866350323
epoch: 280, loss_train: 0.0227383729, loss_valid: 0.1929750890
epoch: 300, loss_train: 0.0209587049, loss_valid: 0.1912315339
epoch: 320, loss_train: 0.0198446698, loss_valid: 0.1839208752
epoch: 340, loss_train: 0.0184680074, loss_valid: 0.1699728370
epoch: 360, loss_train: 0.0172282979, loss_valid: 0.2071404159
epoch: 380, loss_train: 0.0161948316, loss_valid: 0.1756778061
epoch: 400, loss_train: 0.0150551638, loss_valid: 0.1771254241
epoch: 420, loss_train: 0.0143350363, loss_valid: 0.1860039532
epoch: 440, loss_train: 0.0134165855, loss_valid: 0.1754962504
epoch: 460, loss_train: 0.0127441669, loss_valid: 0.1905883253
epoch: 480, loss_train: 0.0120357815, loss_valid: 0.1840024889
epoch: 500, loss_train: 0.0115382457, loss_valid: 0.2034497857
epoch: 520, loss_train: 0.0108708721, loss_valid: 0.2237049043
epoch: 540, loss_train: 0.0104067847, loss_valid: 0.2089126408
epoch: 560, loss_train: 0.0101310089, loss_valid: 0.2235973328
epoch: 580, loss_train: 0.0095582753, loss_valid: 0.2367728055
epoch: 600, loss_train: 0.0090071885, loss_valid: 0.2452594340
epoch: 620, loss_train: 0.0087129828, loss_valid: 0.2269111872
epoch: 640, loss_train: 0.0084998868, loss_valid: 0.2466331869
epoch: 660, loss_train: 0.0081745489, loss_valid: 0.2369156778
epoch: 680, loss_train: 0.0080009745, loss_valid: 0.2523515522
epoch: 700, loss_train: 0.0078659477, loss_valid: 0.2590504885
epoch: 720, loss_train: 0.0073137018, loss_valid: 0.2414020747
epoch: 740, loss_train: 0.0072117434, loss_valid: 0.2581583560
epoch: 760, loss_train: 0.0069986009, loss_valid: 0.2673660517
epoch: 780, loss_train: 0.0068003749, loss_valid: 0.2932496667
epoch: 800, loss_train: 0.0065486394, loss_valid: 0.2670240402
epoch: 820, loss_train: 0.0062165163, loss_valid: 0.2720074058
epoch: 840, loss_train: 0.0059742010, loss_valid: 0.2635214925
epoch: 860, loss_train: 0.0058204522, loss_valid: 0.2574477792
epoch: 880, loss_train: 0.0056819762, loss_valid: 0.3014325798
epoch: 900, loss_train: 0.0054188785, loss_valid: 0.3007940352
epoch: 920, loss_train: 0.0051920111, loss_valid: 0.2622023523
epoch: 940, loss_train: 0.0050714454, loss_valid: 0.2985504866
epoch: 960, loss_train: 0.0050079352, loss_valid: 0.2689445317
epoch: 980, loss_train: 0.0048532551, loss_valid: 0.2958753109
epoch: 1000, loss_train: 0.0047223982, loss_valid: 0.2794050574
epoch: 1020, loss_train: 0.0044995830, loss_valid: 0.3079977036
epoch: 1040, loss_train: 0.0044505000, loss_valid: 0.2841696739
epoch: 1060, loss_train: 0.0042712549, loss_valid: 0.2762306333
epoch: 1080, loss_train: 0.0041974182, loss_valid: 0.2758052945
epoch: 1100, loss_train: 0.0040871804, loss_valid: 0.2759557068
epoch: 1120, loss_train: 0.0041011674, loss_valid: 0.2901897728
epoch: 1140, loss_train: 0.0039655366, loss_valid: 0.2916589975
epoch: 1160, loss_train: 0.0039124056, loss_valid: 0.2797962427
epoch: 1180, loss_train: 0.0037756625, loss_valid: 0.2921410799
epoch: 1200, loss_train: 0.0036308893, loss_valid: 0.2841048837
epoch: 1220, loss_train: 0.0036570679, loss_valid: 0.2729865015
epoch: 1240, loss_train: 0.0036705721, loss_valid: 0.2633161545
epoch: 1260, loss_train: 0.0035681732, loss_valid: 0.2733902633
epoch: 1280, loss_train: 0.0034421727, loss_valid: 0.2979236841
epoch: 1300, loss_train: 0.0035212561, loss_valid: 0.2735657096
epoch: 1320, loss_train: 0.0033876053, loss_valid: 0.2872925699
epoch: 1340, loss_train: 0.0032901037, loss_valid: 0.2627175152
epoch: 1360, loss_train: 0.0032003936, loss_valid: 0.3023203611
epoch: 1380, loss_train: 0.0031410896, loss_valid: 0.2771034837
epoch: 1400, loss_train: 0.0031195073, loss_valid: 0.2888397276
epoch: 1420, loss_train: 0.0030279185, loss_valid: 0.2924192548
epoch: 1440, loss_train: 0.0030247958, loss_valid: 0.2568469644
epoch: 1460, loss_train: 0.0029812697, loss_valid: 0.2817438543
epoch: 1480, loss_train: 0.0029626095, loss_valid: 0.2637857795
epoch: 1500, loss_train: 0.0028771320, loss_valid: 0.2876935303
epoch: 1520, loss_train: 0.0028999790, loss_valid: 0.2494018525
epoch: 1540, loss_train: 0.0028158652, loss_valid: 0.2651900351
epoch: 1560, loss_train: 0.0026816572, loss_valid: 0.2452493012
epoch: 1580, loss_train: 0.0026706536, loss_valid: 0.2754900157
epoch: 1600, loss_train: 0.0026000808, loss_valid: 0.2639618814
epoch: 1620, loss_train: 0.0025924263, loss_valid: 0.2201548666
epoch: 1640, loss_train: 0.0026235648, loss_valid: 0.2359688729
epoch: 1660, loss_train: 0.0024443008, loss_valid: 0.2548247874
epoch: 1680, loss_train: 0.0024911044, loss_valid: 0.2391595244
epoch: 1700, loss_train: 0.0023613821, loss_valid: 0.2142686397
epoch: 1720, loss_train: 0.0023918245, loss_valid: 0.1956614405
epoch: 1740, loss_train: 0.0023368692, loss_valid: 0.1907853931
epoch: 1760, loss_train: 0.0022940929, loss_valid: 0.1932682693
epoch: 1780, loss_train: 0.0021563009, loss_valid: 0.1708292365
epoch: 1800, loss_train: 0.0020789392, loss_valid: 0.1679524779
epoch: 1820, loss_train: 0.0020744074, loss_valid: 0.1649440229
epoch: 1840, loss_train: 0.0020327829, loss_valid: 0.1482121050
epoch: 1860, loss_train: 0.0020336304, loss_valid: 0.1463996023
epoch: 1880, loss_train: 0.0020207802, loss_valid: 0.1501601487
epoch: 1900, loss_train: 0.0019006369, loss_valid: 0.1368442774
epoch: 1920, loss_train: 0.0018536537, loss_valid: 0.1397876441
epoch: 1940, loss_train: 0.0018499787, loss_valid: 0.1277225614
epoch: 1960, loss_train: 0.0018479312, loss_valid: 0.1452047825
epoch: 1980, loss_train: 0.0017769055, loss_valid: 0.1329528689
epoch: 2000, loss_train: 0.0017371442, loss_valid: 0.1448003650
epoch: 2020, loss_train: 0.0016969219, loss_valid: 0.1438941360
epoch: 2040, loss_train: 0.0016442763, loss_valid: 0.1310420930
epoch: 2060, loss_train: 0.0016262770, loss_valid: 0.1347892880
epoch: 2080, loss_train: 0.0016650333, loss_valid: 0.1389172822
epoch: 2100, loss_train: 0.0016155184, loss_valid: 0.1336019486
epoch: 2120, loss_train: 0.0016101697, loss_valid: 0.1313077807
epoch: 2140, loss_train: 0.0015273001, loss_valid: 0.1195174456
epoch: 2160, loss_train: 0.0014884754, loss_valid: 0.1412622482
epoch: 2180, loss_train: 0.0014562521, loss_valid: 0.1279462576
epoch: 2200, loss_train: 0.0015361902, loss_valid: 0.1190391630
epoch: 2220, loss_train: 0.0014864265, loss_valid: 0.1273268014
epoch: 2240, loss_train: 0.0014509521, loss_valid: 0.1249289736
epoch: 2260, loss_train: 0.0014299509, loss_valid: 0.1263316721
epoch: 2280, loss_train: 0.0014024273, loss_valid: 0.1240929887
epoch: 2300, loss_train: 0.0013903815, loss_valid: 0.1339966208
epoch: 2320, loss_train: 0.0013550908, loss_valid: 0.1313006878
epoch: 2340, loss_train: 0.0013718125, loss_valid: 0.1219703108
epoch: 2360, loss_train: 0.0014379221, loss_valid: 0.1260218769
epoch: 2380, loss_train: 0.0013497646, loss_valid: 0.1254658252
epoch: 2400, loss_train: 0.0013006632, loss_valid: 0.1187640056
epoch: 2420, loss_train: 0.0012210333, loss_valid: 0.1185657009
epoch: 2440, loss_train: 0.0012817804, loss_valid: 0.1112564877
epoch: 2460, loss_train: 0.0011897037, loss_valid: 0.1145344973
epoch: 2480, loss_train: 0.0011998534, loss_valid: 0.1168922633
epoch: 2500, loss_train: 0.0012685092, loss_valid: 0.1169003695
epoch: 2520, loss_train: 0.0012093580, loss_valid: 0.1115076542
epoch: 2540, loss_train: 0.0012477862, loss_valid: 0.1115503907
epoch: 2560, loss_train: 0.0011616371, loss_valid: 0.1058303341
epoch: 2580, loss_train: 0.0011425450, loss_valid: 0.1150572523
epoch: 2600, loss_train: 0.0012209114, loss_valid: 0.1121151671
epoch: 2620, loss_train: 0.0011583691, loss_valid: 0.1011939272
epoch: 2640, loss_train: 0.0011470685, loss_valid: 0.1113003418
epoch: 2660, loss_train: 0.0011240215, loss_valid: 0.1086781546
epoch: 2680, loss_train: 0.0011437732, loss_valid: 0.1075383946
epoch: 2700, loss_train: 0.0010326859, loss_valid: 0.1111946180
epoch: 2720, loss_train: 0.0010860690, loss_valid: 0.1096938103
epoch: 2740, loss_train: 0.0010415144, loss_valid: 0.1098457053
epoch: 2760, loss_train: 0.0010432447, loss_valid: 0.1011773795
epoch: 2780, loss_train: 0.0010166138, loss_valid: 0.1060022861
epoch: 2800, loss_train: 0.0010418855, loss_valid: 0.1086431146
epoch: 2820, loss_train: 0.0010281063, loss_valid: 0.1010073870
epoch: 2840, loss_train: 0.0010369511, loss_valid: 0.1024916023
epoch: 2860, loss_train: 0.0009699786, loss_valid: 0.1039886177
epoch: 2880, loss_train: 0.0010063935, loss_valid: 0.1050233170
epoch: 2900, loss_train: 0.0010802232, loss_valid: 0.1032421589
epoch: 2920, loss_train: 0.0010190615, loss_valid: 0.1010608375
epoch: 2940, loss_train: 0.0009790024, loss_valid: 0.1144354641
epoch: 2960, loss_train: 0.0009861263, loss_valid: 0.1027890518
epoch: 2980, loss_train: 0.0009261900, loss_valid: 0.1029415056
epoch: 3000, loss_train: 0.0009557235, loss_valid: 0.0986452997
epoch: 3020, loss_train: 0.0009920812, loss_valid: 0.0996248722
epoch: 3040, loss_train: 0.0009500500, loss_valid: 0.0973778516
epoch: 3060, loss_train: 0.0009327198, loss_valid: 0.0968427137
epoch: 3080, loss_train: 0.0009115847, loss_valid: 0.1033765078
epoch: 3100, loss_train: 0.0009860776, loss_valid: 0.0971931890
epoch: 3120, loss_train: 0.0008864841, loss_valid: 0.1003973931
epoch: 3140, loss_train: 0.0009311217, loss_valid: 0.0957539901
epoch: 3160, loss_train: 0.0008564051, loss_valid: 0.1010732502
epoch: 3180, loss_train: 0.0008724413, loss_valid: 0.0966638476
epoch: 3200, loss_train: 0.0008773437, loss_valid: 0.1015306115
epoch: 3220, loss_train: 0.0009006950, loss_valid: 0.0986766294
epoch: 3240, loss_train: 0.0008523825, loss_valid: 0.0988529101
epoch: 3260, loss_train: 0.0008384131, loss_valid: 0.0977542847
epoch: 3280, loss_train: 0.0008755536, loss_valid: 0.0938885882
epoch: 3300, loss_train: 0.0008511990, loss_valid: 0.0912890807
epoch: 3320, loss_train: 0.0008042923, loss_valid: 0.0926369578
epoch: 3340, loss_train: 0.0009430061, loss_valid: 0.0907112882
epoch: 3360, loss_train: 0.0008714418, loss_valid: 0.0955256298
epoch: 3380, loss_train: 0.0008311998, loss_valid: 0.0951058567
epoch: 3400, loss_train: 0.0008433841, loss_valid: 0.0976635143
epoch: 3420, loss_train: 0.0007806500, loss_valid: 0.0945907831
epoch: 3440, loss_train: 0.0007904234, loss_valid: 0.0951722115
epoch: 3460, loss_train: 0.0008306265, loss_valid: 0.0949293748
epoch: 3480, loss_train: 0.0008621434, loss_valid: 0.0924065858
epoch: 3500, loss_train: 0.0008390705, loss_valid: 0.0949460343
epoch: 3520, loss_train: 0.0007560260, loss_valid: 0.0968893170
epoch: 3540, loss_train: 0.0008276639, loss_valid: 0.0942151770
epoch: 3560, loss_train: 0.0007943621, loss_valid: 0.0961973146
epoch: 3580, loss_train: 0.0008140905, loss_valid: 0.0939625576
epoch: 3600, loss_train: 0.0007722551, loss_valid: 0.0936574861
epoch: 3620, loss_train: 0.0007419400, loss_valid: 0.0907343999
epoch: 3640, loss_train: 0.0007044441, loss_valid: 0.0957226530
epoch: 3660, loss_train: 0.0007425936, loss_valid: 0.0931096599
epoch: 3680, loss_train: 0.0007395365, loss_valid: 0.0917152911
epoch: 3700, loss_train: 0.0007878769, loss_valid: 0.0965190455
epoch: 3720, loss_train: 0.0007246541, loss_valid: 0.0975219756
epoch: 3740, loss_train: 0.0006972481, loss_valid: 0.0909478590
epoch: 3760, loss_train: 0.0007110859, loss_valid: 0.0904127583
epoch: 3780, loss_train: 0.0007150572, loss_valid: 0.0928856954
epoch: 3800, loss_train: 0.0007489765, loss_valid: 0.0942360312
epoch: 3820, loss_train: 0.0007717573, loss_valid: 0.0918187946
epoch: 3840, loss_train: 0.0007590245, loss_valid: 0.0918934494
epoch: 3860, loss_train: 0.0007568374, loss_valid: 0.0950073153
epoch: 3880, loss_train: 0.0007911518, loss_valid: 0.0888195485
epoch: 3900, loss_train: 0.0007799936, loss_valid: 0.0915333480
epoch: 3920, loss_train: 0.0007112666, loss_valid: 0.0913174674
epoch: 3940, loss_train: 0.0006796529, loss_valid: 0.0955383033
epoch: 3960, loss_train: 0.0007074414, loss_valid: 0.0904044509
epoch: 3980, loss_train: 0.0007018767, loss_valid: 0.0937671214
epoch: 4000, loss_train: 0.0007687092, loss_valid: 0.0918664187
epoch: 4020, loss_train: 0.0006744967, loss_valid: 0.0901062042
epoch: 4040, loss_train: 0.0006932243, loss_valid: 0.0919229314
epoch: 4060, loss_train: 0.0007718427, loss_valid: 0.0922522172
epoch: 4080, loss_train: 0.0007487119, loss_valid: 0.0899407342
epoch: 4100, loss_train: 0.0006904161, loss_valid: 0.0924799740
epoch: 4120, loss_train: 0.0006714981, loss_valid: 0.0877242237
epoch: 4140, loss_train: 0.0007307492, loss_valid: 0.0924087763
epoch: 4160, loss_train: 0.0006844825, loss_valid: 0.0881384760
epoch: 4180, loss_train: 0.0006406044, loss_valid: 0.0902369320
epoch: 4200, loss_train: 0.0006740341, loss_valid: 0.0873970985
epoch: 4220, loss_train: 0.0006471613, loss_valid: 0.0890724137
epoch: 4240, loss_train: 0.0006280826, loss_valid: 0.0895360336
epoch: 4260, loss_train: 0.0007391562, loss_valid: 0.0876304954
epoch: 4280, loss_train: 0.0006563959, loss_valid: 0.0864630193
epoch: 4300, loss_train: 0.0006908926, loss_valid: 0.0839811787
epoch: 4320, loss_train: 0.0006313565, loss_valid: 0.0877449140
epoch: 4340, loss_train: 0.0006313854, loss_valid: 0.0865074620
epoch: 4360, loss_train: 0.0007397990, loss_valid: 0.0869333223
epoch: 4380, loss_train: 0.0006658679, loss_valid: 0.0882638767
epoch: 4400, loss_train: 0.0006392018, loss_valid: 0.0859657079
epoch: 4420, loss_train: 0.0006546248, loss_valid: 0.0850611329
epoch: 4440, loss_train: 0.0006652677, loss_valid: 0.0865633860
epoch: 4460, loss_train: 0.0006607645, loss_valid: 0.0868849233
epoch: 4480, loss_train: 0.0006575309, loss_valid: 0.0860392302
epoch: 4500, loss_train: 0.0006624127, loss_valid: 0.0909932107
epoch: 4520, loss_train: 0.0006432032, loss_valid: 0.0906224996
epoch: 4540, loss_train: 0.0006396736, loss_valid: 0.0847958326
epoch: 4560, loss_train: 0.0007313498, loss_valid: 0.0835876614
epoch: 4580, loss_train: 0.0006266130, loss_valid: 0.0886697918
epoch: 4600, loss_train: 0.0006803328, loss_valid: 0.0849939436
epoch: 4620, loss_train: 0.0006324423, loss_valid: 0.0871439427
epoch: 4640, loss_train: 0.0006599984, loss_valid: 0.0876920968
epoch: 4660, loss_train: 0.0006620305, loss_valid: 0.0881045163
epoch: 4680, loss_train: 0.0006670900, loss_valid: 0.0834337398
epoch: 4700, loss_train: 0.0006102230, loss_valid: 0.0881400704
epoch: 4720, loss_train: 0.0006558205, loss_valid: 0.0903118998
epoch: 4740, loss_train: 0.0006360065, loss_valid: 0.0848216489
epoch: 4760, loss_train: 0.0006529833, loss_valid: 0.0875185877
epoch: 4780, loss_train: 0.0006681350, loss_valid: 0.0919251218
epoch: 4800, loss_train: 0.0005981948, loss_valid: 0.0866999701
epoch: 4820, loss_train: 0.0006227438, loss_valid: 0.0852794051
epoch: 4840, loss_train: 0.0006406576, loss_valid: 0.0892166942
epoch: 4860, loss_train: 0.0005944800, loss_valid: 0.0858466923
epoch: 4880, loss_train: 0.0006144844, loss_valid: 0.0846362934
epoch: 4900, loss_train: 0.0006893106, loss_valid: 0.0873966962
epoch: 4920, loss_train: 0.0006310761, loss_valid: 0.0860691443
epoch: 4940, loss_train: 0.0006070550, loss_valid: 0.0816948414
epoch: 4960, loss_train: 0.0006331225, loss_valid: 0.0843598470
epoch: 4980, loss_train: 0.0006792364, loss_valid: 0.0863232985
Train the model: done, 922.7613959312439 seconds
Save trained model: done
