/cluster/home/xudjian/ModalGNN_Time_Domain/data/dataset_loader.py:190: UserWarning: Creating a tensor from a list of numpy.ndarrays is extremely slow. Please consider converting the list to a single numpy.ndarray with numpy.array() before converting to a tensor. (Triggered internally at ../torch/csrc/utils/tensor_new.cpp:261.)
  self.freqs = torch.tensor(self.freqs, dtype = torch.float).to(self.device)
wandb: Using wandb-core as the SDK backend. Please refer to https://wandb.me/wandb-core for more information.
wandb: Currently logged in as: jxd-engineer. Use `wandb login --relogin` to force relogin
wandb: Tracking run with wandb version 0.18.1
wandb: Run data is saved locally in /cluster/home/xudjian/ModalGNN_Time_Domain/wandb/run-20241029_220401-inieyd78
wandb: Run `wandb offline` to turn off syncing.
wandb: Syncing run dark-energy-134
wandb: ⭐️ View project at https://wandb.ai/jxd-engineer/ModalGNN_TimeDomain
wandb: 🚀 View run at https://wandb.ai/jxd-engineer/ModalGNN_TimeDomain/runs/inieyd78
wandb: - 0.066 MB of 0.066 MB uploadedwandb:                                                                                
wandb: 
wandb: Run history:
wandb: loss1_valid ▅▆█▇▅▄▃▃▃▃▃▂▂▂▂▂▂▂▁▁▁▁▁▁▁▁▁▁▁▁▁▁▁▁▁▁▁▁▁▁
wandb: loss2_valid █▄▃▂▂▂▂▂▂▁▁▁▁▁▁▁▁▁▁▁▁▁▁▁▁▁▁▁▁▁▁▁▁▁▂▁▁▁▂▁
wandb: loss3_valid ▂▂▂▃▃▄▄▅▄▄▆▆▆▇▇▇█▃▄▄▅▅▁▁▁▁▁▁▁▁▁▁▁▁▁▂▁▁▂▂
wandb:  loss_train █▄▃▃▁▁▁▁▁▁▁▁▁▁▁▁▁▂▂▂▁▁▃▃▂▂▂▁▄▂▂▂▂▂▂▂▂▂▂▁
wandb:  loss_valid █▇▃▃▃▃▃▃▃▃▃▃▃▃▂▂▂▂▂▂▂▂▂▂▂▁▁▁▁▁▁▁▁▁▁▁▁▁▁▁
wandb: 
wandb: Run summary:
wandb: loss1_valid 0.0463
wandb: loss2_valid 0.0013
wandb: loss3_valid 0.00074
wandb:  loss_train 0.00233
wandb:  loss_valid 0.04834
wandb: 
wandb: 🚀 View run dark-energy-134 at: https://wandb.ai/jxd-engineer/ModalGNN_TimeDomain/runs/inieyd78
wandb: ⭐️ View project at: https://wandb.ai/jxd-engineer/ModalGNN_TimeDomain
wandb: Synced 5 W&B file(s), 0 media file(s), 0 artifact file(s) and 0 other file(s)
wandb: Find logs at: ./wandb/run-20241029_220401-inieyd78/logs
Training device: cuda:0
Create model: done
graph_id = 0
graph_id = 1
graph_id = 2
graph_id = 3
graph_id = 4
graph_id = 5
graph_id = 6
graph_id = 7
graph_id = 8
graph_id = 9
graph_id = 10
graph_id = 11
graph_id = 12
graph_id = 13
graph_id = 14
graph_id = 15
graph_id = 16
graph_id = 17
graph_id = 18
graph_id = 19
graph_id = 20
graph_id = 21
graph_id = 22
graph_id = 23
graph_id = 24
graph_id = 25
graph_id = 26
graph_id = 27
graph_id = 28
graph_id = 29
graph_id = 30
graph_id = 31
graph_id = 32
graph_id = 33
graph_id = 34
graph_id = 35
graph_id = 36
graph_id = 37
graph_id = 38
graph_id = 39
graph_id = 40
graph_id = 41
graph_id = 42
graph_id = 43
graph_id = 44
graph_id = 45
graph_id = 46
graph_id = 47
graph_id = 48
graph_id = 49
graph_id = 50
graph_id = 51
graph_id = 52
graph_id = 53
graph_id = 54
graph_id = 55
graph_id = 56
graph_id = 57
graph_id = 58
graph_id = 59
graph_id = 60
graph_id = 61
graph_id = 62
graph_id = 63
Create training dataset: done
graph_id = 64
graph_id = 65
graph_id = 66
graph_id = 67
graph_id = 68
graph_id = 69
graph_id = 70
graph_id = 71
graph_id = 72
graph_id = 73
graph_id = 74
graph_id = 75
graph_id = 76
graph_id = 77
graph_id = 78
graph_id = 79
Create validation dataset: done
epoch: 0, loss_train: 0.6056954265, loss_valid: 0.7056106925
epoch: 20, loss_train: 0.0700621754, loss_valid: 0.3541274369
epoch: 40, loss_train: 0.0538001806, loss_valid: 0.2621853352
epoch: 60, loss_train: 0.0482420623, loss_valid: 0.2151555419
epoch: 80, loss_train: 0.0447832718, loss_valid: 0.2012068778
epoch: 100, loss_train: 0.0430391915, loss_valid: 0.1955162436
epoch: 120, loss_train: 0.0415893644, loss_valid: 0.1741509587
epoch: 140, loss_train: 0.0395934582, loss_valid: 0.1772966981
epoch: 160, loss_train: 0.0377010144, loss_valid: 0.1588791609
epoch: 180, loss_train: 0.0361936651, loss_valid: 0.1437429339
epoch: 200, loss_train: 0.0348862559, loss_valid: 0.1420940906
epoch: 220, loss_train: 0.0341115519, loss_valid: 0.1342751384
epoch: 240, loss_train: 0.0329028554, loss_valid: 0.1313711703
epoch: 260, loss_train: 0.0320434943, loss_valid: 0.1463642269
epoch: 280, loss_train: 0.0308827069, loss_valid: 0.1465137452
epoch: 300, loss_train: 0.0300309155, loss_valid: 0.1387597024
epoch: 320, loss_train: 0.0291002691, loss_valid: 0.1380639523
epoch: 340, loss_train: 0.0279404223, loss_valid: 0.1392791271
epoch: 360, loss_train: 0.0268614013, loss_valid: 0.1558026224
epoch: 380, loss_train: 0.0258904099, loss_valid: 0.1455822289
epoch: 400, loss_train: 0.0253017228, loss_valid: 0.1603108197
epoch: 420, loss_train: 0.0241685621, loss_valid: 0.1719066203
epoch: 440, loss_train: 0.0231173988, loss_valid: 0.1604526937
epoch: 460, loss_train: 0.0222590845, loss_valid: 0.1718851775
epoch: 480, loss_train: 0.0215765182, loss_valid: 0.1754594445
epoch: 500, loss_train: 0.0209180359, loss_valid: 0.1699400544
epoch: 520, loss_train: 0.0219175573, loss_valid: 0.1666477770
epoch: 540, loss_train: 0.0198000912, loss_valid: 0.1819585115
epoch: 560, loss_train: 0.0189883765, loss_valid: 0.1836600304
epoch: 580, loss_train: 0.0183066688, loss_valid: 0.1767113656
epoch: 600, loss_train: 0.0177186001, loss_valid: 0.1783637851
epoch: 620, loss_train: 0.0174667239, loss_valid: 0.1833459735
epoch: 640, loss_train: 0.0166702885, loss_valid: 0.1866733581
epoch: 660, loss_train: 0.0161958821, loss_valid: 0.1972315013
epoch: 680, loss_train: 0.0154950311, loss_valid: 0.1839955598
epoch: 700, loss_train: 0.0152669083, loss_valid: 0.1897440404
epoch: 720, loss_train: 0.0148973260, loss_valid: 0.1909238100
epoch: 740, loss_train: 0.0147949578, loss_valid: 0.2004171759
epoch: 760, loss_train: 0.0147808865, loss_valid: 0.1902873069
epoch: 780, loss_train: 0.0139214294, loss_valid: 0.1992647648
epoch: 800, loss_train: 0.0131060742, loss_valid: 0.2066002935
epoch: 820, loss_train: 0.0127664534, loss_valid: 0.2249429375
epoch: 840, loss_train: 0.0123736318, loss_valid: 0.2101734430
epoch: 860, loss_train: 0.0117697800, loss_valid: 0.1973644942
epoch: 880, loss_train: 0.0114432313, loss_valid: 0.2088730782
epoch: 900, loss_train: 0.0111749209, loss_valid: 0.2050198317
epoch: 920, loss_train: 0.0107661644, loss_valid: 0.2103612572
epoch: 940, loss_train: 0.0104664071, loss_valid: 0.2094408125
epoch: 960, loss_train: 0.0104628550, loss_valid: 0.2510309815
epoch: 980, loss_train: 0.0099049853, loss_valid: 0.2312977165
epoch: 1000, loss_train: 0.0095337275, loss_valid: 0.2092877626
epoch: 1020, loss_train: 0.0093508987, loss_valid: 0.2312855273
epoch: 1040, loss_train: 0.0090627596, loss_valid: 0.2161211222
epoch: 1060, loss_train: 0.0087449476, loss_valid: 0.2119348198
epoch: 1080, loss_train: 0.0085322876, loss_valid: 0.2206023186
epoch: 1100, loss_train: 0.0084593873, loss_valid: 0.2430511713
epoch: 1120, loss_train: 0.0081409654, loss_valid: 0.2222487330
epoch: 1140, loss_train: 0.0079453820, loss_valid: 0.2235163152
epoch: 1160, loss_train: 0.0078613227, loss_valid: 0.2352566570
epoch: 1180, loss_train: 0.0076392279, loss_valid: 0.2120885402
epoch: 1200, loss_train: 0.0076158275, loss_valid: 0.2089260221
epoch: 1220, loss_train: 0.0073438860, loss_valid: 0.2257252187
epoch: 1240, loss_train: 0.0072172387, loss_valid: 0.2170724571
epoch: 1260, loss_train: 0.0163797587, loss_valid: 0.2099132538
epoch: 1280, loss_train: 0.0104477629, loss_valid: 0.2572326660
epoch: 1300, loss_train: 0.0086394157, loss_valid: 0.2532688677
epoch: 1320, loss_train: 0.0077369907, loss_valid: 0.2481302023
epoch: 1340, loss_train: 0.0073294058, loss_valid: 0.2096041739
epoch: 1360, loss_train: 0.0069438457, loss_valid: 0.2263743132
epoch: 1380, loss_train: 0.0067723212, loss_valid: 0.2347907424
epoch: 1400, loss_train: 0.0065848525, loss_valid: 0.2509013116
epoch: 1420, loss_train: 0.0067707468, loss_valid: 0.2229871154
epoch: 1440, loss_train: 0.0063568135, loss_valid: 0.2244520485
epoch: 1460, loss_train: 0.0061861421, loss_valid: 0.1862411648
epoch: 1480, loss_train: 0.0059629688, loss_valid: 0.2033082545
epoch: 1500, loss_train: 0.0058693667, loss_valid: 0.2190096676
epoch: 1520, loss_train: 0.0057334169, loss_valid: 0.2057964057
epoch: 1540, loss_train: 0.0056220978, loss_valid: 0.2087992281
epoch: 1560, loss_train: 0.0054699820, loss_valid: 0.1922681630
epoch: 1580, loss_train: 0.0053814095, loss_valid: 0.2005078197
epoch: 1600, loss_train: 0.0052688220, loss_valid: 0.1728709042
epoch: 1620, loss_train: 0.0051884623, loss_valid: 0.1721818298
epoch: 1640, loss_train: 0.0050703948, loss_valid: 0.1851433963
epoch: 1660, loss_train: 0.0049596438, loss_valid: 0.1699194759
epoch: 1680, loss_train: 0.0048535294, loss_valid: 0.1608607173
epoch: 1700, loss_train: 0.0047810711, loss_valid: 0.1679170430
epoch: 1720, loss_train: 0.0046611186, loss_valid: 0.1456278265
epoch: 1740, loss_train: 0.0046365964, loss_valid: 0.1551922411
epoch: 1760, loss_train: 0.0045620799, loss_valid: 0.1439583600
epoch: 1780, loss_train: 0.0044043232, loss_valid: 0.1546474844
epoch: 1800, loss_train: 0.0043619610, loss_valid: 0.1499792784
epoch: 1820, loss_train: 0.0042792642, loss_valid: 0.1516534537
epoch: 1840, loss_train: 0.0041950773, loss_valid: 0.1383802146
epoch: 1860, loss_train: 0.0041565062, loss_valid: 0.1396247298
epoch: 1880, loss_train: 0.0040844488, loss_valid: 0.1463902295
epoch: 1900, loss_train: 0.0040609166, loss_valid: 0.1260764301
epoch: 1920, loss_train: 0.0040110517, loss_valid: 0.1387831420
epoch: 1940, loss_train: 0.0039374456, loss_valid: 0.1406533718
epoch: 1960, loss_train: 0.0038428330, loss_valid: 0.1326650232
epoch: 1980, loss_train: 0.0037723086, loss_valid: 0.1370491385
epoch: 2000, loss_train: 0.0037329951, loss_valid: 0.1255253106
epoch: 2020, loss_train: 0.0036660982, loss_valid: 0.1295996457
epoch: 2040, loss_train: 0.0036808373, loss_valid: 0.1201169491
epoch: 2060, loss_train: 0.0035770680, loss_valid: 0.1371750385
epoch: 2080, loss_train: 0.0034948597, loss_valid: 0.1267685741
epoch: 2100, loss_train: 0.0034678222, loss_valid: 0.1255425215
epoch: 2120, loss_train: 0.0034568547, loss_valid: 0.1279603541
epoch: 2140, loss_train: 0.0034012727, loss_valid: 0.1267730743
epoch: 2160, loss_train: 0.0135769797, loss_valid: 0.1024853513
epoch: 2180, loss_train: 0.0067501976, loss_valid: 0.1204539835
epoch: 2200, loss_train: 0.0047364789, loss_valid: 0.1245515868
epoch: 2220, loss_train: 0.0040733619, loss_valid: 0.1141692325
epoch: 2240, loss_train: 0.0041571693, loss_valid: 0.0959186703
epoch: 2260, loss_train: 0.0036657704, loss_valid: 0.1026430875
epoch: 2280, loss_train: 0.0034227469, loss_valid: 0.0989380851
epoch: 2300, loss_train: 0.0033567685, loss_valid: 0.1069811881
epoch: 2320, loss_train: 0.0033103216, loss_valid: 0.1039360464
epoch: 2340, loss_train: 0.0032503624, loss_valid: 0.1026352346
epoch: 2360, loss_train: 0.0031619335, loss_valid: 0.0984163433
epoch: 2380, loss_train: 0.0030864959, loss_valid: 0.1079289988
epoch: 2400, loss_train: 0.0030563578, loss_valid: 0.1024288610
epoch: 2420, loss_train: 0.0030126681, loss_valid: 0.1001888812
epoch: 2440, loss_train: 0.0029914507, loss_valid: 0.0937986225
epoch: 2460, loss_train: 0.0029208914, loss_valid: 0.0980778784
epoch: 2480, loss_train: 0.0028850038, loss_valid: 0.1028786525
epoch: 2500, loss_train: 0.0029155884, loss_valid: 0.0995689929
epoch: 2520, loss_train: 0.0028675925, loss_valid: 0.0921758711
epoch: 2540, loss_train: 0.0027828666, loss_valid: 0.0967696235
epoch: 2560, loss_train: 0.0027401296, loss_valid: 0.0937370881
epoch: 2580, loss_train: 0.0027027265, loss_valid: 0.0916949958
epoch: 2600, loss_train: 0.0026637495, loss_valid: 0.0984533876
epoch: 2620, loss_train: 0.0026918803, loss_valid: 0.0953976437
epoch: 2640, loss_train: 0.0026370508, loss_valid: 0.0946138725
epoch: 2660, loss_train: 0.0025826062, loss_valid: 0.0937355533
epoch: 2680, loss_train: 0.0025369220, loss_valid: 0.0932731777
epoch: 2700, loss_train: 0.0025288009, loss_valid: 0.0900710151
epoch: 2720, loss_train: 0.0025789889, loss_valid: 0.0940192044
epoch: 2740, loss_train: 0.0024799488, loss_valid: 0.0919689015
epoch: 2760, loss_train: 0.0024848604, loss_valid: 0.0936533660
epoch: 2780, loss_train: 0.0024362628, loss_valid: 0.0894803107
epoch: 2800, loss_train: 0.0023735398, loss_valid: 0.0959856436
epoch: 2820, loss_train: 0.0023770125, loss_valid: 0.0931167752
epoch: 2840, loss_train: 0.0023607684, loss_valid: 0.0894907340
epoch: 2860, loss_train: 0.0023866852, loss_valid: 0.0933553278
epoch: 2880, loss_train: 0.0022998918, loss_valid: 0.0921438336
epoch: 2900, loss_train: 0.0022752392, loss_valid: 0.0873759389
epoch: 2920, loss_train: 0.0022967162, loss_valid: 0.0933754891
epoch: 2940, loss_train: 0.0022504886, loss_valid: 0.0921094418
epoch: 2960, loss_train: 0.0022300337, loss_valid: 0.0903383642
epoch: 2980, loss_train: 0.0021774117, loss_valid: 0.0947633907
epoch: 3000, loss_train: 0.0021638025, loss_valid: 0.0897608548
epoch: 3020, loss_train: 0.0021610220, loss_valid: 0.0903737023
epoch: 3040, loss_train: 0.0021347385, loss_valid: 0.0923356190
epoch: 3060, loss_train: 0.0021452066, loss_valid: 0.0915436223
epoch: 3080, loss_train: 0.0021250588, loss_valid: 0.0930854827
epoch: 3100, loss_train: 0.0021262146, loss_valid: 0.0892939493
epoch: 3120, loss_train: 0.0020288562, loss_valid: 0.0901245028
epoch: 3140, loss_train: 0.0020344537, loss_valid: 0.0881429762
epoch: 3160, loss_train: 0.0020245644, loss_valid: 0.0940544829
epoch: 3180, loss_train: 0.0020579589, loss_valid: 0.0891319439
epoch: 3200, loss_train: 0.0019960387, loss_valid: 0.0971007794
epoch: 3220, loss_train: 0.0020036912, loss_valid: 0.0911144465
epoch: 3240, loss_train: 0.0019202878, loss_valid: 0.0892862231
epoch: 3260, loss_train: 0.0019533450, loss_valid: 0.0937742516
epoch: 3280, loss_train: 0.0019459706, loss_valid: 0.0906207487
epoch: 3300, loss_train: 0.0018935998, loss_valid: 0.0911826938
epoch: 3320, loss_train: 0.0019199634, loss_valid: 0.0914459750
epoch: 3340, loss_train: 0.0018953284, loss_valid: 0.0934134796
epoch: 3360, loss_train: 0.0018387254, loss_valid: 0.0863068700
epoch: 3380, loss_train: 0.0018541052, loss_valid: 0.0896949843
epoch: 3400, loss_train: 0.0018048860, loss_valid: 0.0891779214
epoch: 3420, loss_train: 0.0017798087, loss_valid: 0.0927551538
epoch: 3440, loss_train: 0.0018259576, loss_valid: 0.0873171389
epoch: 3460, loss_train: 0.0018161724, loss_valid: 0.0885227621
epoch: 3480, loss_train: 0.0018187264, loss_valid: 0.0865108147
epoch: 3500, loss_train: 0.0017473708, loss_valid: 0.0887672454
epoch: 3520, loss_train: 0.0017185096, loss_valid: 0.0890986025
epoch: 3540, loss_train: 0.0017796482, loss_valid: 0.0870210677
epoch: 3560, loss_train: 0.0016874372, loss_valid: 0.0861982852
epoch: 3580, loss_train: 0.0017355152, loss_valid: 0.0915470347
epoch: 3600, loss_train: 0.0016914130, loss_valid: 0.0885719955
epoch: 3620, loss_train: 0.0016610654, loss_valid: 0.0891544297
epoch: 3640, loss_train: 0.0016841722, loss_valid: 0.0893854573
epoch: 3660, loss_train: 0.0016801434, loss_valid: 0.0880175009
epoch: 3680, loss_train: 0.0016434088, loss_valid: 0.0877160355
epoch: 3700, loss_train: 0.0015823510, loss_valid: 0.0889055282
epoch: 3720, loss_train: 0.0016451409, loss_valid: 0.0896035135
epoch: 3740, loss_train: 0.0015862853, loss_valid: 0.0900825039
epoch: 3760, loss_train: 0.0016522523, loss_valid: 0.0904410407
epoch: 3780, loss_train: 0.0015868912, loss_valid: 0.0890785009
epoch: 3800, loss_train: 0.0015428453, loss_valid: 0.0847715437
epoch: 3820, loss_train: 0.0015520287, loss_valid: 0.0900107026
epoch: 3840, loss_train: 0.0015514760, loss_valid: 0.0863807201
epoch: 3860, loss_train: 0.0015080841, loss_valid: 0.0886292756
epoch: 3880, loss_train: 0.0014744287, loss_valid: 0.0930300131
epoch: 3900, loss_train: 0.0015029215, loss_valid: 0.0891129822
epoch: 3920, loss_train: 0.0015164311, loss_valid: 0.0909759477
epoch: 3940, loss_train: 0.0014797514, loss_valid: 0.0863752067
epoch: 3960, loss_train: 0.0014474624, loss_valid: 0.0900232270
epoch: 3980, loss_train: 0.0014927135, loss_valid: 0.0868855193
epoch: 4000, loss_train: 0.0014323897, loss_valid: 0.0869055539
epoch: 4020, loss_train: 0.0014778448, loss_valid: 0.0885200053
epoch: 4040, loss_train: 0.0014494630, loss_valid: 0.0851032436
epoch: 4060, loss_train: 0.0014651458, loss_valid: 0.0858189017
epoch: 4080, loss_train: 0.0064689317, loss_valid: 0.1006994620
epoch: 4100, loss_train: 0.0037724583, loss_valid: 0.1054178849
epoch: 4120, loss_train: 0.0027316865, loss_valid: 0.1050322503
epoch: 4140, loss_train: 0.0020503022, loss_valid: 0.1037520021
epoch: 4160, loss_train: 0.0018747133, loss_valid: 0.1029458120
epoch: 4180, loss_train: 0.0016489205, loss_valid: 0.1049518064
epoch: 4200, loss_train: 0.0015899108, loss_valid: 0.1020315886
epoch: 4220, loss_train: 0.0016060619, loss_valid: 0.1008826867
epoch: 4240, loss_train: 0.0014948160, loss_valid: 0.1016335785
epoch: 4260, loss_train: 0.0015174808, loss_valid: 0.1061482728
epoch: 4280, loss_train: 0.0014926188, loss_valid: 0.0966868773
epoch: 4300, loss_train: 0.0014425655, loss_valid: 0.1002967581
epoch: 4320, loss_train: 0.0014706523, loss_valid: 0.0965133160
epoch: 4340, loss_train: 0.0014328401, loss_valid: 0.0982156321
epoch: 4360, loss_train: 0.0013955153, loss_valid: 0.1011855528
epoch: 4380, loss_train: 0.0013731975, loss_valid: 0.1000434011
epoch: 4400, loss_train: 0.0013894713, loss_valid: 0.0977079943
epoch: 4420, loss_train: 0.0013436963, loss_valid: 0.1017369702
epoch: 4440, loss_train: 0.0013183465, loss_valid: 0.1005384251
epoch: 4460, loss_train: 0.0013307462, loss_valid: 0.1015092060
epoch: 4480, loss_train: 0.0013192077, loss_valid: 0.0970330238
epoch: 4500, loss_train: 0.0013232945, loss_valid: 0.0968364328
epoch: 4520, loss_train: 0.0012856032, loss_valid: 0.0970942676
epoch: 4540, loss_train: 0.0013012225, loss_valid: 0.1018420085
epoch: 4560, loss_train: 0.0012920608, loss_valid: 0.0981540829
epoch: 4580, loss_train: 0.0012686730, loss_valid: 0.0973428786
epoch: 4600, loss_train: 0.0012731401, loss_valid: 0.0939916968
epoch: 4620, loss_train: 0.0012882967, loss_valid: 0.0937332064
epoch: 4640, loss_train: 0.0012231559, loss_valid: 0.0941016227
epoch: 4660, loss_train: 0.0012636203, loss_valid: 0.1016120911
epoch: 4680, loss_train: 0.0012751468, loss_valid: 0.0951866135
epoch: 4700, loss_train: 0.0012277666, loss_valid: 0.0970318541
epoch: 4720, loss_train: 0.0011906006, loss_valid: 0.0973879173
epoch: 4740, loss_train: 0.0012059556, loss_valid: 0.0982145593
epoch: 4760, loss_train: 0.0012145669, loss_valid: 0.0928901508
epoch: 4780, loss_train: 0.0011805668, loss_valid: 0.0951613262
epoch: 4800, loss_train: 0.0012140672, loss_valid: 0.0979086086
epoch: 4820, loss_train: 0.0012040065, loss_valid: 0.0942692012
epoch: 4840, loss_train: 0.0011618783, loss_valid: 0.0939969048
epoch: 4860, loss_train: 0.0011542084, loss_valid: 0.0948913917
epoch: 4880, loss_train: 0.0011347648, loss_valid: 0.0932403579
epoch: 4900, loss_train: 0.0011534375, loss_valid: 0.0956116170
epoch: 4920, loss_train: 0.0011598100, loss_valid: 0.0965897664
epoch: 4940, loss_train: 0.0011266811, loss_valid: 0.0965663269
epoch: 4960, loss_train: 0.0011732504, loss_valid: 0.0934202820
epoch: 4980, loss_train: 0.0011321518, loss_valid: 0.0943222269
epoch: 5000, loss_train: 0.0011025268, loss_valid: 0.0941062644
epoch: 5020, loss_train: 0.0011078782, loss_valid: 0.0921965241
epoch: 5040, loss_train: 0.0011149428, loss_valid: 0.0921786577
epoch: 5060, loss_train: 0.0011338883, loss_valid: 0.0930469260
epoch: 5080, loss_train: 0.0010965996, loss_valid: 0.0967189223
epoch: 5100, loss_train: 0.0011233427, loss_valid: 0.0928683430
epoch: 5120, loss_train: 0.0011141065, loss_valid: 0.0970237106
epoch: 5140, loss_train: 0.0010905844, loss_valid: 0.0900742039
epoch: 5160, loss_train: 0.0010780983, loss_valid: 0.0955020785
epoch: 5180, loss_train: 0.0010906261, loss_valid: 0.0971022844
epoch: 5200, loss_train: 0.0010630788, loss_valid: 0.0948360413
epoch: 5220, loss_train: 0.0011061217, loss_valid: 0.0931284353
epoch: 5240, loss_train: 0.0010575104, loss_valid: 0.0905361176
epoch: 5260, loss_train: 0.0011092363, loss_valid: 0.0969798416
epoch: 5280, loss_train: 0.0010906415, loss_valid: 0.0908169895
epoch: 5300, loss_train: 0.0010600110, loss_valid: 0.0910012200
epoch: 5320, loss_train: 0.0010530015, loss_valid: 0.0890771374
epoch: 5340, loss_train: 0.0010552779, loss_valid: 0.0890176371
epoch: 5360, loss_train: 0.0010504439, loss_valid: 0.0923272148
epoch: 5380, loss_train: 0.0010430911, loss_valid: 0.0877835155
epoch: 5400, loss_train: 0.0010031298, loss_valid: 0.0904738382
epoch: 5420, loss_train: 0.0010120515, loss_valid: 0.0887037888
epoch: 5440, loss_train: 0.0010302551, loss_valid: 0.0905622467
epoch: 5460, loss_train: 0.0010604151, loss_valid: 0.0885447562
epoch: 5480, loss_train: 0.0009940509, loss_valid: 0.0917101651
epoch: 5500, loss_train: 0.0009930126, loss_valid: 0.0912957266
epoch: 5520, loss_train: 0.0009776872, loss_valid: 0.0904863179
epoch: 5540, loss_train: 0.0010293400, loss_valid: 0.0888004676
epoch: 5560, loss_train: 0.0010444560, loss_valid: 0.0880005658
epoch: 5580, loss_train: 0.0010348670, loss_valid: 0.0892326161
epoch: 5600, loss_train: 0.0010097655, loss_valid: 0.0908193812
epoch: 5620, loss_train: 0.0009947644, loss_valid: 0.0935358703
epoch: 5640, loss_train: 0.0010098459, loss_valid: 0.0908511207
epoch: 5660, loss_train: 0.0009841179, loss_valid: 0.0848957077
epoch: 5680, loss_train: 0.0010206688, loss_valid: 0.0913133845
epoch: 5700, loss_train: 0.0009490449, loss_valid: 0.0898751244
epoch: 5720, loss_train: 0.0009587536, loss_valid: 0.0901603773
epoch: 5740, loss_train: 0.0009230230, loss_valid: 0.0889333040
epoch: 5760, loss_train: 0.0009515848, loss_valid: 0.0895524770
epoch: 5780, loss_train: 0.0009640990, loss_valid: 0.0878012702
epoch: 5800, loss_train: 0.0008989650, loss_valid: 0.0917008296
epoch: 5820, loss_train: 0.0009331892, loss_valid: 0.0865513459
epoch: 5840, loss_train: 0.0009373408, loss_valid: 0.0906284451
epoch: 5860, loss_train: 0.0009719923, loss_valid: 0.0903796852
epoch: 5880, loss_train: 0.0009643584, loss_valid: 0.0899762437
epoch: 5900, loss_train: 0.0009598403, loss_valid: 0.0895957276
epoch: 5920, loss_train: 0.0009416923, loss_valid: 0.0895749032
epoch: 5940, loss_train: 0.0009035520, loss_valid: 0.0892276689
epoch: 5960, loss_train: 0.0009319355, loss_valid: 0.0885683894
epoch: 5980, loss_train: 0.0009275883, loss_valid: 0.0887945890
epoch: 6000, loss_train: 0.0009476300, loss_valid: 0.0871560648
epoch: 6020, loss_train: 0.0009190732, loss_valid: 0.0890783295
epoch: 6040, loss_train: 0.0009354708, loss_valid: 0.0886337757
epoch: 6060, loss_train: 0.0009124697, loss_valid: 0.0865532607
epoch: 6080, loss_train: 0.0009786675, loss_valid: 0.0896516591
epoch: 6100, loss_train: 0.0009056705, loss_valid: 0.0857794061
epoch: 6120, loss_train: 0.0008877364, loss_valid: 0.0887956172
epoch: 6140, loss_train: 0.0009071917, loss_valid: 0.0902981386
epoch: 6160, loss_train: 0.0008983845, loss_valid: 0.0861530229
epoch: 6180, loss_train: 0.0008754988, loss_valid: 0.0882825851
epoch: 6200, loss_train: 0.0008901542, loss_valid: 0.0882252529
epoch: 6220, loss_train: 0.0008574089, loss_valid: 0.0847130716
epoch: 6240, loss_train: 0.0008855282, loss_valid: 0.0876552835
epoch: 6260, loss_train: 0.0009037230, loss_valid: 0.0860945284
epoch: 6280, loss_train: 0.0008724337, loss_valid: 0.0854318738
epoch: 6300, loss_train: 0.0008843769, loss_valid: 0.0872911140
epoch: 6320, loss_train: 0.0008897520, loss_valid: 0.0889824107
epoch: 6340, loss_train: 0.0008617727, loss_valid: 0.0881307274
epoch: 6360, loss_train: 0.0008722941, loss_valid: 0.0849561840
epoch: 6380, loss_train: 0.0008667076, loss_valid: 0.0882409662
epoch: 6400, loss_train: 0.0008557632, loss_valid: 0.0855871290
epoch: 6420, loss_train: 0.0008419520, loss_valid: 0.0855366737
epoch: 6440, loss_train: 0.0008435228, loss_valid: 0.0858948827
epoch: 6460, loss_train: 0.0008782635, loss_valid: 0.0865791515
epoch: 6480, loss_train: 0.0008506405, loss_valid: 0.0862817392
epoch: 6500, loss_train: 0.0008768510, loss_valid: 0.0869082510
epoch: 6520, loss_train: 0.0008793583, loss_valid: 0.0888902545
epoch: 6540, loss_train: 0.0008652585, loss_valid: 0.0873925909
epoch: 6560, loss_train: 0.0008187395, loss_valid: 0.0860451385
epoch: 6580, loss_train: 0.0008275409, loss_valid: 0.0825625882
epoch: 6600, loss_train: 0.0008173856, loss_valid: 0.0830099881
epoch: 6620, loss_train: 0.0008421719, loss_valid: 0.0847318023
epoch: 6640, loss_train: 0.0008220006, loss_valid: 0.0855170414
epoch: 6660, loss_train: 0.0008363408, loss_valid: 0.0887641609
epoch: 6680, loss_train: 0.0008282617, loss_valid: 0.0833784565
epoch: 6700, loss_train: 0.0008182919, loss_valid: 0.0856129006
epoch: 6720, loss_train: 0.0008295442, loss_valid: 0.0828553066
epoch: 6740, loss_train: 0.0008094995, loss_valid: 0.0836108550
epoch: 6760, loss_train: 0.0008108713, loss_valid: 0.0853501856
epoch: 6780, loss_train: 0.0008130419, loss_valid: 0.0871848911
epoch: 6800, loss_train: 0.0008097174, loss_valid: 0.0855623335
epoch: 6820, loss_train: 0.0007686478, loss_valid: 0.0856619105
epoch: 6840, loss_train: 0.0007989951, loss_valid: 0.0854634643
epoch: 6860, loss_train: 0.0008495946, loss_valid: 0.0812262744
epoch: 6880, loss_train: 0.0008282129, loss_valid: 0.0842778087
epoch: 6900, loss_train: 0.0007656543, loss_valid: 0.0820972994
epoch: 6920, loss_train: 0.0008080354, loss_valid: 0.0838451535
epoch: 6940, loss_train: 0.0008359733, loss_valid: 0.0867700577
epoch: 6960, loss_train: 0.0007895907, loss_valid: 0.0822763741
epoch: 6980, loss_train: 0.0007468550, loss_valid: 0.0819143057
epoch: 7000, loss_train: 0.0008198315, loss_valid: 0.0812645257
epoch: 7020, loss_train: 0.0008225639, loss_valid: 0.0802088976
epoch: 7040, loss_train: 0.0007842541, loss_valid: 0.0851129889
epoch: 7060, loss_train: 0.0008151604, loss_valid: 0.0829635412
epoch: 7080, loss_train: 0.0007766574, loss_valid: 0.0802632496
epoch: 7100, loss_train: 0.0007774269, loss_valid: 0.0818378106
epoch: 7120, loss_train: 0.0007804798, loss_valid: 0.0802935511
epoch: 7140, loss_train: 0.0007801637, loss_valid: 0.0822762921
epoch: 7160, loss_train: 0.0007896766, loss_valid: 0.0834256262
epoch: 7180, loss_train: 0.0007495604, loss_valid: 0.0808682144
epoch: 7200, loss_train: 0.0007697387, loss_valid: 0.0836214870
epoch: 7220, loss_train: 0.0007625065, loss_valid: 0.0858582780
epoch: 7240, loss_train: 0.0007608833, loss_valid: 0.0807537064
epoch: 7260, loss_train: 0.0007873215, loss_valid: 0.0801041946
epoch: 7280, loss_train: 0.0007949623, loss_valid: 0.0805642977
epoch: 7300, loss_train: 0.0007843357, loss_valid: 0.0831633732
epoch: 7320, loss_train: 0.0008270022, loss_valid: 0.0788644031
epoch: 7340, loss_train: 0.0008576955, loss_valid: 0.0825477988
epoch: 7360, loss_train: 0.0007580110, loss_valid: 0.0806556344
epoch: 7380, loss_train: 0.0007620056, loss_valid: 0.0801045969
epoch: 7400, loss_train: 0.0007554528, loss_valid: 0.0810517520
epoch: 7420, loss_train: 0.0007786059, loss_valid: 0.0788962245
epoch: 7440, loss_train: 0.0007307774, loss_valid: 0.0811625049
epoch: 7460, loss_train: 0.0007552356, loss_valid: 0.0797393620
epoch: 7480, loss_train: 0.0007599826, loss_valid: 0.0791374892
epoch: 7500, loss_train: 0.0007446455, loss_valid: 0.0791195631
epoch: 7520, loss_train: 0.0007437011, loss_valid: 0.0801878422
epoch: 7540, loss_train: 0.0007668411, loss_valid: 0.0817369893
epoch: 7560, loss_train: 0.0007417144, loss_valid: 0.0822498500
epoch: 7580, loss_train: 0.0007641522, loss_valid: 0.0809678584
epoch: 7600, loss_train: 0.0008216500, loss_valid: 0.0801638067
epoch: 7620, loss_train: 0.0007201241, loss_valid: 0.0805679113
epoch: 7640, loss_train: 0.0007296572, loss_valid: 0.0777261034
epoch: 7660, loss_train: 0.0007511095, loss_valid: 0.0788834170
epoch: 7680, loss_train: 0.0007448814, loss_valid: 0.0785620064
epoch: 7700, loss_train: 0.0007233337, loss_valid: 0.0832267702
epoch: 7720, loss_train: 0.0007498463, loss_valid: 0.0810666904
epoch: 7740, loss_train: 0.0007736998, loss_valid: 0.0787467733
epoch: 7760, loss_train: 0.0007573158, loss_valid: 0.0819030106
epoch: 7780, loss_train: 0.0007092340, loss_valid: 0.0817598924
epoch: 7800, loss_train: 0.0007755197, loss_valid: 0.0791470781
epoch: 7820, loss_train: 0.0007257405, loss_valid: 0.0770492926
epoch: 7840, loss_train: 0.0007159222, loss_valid: 0.0797647461
epoch: 7860, loss_train: 0.0007645037, loss_valid: 0.0780492276
epoch: 7880, loss_train: 0.0007765559, loss_valid: 0.0744891688
epoch: 7900, loss_train: 0.0007335664, loss_valid: 0.0771515667
epoch: 7920, loss_train: 0.0006910547, loss_valid: 0.0770905688
epoch: 7940, loss_train: 0.0007213350, loss_valid: 0.0789054632
epoch: 7960, loss_train: 0.0007074334, loss_valid: 0.0775098950
epoch: 7980, loss_train: 0.0006911043, loss_valid: 0.0795687884
epoch: 8000, loss_train: 0.0007396779, loss_valid: 0.0774598569
epoch: 8020, loss_train: 0.0006989758, loss_valid: 0.0793229043
epoch: 8040, loss_train: 0.0007646773, loss_valid: 0.0774299204
epoch: 8060, loss_train: 0.0006887529, loss_valid: 0.0780677870
epoch: 8080, loss_train: 0.0007804955, loss_valid: 0.0782356709
epoch: 8100, loss_train: 0.0006575432, loss_valid: 0.0807739347
epoch: 8120, loss_train: 0.0007019541, loss_valid: 0.0780146420
epoch: 8140, loss_train: 0.0007172534, loss_valid: 0.0787267759
epoch: 8160, loss_train: 0.0007352307, loss_valid: 0.0762454793
epoch: 8180, loss_train: 0.0007129040, loss_valid: 0.0752904043
epoch: 8200, loss_train: 0.0007681181, loss_valid: 0.0732499510
epoch: 8220, loss_train: 0.0241139606, loss_valid: 0.0688777268
epoch: 8240, loss_train: 0.0168309323, loss_valid: 0.0661719888
epoch: 8260, loss_train: 0.0106157595, loss_valid: 0.0593340248
epoch: 8280, loss_train: 0.0082024857, loss_valid: 0.0601558127
epoch: 8300, loss_train: 0.0062599396, loss_valid: 0.0605656430
epoch: 8320, loss_train: 0.0050206692, loss_valid: 0.0580412187
epoch: 8340, loss_train: 0.0042864294, loss_valid: 0.0579373948
epoch: 8360, loss_train: 0.0038904219, loss_valid: 0.0611459464
epoch: 8380, loss_train: 0.0033625329, loss_valid: 0.0610425845
epoch: 8400, loss_train: 0.0031319936, loss_valid: 0.0618410446
epoch: 8420, loss_train: 0.0028698321, loss_valid: 0.0610925183
epoch: 8440, loss_train: 0.0027489928, loss_valid: 0.0623298697
epoch: 8460, loss_train: 0.0025439525, loss_valid: 0.0607465282
epoch: 8480, loss_train: 0.0023793783, loss_valid: 0.0603023693
epoch: 8500, loss_train: 0.0022519464, loss_valid: 0.0612749904
epoch: 8520, loss_train: 0.0021949802, loss_valid: 0.0610574409
epoch: 8540, loss_train: 0.0021152762, loss_valid: 0.0617917553
epoch: 8560, loss_train: 0.0019897416, loss_valid: 0.0623305291
epoch: 8580, loss_train: 0.0019847131, loss_valid: 0.0629681200
epoch: 8600, loss_train: 0.0027323782, loss_valid: 0.0606239438
epoch: 8620, loss_train: 0.0030660147, loss_valid: 0.0584279932
epoch: 8640, loss_train: 0.0055591292, loss_valid: 0.0564841740
epoch: 8660, loss_train: 0.0045395410, loss_valid: 0.0587238073
epoch: 8680, loss_train: 0.0031182063, loss_valid: 0.0606589839
epoch: 8700, loss_train: 0.0025869219, loss_valid: 0.0617514476
epoch: 8720, loss_train: 0.0022668850, loss_valid: 0.0608695522
epoch: 8740, loss_train: 0.0021479789, loss_valid: 0.0637614802
epoch: 8760, loss_train: 0.0020082088, loss_valid: 0.0597332269
epoch: 8780, loss_train: 0.0019157092, loss_valid: 0.0616459772
epoch: 8800, loss_train: 0.0018677118, loss_valid: 0.0582552105
epoch: 8820, loss_train: 0.0017722183, loss_valid: 0.0600215495
epoch: 8840, loss_train: 0.0017764391, loss_valid: 0.0606609806
epoch: 8860, loss_train: 0.0016710949, loss_valid: 0.0627419353
epoch: 8880, loss_train: 0.0016572791, loss_valid: 0.0624748319
epoch: 8900, loss_train: 0.0015967520, loss_valid: 0.0601950176
epoch: 8920, loss_train: 0.0015770632, loss_valid: 0.0620166995
epoch: 8940, loss_train: 0.0015867691, loss_valid: 0.0621410832
epoch: 8960, loss_train: 0.0014911456, loss_valid: 0.0628674999
epoch: 8980, loss_train: 0.0015040160, loss_valid: 0.0595329665
epoch: 9000, loss_train: 0.0015180761, loss_valid: 0.0603970848
epoch: 9020, loss_train: 0.0014415944, loss_valid: 0.0653394163
epoch: 9040, loss_train: 0.0014483525, loss_valid: 0.0639161617
epoch: 9060, loss_train: 0.0013968366, loss_valid: 0.0626212955
epoch: 9080, loss_train: 0.0014104310, loss_valid: 0.0624032505
epoch: 9100, loss_train: 0.0014116092, loss_valid: 0.0611309111
epoch: 9120, loss_train: 0.0013649048, loss_valid: 0.0644965395
epoch: 9140, loss_train: 0.0013356212, loss_valid: 0.0623493940
epoch: 9160, loss_train: 0.0013189610, loss_valid: 0.0642886907
epoch: 9180, loss_train: 0.0013100596, loss_valid: 0.0626246035
epoch: 9200, loss_train: 0.0012989934, loss_valid: 0.0627185106
epoch: 9220, loss_train: 0.0012857140, loss_valid: 0.0614963546
epoch: 9240, loss_train: 0.0012354412, loss_valid: 0.0642269850
epoch: 9260, loss_train: 0.0012372250, loss_valid: 0.0629115999
epoch: 9280, loss_train: 0.0012566210, loss_valid: 0.0605757535
epoch: 9300, loss_train: 0.0012343691, loss_valid: 0.0644429252
epoch: 9320, loss_train: 0.0012642508, loss_valid: 0.0610764213
epoch: 9340, loss_train: 0.0012414601, loss_valid: 0.0634361580
epoch: 9360, loss_train: 0.0012047591, loss_valid: 0.0658125579
epoch: 9380, loss_train: 0.0012008012, loss_valid: 0.0621645637
epoch: 9400, loss_train: 0.0011480510, loss_valid: 0.0604560710
epoch: 9420, loss_train: 0.0011947950, loss_valid: 0.0602968745
epoch: 9440, loss_train: 0.0011748372, loss_valid: 0.0602413304
epoch: 9460, loss_train: 0.0011640438, loss_valid: 0.0620044619
epoch: 9480, loss_train: 0.0011490380, loss_valid: 0.0617468469
epoch: 9500, loss_train: 0.0011976362, loss_valid: 0.0603796542
epoch: 9520, loss_train: 0.0011788812, loss_valid: 0.0641608015
epoch: 9540, loss_train: 0.0011330340, loss_valid: 0.0626819804
epoch: 9560, loss_train: 0.0012000754, loss_valid: 0.0617341287
epoch: 9580, loss_train: 0.0011104909, loss_valid: 0.0606481545
epoch: 9600, loss_train: 0.0011093905, loss_valid: 0.0622033402
epoch: 9620, loss_train: 0.0010907690, loss_valid: 0.0641760901
epoch: 9640, loss_train: 0.0011013695, loss_valid: 0.0623366237
epoch: 9660, loss_train: 0.0010957298, loss_valid: 0.0617553070
epoch: 9680, loss_train: 0.0010752613, loss_valid: 0.0622887239
epoch: 9700, loss_train: 0.0010866581, loss_valid: 0.0641676784
epoch: 9720, loss_train: 0.0010617081, loss_valid: 0.0613710694
epoch: 9740, loss_train: 0.0010500463, loss_valid: 0.0634811968
epoch: 9760, loss_train: 0.0010347118, loss_valid: 0.0633887723
epoch: 9780, loss_train: 0.0010696886, loss_valid: 0.0655079111
epoch: 9800, loss_train: 0.0027883113, loss_valid: 0.0633591190
epoch: 9820, loss_train: 0.0017796941, loss_valid: 0.0637591332
epoch: 9840, loss_train: 0.0013535927, loss_valid: 0.0650920644
epoch: 9860, loss_train: 0.0011934150, loss_valid: 0.0651752800
epoch: 9880, loss_train: 0.0011570025, loss_valid: 0.0649176389
epoch: 9900, loss_train: 0.0011475002, loss_valid: 0.0655079111
epoch: 9920, loss_train: 0.0011188822, loss_valid: 0.0666492209
epoch: 9940, loss_train: 0.0010819233, loss_valid: 0.0631913766
epoch: 9960, loss_train: 0.0010534525, loss_valid: 0.0646799207
epoch: 9980, loss_train: 0.0010364185, loss_valid: 0.0662804022
epoch: 10000, loss_train: 0.0010471336, loss_valid: 0.0657442883
epoch: 10020, loss_train: 0.0010297449, loss_valid: 0.0638022497
epoch: 10040, loss_train: 0.0010520519, loss_valid: 0.0638329834
epoch: 10060, loss_train: 0.0010387531, loss_valid: 0.0636711493
epoch: 10080, loss_train: 0.0009916343, loss_valid: 0.0645551905
epoch: 10100, loss_train: 0.0009960919, loss_valid: 0.0643342286
epoch: 10120, loss_train: 0.0009878273, loss_valid: 0.0638385341
epoch: 10140, loss_train: 0.0016265325, loss_valid: 0.0595604032
epoch: 10160, loss_train: 0.0017315004, loss_valid: 0.0631969050
epoch: 10180, loss_train: 0.0017016956, loss_valid: 0.0584320575
epoch: 10200, loss_train: 0.0025526148, loss_valid: 0.0609827675
epoch: 10220, loss_train: 0.0080979532, loss_valid: 0.0608215481
epoch: 10240, loss_train: 0.0287655238, loss_valid: 0.0428061709
epoch: 10260, loss_train: 0.0280135311, loss_valid: 0.0398602746
epoch: 10280, loss_train: 0.0249398798, loss_valid: 0.0389979929
epoch: 10300, loss_train: 0.0225328151, loss_valid: 0.0433305129
epoch: 10320, loss_train: 0.0208637677, loss_valid: 0.0442007631
epoch: 10340, loss_train: 0.0187888108, loss_valid: 0.0417238362
epoch: 10360, loss_train: 0.0166101027, loss_valid: 0.0415194258
epoch: 10380, loss_train: 0.0148826456, loss_valid: 0.0438338593
epoch: 10400, loss_train: 0.0130795809, loss_valid: 0.0441081934
epoch: 10420, loss_train: 0.0120299412, loss_valid: 0.0448667184
epoch: 10440, loss_train: 0.0112606203, loss_valid: 0.0429019965
epoch: 10460, loss_train: 0.0102134626, loss_valid: 0.0460165069
epoch: 10480, loss_train: 0.0093083242, loss_valid: 0.0448349491
epoch: 10500, loss_train: 0.0087194843, loss_valid: 0.0446880162
epoch: 10520, loss_train: 0.0082232887, loss_valid: 0.0464418828
epoch: 10540, loss_train: 0.0079488950, loss_valid: 0.0429909006
epoch: 10560, loss_train: 0.0075150691, loss_valid: 0.0441237278
epoch: 10580, loss_train: 0.0073457840, loss_valid: 0.0478820056
epoch: 10600, loss_train: 0.0069284653, loss_valid: 0.0461751819
epoch: 10620, loss_train: 0.0067559420, loss_valid: 0.0464765206
epoch: 10640, loss_train: 0.0064814966, loss_valid: 0.0469366461
epoch: 10660, loss_train: 0.0111654876, loss_valid: 0.0459556766
epoch: 10680, loss_train: 0.0159482192, loss_valid: 0.0448212773
epoch: 10700, loss_train: 0.0151293417, loss_valid: 0.0463396907
epoch: 10720, loss_train: 0.0164676253, loss_valid: 0.0478749871
epoch: 10740, loss_train: 0.0142182410, loss_valid: 0.0503861457
epoch: 10760, loss_train: 0.0126612661, loss_valid: 0.0491525941
epoch: 10780, loss_train: 0.0154395290, loss_valid: 0.0459077395
epoch: 10800, loss_train: 0.0109191658, loss_valid: 0.0460341461
epoch: 10820, loss_train: 0.0149816563, loss_valid: 0.0471992455
epoch: 10840, loss_train: 0.0137346881, loss_valid: 0.0471417084
epoch: 10860, loss_train: 0.0105559612, loss_valid: 0.0508161895
epoch: 10880, loss_train: 0.0094829816, loss_valid: 0.0457121134
epoch: 10900, loss_train: 0.0091620190, loss_valid: 0.0492196754
epoch: 10920, loss_train: 0.0086847069, loss_valid: 0.0479515046
epoch: 10940, loss_train: 0.0115042897, loss_valid: 0.0490833446
epoch: 10960, loss_train: 0.0109326039, loss_valid: 0.0457032584
epoch: 10980, loss_train: 0.0098842736, loss_valid: 0.0456179716
epoch: 11000, loss_train: 0.0089548538, loss_valid: 0.0471745208
epoch: 11020, loss_train: 0.0084417667, loss_valid: 0.0466773100
epoch: 11040, loss_train: 0.0077642854, loss_valid: 0.0461066104
epoch: 11060, loss_train: 0.0077049923, loss_valid: 0.0467909947
epoch: 11080, loss_train: 0.0071784048, loss_valid: 0.0454618409
epoch: 11100, loss_train: 0.0069497018, loss_valid: 0.0456380807
epoch: 11120, loss_train: 0.0069631687, loss_valid: 0.0443589240
epoch: 11140, loss_train: 0.0073554674, loss_valid: 0.0444480665
epoch: 11160, loss_train: 0.0064763515, loss_valid: 0.0448974930
epoch: 11180, loss_train: 0.0062455200, loss_valid: 0.0454363823
epoch: 11200, loss_train: 0.0061056502, loss_valid: 0.0468199886
epoch: 11220, loss_train: 0.0059674853, loss_valid: 0.0475338511
epoch: 11240, loss_train: 0.0057715131, loss_valid: 0.0473808534
epoch: 11260, loss_train: 0.0056540929, loss_valid: 0.0473220944
epoch: 11280, loss_train: 0.0055533974, loss_valid: 0.0469796024
epoch: 11300, loss_train: 0.0054809568, loss_valid: 0.0457071401
epoch: 11320, loss_train: 0.0054024211, loss_valid: 0.0459493734
epoch: 11340, loss_train: 0.0053610890, loss_valid: 0.0462752096
epoch: 11360, loss_train: 0.0053163748, loss_valid: 0.0466846973
epoch: 11380, loss_train: 0.0051834118, loss_valid: 0.0464381799
epoch: 11400, loss_train: 0.0051046275, loss_valid: 0.0455118157
epoch: 11420, loss_train: 0.0049948911, loss_valid: 0.0464539528
epoch: 11440, loss_train: 0.0052435133, loss_valid: 0.0469689779
epoch: 11460, loss_train: 0.0063791443, loss_valid: 0.0464869663
epoch: 11480, loss_train: 0.0060240705, loss_valid: 0.0480323806
epoch: 11500, loss_train: 0.0054544625, loss_valid: 0.0455124862
epoch: 11520, loss_train: 0.0051471586, loss_valid: 0.0479759574
epoch: 11540, loss_train: 0.0049461951, loss_valid: 0.0481158122
epoch: 11560, loss_train: 0.0048282952, loss_valid: 0.0460371561
epoch: 11580, loss_train: 0.0048292060, loss_valid: 0.0478902757
epoch: 11600, loss_train: 0.0046502016, loss_valid: 0.0470913686
epoch: 11620, loss_train: 0.0045338753, loss_valid: 0.0465794988
epoch: 11640, loss_train: 0.0045567700, loss_valid: 0.0464243405
epoch: 11660, loss_train: 0.0044553680, loss_valid: 0.0454351641
epoch: 11680, loss_train: 0.0044506784, loss_valid: 0.0473315008
epoch: 11700, loss_train: 0.0043364074, loss_valid: 0.0475729890
epoch: 11720, loss_train: 0.0043303478, loss_valid: 0.0471145660
epoch: 11740, loss_train: 0.0042825365, loss_valid: 0.0466067716
epoch: 11760, loss_train: 0.0049096979, loss_valid: 0.0475285798
epoch: 11780, loss_train: 0.0043954332, loss_valid: 0.0471510403
epoch: 11800, loss_train: 0.0041062292, loss_valid: 0.0467592739
epoch: 11820, loss_train: 0.0040659118, loss_valid: 0.0472570099
epoch: 11840, loss_train: 0.0039770459, loss_valid: 0.0465437621
epoch: 11860, loss_train: 0.0039918330, loss_valid: 0.0458986126
epoch: 11880, loss_train: 0.0039180275, loss_valid: 0.0471212268
epoch: 11900, loss_train: 0.0038064667, loss_valid: 0.0459199585
epoch: 11920, loss_train: 0.0038385978, loss_valid: 0.0467918999
epoch: 11940, loss_train: 0.0037895078, loss_valid: 0.0476249643
epoch: 11960, loss_train: 0.0038062069, loss_valid: 0.0475952998
epoch: 11980, loss_train: 0.0036931867, loss_valid: 0.0469488017
epoch: 12000, loss_train: 0.0037098778, loss_valid: 0.0466204211
epoch: 12020, loss_train: 0.0036032076, loss_valid: 0.0477374531
epoch: 12040, loss_train: 0.0035212729, loss_valid: 0.0472679585
epoch: 12060, loss_train: 0.0035397043, loss_valid: 0.0464774743
epoch: 12080, loss_train: 0.0035225849, loss_valid: 0.0465295836
epoch: 12100, loss_train: 0.0034347943, loss_valid: 0.0477586500
epoch: 12120, loss_train: 0.0034570328, loss_valid: 0.0464514904
epoch: 12140, loss_train: 0.0034319591, loss_valid: 0.0477667712
epoch: 12160, loss_train: 0.0034208212, loss_valid: 0.0470101088
epoch: 12180, loss_train: 0.0033626009, loss_valid: 0.0466027446
epoch: 12200, loss_train: 0.0033225939, loss_valid: 0.0464123376
epoch: 12220, loss_train: 0.0032438915, loss_valid: 0.0472239591
epoch: 12240, loss_train: 0.0032727306, loss_valid: 0.0471525788
epoch: 12260, loss_train: 0.0032025697, loss_valid: 0.0472230092
epoch: 12280, loss_train: 0.0032190701, loss_valid: 0.0460814051
epoch: 12300, loss_train: 0.0031645810, loss_valid: 0.0463689826
epoch: 12320, loss_train: 0.0031520471, loss_valid: 0.0468848012
epoch: 12340, loss_train: 0.0031089385, loss_valid: 0.0468035825
epoch: 12360, loss_train: 0.0031596823, loss_valid: 0.0468938127
epoch: 12380, loss_train: 0.0031323046, loss_valid: 0.0461633503
epoch: 12400, loss_train: 0.0030510477, loss_valid: 0.0469228663
epoch: 12420, loss_train: 0.0030161694, loss_valid: 0.0463958457
epoch: 12440, loss_train: 0.0029609613, loss_valid: 0.0475296415
epoch: 12460, loss_train: 0.0029553841, loss_valid: 0.0460777581
epoch: 12480, loss_train: 0.0029718485, loss_valid: 0.0470561869
epoch: 12500, loss_train: 0.0029283850, loss_valid: 0.0467281081
epoch: 12520, loss_train: 0.0028861542, loss_valid: 0.0474355184
epoch: 12540, loss_train: 0.0029432308, loss_valid: 0.0469551943
epoch: 12560, loss_train: 0.0029228847, loss_valid: 0.0478679501
epoch: 12580, loss_train: 0.0028497321, loss_valid: 0.0472104326
epoch: 12600, loss_train: 0.0028283442, loss_valid: 0.0465017781
epoch: 12620, loss_train: 0.0027816156, loss_valid: 0.0463119335
epoch: 12640, loss_train: 0.0028321974, loss_valid: 0.0467827171
epoch: 12660, loss_train: 0.0028060088, loss_valid: 0.0469394550
epoch: 12680, loss_train: 0.0027198493, loss_valid: 0.0462267771
epoch: 12700, loss_train: 0.0027482964, loss_valid: 0.0466945432
epoch: 12720, loss_train: 0.0027245763, loss_valid: 0.0464419089
epoch: 12740, loss_train: 0.0027022648, loss_valid: 0.0468621440
epoch: 12760, loss_train: 0.0026207371, loss_valid: 0.0476266034
epoch: 12780, loss_train: 0.0027043351, loss_valid: 0.0469313003
epoch: 12800, loss_train: 0.0026688024, loss_valid: 0.0470085517
epoch: 12820, loss_train: 0.0026189873, loss_valid: 0.0475748777
epoch: 12840, loss_train: 0.0025699246, loss_valid: 0.0465615243
epoch: 12860, loss_train: 0.0026237669, loss_valid: 0.0470959768
epoch: 12880, loss_train: 0.0025383143, loss_valid: 0.0480996668
epoch: 12900, loss_train: 0.0025573042, loss_valid: 0.0461613312
epoch: 12920, loss_train: 0.0025735053, loss_valid: 0.0472062007
epoch: 12940, loss_train: 0.0025210513, loss_valid: 0.0465310439
epoch: 12960, loss_train: 0.0024812820, loss_valid: 0.0464248545
epoch: 12980, loss_train: 0.0025162869, loss_valid: 0.0479473509
epoch: 13000, loss_train: 0.0024719373, loss_valid: 0.0464486480
epoch: 13020, loss_train: 0.0024983229, loss_valid: 0.0468976200
epoch: 13040, loss_train: 0.0024719522, loss_valid: 0.0465341844
epoch: 13060, loss_train: 0.0023788721, loss_valid: 0.0474700108
epoch: 13080, loss_train: 0.0024326032, loss_valid: 0.0474484973
epoch: 13100, loss_train: 0.0024358798, loss_valid: 0.0473414734
epoch: 13120, loss_train: 0.0023642769, loss_valid: 0.0467963889
epoch: 13140, loss_train: 0.0023131832, loss_valid: 0.0461879596
epoch: 13160, loss_train: 0.0023710215, loss_valid: 0.0469817929
epoch: 13180, loss_train: 0.0023655798, loss_valid: 0.0467919633
epoch: 13200, loss_train: 0.0023591719, loss_valid: 0.0459208898
epoch: 13220, loss_train: 0.0022993276, loss_valid: 0.0467314869
epoch: 13240, loss_train: 0.0023343060, loss_valid: 0.0464817472
epoch: 13260, loss_train: 0.0022892123, loss_valid: 0.0471188650
epoch: 13280, loss_train: 0.0022938477, loss_valid: 0.0460206382
epoch: 13300, loss_train: 0.0022721472, loss_valid: 0.0467230938
epoch: 13320, loss_train: 0.0022806083, loss_valid: 0.0464328192
epoch: 13340, loss_train: 0.0022539743, loss_valid: 0.0471497551
epoch: 13360, loss_train: 0.0022252926, loss_valid: 0.0465368368
epoch: 13380, loss_train: 0.0022120865, loss_valid: 0.0474101044
epoch: 13400, loss_train: 0.0022243564, loss_valid: 0.0460919254
epoch: 13420, loss_train: 0.0022033833, loss_valid: 0.0465370305
epoch: 13440, loss_train: 0.0021864926, loss_valid: 0.0467556976
epoch: 13460, loss_train: 0.0021806939, loss_valid: 0.0477819666
epoch: 13480, loss_train: 0.0021855887, loss_valid: 0.0462960526
epoch: 13500, loss_train: 0.0021802518, loss_valid: 0.0470390879
epoch: 13520, loss_train: 0.0021794953, loss_valid: 0.0460440777
epoch: 13540, loss_train: 0.0021481025, loss_valid: 0.0466775633
epoch: 13560, loss_train: 0.0131724644, loss_valid: 0.0472585522
epoch: 13580, loss_train: 0.0126885334, loss_valid: 0.0440810472
epoch: 13600, loss_train: 0.0221516881, loss_valid: 0.0491676070
epoch: 13620, loss_train: 0.0214345753, loss_valid: 0.0440384708
epoch: 13640, loss_train: 0.0290060844, loss_valid: 0.0391473584
epoch: 13660, loss_train: 0.0260959454, loss_valid: 0.0395207293
epoch: 13680, loss_train: 0.0216432996, loss_valid: 0.0396582931
epoch: 13700, loss_train: 0.0212841202, loss_valid: 0.0403336361
epoch: 13720, loss_train: 0.0198131502, loss_valid: 0.0446447097
epoch: 13740, loss_train: 0.0171197187, loss_valid: 0.0443915799
epoch: 13760, loss_train: 0.0176181532, loss_valid: 0.0455641560
epoch: 13780, loss_train: 0.0158042926, loss_valid: 0.0438425541
epoch: 13800, loss_train: 0.0158739705, loss_valid: 0.0456447080
epoch: 13820, loss_train: 0.0158715323, loss_valid: 0.0461156629
epoch: 13840, loss_train: 0.0151291480, loss_valid: 0.0431082584
epoch: 13860, loss_train: 0.0140879713, loss_valid: 0.0440827347
epoch: 13880, loss_train: 0.0128887836, loss_valid: 0.0423452258
epoch: 13900, loss_train: 0.0121736135, loss_valid: 0.0423243083
epoch: 13920, loss_train: 0.0121261328, loss_valid: 0.0435239263
epoch: 13940, loss_train: 0.0118624941, loss_valid: 0.0442710035
epoch: 13960, loss_train: 0.0109798899, loss_valid: 0.0427967124
epoch: 13980, loss_train: 0.0113771586, loss_valid: 0.0437136926
epoch: 14000, loss_train: 0.0104025742, loss_valid: 0.0465932190
epoch: 14020, loss_train: 0.0100085055, loss_valid: 0.0451142192
epoch: 14040, loss_train: 0.0102407038, loss_valid: 0.0475446768
epoch: 14060, loss_train: 0.0096342554, loss_valid: 0.0479913130
epoch: 14080, loss_train: 0.0095289741, loss_valid: 0.0487278551
epoch: 14100, loss_train: 0.0091349389, loss_valid: 0.0479557849
epoch: 14120, loss_train: 0.0085039549, loss_valid: 0.0491144247
epoch: 14140, loss_train: 0.0080135548, loss_valid: 0.0505143888
epoch: 14160, loss_train: 0.0079785306, loss_valid: 0.0463203602
epoch: 14180, loss_train: 0.0077114776, loss_valid: 0.0467556193
epoch: 14200, loss_train: 0.0074092848, loss_valid: 0.0467285253
epoch: 14220, loss_train: 0.0071867560, loss_valid: 0.0503742099
epoch: 14240, loss_train: 0.0072023990, loss_valid: 0.0455726795
epoch: 14260, loss_train: 0.0068881316, loss_valid: 0.0471137390
epoch: 14280, loss_train: 0.0070425957, loss_valid: 0.0477886423
epoch: 14300, loss_train: 0.0068070651, loss_valid: 0.0465500504
epoch: 14320, loss_train: 0.0068513872, loss_valid: 0.0484785251
epoch: 14340, loss_train: 0.0066318461, loss_valid: 0.0471949764
epoch: 14360, loss_train: 0.0064415187, loss_valid: 0.0460910723
epoch: 14380, loss_train: 0.0062278537, loss_valid: 0.0487835929
epoch: 14400, loss_train: 0.0061815749, loss_valid: 0.0485585108
epoch: 14420, loss_train: 0.0063305940, loss_valid: 0.0473074801
epoch: 14440, loss_train: 0.0062407004, loss_valid: 0.0494273864
epoch: 14460, loss_train: 0.0065963045, loss_valid: 0.0495217033
epoch: 14480, loss_train: 0.0060384413, loss_valid: 0.0477300249
epoch: 14500, loss_train: 0.0059148725, loss_valid: 0.0492910072
epoch: 14520, loss_train: 0.0058900528, loss_valid: 0.0493155122
epoch: 14540, loss_train: 0.0057413136, loss_valid: 0.0477485247
epoch: 14560, loss_train: 0.0056306920, loss_valid: 0.0490522385
epoch: 14580, loss_train: 0.0055414839, loss_valid: 0.0466129668
epoch: 14600, loss_train: 0.0056003262, loss_valid: 0.0489740185
epoch: 14620, loss_train: 0.0054149893, loss_valid: 0.0478927940
epoch: 14640, loss_train: 0.0054201502, loss_valid: 0.0464686751
epoch: 14660, loss_train: 0.0052639511, loss_valid: 0.0482892953
epoch: 14680, loss_train: 0.0051693106, loss_valid: 0.0485764742
epoch: 14700, loss_train: 0.0050537130, loss_valid: 0.0477189831
epoch: 14720, loss_train: 0.0050161756, loss_valid: 0.0485474803
epoch: 14740, loss_train: 0.0049659410, loss_valid: 0.0473310091
epoch: 14760, loss_train: 0.0049757482, loss_valid: 0.0470127836
epoch: 14780, loss_train: 0.0048650526, loss_valid: 0.0491694063
epoch: 14800, loss_train: 0.0048601152, loss_valid: 0.0484877490
epoch: 14820, loss_train: 0.0047224830, loss_valid: 0.0503988452
epoch: 14840, loss_train: 0.0047728494, loss_valid: 0.0480600782
epoch: 14860, loss_train: 0.0046642972, loss_valid: 0.0478851497
epoch: 14880, loss_train: 0.0046696318, loss_valid: 0.0474788696
epoch: 14900, loss_train: 0.0045157503, loss_valid: 0.0495343693
epoch: 14920, loss_train: 0.0045076637, loss_valid: 0.0482643694
epoch: 14940, loss_train: 0.0045119291, loss_valid: 0.0495367572
epoch: 14960, loss_train: 0.0044055064, loss_valid: 0.0489865802
epoch: 14980, loss_train: 0.0043561817, loss_valid: 0.0474287979
epoch: 15000, loss_train: 0.0042410186, loss_valid: 0.0502452925
epoch: 15020, loss_train: 0.0043218285, loss_valid: 0.0498978831
epoch: 15040, loss_train: 0.0042128302, loss_valid: 0.0476464331
epoch: 15060, loss_train: 0.0041724988, loss_valid: 0.0477348194
epoch: 15080, loss_train: 0.0041308063, loss_valid: 0.0485754982
epoch: 15100, loss_train: 0.0041544642, loss_valid: 0.0484435335
epoch: 15120, loss_train: 0.0041173147, loss_valid: 0.0486794561
epoch: 15140, loss_train: 0.0040150802, loss_valid: 0.0476945937
epoch: 15160, loss_train: 0.0040521086, loss_valid: 0.0495336279
epoch: 15180, loss_train: 0.0039867708, loss_valid: 0.0498011895
epoch: 15200, loss_train: 0.0038984409, loss_valid: 0.0487261936
epoch: 15220, loss_train: 0.0039735856, loss_valid: 0.0507078543
epoch: 15240, loss_train: 0.0039571198, loss_valid: 0.0489416644
epoch: 15260, loss_train: 0.0038334602, loss_valid: 0.0497481041
epoch: 15280, loss_train: 0.0038422386, loss_valid: 0.0470102951
epoch: 15300, loss_train: 0.0037981602, loss_valid: 0.0492061526
epoch: 15320, loss_train: 0.0038162617, loss_valid: 0.0501474813
epoch: 15340, loss_train: 0.0037262707, loss_valid: 0.0472672395
epoch: 15360, loss_train: 0.0037790560, loss_valid: 0.0491187200
epoch: 15380, loss_train: 0.0036626994, loss_valid: 0.0500297882
epoch: 15400, loss_train: 0.0036256332, loss_valid: 0.0507986695
epoch: 15420, loss_train: 0.0036741749, loss_valid: 0.0519108027
epoch: 15440, loss_train: 0.0036830208, loss_valid: 0.0499753952
epoch: 15460, loss_train: 0.0036059583, loss_valid: 0.0483555235
epoch: 15480, loss_train: 0.0035754426, loss_valid: 0.0503741652
epoch: 15500, loss_train: 0.0035934988, loss_valid: 0.0489838868
epoch: 15520, loss_train: 0.0035823460, loss_valid: 0.0491236821
epoch: 15540, loss_train: 0.0034554393, loss_valid: 0.0483337976
epoch: 15560, loss_train: 0.0034946918, loss_valid: 0.0493408591
epoch: 15580, loss_train: 0.0034229583, loss_valid: 0.0512218177
epoch: 15600, loss_train: 0.0034650601, loss_valid: 0.0509008840
epoch: 15620, loss_train: 0.0034894438, loss_valid: 0.0486790799
epoch: 15640, loss_train: 0.0033752786, loss_valid: 0.0499942899
epoch: 15660, loss_train: 0.0034100213, loss_valid: 0.0491644330
epoch: 15680, loss_train: 0.0033118534, loss_valid: 0.0497789681
epoch: 15700, loss_train: 0.0033448699, loss_valid: 0.0486922041
epoch: 15720, loss_train: 0.0044583837, loss_valid: 0.0484879836
epoch: 15740, loss_train: 0.0059918044, loss_valid: 0.0503119007
epoch: 15760, loss_train: 0.0073680868, loss_valid: 0.0453607664
epoch: 15780, loss_train: 0.0131384274, loss_valid: 0.0455976017
epoch: 15800, loss_train: 0.0149544422, loss_valid: 0.0449051708
epoch: 15820, loss_train: 0.0195043739, loss_valid: 0.0479794480
epoch: 15840, loss_train: 0.0169747658, loss_valid: 0.0450451672
epoch: 15860, loss_train: 0.0183534920, loss_valid: 0.0455616638
epoch: 15880, loss_train: 0.0136978403, loss_valid: 0.0474617109
epoch: 15900, loss_train: 0.0115541453, loss_valid: 0.0476600565
epoch: 15920, loss_train: 0.0103309862, loss_valid: 0.0454940312
epoch: 15940, loss_train: 0.0113050146, loss_valid: 0.0486636572
epoch: 15960, loss_train: 0.0104156667, loss_valid: 0.0468632393
epoch: 15980, loss_train: 0.0089048287, loss_valid: 0.0524400286
epoch: 16000, loss_train: 0.0084062126, loss_valid: 0.0531934984
epoch: 16020, loss_train: 0.0086078476, loss_valid: 0.0503484458
epoch: 16040, loss_train: 0.0088058552, loss_valid: 0.0495293401
epoch: 16060, loss_train: 0.0077787586, loss_valid: 0.0550735109
epoch: 16080, loss_train: 0.0074479934, loss_valid: 0.0480487049
epoch: 16100, loss_train: 0.0071757110, loss_valid: 0.0499374829
epoch: 16120, loss_train: 0.0081343744, loss_valid: 0.0453709029
epoch: 16140, loss_train: 0.0076165576, loss_valid: 0.0454198793
epoch: 16160, loss_train: 0.0069944761, loss_valid: 0.0471996628
epoch: 16180, loss_train: 0.0065694796, loss_valid: 0.0485527851
epoch: 16200, loss_train: 0.0063158362, loss_valid: 0.0475456938
epoch: 16220, loss_train: 0.0061896862, loss_valid: 0.0470614508
epoch: 16240, loss_train: 0.0059412313, loss_valid: 0.0453438945
epoch: 16260, loss_train: 0.0057782829, loss_valid: 0.0458198525
epoch: 16280, loss_train: 0.0058129979, loss_valid: 0.0463079512
epoch: 16300, loss_train: 0.0060672606, loss_valid: 0.0506523363
epoch: 16320, loss_train: 0.0059964713, loss_valid: 0.0474675298
epoch: 16340, loss_train: 0.0061212913, loss_valid: 0.0456386395
epoch: 16360, loss_train: 0.0059441277, loss_valid: 0.0465922467
epoch: 16380, loss_train: 0.0060050236, loss_valid: 0.0478808880
epoch: 16400, loss_train: 0.0057313498, loss_valid: 0.0472794063
epoch: 16420, loss_train: 0.0055281878, loss_valid: 0.0463306829
epoch: 16440, loss_train: 0.0053331321, loss_valid: 0.0453397706
epoch: 16460, loss_train: 0.0053829700, loss_valid: 0.0490479469
epoch: 16480, loss_train: 0.0052351118, loss_valid: 0.0462983213
epoch: 16500, loss_train: 0.0052039525, loss_valid: 0.0484771244
epoch: 16520, loss_train: 0.0050373729, loss_valid: 0.0460560396
epoch: 16540, loss_train: 0.0051236749, loss_valid: 0.0472230986
epoch: 16560, loss_train: 0.0050854911, loss_valid: 0.0465879142
epoch: 16580, loss_train: 0.0049211299, loss_valid: 0.0471174382
epoch: 16600, loss_train: 0.0049213949, loss_valid: 0.0472986028
epoch: 16620, loss_train: 0.0047626593, loss_valid: 0.0465027764
epoch: 16640, loss_train: 0.0046577440, loss_valid: 0.0471596420
epoch: 16660, loss_train: 0.0046980209, loss_valid: 0.0467057750
epoch: 16680, loss_train: 0.0045608296, loss_valid: 0.0468639210
epoch: 16700, loss_train: 0.0045404085, loss_valid: 0.0465920940
epoch: 16720, loss_train: 0.0046340129, loss_valid: 0.0471790582
epoch: 16740, loss_train: 0.0045228270, loss_valid: 0.0477985963
epoch: 16760, loss_train: 0.0044129039, loss_valid: 0.0474400371
epoch: 16780, loss_train: 0.0044125170, loss_valid: 0.0467076637
epoch: 16800, loss_train: 0.0044287303, loss_valid: 0.0473426469
epoch: 16820, loss_train: 0.0042874627, loss_valid: 0.0462171733
epoch: 16840, loss_train: 0.0042295093, loss_valid: 0.0486213677
epoch: 16860, loss_train: 0.0041777007, loss_valid: 0.0464434288
epoch: 16880, loss_train: 0.0042053941, loss_valid: 0.0497362316
epoch: 16900, loss_train: 0.0042072865, loss_valid: 0.0467609540
epoch: 16920, loss_train: 0.0041816952, loss_valid: 0.0465473458
epoch: 16940, loss_train: 0.0043028025, loss_valid: 0.0480897650
epoch: 16960, loss_train: 0.0042261481, loss_valid: 0.0468877517
epoch: 16980, loss_train: 0.0041807666, loss_valid: 0.0481986180
epoch: 17000, loss_train: 0.0040693702, loss_valid: 0.0483127497
epoch: 17020, loss_train: 0.0040095961, loss_valid: 0.0469636060
epoch: 17040, loss_train: 0.0040677213, loss_valid: 0.0479375795
epoch: 17060, loss_train: 0.0040717013, loss_valid: 0.0463195778
epoch: 17080, loss_train: 0.0040609720, loss_valid: 0.0489490032
epoch: 17100, loss_train: 0.0039734947, loss_valid: 0.0469020270
epoch: 17120, loss_train: 0.0039363122, loss_valid: 0.0480417497
epoch: 17140, loss_train: 0.0038050727, loss_valid: 0.0496985391
epoch: 17160, loss_train: 0.0039096191, loss_valid: 0.0477476530
epoch: 17180, loss_train: 0.0038742167, loss_valid: 0.0481779501
epoch: 17200, loss_train: 0.0038393177, loss_valid: 0.0468532369
epoch: 17220, loss_train: 0.0038442593, loss_valid: 0.0466625020
epoch: 17240, loss_train: 0.0038556908, loss_valid: 0.0478845350
epoch: 17260, loss_train: 0.0038176342, loss_valid: 0.0469661355
epoch: 17280, loss_train: 0.0037874349, loss_valid: 0.0480375960
epoch: 17300, loss_train: 0.0036887794, loss_valid: 0.0476857610
epoch: 17320, loss_train: 0.0037231604, loss_valid: 0.0471109003
epoch: 17340, loss_train: 0.0036671809, loss_valid: 0.0458246171
epoch: 17360, loss_train: 0.0036923168, loss_valid: 0.0463767536
epoch: 17380, loss_train: 0.0036567769, loss_valid: 0.0484515913
epoch: 17400, loss_train: 0.0036818467, loss_valid: 0.0479975790
epoch: 17420, loss_train: 0.0035084288, loss_valid: 0.0461680442
epoch: 17440, loss_train: 0.0035753029, loss_valid: 0.0486754812
epoch: 17460, loss_train: 0.0036052153, loss_valid: 0.0475247577
epoch: 17480, loss_train: 0.0036402880, loss_valid: 0.0481870472
epoch: 17500, loss_train: 0.0035353459, loss_valid: 0.0471300930
epoch: 17520, loss_train: 0.0036984098, loss_valid: 0.0484807231
epoch: 17540, loss_train: 0.0038437392, loss_valid: 0.0491866767
epoch: 17560, loss_train: 0.0036513866, loss_valid: 0.0463373847
epoch: 17580, loss_train: 0.0036562979, loss_valid: 0.0485684723
epoch: 17600, loss_train: 0.0036160864, loss_valid: 0.0492234454
epoch: 17620, loss_train: 0.0035533707, loss_valid: 0.0483572781
epoch: 17640, loss_train: 0.0038172896, loss_valid: 0.0501115173
epoch: 17660, loss_train: 0.0042356248, loss_valid: 0.0510600321
epoch: 17680, loss_train: 0.0037949411, loss_valid: 0.0493923947
epoch: 17700, loss_train: 0.0037238367, loss_valid: 0.0496419594
epoch: 17720, loss_train: 0.0036439167, loss_valid: 0.0464605540
epoch: 17740, loss_train: 0.0034963037, loss_valid: 0.0488213748
epoch: 17760, loss_train: 0.0035353848, loss_valid: 0.0487219356
epoch: 17780, loss_train: 0.0036080533, loss_valid: 0.0494455174
epoch: 17800, loss_train: 0.0036075613, loss_valid: 0.0488861911
epoch: 17820, loss_train: 0.0035796200, loss_valid: 0.0493058972
epoch: 17840, loss_train: 0.0034717410, loss_valid: 0.0493531451
epoch: 17860, loss_train: 0.0035219130, loss_valid: 0.0487152077
epoch: 17880, loss_train: 0.0033824542, loss_valid: 0.0486370288
epoch: 17900, loss_train: 0.0034155406, loss_valid: 0.0525406413
epoch: 17920, loss_train: 0.0033719337, loss_valid: 0.0489834584
epoch: 17940, loss_train: 0.0033089381, loss_valid: 0.0487491004
epoch: 17960, loss_train: 0.0033251899, loss_valid: 0.0479792282
epoch: 17980, loss_train: 0.0033805978, loss_valid: 0.0469811000
epoch: 18000, loss_train: 0.0032494308, loss_valid: 0.0498829447
epoch: 18020, loss_train: 0.0051258299, loss_valid: 0.0527100898
epoch: 18040, loss_train: 0.0040720296, loss_valid: 0.0484628901
epoch: 18060, loss_train: 0.0036820602, loss_valid: 0.0507052019
epoch: 18080, loss_train: 0.0034445827, loss_valid: 0.0474838689
epoch: 18100, loss_train: 0.0033918414, loss_valid: 0.0479568280
epoch: 18120, loss_train: 0.0033700303, loss_valid: 0.0491698496
epoch: 18140, loss_train: 0.0032178778, loss_valid: 0.0491471030
epoch: 18160, loss_train: 0.0032010172, loss_valid: 0.0492634885
epoch: 18180, loss_train: 0.0031395887, loss_valid: 0.0491681658
epoch: 18200, loss_train: 0.0030968012, loss_valid: 0.0486748405
epoch: 18220, loss_train: 0.0031900904, loss_valid: 0.0485772602
epoch: 18240, loss_train: 0.0030708963, loss_valid: 0.0484430604
epoch: 18260, loss_train: 0.0030760572, loss_valid: 0.0471291356
epoch: 18280, loss_train: 0.0030728329, loss_valid: 0.0477546640
epoch: 18300, loss_train: 0.0031573125, loss_valid: 0.0477597043
epoch: 18320, loss_train: 0.0030929446, loss_valid: 0.0478986874
epoch: 18340, loss_train: 0.0031416700, loss_valid: 0.0494823754
epoch: 18360, loss_train: 0.0030985568, loss_valid: 0.0505085140
epoch: 18380, loss_train: 0.0029571657, loss_valid: 0.0477275960
epoch: 18400, loss_train: 0.0030447897, loss_valid: 0.0484541208
epoch: 18420, loss_train: 0.0029929760, loss_valid: 0.0505192578
epoch: 18440, loss_train: 0.0029971150, loss_valid: 0.0465522259
epoch: 18460, loss_train: 0.0029153158, loss_valid: 0.0493760183
epoch: 18480, loss_train: 0.0029750848, loss_valid: 0.0476059802
epoch: 18500, loss_train: 0.0029075972, loss_valid: 0.0473678708
epoch: 18520, loss_train: 0.0028452866, loss_valid: 0.0492461473
epoch: 18540, loss_train: 0.0029045495, loss_valid: 0.0482314639
epoch: 18560, loss_train: 0.0029011886, loss_valid: 0.0476056747
epoch: 18580, loss_train: 0.0028776445, loss_valid: 0.0497603789
epoch: 18600, loss_train: 0.0027946730, loss_valid: 0.0494464636
epoch: 18620, loss_train: 0.0028666891, loss_valid: 0.0473868251
epoch: 18640, loss_train: 0.0028450207, loss_valid: 0.0487112552
epoch: 18660, loss_train: 0.0028289291, loss_valid: 0.0511122271
epoch: 18680, loss_train: 0.0027690330, loss_valid: 0.0487598963
epoch: 18700, loss_train: 0.0027956623, loss_valid: 0.0480173975
epoch: 18720, loss_train: 0.0028210345, loss_valid: 0.0486499555
epoch: 18740, loss_train: 0.0027589120, loss_valid: 0.0489666946
epoch: 18760, loss_train: 0.0027283039, loss_valid: 0.0471096858
epoch: 18780, loss_train: 0.0027750214, loss_valid: 0.0489328317
epoch: 18800, loss_train: 0.0028221449, loss_valid: 0.0495944396
epoch: 18820, loss_train: 0.0027387165, loss_valid: 0.0474371985
epoch: 18840, loss_train: 0.0027314331, loss_valid: 0.0487132892
epoch: 18860, loss_train: 0.0026968261, loss_valid: 0.0479430668
epoch: 18880, loss_train: 0.0027244738, loss_valid: 0.0478138998
epoch: 18900, loss_train: 0.0026981512, loss_valid: 0.0481734611
epoch: 18920, loss_train: 0.0027281786, loss_valid: 0.0505158566
epoch: 18940, loss_train: 0.0027131399, loss_valid: 0.0505956970
epoch: 18960, loss_train: 0.0026760485, loss_valid: 0.0507157780
epoch: 18980, loss_train: 0.0027086639, loss_valid: 0.0527003221
epoch: 19000, loss_train: 0.0026485347, loss_valid: 0.0485498272
epoch: 19020, loss_train: 0.0026088078, loss_valid: 0.0510672592
epoch: 19040, loss_train: 0.0025715148, loss_valid: 0.0476635583
epoch: 19060, loss_train: 0.0026139279, loss_valid: 0.0504991300
epoch: 19080, loss_train: 0.0026189531, loss_valid: 0.0499346703
epoch: 19100, loss_train: 0.0025765880, loss_valid: 0.0505726449
epoch: 19120, loss_train: 0.0026454187, loss_valid: 0.0491377041
epoch: 19140, loss_train: 0.0026048415, loss_valid: 0.0483821779
epoch: 19160, loss_train: 0.0026027937, loss_valid: 0.0510919504
epoch: 19180, loss_train: 0.0026369474, loss_valid: 0.0498849787
epoch: 19200, loss_train: 0.0025622090, loss_valid: 0.0485552214
epoch: 19220, loss_train: 0.0025104734, loss_valid: 0.0479943678
epoch: 19240, loss_train: 0.0026327779, loss_valid: 0.0486056097
epoch: 19260, loss_train: 0.0025868267, loss_valid: 0.0486960448
epoch: 19280, loss_train: 0.0025563063, loss_valid: 0.0494775325
epoch: 19300, loss_train: 0.0025270889, loss_valid: 0.0475273542
epoch: 19320, loss_train: 0.0025213249, loss_valid: 0.0479890220
epoch: 19340, loss_train: 0.0025747274, loss_valid: 0.0500197150
epoch: 19360, loss_train: 0.0025596286, loss_valid: 0.0482614711
epoch: 19380, loss_train: 0.0024632090, loss_valid: 0.0480490290
epoch: 19400, loss_train: 0.0025472871, loss_valid: 0.0493685938
epoch: 19420, loss_train: 0.0025547289, loss_valid: 0.0470805839
epoch: 19440, loss_train: 0.0024628092, loss_valid: 0.0473137498
epoch: 19460, loss_train: 0.0025305895, loss_valid: 0.0482030995
epoch: 19480, loss_train: 0.0025130503, loss_valid: 0.0507415049
epoch: 19500, loss_train: 0.0024572632, loss_valid: 0.0482649729
epoch: 19520, loss_train: 0.0024427390, loss_valid: 0.0480252877
epoch: 19540, loss_train: 0.0024889032, loss_valid: 0.0482236184
epoch: 19560, loss_train: 0.0024902665, loss_valid: 0.0481934361
epoch: 19580, loss_train: 0.0024867712, loss_valid: 0.0476167612
epoch: 19600, loss_train: 0.0024021610, loss_valid: 0.0487582833
epoch: 19620, loss_train: 0.0024785856, loss_valid: 0.0493587814
epoch: 19640, loss_train: 0.0024022723, loss_valid: 0.0478118733
epoch: 19660, loss_train: 0.0023818265, loss_valid: 0.0466993898
epoch: 19680, loss_train: 0.0024272231, loss_valid: 0.0502006002
epoch: 19700, loss_train: 0.0024533872, loss_valid: 0.0458388031
epoch: 19720, loss_train: 0.0025000549, loss_valid: 0.0472965017
epoch: 19740, loss_train: 0.0023938636, loss_valid: 0.0464089885
epoch: 19760, loss_train: 0.0024377250, loss_valid: 0.0453485884
epoch: 19780, loss_train: 0.0023944718, loss_valid: 0.0480112657
epoch: 19800, loss_train: 0.0024146647, loss_valid: 0.0477028862
epoch: 19820, loss_train: 0.0023926578, loss_valid: 0.0471616387
epoch: 19840, loss_train: 0.0023631942, loss_valid: 0.0458616577
epoch: 19860, loss_train: 0.0024643710, loss_valid: 0.0480300188
epoch: 19880, loss_train: 0.0023869276, loss_valid: 0.0468353219
epoch: 19900, loss_train: 0.0023518733, loss_valid: 0.0454350412
epoch: 19920, loss_train: 0.0023099203, loss_valid: 0.0468378961
epoch: 19940, loss_train: 0.0023332005, loss_valid: 0.0483093783
epoch: 19960, loss_train: 0.0024030858, loss_valid: 0.0483512245
epoch: 19980, loss_train: 0.0023161031, loss_valid: 0.0460728966
Train the model: done, 2631.8443796634674 seconds
Save trained model: done
