/cluster/home/xudjian/ModalGNN_Time_Domain/data/dataset_loader.py:190: UserWarning: Creating a tensor from a list of numpy.ndarrays is extremely slow. Please consider converting the list to a single numpy.ndarray with numpy.array() before converting to a tensor. (Triggered internally at ../torch/csrc/utils/tensor_new.cpp:261.)
  self.freqs = torch.tensor(self.freqs, dtype = torch.float).to(self.device)
wandb: Using wandb-core as the SDK backend. Please refer to https://wandb.me/wandb-core for more information.
wandb: Currently logged in as: jxd-engineer. Use `wandb login --relogin` to force relogin
wandb: Tracking run with wandb version 0.18.1
wandb: Run data is saved locally in /cluster/home/xudjian/ModalGNN_Time_Domain/wandb/run-20241031_214800-xi18flhp
wandb: Run `wandb offline` to turn off syncing.
wandb: Syncing run nocturnal-nightmare-150
wandb: ⭐️ View project at https://wandb.ai/jxd-engineer/ModalGNN_TimeDomain
wandb: 🚀 View run at https://wandb.ai/jxd-engineer/ModalGNN_TimeDomain/runs/xi18flhp
wandb: - 0.066 MB of 0.066 MB uploadedwandb:                                                                                
wandb: 
wandb: Run history:
wandb: loss1_train █▇▂▂▂▂▁▁▁▁▁▁▁▁▁▁▁▁▁▁▁▁▁▁▁▁▁▁▁▁▁▁▁▁▁▁▁▁▁▁
wandb: loss1_valid ▁▆▇██▇▇▇▇▇▇▇▇▇▆▆▆▆▆▆▅▅▅▅▅▅▅▅▅▅▅▄▄▄▄▄▄▄▄▄
wandb: loss2_train ██▇▇▆▅▅▄▄▃▂▂▁▁▁▁▁▁▁▁▁▁▁▁▁▁▁▁▁▁▁▁▁▁▁▁▁▁▁▁
wandb: loss2_valid ▂▅█▆▆▃▂▂▂▂▂▂▂▂▂▂▁▁▁▁▁▁▁▁▁▁▁▁▁▁▁▁▁▁▁▁▁▁▁▁
wandb: loss3_train █▇▅▅▄▂▂▁▁▁▁▁▁▁▁▁▁▁▁▁▁▁▁▁▁▁▁▁▁▁▁▁▁▁▁▁▁▁▁▁
wandb: loss3_valid ▁▂▃▄▄▄▅▅▅▅▆▆▆▆▆▆▆▇▇▇▇▇▇▇▇▇▇▇████████████
wandb:  loss_train █▂▂▁▁▁▁▁▁▁▁▁▁▁▁▁▁▁▁▁▁▁▁▁▁▁▁▁▁▁▁▁▁▁▁▁▁▁▁▁
wandb:  loss_valid ▁▄▆▆▇▇█▇████▇▇▇▇▇▇▇▇▇▇▇▆▆▆▆▆▆▆▆▆▆▆▆▆▆▆▆▆
wandb: 
wandb: Run summary:
wandb: loss1_train 0.00041
wandb: loss1_valid 0.04908
wandb: loss2_train 0.0
wandb: loss2_valid 9e-05
wandb: loss3_train 0.0
wandb: loss3_valid 0.00719
wandb:  loss_train 0.00042
wandb:  loss_valid 0.05635
wandb: 
wandb: 🚀 View run nocturnal-nightmare-150 at: https://wandb.ai/jxd-engineer/ModalGNN_TimeDomain/runs/xi18flhp
wandb: ⭐️ View project at: https://wandb.ai/jxd-engineer/ModalGNN_TimeDomain
wandb: Synced 5 W&B file(s), 0 media file(s), 0 artifact file(s) and 0 other file(s)
wandb: Find logs at: ./wandb/run-20241031_214800-xi18flhp/logs
Training device: cuda:0
Create model: done
graph_id = 0
graph_id = 1
graph_id = 2
graph_id = 3
graph_id = 4
graph_id = 5
graph_id = 6
graph_id = 7
graph_id = 8
graph_id = 9
graph_id = 10
graph_id = 11
graph_id = 12
graph_id = 13
graph_id = 14
graph_id = 15
graph_id = 16
graph_id = 17
graph_id = 18
graph_id = 19
graph_id = 20
graph_id = 21
graph_id = 22
graph_id = 23
graph_id = 24
graph_id = 25
graph_id = 26
graph_id = 27
graph_id = 28
graph_id = 29
graph_id = 30
graph_id = 31
Create training dataset: done
graph_id = 32
graph_id = 33
graph_id = 34
graph_id = 35
graph_id = 36
graph_id = 37
graph_id = 38
graph_id = 39
Create validation dataset: done
epoch: 0, loss_train: 0.0983291864, loss_valid: 0.1172591373
epoch: 20, loss_train: 0.0344465300, loss_valid: 0.0518503673
epoch: 40, loss_train: 0.0312849432, loss_valid: 0.0457313769
epoch: 60, loss_train: 0.0301278252, loss_valid: 0.0431706235
epoch: 80, loss_train: 0.0291331410, loss_valid: 0.0421024226
epoch: 100, loss_train: 0.0279249419, loss_valid: 0.0416999124
epoch: 120, loss_train: 0.0265969187, loss_valid: 0.0418392383
epoch: 140, loss_train: 0.0252252221, loss_valid: 0.0421645194
epoch: 160, loss_train: 0.0238494743, loss_valid: 0.0425909311
epoch: 180, loss_train: 0.0226002634, loss_valid: 0.0428526886
epoch: 200, loss_train: 0.0214466620, loss_valid: 0.0435401611
epoch: 220, loss_train: 0.0203873292, loss_valid: 0.0437753834
epoch: 240, loss_train: 0.0193642154, loss_valid: 0.0439883731
epoch: 260, loss_train: 0.0184906200, loss_valid: 0.0447287634
epoch: 280, loss_train: 0.0175762977, loss_valid: 0.0450163260
epoch: 300, loss_train: 0.0167176463, loss_valid: 0.0455466807
epoch: 320, loss_train: 0.0159651581, loss_valid: 0.0460449010
epoch: 340, loss_train: 0.0151885552, loss_valid: 0.0463923439
epoch: 360, loss_train: 0.0145621719, loss_valid: 0.0469494276
epoch: 380, loss_train: 0.0139506944, loss_valid: 0.0478713848
epoch: 400, loss_train: 0.0133317318, loss_valid: 0.0476863049
epoch: 420, loss_train: 0.0128002195, loss_valid: 0.0487970263
epoch: 440, loss_train: 0.0123016257, loss_valid: 0.0491743833
epoch: 460, loss_train: 0.0118998168, loss_valid: 0.0488378294
epoch: 480, loss_train: 0.0114329858, loss_valid: 0.0493874885
epoch: 500, loss_train: 0.0110768173, loss_valid: 0.0498506092
epoch: 520, loss_train: 0.0107170464, loss_valid: 0.0498159491
epoch: 540, loss_train: 0.0104398727, loss_valid: 0.0500819758
epoch: 560, loss_train: 0.0101191783, loss_valid: 0.0504794307
epoch: 580, loss_train: 0.0098111676, loss_valid: 0.0506275557
epoch: 600, loss_train: 0.0095664477, loss_valid: 0.0512507036
epoch: 620, loss_train: 0.0093063246, loss_valid: 0.0515794456
epoch: 640, loss_train: 0.0091190552, loss_valid: 0.0520227365
epoch: 660, loss_train: 0.0088850865, loss_valid: 0.0527086630
epoch: 680, loss_train: 0.0086721266, loss_valid: 0.0516153872
epoch: 700, loss_train: 0.0084687266, loss_valid: 0.0513328463
epoch: 720, loss_train: 0.0083023887, loss_valid: 0.0524404570
epoch: 740, loss_train: 0.0081339860, loss_valid: 0.0528172106
epoch: 760, loss_train: 0.0079951473, loss_valid: 0.0524949990
epoch: 780, loss_train: 0.0077841161, loss_valid: 0.0529982969
epoch: 800, loss_train: 0.0076960274, loss_valid: 0.0528325103
epoch: 820, loss_train: 0.0074958005, loss_valid: 0.0530962683
epoch: 840, loss_train: 0.0073775607, loss_valid: 0.0532469526
epoch: 860, loss_train: 0.0071888249, loss_valid: 0.0535761006
epoch: 880, loss_train: 0.0071279760, loss_valid: 0.0535495095
epoch: 900, loss_train: 0.0069645452, loss_valid: 0.0531772375
epoch: 920, loss_train: 0.0068654041, loss_valid: 0.0535026044
epoch: 940, loss_train: 0.0067297486, loss_valid: 0.0539675131
epoch: 960, loss_train: 0.0066435905, loss_valid: 0.0542152859
epoch: 980, loss_train: 0.0064977934, loss_valid: 0.0539010204
epoch: 1000, loss_train: 0.0064066118, loss_valid: 0.0546748042
epoch: 1020, loss_train: 0.0062487302, loss_valid: 0.0542968139
epoch: 1040, loss_train: 0.0061726826, loss_valid: 0.0544425175
epoch: 1060, loss_train: 0.0060495101, loss_valid: 0.0543911904
epoch: 1080, loss_train: 0.0059435447, loss_valid: 0.0545224547
epoch: 1100, loss_train: 0.0058225081, loss_valid: 0.0548471287
epoch: 1120, loss_train: 0.0057477327, loss_valid: 0.0551911294
epoch: 1140, loss_train: 0.0056367517, loss_valid: 0.0552287661
epoch: 1160, loss_train: 0.0055999923, loss_valid: 0.0553445816
epoch: 1180, loss_train: 0.0054732356, loss_valid: 0.0552189909
epoch: 1200, loss_train: 0.0053879055, loss_valid: 0.0560492091
epoch: 1220, loss_train: 0.0053037321, loss_valid: 0.0564705506
epoch: 1240, loss_train: 0.0052333577, loss_valid: 0.0557883047
epoch: 1260, loss_train: 0.0051531810, loss_valid: 0.0560707189
epoch: 1280, loss_train: 0.0050682114, loss_valid: 0.0559453629
epoch: 1300, loss_train: 0.0050010844, loss_valid: 0.0562780909
epoch: 1320, loss_train: 0.0049054381, loss_valid: 0.0562034100
epoch: 1340, loss_train: 0.0048505864, loss_valid: 0.0560128242
epoch: 1360, loss_train: 0.0047664139, loss_valid: 0.0565111339
epoch: 1380, loss_train: 0.0046904678, loss_valid: 0.0566906258
epoch: 1400, loss_train: 0.0046045706, loss_valid: 0.0563897304
epoch: 1420, loss_train: 0.0045576608, loss_valid: 0.0563821308
epoch: 1440, loss_train: 0.0044727447, loss_valid: 0.0564578548
epoch: 1460, loss_train: 0.0044310121, loss_valid: 0.0569134764
epoch: 1480, loss_train: 0.0043640467, loss_valid: 0.0568518937
epoch: 1500, loss_train: 0.0042928727, loss_valid: 0.0566185266
epoch: 1520, loss_train: 0.0042330660, loss_valid: 0.0568504818
epoch: 1540, loss_train: 0.0041585355, loss_valid: 0.0565591082
epoch: 1560, loss_train: 0.0041537592, loss_valid: 0.0572607368
epoch: 1580, loss_train: 0.0040911674, loss_valid: 0.0568394363
epoch: 1600, loss_train: 0.0040296558, loss_valid: 0.0574041754
epoch: 1620, loss_train: 0.0039589074, loss_valid: 0.0575181022
epoch: 1640, loss_train: 0.0039194487, loss_valid: 0.0575521663
epoch: 1660, loss_train: 0.0038753925, loss_valid: 0.0580543838
epoch: 1680, loss_train: 0.0038358269, loss_valid: 0.0582484938
epoch: 1700, loss_train: 0.0037640878, loss_valid: 0.0580069795
epoch: 1720, loss_train: 0.0037335723, loss_valid: 0.0581329390
epoch: 1740, loss_train: 0.0036617920, loss_valid: 0.0576916672
epoch: 1760, loss_train: 0.0036262951, loss_valid: 0.0576409958
epoch: 1780, loss_train: 0.0035495916, loss_valid: 0.0576228984
epoch: 1800, loss_train: 0.0035297649, loss_valid: 0.0583946295
epoch: 1820, loss_train: 0.0034721922, loss_valid: 0.0578749664
epoch: 1840, loss_train: 0.0034643570, loss_valid: 0.0582020730
epoch: 1860, loss_train: 0.0034275376, loss_valid: 0.0585798770
epoch: 1880, loss_train: 0.0033716469, loss_valid: 0.0582020953
epoch: 1900, loss_train: 0.0033411246, loss_valid: 0.0583731346
epoch: 1920, loss_train: 0.0032645098, loss_valid: 0.0577150658
epoch: 1940, loss_train: 0.0032554381, loss_valid: 0.0583598800
epoch: 1960, loss_train: 0.0032031848, loss_valid: 0.0586822182
epoch: 1980, loss_train: 0.0031853186, loss_valid: 0.0587165914
epoch: 2000, loss_train: 0.0031689967, loss_valid: 0.0589850768
epoch: 2020, loss_train: 0.0031146735, loss_valid: 0.0584999286
epoch: 2040, loss_train: 0.0030284985, loss_valid: 0.0584002286
epoch: 2060, loss_train: 0.0030129454, loss_valid: 0.0587543771
epoch: 2080, loss_train: 0.0030139952, loss_valid: 0.0588629022
epoch: 2100, loss_train: 0.0029396766, loss_valid: 0.0584862381
epoch: 2120, loss_train: 0.0028971718, loss_valid: 0.0584877692
epoch: 2140, loss_train: 0.0028852886, loss_valid: 0.0588592961
epoch: 2160, loss_train: 0.0028824480, loss_valid: 0.0590431876
epoch: 2180, loss_train: 0.0028117066, loss_valid: 0.0587876029
epoch: 2200, loss_train: 0.0028128258, loss_valid: 0.0586903356
epoch: 2220, loss_train: 0.0027714402, loss_valid: 0.0593692251
epoch: 2240, loss_train: 0.0027059505, loss_valid: 0.0592721365
epoch: 2260, loss_train: 0.0027504633, loss_valid: 0.0593208112
epoch: 2280, loss_train: 0.0026699998, loss_valid: 0.0598758236
epoch: 2300, loss_train: 0.0026776050, loss_valid: 0.0590561591
epoch: 2320, loss_train: 0.0026265597, loss_valid: 0.0594435818
epoch: 2340, loss_train: 0.0026141664, loss_valid: 0.0592871010
epoch: 2360, loss_train: 0.0025813521, loss_valid: 0.0596748292
epoch: 2380, loss_train: 0.0025654489, loss_valid: 0.0594789423
epoch: 2400, loss_train: 0.0024916001, loss_valid: 0.0600013398
epoch: 2420, loss_train: 0.0025372463, loss_valid: 0.0600065477
epoch: 2440, loss_train: 0.0024782047, loss_valid: 0.0593252555
epoch: 2460, loss_train: 0.0024465516, loss_valid: 0.0599399135
epoch: 2480, loss_train: 0.0024328507, loss_valid: 0.0593909547
epoch: 2500, loss_train: 0.0024212648, loss_valid: 0.0595202595
epoch: 2520, loss_train: 0.0024071932, loss_valid: 0.0596881509
epoch: 2540, loss_train: 0.0023483578, loss_valid: 0.0608195215
epoch: 2560, loss_train: 0.0023210477, loss_valid: 0.0599340908
epoch: 2580, loss_train: 0.0023311158, loss_valid: 0.0602266192
epoch: 2600, loss_train: 0.0022698622, loss_valid: 0.0603329092
epoch: 2620, loss_train: 0.0022611911, loss_valid: 0.0599786304
epoch: 2640, loss_train: 0.0022514549, loss_valid: 0.0605960749
epoch: 2660, loss_train: 0.0022445885, loss_valid: 0.0600573793
epoch: 2680, loss_train: 0.0022164907, loss_valid: 0.0596688800
epoch: 2700, loss_train: 0.0021846977, loss_valid: 0.0606105626
epoch: 2720, loss_train: 0.0021883384, loss_valid: 0.0602740943
epoch: 2740, loss_train: 0.0021751628, loss_valid: 0.0603681132
epoch: 2760, loss_train: 0.0021112792, loss_valid: 0.0602888539
epoch: 2780, loss_train: 0.0021263098, loss_valid: 0.0603294671
epoch: 2800, loss_train: 0.0021175658, loss_valid: 0.0606285855
epoch: 2820, loss_train: 0.0020762857, loss_valid: 0.0601165444
epoch: 2840, loss_train: 0.0020759192, loss_valid: 0.0605811216
epoch: 2860, loss_train: 0.0020559374, loss_valid: 0.0601779222
epoch: 2880, loss_train: 0.0020371650, loss_valid: 0.0596363097
epoch: 2900, loss_train: 0.0020311035, loss_valid: 0.0604573674
epoch: 2920, loss_train: 0.0019881236, loss_valid: 0.0607893616
epoch: 2940, loss_train: 0.0019858070, loss_valid: 0.0600293688
epoch: 2960, loss_train: 0.0020156689, loss_valid: 0.0613092072
epoch: 2980, loss_train: 0.0019408998, loss_valid: 0.0605635084
epoch: 3000, loss_train: 0.0019384215, loss_valid: 0.0605501086
epoch: 3020, loss_train: 0.0019204816, loss_valid: 0.0601671115
epoch: 3040, loss_train: 0.0019125335, loss_valid: 0.0611298904
epoch: 3060, loss_train: 0.0018770308, loss_valid: 0.0607455336
epoch: 3080, loss_train: 0.0018940032, loss_valid: 0.0609783605
epoch: 3100, loss_train: 0.0018849066, loss_valid: 0.0608134717
epoch: 3120, loss_train: 0.0018558906, loss_valid: 0.0601957589
epoch: 3140, loss_train: 0.0018350671, loss_valid: 0.0602654032
epoch: 3160, loss_train: 0.0017999853, loss_valid: 0.0613061376
epoch: 3180, loss_train: 0.0017961659, loss_valid: 0.0605404191
epoch: 3200, loss_train: 0.0017875992, loss_valid: 0.0605714805
epoch: 3220, loss_train: 0.0017787396, loss_valid: 0.0608395189
epoch: 3240, loss_train: 0.0017592193, loss_valid: 0.0608895086
epoch: 3260, loss_train: 0.0017288971, loss_valid: 0.0612674281
epoch: 3280, loss_train: 0.0017730845, loss_valid: 0.0612663403
epoch: 3300, loss_train: 0.0017116732, loss_valid: 0.0612446591
epoch: 3320, loss_train: 0.0016998572, loss_valid: 0.0606757961
epoch: 3340, loss_train: 0.0017170098, loss_valid: 0.0614787191
epoch: 3360, loss_train: 0.0017176913, loss_valid: 0.0614442863
epoch: 3380, loss_train: 0.0016650212, loss_valid: 0.0611616299
epoch: 3400, loss_train: 0.0016739881, loss_valid: 0.0607269928
epoch: 3420, loss_train: 0.0016565602, loss_valid: 0.0605020262
epoch: 3440, loss_train: 0.0016693174, loss_valid: 0.0614032373
epoch: 3460, loss_train: 0.0016458436, loss_valid: 0.0608879700
epoch: 3480, loss_train: 0.0016265484, loss_valid: 0.0617094748
epoch: 3500, loss_train: 0.0016232276, loss_valid: 0.0610830039
epoch: 3520, loss_train: 0.0015918184, loss_valid: 0.0610610619
epoch: 3540, loss_train: 0.0016239649, loss_valid: 0.0614981428
epoch: 3560, loss_train: 0.0016038036, loss_valid: 0.0614000186
epoch: 3580, loss_train: 0.0015815976, loss_valid: 0.0612003468
epoch: 3600, loss_train: 0.0015780830, loss_valid: 0.0614720583
epoch: 3620, loss_train: 0.0015460597, loss_valid: 0.0619788617
epoch: 3640, loss_train: 0.0015298157, loss_valid: 0.0617144220
epoch: 3660, loss_train: 0.0015224703, loss_valid: 0.0617041849
epoch: 3680, loss_train: 0.0015371126, loss_valid: 0.0611338019
epoch: 3700, loss_train: 0.0015266704, loss_valid: 0.0612048693
epoch: 3720, loss_train: 0.0015109684, loss_valid: 0.0613869317
epoch: 3740, loss_train: 0.0014895516, loss_valid: 0.0610758737
epoch: 3760, loss_train: 0.0014942460, loss_valid: 0.0617829524
epoch: 3780, loss_train: 0.0014742401, loss_valid: 0.0617960729
epoch: 3800, loss_train: 0.0014704900, loss_valid: 0.0613851696
epoch: 3820, loss_train: 0.0014782635, loss_valid: 0.0611749589
epoch: 3840, loss_train: 0.0014538935, loss_valid: 0.0614339001
epoch: 3860, loss_train: 0.0014473778, loss_valid: 0.0617245845
epoch: 3880, loss_train: 0.0014227458, loss_valid: 0.0610073619
epoch: 3900, loss_train: 0.0014246741, loss_valid: 0.0611801296
epoch: 3920, loss_train: 0.0014134404, loss_valid: 0.0609370321
epoch: 3940, loss_train: 0.0013968117, loss_valid: 0.0614650026
epoch: 3960, loss_train: 0.0013775185, loss_valid: 0.0611486696
epoch: 3980, loss_train: 0.0014012958, loss_valid: 0.0610479675
epoch: 4000, loss_train: 0.0013890726, loss_valid: 0.0610336214
epoch: 4020, loss_train: 0.0013849833, loss_valid: 0.0608866252
epoch: 4040, loss_train: 0.0013863307, loss_valid: 0.0607875288
epoch: 4060, loss_train: 0.0013497325, loss_valid: 0.0612631030
epoch: 4080, loss_train: 0.0013369933, loss_valid: 0.0613467395
epoch: 4100, loss_train: 0.0013286381, loss_valid: 0.0611063093
epoch: 4120, loss_train: 0.0013307104, loss_valid: 0.0613548532
epoch: 4140, loss_train: 0.0013249511, loss_valid: 0.0621305481
epoch: 4160, loss_train: 0.0013084776, loss_valid: 0.0611839928
epoch: 4180, loss_train: 0.0013050931, loss_valid: 0.0612622350
epoch: 4200, loss_train: 0.0013162073, loss_valid: 0.0612433665
epoch: 4220, loss_train: 0.0012960696, loss_valid: 0.0609953031
epoch: 4240, loss_train: 0.0012927500, loss_valid: 0.0604571998
epoch: 4260, loss_train: 0.0012889431, loss_valid: 0.0606209263
epoch: 4280, loss_train: 0.0012819474, loss_valid: 0.0616641641
epoch: 4300, loss_train: 0.0012673299, loss_valid: 0.0610456318
epoch: 4320, loss_train: 0.0012640407, loss_valid: 0.0607813485
epoch: 4340, loss_train: 0.0012548300, loss_valid: 0.0616348423
epoch: 4360, loss_train: 0.0012741582, loss_valid: 0.0618753582
epoch: 4380, loss_train: 0.0012459458, loss_valid: 0.0613898970
epoch: 4400, loss_train: 0.0012156670, loss_valid: 0.0609679855
epoch: 4420, loss_train: 0.0012230371, loss_valid: 0.0613158010
epoch: 4440, loss_train: 0.0012228967, loss_valid: 0.0608294383
epoch: 4460, loss_train: 0.0012295515, loss_valid: 0.0610455200
epoch: 4480, loss_train: 0.0012285595, loss_valid: 0.0609922111
epoch: 4500, loss_train: 0.0012193847, loss_valid: 0.0610760860
epoch: 4520, loss_train: 0.0012045042, loss_valid: 0.0621973574
epoch: 4540, loss_train: 0.0011833316, loss_valid: 0.0605888516
epoch: 4560, loss_train: 0.0012160761, loss_valid: 0.0607979596
epoch: 4580, loss_train: 0.0011844105, loss_valid: 0.0603860021
epoch: 4600, loss_train: 0.0011795381, loss_valid: 0.0611948632
epoch: 4620, loss_train: 0.0011762209, loss_valid: 0.0608809814
epoch: 4640, loss_train: 0.0011824579, loss_valid: 0.0603109561
epoch: 4660, loss_train: 0.0011557759, loss_valid: 0.0616349876
epoch: 4680, loss_train: 0.0011669775, loss_valid: 0.0613487437
epoch: 4700, loss_train: 0.0011347911, loss_valid: 0.0610620640
epoch: 4720, loss_train: 0.0011546658, loss_valid: 0.0609164424
epoch: 4740, loss_train: 0.0011654058, loss_valid: 0.0608870313
epoch: 4760, loss_train: 0.0011412231, loss_valid: 0.0608487129
epoch: 4780, loss_train: 0.0011310786, loss_valid: 0.0609641224
epoch: 4800, loss_train: 0.0011124614, loss_valid: 0.0617350005
epoch: 4820, loss_train: 0.0011235434, loss_valid: 0.0607301220
epoch: 4840, loss_train: 0.0011329171, loss_valid: 0.0606351458
epoch: 4860, loss_train: 0.0011065636, loss_valid: 0.0615782700
epoch: 4880, loss_train: 0.0011038086, loss_valid: 0.0611316413
epoch: 4900, loss_train: 0.0011081758, loss_valid: 0.0606863387
epoch: 4920, loss_train: 0.0010961491, loss_valid: 0.0605925471
epoch: 4940, loss_train: 0.0010986038, loss_valid: 0.0607573651
epoch: 4960, loss_train: 0.0010910643, loss_valid: 0.0604459159
epoch: 4980, loss_train: 0.0010967964, loss_valid: 0.0606626384
epoch: 5000, loss_train: 0.0010684896, loss_valid: 0.0603770800
epoch: 5020, loss_train: 0.0010836909, loss_valid: 0.0605386421
epoch: 5040, loss_train: 0.0010750837, loss_valid: 0.0605076179
epoch: 5060, loss_train: 0.0010483441, loss_valid: 0.0601872355
epoch: 5080, loss_train: 0.0010752940, loss_valid: 0.0606019348
epoch: 5100, loss_train: 0.0010566607, loss_valid: 0.0607491322
epoch: 5120, loss_train: 0.0010418458, loss_valid: 0.0603055358
epoch: 5140, loss_train: 0.0010622186, loss_valid: 0.0609113611
epoch: 5160, loss_train: 0.0010437201, loss_valid: 0.0597891696
epoch: 5180, loss_train: 0.0010226119, loss_valid: 0.0608516075
epoch: 5200, loss_train: 0.0010271237, loss_valid: 0.0601371191
epoch: 5220, loss_train: 0.0010561264, loss_valid: 0.0606474727
epoch: 5240, loss_train: 0.0010395650, loss_valid: 0.0609332807
epoch: 5260, loss_train: 0.0010212085, loss_valid: 0.0610386021
epoch: 5280, loss_train: 0.0009974665, loss_valid: 0.0605592579
epoch: 5300, loss_train: 0.0010250979, loss_valid: 0.0603571348
epoch: 5320, loss_train: 0.0010167770, loss_valid: 0.0611910522
epoch: 5340, loss_train: 0.0010419055, loss_valid: 0.0606621169
epoch: 5360, loss_train: 0.0010098332, loss_valid: 0.0607202053
epoch: 5380, loss_train: 0.0009992657, loss_valid: 0.0596412830
epoch: 5400, loss_train: 0.0010004580, loss_valid: 0.0607499667
epoch: 5420, loss_train: 0.0010096220, loss_valid: 0.0605931580
epoch: 5440, loss_train: 0.0010163800, loss_valid: 0.0596566275
epoch: 5460, loss_train: 0.0009899538, loss_valid: 0.0614761375
epoch: 5480, loss_train: 0.0009826608, loss_valid: 0.0603822507
epoch: 5500, loss_train: 0.0009860633, loss_valid: 0.0600403436
epoch: 5520, loss_train: 0.0009726270, loss_valid: 0.0602756292
epoch: 5540, loss_train: 0.0009791496, loss_valid: 0.0609102398
epoch: 5560, loss_train: 0.0009875973, loss_valid: 0.0606019646
epoch: 5580, loss_train: 0.0009600070, loss_valid: 0.0610188097
epoch: 5600, loss_train: 0.0009915734, loss_valid: 0.0602664463
epoch: 5620, loss_train: 0.0009575143, loss_valid: 0.0602311566
epoch: 5640, loss_train: 0.0009601588, loss_valid: 0.0606216416
epoch: 5660, loss_train: 0.0009493725, loss_valid: 0.0602297336
epoch: 5680, loss_train: 0.0009918179, loss_valid: 0.0601932742
epoch: 5700, loss_train: 0.0009422468, loss_valid: 0.0602408573
epoch: 5720, loss_train: 0.0009435331, loss_valid: 0.0610920042
epoch: 5740, loss_train: 0.0009517645, loss_valid: 0.0602392517
epoch: 5760, loss_train: 0.0009198178, loss_valid: 0.0601146966
epoch: 5780, loss_train: 0.0009277659, loss_valid: 0.0603046715
epoch: 5800, loss_train: 0.0009360753, loss_valid: 0.0601034090
epoch: 5820, loss_train: 0.0009259340, loss_valid: 0.0606628321
epoch: 5840, loss_train: 0.0009536040, loss_valid: 0.0607586876
epoch: 5860, loss_train: 0.0009276204, loss_valid: 0.0605638772
epoch: 5880, loss_train: 0.0009337277, loss_valid: 0.0602888986
epoch: 5900, loss_train: 0.0009156539, loss_valid: 0.0603131242
epoch: 5920, loss_train: 0.0009240039, loss_valid: 0.0605393834
epoch: 5940, loss_train: 0.0009241659, loss_valid: 0.0607605390
epoch: 5960, loss_train: 0.0009343139, loss_valid: 0.0603905767
epoch: 5980, loss_train: 0.0009096015, loss_valid: 0.0597673655
epoch: 6000, loss_train: 0.0008888089, loss_valid: 0.0599596649
epoch: 6020, loss_train: 0.0008779723, loss_valid: 0.0604768172
epoch: 6040, loss_train: 0.0008937909, loss_valid: 0.0600039735
epoch: 6060, loss_train: 0.0008817064, loss_valid: 0.0597516671
epoch: 6080, loss_train: 0.0008901332, loss_valid: 0.0610326678
epoch: 6100, loss_train: 0.0008847878, loss_valid: 0.0600845553
epoch: 6120, loss_train: 0.0008903102, loss_valid: 0.0599308871
epoch: 6140, loss_train: 0.0009042589, loss_valid: 0.0602715537
epoch: 6160, loss_train: 0.0008997302, loss_valid: 0.0604531839
epoch: 6180, loss_train: 0.0008849557, loss_valid: 0.0602976307
epoch: 6200, loss_train: 0.0008792005, loss_valid: 0.0603712574
epoch: 6220, loss_train: 0.0008731926, loss_valid: 0.0598929785
epoch: 6240, loss_train: 0.0008530077, loss_valid: 0.0600944459
epoch: 6260, loss_train: 0.0008621331, loss_valid: 0.0601091385
epoch: 6280, loss_train: 0.0008620388, loss_valid: 0.0597525388
epoch: 6300, loss_train: 0.0008739089, loss_valid: 0.0598719828
epoch: 6320, loss_train: 0.0008656954, loss_valid: 0.0600686446
epoch: 6340, loss_train: 0.0008614162, loss_valid: 0.0599406175
epoch: 6360, loss_train: 0.0008417965, loss_valid: 0.0604152903
epoch: 6380, loss_train: 0.0008478465, loss_valid: 0.0600909069
epoch: 6400, loss_train: 0.0008624337, loss_valid: 0.0605234653
epoch: 6420, loss_train: 0.0008376114, loss_valid: 0.0603320934
epoch: 6440, loss_train: 0.0008451512, loss_valid: 0.0601950623
epoch: 6460, loss_train: 0.0008386749, loss_valid: 0.0597330295
epoch: 6480, loss_train: 0.0008408481, loss_valid: 0.0600477569
epoch: 6500, loss_train: 0.0008471898, loss_valid: 0.0599452965
epoch: 6520, loss_train: 0.0008274991, loss_valid: 0.0597708374
epoch: 6540, loss_train: 0.0008402463, loss_valid: 0.0598729700
epoch: 6560, loss_train: 0.0008596532, loss_valid: 0.0597476847
epoch: 6580, loss_train: 0.0008200335, loss_valid: 0.0599130951
epoch: 6600, loss_train: 0.0008276631, loss_valid: 0.0595818460
epoch: 6620, loss_train: 0.0008069379, loss_valid: 0.0597749166
epoch: 6640, loss_train: 0.0008123193, loss_valid: 0.0598850884
epoch: 6660, loss_train: 0.0008305227, loss_valid: 0.0599428453
epoch: 6680, loss_train: 0.0008320130, loss_valid: 0.0597964451
epoch: 6700, loss_train: 0.0008175772, loss_valid: 0.0600249842
epoch: 6720, loss_train: 0.0008173101, loss_valid: 0.0599243455
epoch: 6740, loss_train: 0.0008092477, loss_valid: 0.0593082085
epoch: 6760, loss_train: 0.0008105215, loss_valid: 0.0598204322
epoch: 6780, loss_train: 0.0007889257, loss_valid: 0.0597738177
epoch: 6800, loss_train: 0.0007810965, loss_valid: 0.0597722642
epoch: 6820, loss_train: 0.0007939850, loss_valid: 0.0597579032
epoch: 6840, loss_train: 0.0007837154, loss_valid: 0.0600890666
epoch: 6860, loss_train: 0.0008031004, loss_valid: 0.0601315349
epoch: 6880, loss_train: 0.0008094811, loss_valid: 0.0604180470
epoch: 6900, loss_train: 0.0007911845, loss_valid: 0.0597756505
epoch: 6920, loss_train: 0.0007726204, loss_valid: 0.0597098991
epoch: 6940, loss_train: 0.0007764515, loss_valid: 0.0597748831
epoch: 6960, loss_train: 0.0007741231, loss_valid: 0.0600352772
epoch: 6980, loss_train: 0.0007866555, loss_valid: 0.0593125299
epoch: 7000, loss_train: 0.0007656686, loss_valid: 0.0603034683
epoch: 7020, loss_train: 0.0007757923, loss_valid: 0.0597397014
epoch: 7040, loss_train: 0.0007777027, loss_valid: 0.0601793863
epoch: 7060, loss_train: 0.0007881388, loss_valid: 0.0595387667
epoch: 7080, loss_train: 0.0007754632, loss_valid: 0.0598160401
epoch: 7100, loss_train: 0.0007729253, loss_valid: 0.0597940087
epoch: 7120, loss_train: 0.0007745623, loss_valid: 0.0599621907
epoch: 7140, loss_train: 0.0007631754, loss_valid: 0.0598023273
epoch: 7160, loss_train: 0.0007590782, loss_valid: 0.0602601022
epoch: 7180, loss_train: 0.0007830149, loss_valid: 0.0596308708
epoch: 7200, loss_train: 0.0007631861, loss_valid: 0.0594944283
epoch: 7220, loss_train: 0.0007598927, loss_valid: 0.0600276738
epoch: 7240, loss_train: 0.0007647796, loss_valid: 0.0598674528
epoch: 7260, loss_train: 0.0007598317, loss_valid: 0.0594106093
epoch: 7280, loss_train: 0.0007502062, loss_valid: 0.0603799298
epoch: 7300, loss_train: 0.0007366152, loss_valid: 0.0600935072
epoch: 7320, loss_train: 0.0007518955, loss_valid: 0.0600315519
epoch: 7340, loss_train: 0.0007457298, loss_valid: 0.0598369204
epoch: 7360, loss_train: 0.0007306467, loss_valid: 0.0597414449
epoch: 7380, loss_train: 0.0007652867, loss_valid: 0.0592908747
epoch: 7400, loss_train: 0.0007444090, loss_valid: 0.0601481646
epoch: 7420, loss_train: 0.0007374833, loss_valid: 0.0597024336
epoch: 7440, loss_train: 0.0007434878, loss_valid: 0.0596627444
epoch: 7460, loss_train: 0.0007225091, loss_valid: 0.0594455004
epoch: 7480, loss_train: 0.0007421610, loss_valid: 0.0595175661
epoch: 7500, loss_train: 0.0007328799, loss_valid: 0.0596835800
epoch: 7520, loss_train: 0.0007267707, loss_valid: 0.0602188371
epoch: 7540, loss_train: 0.0007512908, loss_valid: 0.0599114448
epoch: 7560, loss_train: 0.0007618354, loss_valid: 0.0593494773
epoch: 7580, loss_train: 0.0007358372, loss_valid: 0.0595191866
epoch: 7600, loss_train: 0.0007466058, loss_valid: 0.0596268699
epoch: 7620, loss_train: 0.0007184200, loss_valid: 0.0598867610
epoch: 7640, loss_train: 0.0007190295, loss_valid: 0.0593146905
epoch: 7660, loss_train: 0.0007141444, loss_valid: 0.0594551861
epoch: 7680, loss_train: 0.0007016577, loss_valid: 0.0593910404
epoch: 7700, loss_train: 0.0007081372, loss_valid: 0.0594125390
epoch: 7720, loss_train: 0.0006965562, loss_valid: 0.0597938262
epoch: 7740, loss_train: 0.0007107559, loss_valid: 0.0596833751
epoch: 7760, loss_train: 0.0007388931, loss_valid: 0.0595997833
epoch: 7780, loss_train: 0.0007282943, loss_valid: 0.0595238879
epoch: 7800, loss_train: 0.0007051694, loss_valid: 0.0601178296
epoch: 7820, loss_train: 0.0007009873, loss_valid: 0.0596410595
epoch: 7840, loss_train: 0.0006992393, loss_valid: 0.0599477068
epoch: 7860, loss_train: 0.0006888906, loss_valid: 0.0596451387
epoch: 7880, loss_train: 0.0007124916, loss_valid: 0.0595657304
epoch: 7900, loss_train: 0.0006992818, loss_valid: 0.0595397837
epoch: 7920, loss_train: 0.0006854870, loss_valid: 0.0596413426
epoch: 7940, loss_train: 0.0007144659, loss_valid: 0.0596370101
epoch: 7960, loss_train: 0.0006917923, loss_valid: 0.0594303012
epoch: 7980, loss_train: 0.0006972353, loss_valid: 0.0594988503
epoch: 8000, loss_train: 0.0006749558, loss_valid: 0.0593920723
epoch: 8020, loss_train: 0.0007043160, loss_valid: 0.0595694818
epoch: 8040, loss_train: 0.0007009683, loss_valid: 0.0587530695
epoch: 8060, loss_train: 0.0006901199, loss_valid: 0.0591254756
epoch: 8080, loss_train: 0.0006814123, loss_valid: 0.0593571626
epoch: 8100, loss_train: 0.0006752465, loss_valid: 0.0599783510
epoch: 8120, loss_train: 0.0007096361, loss_valid: 0.0597366355
epoch: 8140, loss_train: 0.0006856577, loss_valid: 0.0600096211
epoch: 8160, loss_train: 0.0006888075, loss_valid: 0.0594482124
epoch: 8180, loss_train: 0.0006730275, loss_valid: 0.0597363450
epoch: 8200, loss_train: 0.0006720877, loss_valid: 0.0594427735
epoch: 8220, loss_train: 0.0006816427, loss_valid: 0.0599438697
epoch: 8240, loss_train: 0.0006641384, loss_valid: 0.0598164201
epoch: 8260, loss_train: 0.0006640684, loss_valid: 0.0592523776
epoch: 8280, loss_train: 0.0006685957, loss_valid: 0.0590243749
epoch: 8300, loss_train: 0.0006581135, loss_valid: 0.0590676814
epoch: 8320, loss_train: 0.0006663766, loss_valid: 0.0591721162
epoch: 8340, loss_train: 0.0006639977, loss_valid: 0.0594913028
epoch: 8360, loss_train: 0.0006584966, loss_valid: 0.0591506138
epoch: 8380, loss_train: 0.0006484464, loss_valid: 0.0584502108
epoch: 8400, loss_train: 0.0006449400, loss_valid: 0.0593966804
epoch: 8420, loss_train: 0.0006734778, loss_valid: 0.0593970679
epoch: 8440, loss_train: 0.0006621783, loss_valid: 0.0600013360
epoch: 8460, loss_train: 0.0006405039, loss_valid: 0.0592004582
epoch: 8480, loss_train: 0.0006490946, loss_valid: 0.0588093922
epoch: 8500, loss_train: 0.0006605021, loss_valid: 0.0594516322
epoch: 8520, loss_train: 0.0006632700, loss_valid: 0.0591232330
epoch: 8540, loss_train: 0.0006503710, loss_valid: 0.0596388355
epoch: 8560, loss_train: 0.0006619258, loss_valid: 0.0593763590
epoch: 8580, loss_train: 0.0006612291, loss_valid: 0.0594714768
epoch: 8600, loss_train: 0.0006581167, loss_valid: 0.0595465936
epoch: 8620, loss_train: 0.0006696170, loss_valid: 0.0591000021
epoch: 8640, loss_train: 0.0006547748, loss_valid: 0.0587923117
epoch: 8660, loss_train: 0.0006482858, loss_valid: 0.0589897558
epoch: 8680, loss_train: 0.0006385570, loss_valid: 0.0593868233
epoch: 8700, loss_train: 0.0006592970, loss_valid: 0.0589465648
epoch: 8720, loss_train: 0.0006411024, loss_valid: 0.0582928509
epoch: 8740, loss_train: 0.0006508504, loss_valid: 0.0590683073
epoch: 8760, loss_train: 0.0006235177, loss_valid: 0.0592010729
epoch: 8780, loss_train: 0.0006278682, loss_valid: 0.0589710362
epoch: 8800, loss_train: 0.0006354240, loss_valid: 0.0596683249
epoch: 8820, loss_train: 0.0006406212, loss_valid: 0.0589687638
epoch: 8840, loss_train: 0.0006223641, loss_valid: 0.0592358001
epoch: 8860, loss_train: 0.0006518309, loss_valid: 0.0589669198
epoch: 8880, loss_train: 0.0006369226, loss_valid: 0.0595601164
epoch: 8900, loss_train: 0.0006072989, loss_valid: 0.0587444231
epoch: 8920, loss_train: 0.0006241743, loss_valid: 0.0592704229
epoch: 8940, loss_train: 0.0006172500, loss_valid: 0.0589766093
epoch: 8960, loss_train: 0.0006393457, loss_valid: 0.0592198260
epoch: 8980, loss_train: 0.0006325390, loss_valid: 0.0588863567
epoch: 9000, loss_train: 0.0006193867, loss_valid: 0.0595614947
epoch: 9020, loss_train: 0.0006353864, loss_valid: 0.0590925626
epoch: 9040, loss_train: 0.0006249098, loss_valid: 0.0591466017
epoch: 9060, loss_train: 0.0006152989, loss_valid: 0.0587471910
epoch: 9080, loss_train: 0.0006122958, loss_valid: 0.0586213171
epoch: 9100, loss_train: 0.0006113194, loss_valid: 0.0594358072
epoch: 9120, loss_train: 0.0006252517, loss_valid: 0.0592901632
epoch: 9140, loss_train: 0.0006274027, loss_valid: 0.0587935597
epoch: 9160, loss_train: 0.0006043097, loss_valid: 0.0591926947
epoch: 9180, loss_train: 0.0006146635, loss_valid: 0.0597604401
epoch: 9200, loss_train: 0.0006172812, loss_valid: 0.0589302927
epoch: 9220, loss_train: 0.0006411414, loss_valid: 0.0587924011
epoch: 9240, loss_train: 0.0006015307, loss_valid: 0.0588847771
epoch: 9260, loss_train: 0.0005977534, loss_valid: 0.0588140227
epoch: 9280, loss_train: 0.0006110753, loss_valid: 0.0585854799
epoch: 9300, loss_train: 0.0006136548, loss_valid: 0.0590737313
epoch: 9320, loss_train: 0.0006054448, loss_valid: 0.0592786670
epoch: 9340, loss_train: 0.0006187410, loss_valid: 0.0591179021
epoch: 9360, loss_train: 0.0006073681, loss_valid: 0.0590227209
epoch: 9380, loss_train: 0.0005953395, loss_valid: 0.0588196553
epoch: 9400, loss_train: 0.0006130824, loss_valid: 0.0586359240
epoch: 9420, loss_train: 0.0005976359, loss_valid: 0.0594217703
epoch: 9440, loss_train: 0.0006093378, loss_valid: 0.0591766611
epoch: 9460, loss_train: 0.0005798716, loss_valid: 0.0589536019
epoch: 9480, loss_train: 0.0006014310, loss_valid: 0.0585676171
epoch: 9500, loss_train: 0.0005959818, loss_valid: 0.0589622520
epoch: 9520, loss_train: 0.0006128178, loss_valid: 0.0592012778
epoch: 9540, loss_train: 0.0005923522, loss_valid: 0.0591637939
epoch: 9560, loss_train: 0.0005931566, loss_valid: 0.0587090552
epoch: 9580, loss_train: 0.0005871240, loss_valid: 0.0589767769
epoch: 9600, loss_train: 0.0005953451, loss_valid: 0.0591391325
epoch: 9620, loss_train: 0.0005911444, loss_valid: 0.0590037704
epoch: 9640, loss_train: 0.0006010058, loss_valid: 0.0591600426
epoch: 9660, loss_train: 0.0005805717, loss_valid: 0.0591742955
epoch: 9680, loss_train: 0.0005939784, loss_valid: 0.0587945022
epoch: 9700, loss_train: 0.0005948134, loss_valid: 0.0591408573
epoch: 9720, loss_train: 0.0005926318, loss_valid: 0.0591999665
epoch: 9740, loss_train: 0.0005908058, loss_valid: 0.0586439408
epoch: 9760, loss_train: 0.0005592293, loss_valid: 0.0587206595
epoch: 9780, loss_train: 0.0005805013, loss_valid: 0.0587432384
epoch: 9800, loss_train: 0.0005855775, loss_valid: 0.0591863021
epoch: 9820, loss_train: 0.0005737396, loss_valid: 0.0594366454
epoch: 9840, loss_train: 0.0005890192, loss_valid: 0.0593554564
epoch: 9860, loss_train: 0.0005784576, loss_valid: 0.0587675571
epoch: 9880, loss_train: 0.0005726295, loss_valid: 0.0587781221
epoch: 9900, loss_train: 0.0005635534, loss_valid: 0.0587403476
epoch: 9920, loss_train: 0.0005777233, loss_valid: 0.0587662384
epoch: 9940, loss_train: 0.0005677484, loss_valid: 0.0589358024
epoch: 9960, loss_train: 0.0005737700, loss_valid: 0.0589728318
epoch: 9980, loss_train: 0.0005678097, loss_valid: 0.0596133247
epoch: 10000, loss_train: 0.0005744921, loss_valid: 0.0584371239
epoch: 10020, loss_train: 0.0005801668, loss_valid: 0.0587042533
epoch: 10040, loss_train: 0.0005593444, loss_valid: 0.0583623536
epoch: 10060, loss_train: 0.0005748860, loss_valid: 0.0588487722
epoch: 10080, loss_train: 0.0005817354, loss_valid: 0.0593296923
epoch: 10100, loss_train: 0.0005551511, loss_valid: 0.0588550419
epoch: 10120, loss_train: 0.0005669498, loss_valid: 0.0590214618
epoch: 10140, loss_train: 0.0005486795, loss_valid: 0.0587575361
epoch: 10160, loss_train: 0.0005738616, loss_valid: 0.0579834878
epoch: 10180, loss_train: 0.0005562928, loss_valid: 0.0590110607
epoch: 10200, loss_train: 0.0005638663, loss_valid: 0.0588517562
epoch: 10220, loss_train: 0.0005599939, loss_valid: 0.0587039851
epoch: 10240, loss_train: 0.0005632036, loss_valid: 0.0591486804
epoch: 10260, loss_train: 0.0005508869, loss_valid: 0.0594022833
epoch: 10280, loss_train: 0.0005650769, loss_valid: 0.0587802231
epoch: 10300, loss_train: 0.0005649368, loss_valid: 0.0586573146
epoch: 10320, loss_train: 0.0005605893, loss_valid: 0.0588967055
epoch: 10340, loss_train: 0.0005506324, loss_valid: 0.0596147664
epoch: 10360, loss_train: 0.0005610816, loss_valid: 0.0591028407
epoch: 10380, loss_train: 0.0005482078, loss_valid: 0.0587530285
epoch: 10400, loss_train: 0.0005656019, loss_valid: 0.0581223331
epoch: 10420, loss_train: 0.0005663841, loss_valid: 0.0584091134
epoch: 10440, loss_train: 0.0005521268, loss_valid: 0.0591333583
epoch: 10460, loss_train: 0.0005470713, loss_valid: 0.0585349277
epoch: 10480, loss_train: 0.0005586572, loss_valid: 0.0589765087
epoch: 10500, loss_train: 0.0005538014, loss_valid: 0.0588557608
epoch: 10520, loss_train: 0.0005359096, loss_valid: 0.0594969504
epoch: 10540, loss_train: 0.0005596925, loss_valid: 0.0587724522
epoch: 10560, loss_train: 0.0005417027, loss_valid: 0.0593591519
epoch: 10580, loss_train: 0.0005286037, loss_valid: 0.0592660531
epoch: 10600, loss_train: 0.0005471775, loss_valid: 0.0592788532
epoch: 10620, loss_train: 0.0005422740, loss_valid: 0.0589516312
epoch: 10640, loss_train: 0.0005560649, loss_valid: 0.0583125353
epoch: 10660, loss_train: 0.0005437555, loss_valid: 0.0588252805
epoch: 10680, loss_train: 0.0005645568, loss_valid: 0.0587203987
epoch: 10700, loss_train: 0.0005424693, loss_valid: 0.0581543744
epoch: 10720, loss_train: 0.0005457934, loss_valid: 0.0592630878
epoch: 10740, loss_train: 0.0005393284, loss_valid: 0.0585845113
epoch: 10760, loss_train: 0.0005390453, loss_valid: 0.0590088964
epoch: 10780, loss_train: 0.0005490592, loss_valid: 0.0588308126
epoch: 10800, loss_train: 0.0005325222, loss_valid: 0.0584973767
epoch: 10820, loss_train: 0.0005585161, loss_valid: 0.0583588667
epoch: 10840, loss_train: 0.0005656049, loss_valid: 0.0585556850
epoch: 10860, loss_train: 0.0005493235, loss_valid: 0.0587023050
epoch: 10880, loss_train: 0.0005375939, loss_valid: 0.0587922409
epoch: 10900, loss_train: 0.0005265503, loss_valid: 0.0577360578
epoch: 10920, loss_train: 0.0005233387, loss_valid: 0.0586274154
epoch: 10940, loss_train: 0.0005366149, loss_valid: 0.0586570576
epoch: 10960, loss_train: 0.0005505430, loss_valid: 0.0590619855
epoch: 10980, loss_train: 0.0005265730, loss_valid: 0.0582952984
epoch: 11000, loss_train: 0.0005305834, loss_valid: 0.0580978021
epoch: 11020, loss_train: 0.0005292931, loss_valid: 0.0584873036
epoch: 11040, loss_train: 0.0005167853, loss_valid: 0.0581799820
epoch: 11060, loss_train: 0.0005281518, loss_valid: 0.0581916086
epoch: 11080, loss_train: 0.0005327544, loss_valid: 0.0582741760
epoch: 11100, loss_train: 0.0005435270, loss_valid: 0.0583597682
epoch: 11120, loss_train: 0.0005432660, loss_valid: 0.0584044158
epoch: 11140, loss_train: 0.0005205474, loss_valid: 0.0584152229
epoch: 11160, loss_train: 0.0005384836, loss_valid: 0.0588092655
epoch: 11180, loss_train: 0.0005260365, loss_valid: 0.0579536371
epoch: 11200, loss_train: 0.0005186524, loss_valid: 0.0581760556
epoch: 11220, loss_train: 0.0005355401, loss_valid: 0.0581878796
epoch: 11240, loss_train: 0.0005252270, loss_valid: 0.0584187470
epoch: 11260, loss_train: 0.0005314160, loss_valid: 0.0581909530
epoch: 11280, loss_train: 0.0005446447, loss_valid: 0.0589732230
epoch: 11300, loss_train: 0.0005184125, loss_valid: 0.0589277223
epoch: 11320, loss_train: 0.0005275101, loss_valid: 0.0578002147
epoch: 11340, loss_train: 0.0005149376, loss_valid: 0.0588793568
epoch: 11360, loss_train: 0.0005180025, loss_valid: 0.0586094260
epoch: 11380, loss_train: 0.0005306834, loss_valid: 0.0585064925
epoch: 11400, loss_train: 0.0005105216, loss_valid: 0.0582449362
epoch: 11420, loss_train: 0.0005056236, loss_valid: 0.0582852736
epoch: 11440, loss_train: 0.0005221429, loss_valid: 0.0584912710
epoch: 11460, loss_train: 0.0005168332, loss_valid: 0.0582563281
epoch: 11480, loss_train: 0.0005106098, loss_valid: 0.0582597256
epoch: 11500, loss_train: 0.0005218501, loss_valid: 0.0586539656
epoch: 11520, loss_train: 0.0005187668, loss_valid: 0.0588383339
epoch: 11540, loss_train: 0.0005185985, loss_valid: 0.0586455390
epoch: 11560, loss_train: 0.0005193293, loss_valid: 0.0587150827
epoch: 11580, loss_train: 0.0005137167, loss_valid: 0.0584001541
epoch: 11600, loss_train: 0.0005265032, loss_valid: 0.0582134984
epoch: 11620, loss_train: 0.0005191636, loss_valid: 0.0582648627
epoch: 11640, loss_train: 0.0005128998, loss_valid: 0.0580764115
epoch: 11660, loss_train: 0.0005172953, loss_valid: 0.0586735830
epoch: 11680, loss_train: 0.0005165603, loss_valid: 0.0579665676
epoch: 11700, loss_train: 0.0005158024, loss_valid: 0.0584438331
epoch: 11720, loss_train: 0.0005035886, loss_valid: 0.0582598150
epoch: 11740, loss_train: 0.0005154504, loss_valid: 0.0578342155
epoch: 11760, loss_train: 0.0005208612, loss_valid: 0.0587827228
epoch: 11780, loss_train: 0.0005015574, loss_valid: 0.0580213554
epoch: 11800, loss_train: 0.0005081046, loss_valid: 0.0582237169
epoch: 11820, loss_train: 0.0005124372, loss_valid: 0.0581605993
epoch: 11840, loss_train: 0.0004971544, loss_valid: 0.0586261302
epoch: 11860, loss_train: 0.0005056167, loss_valid: 0.0584663376
epoch: 11880, loss_train: 0.0005219578, loss_valid: 0.0582541749
epoch: 11900, loss_train: 0.0004988455, loss_valid: 0.0579673350
epoch: 11920, loss_train: 0.0005036497, loss_valid: 0.0579127222
epoch: 11940, loss_train: 0.0005075142, loss_valid: 0.0577299967
epoch: 11960, loss_train: 0.0005050682, loss_valid: 0.0582446866
epoch: 11980, loss_train: 0.0004962495, loss_valid: 0.0584036410
epoch: 12000, loss_train: 0.0005041998, loss_valid: 0.0575081147
epoch: 12020, loss_train: 0.0005076485, loss_valid: 0.0580277294
epoch: 12040, loss_train: 0.0005114947, loss_valid: 0.0580025055
epoch: 12060, loss_train: 0.0005051692, loss_valid: 0.0580619723
epoch: 12080, loss_train: 0.0005013044, loss_valid: 0.0576740913
epoch: 12100, loss_train: 0.0005096418, loss_valid: 0.0582732372
epoch: 12120, loss_train: 0.0005108796, loss_valid: 0.0582511388
epoch: 12140, loss_train: 0.0005022731, loss_valid: 0.0585222729
epoch: 12160, loss_train: 0.0005026154, loss_valid: 0.0580083542
epoch: 12180, loss_train: 0.0005221311, loss_valid: 0.0580287166
epoch: 12200, loss_train: 0.0004898800, loss_valid: 0.0582168400
epoch: 12220, loss_train: 0.0005087287, loss_valid: 0.0574512072
epoch: 12240, loss_train: 0.0004994481, loss_valid: 0.0580775365
epoch: 12260, loss_train: 0.0005034100, loss_valid: 0.0579302944
epoch: 12280, loss_train: 0.0005021940, loss_valid: 0.0581312366
epoch: 12300, loss_train: 0.0005127653, loss_valid: 0.0580317304
epoch: 12320, loss_train: 0.0004973485, loss_valid: 0.0578360371
epoch: 12340, loss_train: 0.0004870589, loss_valid: 0.0582197234
epoch: 12360, loss_train: 0.0005003717, loss_valid: 0.0582671054
epoch: 12380, loss_train: 0.0004954413, loss_valid: 0.0585514382
epoch: 12400, loss_train: 0.0004943971, loss_valid: 0.0575051010
epoch: 12420, loss_train: 0.0005178494, loss_valid: 0.0580708608
epoch: 12440, loss_train: 0.0005110678, loss_valid: 0.0578164719
epoch: 12460, loss_train: 0.0005030104, loss_valid: 0.0577729642
epoch: 12480, loss_train: 0.0004991888, loss_valid: 0.0585367531
epoch: 12500, loss_train: 0.0004931507, loss_valid: 0.0579428338
epoch: 12520, loss_train: 0.0004932816, loss_valid: 0.0577873476
epoch: 12540, loss_train: 0.0004919026, loss_valid: 0.0583908260
epoch: 12560, loss_train: 0.0004925748, loss_valid: 0.0578587800
epoch: 12580, loss_train: 0.0005030999, loss_valid: 0.0579298623
epoch: 12600, loss_train: 0.0004950797, loss_valid: 0.0577753223
epoch: 12620, loss_train: 0.0004859371, loss_valid: 0.0578161031
epoch: 12640, loss_train: 0.0004855041, loss_valid: 0.0576245561
epoch: 12660, loss_train: 0.0005017633, loss_valid: 0.0578308180
epoch: 12680, loss_train: 0.0004922338, loss_valid: 0.0574581623
epoch: 12700, loss_train: 0.0004961490, loss_valid: 0.0576052703
epoch: 12720, loss_train: 0.0004857283, loss_valid: 0.0576967411
epoch: 12740, loss_train: 0.0004931896, loss_valid: 0.0572240725
epoch: 12760, loss_train: 0.0004806921, loss_valid: 0.0575435795
epoch: 12780, loss_train: 0.0004983233, loss_valid: 0.0579187460
epoch: 12800, loss_train: 0.0004964577, loss_valid: 0.0576996878
epoch: 12820, loss_train: 0.0004840061, loss_valid: 0.0580391325
epoch: 12840, loss_train: 0.0004772290, loss_valid: 0.0581936389
epoch: 12860, loss_train: 0.0004920296, loss_valid: 0.0580140986
epoch: 12880, loss_train: 0.0005017217, loss_valid: 0.0575557947
epoch: 12900, loss_train: 0.0005058386, loss_valid: 0.0578315109
epoch: 12920, loss_train: 0.0004912774, loss_valid: 0.0579407141
epoch: 12940, loss_train: 0.0004808378, loss_valid: 0.0574757122
epoch: 12960, loss_train: 0.0005142079, loss_valid: 0.0578155294
epoch: 12980, loss_train: 0.0004825114, loss_valid: 0.0577548593
epoch: 13000, loss_train: 0.0004968575, loss_valid: 0.0570784770
epoch: 13020, loss_train: 0.0005068418, loss_valid: 0.0578108318
epoch: 13040, loss_train: 0.0004890842, loss_valid: 0.0576599538
epoch: 13060, loss_train: 0.0004739048, loss_valid: 0.0574488640
epoch: 13080, loss_train: 0.0004965818, loss_valid: 0.0581993498
epoch: 13100, loss_train: 0.0004947326, loss_valid: 0.0580238663
epoch: 13120, loss_train: 0.0004871710, loss_valid: 0.0577522367
epoch: 13140, loss_train: 0.0004897295, loss_valid: 0.0576277599
epoch: 13160, loss_train: 0.0004724530, loss_valid: 0.0576759614
epoch: 13180, loss_train: 0.0004734385, loss_valid: 0.0577490516
epoch: 13200, loss_train: 0.0004810947, loss_valid: 0.0579372272
epoch: 13220, loss_train: 0.0004931797, loss_valid: 0.0581779145
epoch: 13240, loss_train: 0.0004901813, loss_valid: 0.0581099018
epoch: 13260, loss_train: 0.0004836424, loss_valid: 0.0578709356
epoch: 13280, loss_train: 0.0004911501, loss_valid: 0.0575316362
epoch: 13300, loss_train: 0.0004879906, loss_valid: 0.0576750860
epoch: 13320, loss_train: 0.0004907834, loss_valid: 0.0578764267
epoch: 13340, loss_train: 0.0004885640, loss_valid: 0.0575972609
epoch: 13360, loss_train: 0.0004648348, loss_valid: 0.0584313944
epoch: 13380, loss_train: 0.0004824886, loss_valid: 0.0576066822
epoch: 13400, loss_train: 0.0004893610, loss_valid: 0.0581876338
epoch: 13420, loss_train: 0.0004903676, loss_valid: 0.0573764928
epoch: 13440, loss_train: 0.0004926964, loss_valid: 0.0571522899
epoch: 13460, loss_train: 0.0004757351, loss_valid: 0.0575384274
epoch: 13480, loss_train: 0.0004830267, loss_valid: 0.0568565540
epoch: 13500, loss_train: 0.0004780536, loss_valid: 0.0572648421
epoch: 13520, loss_train: 0.0004869215, loss_valid: 0.0578150749
epoch: 13540, loss_train: 0.0004798978, loss_valid: 0.0578200705
epoch: 13560, loss_train: 0.0004743378, loss_valid: 0.0579046719
epoch: 13580, loss_train: 0.0004870440, loss_valid: 0.0582528785
epoch: 13600, loss_train: 0.0004638756, loss_valid: 0.0577978455
epoch: 13620, loss_train: 0.0004680412, loss_valid: 0.0581841357
epoch: 13640, loss_train: 0.0004747402, loss_valid: 0.0578670949
epoch: 13660, loss_train: 0.0004834979, loss_valid: 0.0574126244
epoch: 13680, loss_train: 0.0004692540, loss_valid: 0.0575117730
epoch: 13700, loss_train: 0.0004863003, loss_valid: 0.0576167405
epoch: 13720, loss_train: 0.0004899315, loss_valid: 0.0569973327
epoch: 13740, loss_train: 0.0004695209, loss_valid: 0.0575390607
epoch: 13760, loss_train: 0.0004838710, loss_valid: 0.0572829694
epoch: 13780, loss_train: 0.0004855781, loss_valid: 0.0579904504
epoch: 13800, loss_train: 0.0004906592, loss_valid: 0.0579218678
epoch: 13820, loss_train: 0.0004748831, loss_valid: 0.0576636940
epoch: 13840, loss_train: 0.0004660086, loss_valid: 0.0579599850
epoch: 13860, loss_train: 0.0004828321, loss_valid: 0.0573957004
epoch: 13880, loss_train: 0.0004594794, loss_valid: 0.0570205189
epoch: 13900, loss_train: 0.0004602626, loss_valid: 0.0577641837
epoch: 13920, loss_train: 0.0004717920, loss_valid: 0.0578614846
epoch: 13940, loss_train: 0.0004782343, loss_valid: 0.0571390204
epoch: 13960, loss_train: 0.0004600535, loss_valid: 0.0581401475
epoch: 13980, loss_train: 0.0004610064, loss_valid: 0.0577372797
epoch: 14000, loss_train: 0.0004692257, loss_valid: 0.0576860830
epoch: 14020, loss_train: 0.0004742524, loss_valid: 0.0572776273
epoch: 14040, loss_train: 0.0004861199, loss_valid: 0.0573604256
epoch: 14060, loss_train: 0.0004756365, loss_valid: 0.0573954843
epoch: 14080, loss_train: 0.0004967818, loss_valid: 0.0576236993
epoch: 14100, loss_train: 0.0004608910, loss_valid: 0.0576528721
epoch: 14120, loss_train: 0.0004874888, loss_valid: 0.0581790693
epoch: 14140, loss_train: 0.0004709163, loss_valid: 0.0575216375
epoch: 14160, loss_train: 0.0004613404, loss_valid: 0.0575281680
epoch: 14180, loss_train: 0.0004655412, loss_valid: 0.0573342443
epoch: 14200, loss_train: 0.0004690820, loss_valid: 0.0578809381
epoch: 14220, loss_train: 0.0004597001, loss_valid: 0.0570152812
epoch: 14240, loss_train: 0.0004566719, loss_valid: 0.0581886023
epoch: 14260, loss_train: 0.0004640856, loss_valid: 0.0584861599
epoch: 14280, loss_train: 0.0004706278, loss_valid: 0.0574006587
epoch: 14300, loss_train: 0.0004689942, loss_valid: 0.0575219169
epoch: 14320, loss_train: 0.0004617256, loss_valid: 0.0569137409
epoch: 14340, loss_train: 0.0004646159, loss_valid: 0.0575965606
epoch: 14360, loss_train: 0.0004701199, loss_valid: 0.0577569306
epoch: 14380, loss_train: 0.0004525545, loss_valid: 0.0570895486
epoch: 14400, loss_train: 0.0004736640, loss_valid: 0.0576479435
epoch: 14420, loss_train: 0.0004624347, loss_valid: 0.0576254651
epoch: 14440, loss_train: 0.0004765523, loss_valid: 0.0574135520
epoch: 14460, loss_train: 0.0004666287, loss_valid: 0.0576007776
epoch: 14480, loss_train: 0.0004709050, loss_valid: 0.0573476665
epoch: 14500, loss_train: 0.0004758696, loss_valid: 0.0579828769
epoch: 14520, loss_train: 0.0004690281, loss_valid: 0.0580522716
epoch: 14540, loss_train: 0.0004615442, loss_valid: 0.0577411354
epoch: 14560, loss_train: 0.0004588722, loss_valid: 0.0575406663
epoch: 14580, loss_train: 0.0004547058, loss_valid: 0.0578495115
epoch: 14600, loss_train: 0.0004536239, loss_valid: 0.0578599051
epoch: 14620, loss_train: 0.0004531429, loss_valid: 0.0572477914
epoch: 14640, loss_train: 0.0004527842, loss_valid: 0.0579631552
epoch: 14660, loss_train: 0.0004503509, loss_valid: 0.0579184666
epoch: 14680, loss_train: 0.0004784130, loss_valid: 0.0573887005
epoch: 14700, loss_train: 0.0004666873, loss_valid: 0.0575531013
epoch: 14720, loss_train: 0.0004741031, loss_valid: 0.0581758916
epoch: 14740, loss_train: 0.0004695771, loss_valid: 0.0576579906
epoch: 14760, loss_train: 0.0004737658, loss_valid: 0.0579422191
epoch: 14780, loss_train: 0.0004472159, loss_valid: 0.0576539636
epoch: 14800, loss_train: 0.0004510394, loss_valid: 0.0574786514
epoch: 14820, loss_train: 0.0004563692, loss_valid: 0.0574879199
epoch: 14840, loss_train: 0.0004540107, loss_valid: 0.0579338968
epoch: 14860, loss_train: 0.0004528681, loss_valid: 0.0580369756
epoch: 14880, loss_train: 0.0004613395, loss_valid: 0.0576628447
epoch: 14900, loss_train: 0.0004672282, loss_valid: 0.0583582744
epoch: 14920, loss_train: 0.0004596000, loss_valid: 0.0581984110
epoch: 14940, loss_train: 0.0004409677, loss_valid: 0.0575808994
epoch: 14960, loss_train: 0.0004714088, loss_valid: 0.0584293492
epoch: 14980, loss_train: 0.0004623824, loss_valid: 0.0585304759
epoch: 15000, loss_train: 0.0004524711, loss_valid: 0.0578161143
epoch: 15020, loss_train: 0.0004504491, loss_valid: 0.0573993325
epoch: 15040, loss_train: 0.0004517128, loss_valid: 0.0576990023
epoch: 15060, loss_train: 0.0004505875, loss_valid: 0.0573500544
epoch: 15080, loss_train: 0.0004609965, loss_valid: 0.0573817715
epoch: 15100, loss_train: 0.0004453518, loss_valid: 0.0577069819
epoch: 15120, loss_train: 0.0004610069, loss_valid: 0.0574793294
epoch: 15140, loss_train: 0.0004516536, loss_valid: 0.0569816828
epoch: 15160, loss_train: 0.0004627774, loss_valid: 0.0574078001
epoch: 15180, loss_train: 0.0004646232, loss_valid: 0.0578650869
epoch: 15200, loss_train: 0.0004359384, loss_valid: 0.0568914674
epoch: 15220, loss_train: 0.0004727089, loss_valid: 0.0574334003
epoch: 15240, loss_train: 0.0004484377, loss_valid: 0.0570018366
epoch: 15260, loss_train: 0.0004436618, loss_valid: 0.0572661236
epoch: 15280, loss_train: 0.0004515769, loss_valid: 0.0575434342
epoch: 15300, loss_train: 0.0004632429, loss_valid: 0.0572845787
epoch: 15320, loss_train: 0.0004674410, loss_valid: 0.0572195724
epoch: 15340, loss_train: 0.0004640467, loss_valid: 0.0575368404
epoch: 15360, loss_train: 0.0004549630, loss_valid: 0.0578746870
epoch: 15380, loss_train: 0.0004513460, loss_valid: 0.0575574972
epoch: 15400, loss_train: 0.0004389308, loss_valid: 0.0578511208
epoch: 15420, loss_train: 0.0004603719, loss_valid: 0.0575727448
epoch: 15440, loss_train: 0.0004495482, loss_valid: 0.0578295067
epoch: 15460, loss_train: 0.0004492137, loss_valid: 0.0575461872
epoch: 15480, loss_train: 0.0004419892, loss_valid: 0.0573180988
epoch: 15500, loss_train: 0.0004771685, loss_valid: 0.0572779439
epoch: 15520, loss_train: 0.0004624176, loss_valid: 0.0574529096
epoch: 15540, loss_train: 0.0004476517, loss_valid: 0.0569884367
epoch: 15560, loss_train: 0.0004514324, loss_valid: 0.0578405410
epoch: 15580, loss_train: 0.0004552834, loss_valid: 0.0571513996
epoch: 15600, loss_train: 0.0004654149, loss_valid: 0.0577070266
epoch: 15620, loss_train: 0.0004614980, loss_valid: 0.0572050773
epoch: 15640, loss_train: 0.0004562894, loss_valid: 0.0574752241
epoch: 15660, loss_train: 0.0004608545, loss_valid: 0.0578759424
epoch: 15680, loss_train: 0.0004558408, loss_valid: 0.0569759682
epoch: 15700, loss_train: 0.0004596261, loss_valid: 0.0572273023
epoch: 15720, loss_train: 0.0004474107, loss_valid: 0.0571167991
epoch: 15740, loss_train: 0.0004571958, loss_valid: 0.0568810180
epoch: 15760, loss_train: 0.0004283368, loss_valid: 0.0576794371
epoch: 15780, loss_train: 0.0004453944, loss_valid: 0.0577757545
epoch: 15800, loss_train: 0.0004499936, loss_valid: 0.0571777485
epoch: 15820, loss_train: 0.0004538755, loss_valid: 0.0575196557
epoch: 15840, loss_train: 0.0004547270, loss_valid: 0.0577872023
epoch: 15860, loss_train: 0.0004543798, loss_valid: 0.0573498160
epoch: 15880, loss_train: 0.0004665396, loss_valid: 0.0578411110
epoch: 15900, loss_train: 0.0004504398, loss_valid: 0.0575642139
epoch: 15920, loss_train: 0.0004521701, loss_valid: 0.0570485406
epoch: 15940, loss_train: 0.0004465635, loss_valid: 0.0573630705
epoch: 15960, loss_train: 0.0004474881, loss_valid: 0.0577083118
epoch: 15980, loss_train: 0.0004542117, loss_valid: 0.0572687685
epoch: 16000, loss_train: 0.0004508416, loss_valid: 0.0574372187
epoch: 16020, loss_train: 0.0004287805, loss_valid: 0.0578864478
epoch: 16040, loss_train: 0.0004328431, loss_valid: 0.0573558658
epoch: 16060, loss_train: 0.0004619599, loss_valid: 0.0569494367
epoch: 16080, loss_train: 0.0004382996, loss_valid: 0.0571206100
epoch: 16100, loss_train: 0.0004455647, loss_valid: 0.0568352602
epoch: 16120, loss_train: 0.0004515449, loss_valid: 0.0571248680
epoch: 16140, loss_train: 0.0004406814, loss_valid: 0.0576885417
epoch: 16160, loss_train: 0.0004639200, loss_valid: 0.0576205701
epoch: 16180, loss_train: 0.0004378872, loss_valid: 0.0575275086
epoch: 16200, loss_train: 0.0004242354, loss_valid: 0.0571713783
epoch: 16220, loss_train: 0.0004420183, loss_valid: 0.0570529960
epoch: 16240, loss_train: 0.0004630985, loss_valid: 0.0575987771
epoch: 16260, loss_train: 0.0004356488, loss_valid: 0.0569657795
epoch: 16280, loss_train: 0.0004413393, loss_valid: 0.0572366863
epoch: 16300, loss_train: 0.0004437273, loss_valid: 0.0579527132
epoch: 16320, loss_train: 0.0004279329, loss_valid: 0.0573031679
epoch: 16340, loss_train: 0.0004443655, loss_valid: 0.0564959608
epoch: 16360, loss_train: 0.0004432060, loss_valid: 0.0573093370
epoch: 16380, loss_train: 0.0004362139, loss_valid: 0.0568585768
epoch: 16400, loss_train: 0.0004481927, loss_valid: 0.0571021028
epoch: 16420, loss_train: 0.0004511267, loss_valid: 0.0571310334
epoch: 16440, loss_train: 0.0004504136, loss_valid: 0.0576857068
epoch: 16460, loss_train: 0.0004320169, loss_valid: 0.0570039302
epoch: 16480, loss_train: 0.0004360429, loss_valid: 0.0572308414
epoch: 16500, loss_train: 0.0004353519, loss_valid: 0.0573307760
epoch: 16520, loss_train: 0.0004347550, loss_valid: 0.0573344827
epoch: 16540, loss_train: 0.0004449625, loss_valid: 0.0571140423
epoch: 16560, loss_train: 0.0004316127, loss_valid: 0.0564357974
epoch: 16580, loss_train: 0.0004567350, loss_valid: 0.0569258668
epoch: 16600, loss_train: 0.0004470370, loss_valid: 0.0573456958
epoch: 16620, loss_train: 0.0004360290, loss_valid: 0.0573710315
epoch: 16640, loss_train: 0.0004611408, loss_valid: 0.0571464002
epoch: 16660, loss_train: 0.0004356228, loss_valid: 0.0568043366
epoch: 16680, loss_train: 0.0004461695, loss_valid: 0.0571777597
epoch: 16700, loss_train: 0.0004367544, loss_valid: 0.0572022870
epoch: 16720, loss_train: 0.0004321234, loss_valid: 0.0569172800
epoch: 16740, loss_train: 0.0004310299, loss_valid: 0.0571342036
epoch: 16760, loss_train: 0.0004313948, loss_valid: 0.0569470190
epoch: 16780, loss_train: 0.0004339202, loss_valid: 0.0570742600
epoch: 16800, loss_train: 0.0004474694, loss_valid: 0.0568403937
epoch: 16820, loss_train: 0.0004298833, loss_valid: 0.0564926006
epoch: 16840, loss_train: 0.0004199016, loss_valid: 0.0565414578
epoch: 16860, loss_train: 0.0004480130, loss_valid: 0.0574223772
epoch: 16880, loss_train: 0.0004413915, loss_valid: 0.0576825179
epoch: 16900, loss_train: 0.0004491741, loss_valid: 0.0565585867
epoch: 16920, loss_train: 0.0004338272, loss_valid: 0.0565878823
epoch: 16940, loss_train: 0.0004363470, loss_valid: 0.0572831333
epoch: 16960, loss_train: 0.0004328432, loss_valid: 0.0569138527
epoch: 16980, loss_train: 0.0004315538, loss_valid: 0.0569336191
epoch: 17000, loss_train: 0.0004295018, loss_valid: 0.0565008074
epoch: 17020, loss_train: 0.0004369218, loss_valid: 0.0569219440
epoch: 17040, loss_train: 0.0004404528, loss_valid: 0.0562928990
epoch: 17060, loss_train: 0.0004328639, loss_valid: 0.0572470836
epoch: 17080, loss_train: 0.0004387344, loss_valid: 0.0561090820
epoch: 17100, loss_train: 0.0004295012, loss_valid: 0.0563422255
epoch: 17120, loss_train: 0.0004507531, loss_valid: 0.0564569384
epoch: 17140, loss_train: 0.0004344544, loss_valid: 0.0568508916
epoch: 17160, loss_train: 0.0004311579, loss_valid: 0.0568271987
epoch: 17180, loss_train: 0.0004284240, loss_valid: 0.0571655668
epoch: 17200, loss_train: 0.0004178118, loss_valid: 0.0569762290
epoch: 17220, loss_train: 0.0004343181, loss_valid: 0.0563384481
epoch: 17240, loss_train: 0.0004202809, loss_valid: 0.0563263968
epoch: 17260, loss_train: 0.0004402565, loss_valid: 0.0561753884
epoch: 17280, loss_train: 0.0004271872, loss_valid: 0.0569071621
epoch: 17300, loss_train: 0.0004435608, loss_valid: 0.0566353500
epoch: 17320, loss_train: 0.0004340335, loss_valid: 0.0564205311
epoch: 17340, loss_train: 0.0004304882, loss_valid: 0.0563826188
epoch: 17360, loss_train: 0.0004301396, loss_valid: 0.0565514490
epoch: 17380, loss_train: 0.0004432562, loss_valid: 0.0566041432
epoch: 17400, loss_train: 0.0004197612, loss_valid: 0.0569723099
epoch: 17420, loss_train: 0.0004277785, loss_valid: 0.0572561100
epoch: 17440, loss_train: 0.0004482442, loss_valid: 0.0558493733
epoch: 17460, loss_train: 0.0004292681, loss_valid: 0.0565145724
epoch: 17480, loss_train: 0.0004386281, loss_valid: 0.0574234687
epoch: 17500, loss_train: 0.0004383219, loss_valid: 0.0569344573
epoch: 17520, loss_train: 0.0004420098, loss_valid: 0.0567646362
epoch: 17540, loss_train: 0.0004367833, loss_valid: 0.0560683273
epoch: 17560, loss_train: 0.0004387929, loss_valid: 0.0569207296
epoch: 17580, loss_train: 0.0004319822, loss_valid: 0.0563611835
epoch: 17600, loss_train: 0.0004266427, loss_valid: 0.0570242628
epoch: 17620, loss_train: 0.0004322098, loss_valid: 0.0560934879
epoch: 17640, loss_train: 0.0004139847, loss_valid: 0.0563712157
epoch: 17660, loss_train: 0.0004403623, loss_valid: 0.0574134849
epoch: 17680, loss_train: 0.0004349400, loss_valid: 0.0564959347
epoch: 17700, loss_train: 0.0004337972, loss_valid: 0.0567120798
epoch: 17720, loss_train: 0.0004425516, loss_valid: 0.0568963476
epoch: 17740, loss_train: 0.0004508972, loss_valid: 0.0564871877
epoch: 17760, loss_train: 0.0004320822, loss_valid: 0.0569432676
epoch: 17780, loss_train: 0.0004228852, loss_valid: 0.0562038645
epoch: 17800, loss_train: 0.0004410467, loss_valid: 0.0567726642
epoch: 17820, loss_train: 0.0004273195, loss_valid: 0.0562964305
epoch: 17840, loss_train: 0.0004183945, loss_valid: 0.0563256182
epoch: 17860, loss_train: 0.0004225541, loss_valid: 0.0563028678
epoch: 17880, loss_train: 0.0004446426, loss_valid: 0.0560460649
epoch: 17900, loss_train: 0.0004371628, loss_valid: 0.0563141778
epoch: 17920, loss_train: 0.0004335737, loss_valid: 0.0564737916
epoch: 17940, loss_train: 0.0004374980, loss_valid: 0.0564326309
epoch: 17960, loss_train: 0.0004486784, loss_valid: 0.0563782230
epoch: 17980, loss_train: 0.0004475925, loss_valid: 0.0559735149
epoch: 18000, loss_train: 0.0004365307, loss_valid: 0.0563651323
epoch: 18020, loss_train: 0.0004193382, loss_valid: 0.0565640666
epoch: 18040, loss_train: 0.0004287425, loss_valid: 0.0567447990
epoch: 18060, loss_train: 0.0004333445, loss_valid: 0.0564097464
epoch: 18080, loss_train: 0.0004188895, loss_valid: 0.0563809127
epoch: 18100, loss_train: 0.0004176956, loss_valid: 0.0565098412
epoch: 18120, loss_train: 0.0004210706, loss_valid: 0.0568095557
epoch: 18140, loss_train: 0.0004230454, loss_valid: 0.0568720624
epoch: 18160, loss_train: 0.0004268513, loss_valid: 0.0567030497
epoch: 18180, loss_train: 0.0004280220, loss_valid: 0.0559329949
epoch: 18200, loss_train: 0.0004345399, loss_valid: 0.0562783889
epoch: 18220, loss_train: 0.0004391337, loss_valid: 0.0560928844
epoch: 18240, loss_train: 0.0004233723, loss_valid: 0.0561638996
epoch: 18260, loss_train: 0.0004337012, loss_valid: 0.0563491061
epoch: 18280, loss_train: 0.0004334420, loss_valid: 0.0563837476
epoch: 18300, loss_train: 0.0004229488, loss_valid: 0.0573323667
epoch: 18320, loss_train: 0.0004179211, loss_valid: 0.0564534999
epoch: 18340, loss_train: 0.0004441514, loss_valid: 0.0562463403
epoch: 18360, loss_train: 0.0004303334, loss_valid: 0.0558959320
epoch: 18380, loss_train: 0.0004204917, loss_valid: 0.0565254018
epoch: 18400, loss_train: 0.0004212078, loss_valid: 0.0570121966
epoch: 18420, loss_train: 0.0004334986, loss_valid: 0.0564647764
epoch: 18440, loss_train: 0.0004298780, loss_valid: 0.0556809753
epoch: 18460, loss_train: 0.0004282103, loss_valid: 0.0563832000
epoch: 18480, loss_train: 0.0004306883, loss_valid: 0.0563378707
epoch: 18500, loss_train: 0.0004250795, loss_valid: 0.0563459657
epoch: 18520, loss_train: 0.0004341076, loss_valid: 0.0563864745
epoch: 18540, loss_train: 0.0004337534, loss_valid: 0.0562348515
epoch: 18560, loss_train: 0.0004321143, loss_valid: 0.0560940616
epoch: 18580, loss_train: 0.0004166270, loss_valid: 0.0567161143
epoch: 18600, loss_train: 0.0004345872, loss_valid: 0.0569276772
epoch: 18620, loss_train: 0.0004243783, loss_valid: 0.0563812666
epoch: 18640, loss_train: 0.0004147352, loss_valid: 0.0563925393
epoch: 18660, loss_train: 0.0004238665, loss_valid: 0.0568046458
epoch: 18680, loss_train: 0.0004315252, loss_valid: 0.0563961565
epoch: 18700, loss_train: 0.0004231105, loss_valid: 0.0563653074
epoch: 18720, loss_train: 0.0004174860, loss_valid: 0.0560419895
epoch: 18740, loss_train: 0.0004239031, loss_valid: 0.0555574819
epoch: 18760, loss_train: 0.0004144891, loss_valid: 0.0561906844
epoch: 18780, loss_train: 0.0004175762, loss_valid: 0.0562975332
epoch: 18800, loss_train: 0.0004240282, loss_valid: 0.0569622815
epoch: 18820, loss_train: 0.0004180984, loss_valid: 0.0570918396
epoch: 18840, loss_train: 0.0004132209, loss_valid: 0.0561354943
epoch: 18860, loss_train: 0.0004338037, loss_valid: 0.0561640710
epoch: 18880, loss_train: 0.0004343949, loss_valid: 0.0566359833
epoch: 18900, loss_train: 0.0004300999, loss_valid: 0.0565929599
epoch: 18920, loss_train: 0.0004160633, loss_valid: 0.0564346462
epoch: 18940, loss_train: 0.0004157877, loss_valid: 0.0563152321
epoch: 18960, loss_train: 0.0004252183, loss_valid: 0.0561011992
epoch: 18980, loss_train: 0.0004205928, loss_valid: 0.0558815226
epoch: 19000, loss_train: 0.0004307650, loss_valid: 0.0565105379
epoch: 19020, loss_train: 0.0004294307, loss_valid: 0.0557218194
epoch: 19040, loss_train: 0.0004213128, loss_valid: 0.0566390157
epoch: 19060, loss_train: 0.0004297344, loss_valid: 0.0562669784
epoch: 19080, loss_train: 0.0004253227, loss_valid: 0.0564855896
epoch: 19100, loss_train: 0.0004327040, loss_valid: 0.0574090555
epoch: 19120, loss_train: 0.0004173495, loss_valid: 0.0561053678
epoch: 19140, loss_train: 0.0004385304, loss_valid: 0.0559057891
epoch: 19160, loss_train: 0.0004287070, loss_valid: 0.0568875112
epoch: 19180, loss_train: 0.0004125031, loss_valid: 0.0560947992
epoch: 19200, loss_train: 0.0004233639, loss_valid: 0.0564484410
epoch: 19220, loss_train: 0.0004173862, loss_valid: 0.0561625548
epoch: 19240, loss_train: 0.0004287709, loss_valid: 0.0567497835
epoch: 19260, loss_train: 0.0004142546, loss_valid: 0.0565016158
epoch: 19280, loss_train: 0.0004239033, loss_valid: 0.0564436950
epoch: 19300, loss_train: 0.0004283669, loss_valid: 0.0566143692
epoch: 19320, loss_train: 0.0004175091, loss_valid: 0.0569202304
epoch: 19340, loss_train: 0.0004032150, loss_valid: 0.0559760742
epoch: 19360, loss_train: 0.0004190133, loss_valid: 0.0566554070
epoch: 19380, loss_train: 0.0004250598, loss_valid: 0.0568898134
epoch: 19400, loss_train: 0.0004289328, loss_valid: 0.0563835502
epoch: 19420, loss_train: 0.0004296478, loss_valid: 0.0559930392
epoch: 19440, loss_train: 0.0004156052, loss_valid: 0.0562528074
epoch: 19460, loss_train: 0.0004017265, loss_valid: 0.0565222465
epoch: 19480, loss_train: 0.0004357396, loss_valid: 0.0559191555
epoch: 19500, loss_train: 0.0004257413, loss_valid: 0.0568427294
epoch: 19520, loss_train: 0.0004200898, loss_valid: 0.0557255372
epoch: 19540, loss_train: 0.0004068099, loss_valid: 0.0566417500
epoch: 19560, loss_train: 0.0004090397, loss_valid: 0.0560500771
epoch: 19580, loss_train: 0.0004301855, loss_valid: 0.0566999093
epoch: 19600, loss_train: 0.0004249714, loss_valid: 0.0566606000
epoch: 19620, loss_train: 0.0004122198, loss_valid: 0.0562166534
epoch: 19640, loss_train: 0.0004142598, loss_valid: 0.0560212955
epoch: 19660, loss_train: 0.0004039117, loss_valid: 0.0566541441
epoch: 19680, loss_train: 0.0004281912, loss_valid: 0.0559868999
epoch: 19700, loss_train: 0.0004233091, loss_valid: 0.0560245886
epoch: 19720, loss_train: 0.0004351477, loss_valid: 0.0565207228
epoch: 19740, loss_train: 0.0004142050, loss_valid: 0.0569550619
epoch: 19760, loss_train: 0.0004121523, loss_valid: 0.0566746704
epoch: 19780, loss_train: 0.0004147172, loss_valid: 0.0559556372
epoch: 19800, loss_train: 0.0004245856, loss_valid: 0.0566909537
epoch: 19820, loss_train: 0.0004173075, loss_valid: 0.0561763272
epoch: 19840, loss_train: 0.0004238200, loss_valid: 0.0562572107
epoch: 19860, loss_train: 0.0003960778, loss_valid: 0.0567022711
epoch: 19880, loss_train: 0.0004295714, loss_valid: 0.0553629324
epoch: 19900, loss_train: 0.0004204073, loss_valid: 0.0564850196
epoch: 19920, loss_train: 0.0004178599, loss_valid: 0.0555330776
epoch: 19940, loss_train: 0.0004179303, loss_valid: 0.0562313274
epoch: 19960, loss_train: 0.0004114599, loss_valid: 0.0558691472
epoch: 19980, loss_train: 0.0004188920, loss_valid: 0.0564694069
Train the model: done, 1752.2731862068176 seconds
Save trained model: done
