/cluster/home/xudjian/ModalGNN_Time_Domain/data/dataset_loader.py:190: UserWarning: Creating a tensor from a list of numpy.ndarrays is extremely slow. Please consider converting the list to a single numpy.ndarray with numpy.array() before converting to a tensor. (Triggered internally at ../torch/csrc/utils/tensor_new.cpp:261.)
  self.freqs = torch.tensor(self.freqs, dtype = torch.float).to(self.device)
wandb: Using wandb-core as the SDK backend. Please refer to https://wandb.me/wandb-core for more information.
wandb: Currently logged in as: jxd-engineer. Use `wandb login --relogin` to force relogin
wandb: Tracking run with wandb version 0.18.1
wandb: Run data is saved locally in /cluster/home/xudjian/ModalGNN_Time_Domain/wandb/run-20241023_222839-9edtu8nh
wandb: Run `wandb offline` to turn off syncing.
wandb: Syncing run zesty-hill-118
wandb: ⭐️ View project at https://wandb.ai/jxd-engineer/ModalGNN_TimeDomain
wandb: 🚀 View run at https://wandb.ai/jxd-engineer/ModalGNN_TimeDomain/runs/9edtu8nh
wandb: - 0.003 MB of 0.003 MB uploadedwandb: \ 0.003 MB of 0.003 MB uploadedwandb: | 0.003 MB of 0.003 MB uploadedwandb: / 0.003 MB of 0.003 MB uploadedwandb: - 0.003 MB of 0.003 MB uploadedwandb: \ 0.020 MB of 0.020 MB uploadedwandb:                                                                                
wandb: 
wandb: Run history:
wandb: loss1_valid █▅▄▄▄▂▁▁▂▂▂▂▂▂▃▄▄▄▄▄▄▄▃▄▃▃▃▄▃▃▃▃▂▂▂▂▂▂▂▂
wandb: loss2_valid █▁▁▁▁▁▁▁▁▁▁▁▁▁▁▁▁▁▁▁▁▁▁▁▁▁▁▁▁▁▁▁▁▁▁▁▁▁▁▁
wandb: loss3_valid ▁▁▁▁▁▁▁▂▁▁▁▁▁▁▁▄▄▄▄▃█▂▂▂▂▂▂▂▃▂▂▂▂▂▂▂▂▂▂▂
wandb:  loss_train █▇▆▇▅▅▅▆▇▄▄▄▄▅▅▅▄▃▄▃▄▃▄▃▄▃▃▂▂▂▂▂▁▂▂▂▁▁▁▂
wandb:  loss_valid ▅▁▄▃▃▁▂▆▃▂▃▂▄▇▆▇▇▆██▇█▆▅▄▅▃▃▄▃▃▃▂▃▃▂▃▃▁▁
wandb: 
wandb: Run summary:
wandb: loss1_valid 0.02693
wandb: loss2_valid 0.00611
wandb: loss3_valid 6e-05
wandb:  loss_train 0.01587
wandb:  loss_valid 0.03311
wandb: 
wandb: 🚀 View run zesty-hill-118 at: https://wandb.ai/jxd-engineer/ModalGNN_TimeDomain/runs/9edtu8nh
wandb: ⭐️ View project at: https://wandb.ai/jxd-engineer/ModalGNN_TimeDomain
wandb: Synced 5 W&B file(s), 0 media file(s), 0 artifact file(s) and 0 other file(s)
wandb: Find logs at: ./wandb/run-20241023_222839-9edtu8nh/logs
Training device: cuda:0
Create model: done
graph_id = 0
graph_id = 1
graph_id = 2
graph_id = 3
graph_id = 4
graph_id = 5
graph_id = 6
graph_id = 7
graph_id = 8
graph_id = 9
graph_id = 10
graph_id = 11
graph_id = 12
graph_id = 13
graph_id = 14
graph_id = 15
graph_id = 16
graph_id = 17
graph_id = 18
graph_id = 19
graph_id = 20
graph_id = 21
graph_id = 22
graph_id = 23
graph_id = 24
graph_id = 25
graph_id = 26
graph_id = 27
graph_id = 28
graph_id = 29
graph_id = 30
graph_id = 31
graph_id = 32
graph_id = 33
graph_id = 34
graph_id = 35
graph_id = 36
graph_id = 37
graph_id = 38
graph_id = 39
graph_id = 40
graph_id = 41
graph_id = 42
graph_id = 43
graph_id = 44
graph_id = 45
graph_id = 46
graph_id = 47
graph_id = 48
graph_id = 49
graph_id = 50
graph_id = 51
graph_id = 52
graph_id = 53
graph_id = 54
graph_id = 55
graph_id = 56
graph_id = 57
graph_id = 58
graph_id = 59
graph_id = 60
graph_id = 61
graph_id = 62
graph_id = 63
graph_id = 64
graph_id = 65
graph_id = 66
graph_id = 67
graph_id = 68
graph_id = 69
graph_id = 70
graph_id = 71
graph_id = 72
graph_id = 73
graph_id = 74
graph_id = 75
graph_id = 76
graph_id = 77
graph_id = 78
graph_id = 79
graph_id = 80
graph_id = 81
graph_id = 82
graph_id = 83
graph_id = 84
graph_id = 85
graph_id = 86
graph_id = 87
graph_id = 88
graph_id = 89
graph_id = 90
graph_id = 91
graph_id = 92
graph_id = 93
graph_id = 94
graph_id = 95
graph_id = 96
graph_id = 97
graph_id = 98
graph_id = 99
graph_id = 100
graph_id = 101
graph_id = 102
graph_id = 103
graph_id = 104
graph_id = 105
graph_id = 106
graph_id = 107
graph_id = 108
graph_id = 109
graph_id = 110
graph_id = 111
graph_id = 112
graph_id = 113
graph_id = 114
graph_id = 115
graph_id = 116
graph_id = 117
graph_id = 118
graph_id = 119
graph_id = 120
graph_id = 121
graph_id = 122
graph_id = 123
graph_id = 124
graph_id = 125
graph_id = 126
graph_id = 127
graph_id = 128
graph_id = 129
graph_id = 130
graph_id = 131
graph_id = 132
graph_id = 133
graph_id = 134
graph_id = 135
graph_id = 136
graph_id = 137
graph_id = 138
graph_id = 139
graph_id = 140
graph_id = 141
graph_id = 142
graph_id = 143
graph_id = 144
graph_id = 145
graph_id = 146
graph_id = 147
graph_id = 148
graph_id = 149
graph_id = 150
graph_id = 151
graph_id = 152
graph_id = 153
graph_id = 154
graph_id = 155
graph_id = 156
graph_id = 157
graph_id = 158
graph_id = 159
graph_id = 160
graph_id = 161
graph_id = 162
graph_id = 163
graph_id = 164
graph_id = 165
graph_id = 166
graph_id = 167
graph_id = 168
graph_id = 169
graph_id = 170
graph_id = 171
graph_id = 172
graph_id = 173
graph_id = 174
graph_id = 175
graph_id = 176
graph_id = 177
graph_id = 178
graph_id = 179
graph_id = 180
graph_id = 181
graph_id = 182
graph_id = 183
graph_id = 184
graph_id = 185
graph_id = 186
graph_id = 187
graph_id = 188
graph_id = 189
graph_id = 190
graph_id = 191
graph_id = 192
graph_id = 193
graph_id = 194
graph_id = 195
graph_id = 196
graph_id = 197
graph_id = 198
graph_id = 199
graph_id = 200
graph_id = 201
graph_id = 202
graph_id = 203
graph_id = 204
graph_id = 205
graph_id = 206
graph_id = 207
graph_id = 208
graph_id = 209
graph_id = 210
graph_id = 211
graph_id = 212
graph_id = 213
graph_id = 214
graph_id = 215
graph_id = 216
graph_id = 217
graph_id = 218
graph_id = 219
graph_id = 220
graph_id = 221
graph_id = 222
graph_id = 223
graph_id = 224
graph_id = 225
graph_id = 226
graph_id = 227
graph_id = 228
graph_id = 229
graph_id = 230
graph_id = 231
graph_id = 232
graph_id = 233
graph_id = 234
graph_id = 235
graph_id = 236
graph_id = 237
graph_id = 238
graph_id = 239
graph_id = 240
graph_id = 241
graph_id = 242
graph_id = 243
graph_id = 244
graph_id = 245
graph_id = 246
graph_id = 247
graph_id = 248
graph_id = 249
graph_id = 250
graph_id = 251
graph_id = 252
graph_id = 253
graph_id = 254
graph_id = 255
graph_id = 256
graph_id = 257
graph_id = 258
graph_id = 259
graph_id = 260
graph_id = 261
graph_id = 262
graph_id = 263
graph_id = 264
graph_id = 265
graph_id = 266
graph_id = 267
graph_id = 268
graph_id = 269
graph_id = 270
graph_id = 271
graph_id = 272
graph_id = 273
graph_id = 274
graph_id = 275
graph_id = 276
graph_id = 277
graph_id = 278
graph_id = 279
graph_id = 280
graph_id = 281
graph_id = 282
graph_id = 283
graph_id = 284
graph_id = 285
graph_id = 286
graph_id = 287
graph_id = 288
graph_id = 289
graph_id = 290
graph_id = 291
graph_id = 292
graph_id = 293
graph_id = 294
graph_id = 295
graph_id = 296
graph_id = 297
graph_id = 298
graph_id = 299
Create training dataset: done
graph_id = 495
graph_id = 496
graph_id = 497
graph_id = 498
graph_id = 499
Create validation dataset: done
epoch: 0, loss_train: 0.6202763915, loss_valid: 1.1410087347
epoch: 20, loss_train: 0.1930575818, loss_valid: 0.4563978910
epoch: 40, loss_train: 0.1133006662, loss_valid: 0.3122063875
epoch: 60, loss_train: 0.0887268633, loss_valid: 0.2809412479
epoch: 80, loss_train: 0.0792584941, loss_valid: 0.2639583647
epoch: 100, loss_train: 0.0722241551, loss_valid: 0.2338294834
epoch: 120, loss_train: 0.0645314455, loss_valid: 0.1946216077
epoch: 140, loss_train: 0.0575236827, loss_valid: 0.1447115242
epoch: 160, loss_train: 0.0539097153, loss_valid: 0.1165359840
epoch: 180, loss_train: 0.0507192984, loss_valid: 0.1196563318
epoch: 200, loss_train: 0.0481192470, loss_valid: 0.1071118265
epoch: 220, loss_train: 0.0472678356, loss_valid: 0.1052713096
epoch: 240, loss_train: 0.0449965894, loss_valid: 0.1021988764
epoch: 260, loss_train: 0.0448064916, loss_valid: 0.1054195538
epoch: 280, loss_train: 0.0427146517, loss_valid: 0.0991252288
epoch: 300, loss_train: 0.0415317640, loss_valid: 0.0987001732
epoch: 320, loss_train: 0.0433029532, loss_valid: 0.1161927283
epoch: 340, loss_train: 0.0405582227, loss_valid: 0.0966793373
epoch: 360, loss_train: 0.0403393954, loss_valid: 0.0964881554
epoch: 380, loss_train: 0.0387694836, loss_valid: 0.0960708559
epoch: 400, loss_train: 0.0396130569, loss_valid: 0.0951856375
epoch: 420, loss_train: 0.0416943133, loss_valid: 0.1066946909
epoch: 440, loss_train: 0.0393351242, loss_valid: 0.0959863886
epoch: 460, loss_train: 0.0378510505, loss_valid: 0.0950430036
epoch: 480, loss_train: 0.0383122228, loss_valid: 0.0964552164
epoch: 500, loss_train: 0.0385103486, loss_valid: 0.0939892754
epoch: 520, loss_train: 0.0382782295, loss_valid: 0.0954439417
epoch: 540, loss_train: 0.0371080264, loss_valid: 0.0930064768
epoch: 560, loss_train: 0.0370461717, loss_valid: 0.0919267088
epoch: 580, loss_train: 0.0386365913, loss_valid: 0.0974096656
epoch: 600, loss_train: 0.0377703309, loss_valid: 0.0924374983
epoch: 620, loss_train: 0.0373813994, loss_valid: 0.0915356278
epoch: 640, loss_train: 0.0372535884, loss_valid: 0.0911937580
epoch: 660, loss_train: 0.0365791842, loss_valid: 0.0916592553
epoch: 680, loss_train: 0.0370290056, loss_valid: 0.0917593390
epoch: 700, loss_train: 0.0371606499, loss_valid: 0.0925061926
epoch: 720, loss_train: 0.0373298302, loss_valid: 0.0915102288
epoch: 740, loss_train: 0.0371261388, loss_valid: 0.0912684500
epoch: 760, loss_train: 0.0374490246, loss_valid: 0.0901099443
epoch: 780, loss_train: 0.0377320126, loss_valid: 0.0906364098
epoch: 800, loss_train: 0.0362082422, loss_valid: 0.0902513936
epoch: 820, loss_train: 0.0376379751, loss_valid: 0.0919220001
epoch: 840, loss_train: 0.0358632058, loss_valid: 0.0903830528
epoch: 860, loss_train: 0.0373543464, loss_valid: 0.0927954912
epoch: 880, loss_train: 0.0354358554, loss_valid: 0.0912759602
epoch: 900, loss_train: 0.0361558050, loss_valid: 0.0907292515
epoch: 920, loss_train: 0.0356268883, loss_valid: 0.0907246396
epoch: 940, loss_train: 0.0366577171, loss_valid: 0.0910889655
epoch: 960, loss_train: 0.0352429077, loss_valid: 0.0910930783
epoch: 980, loss_train: 0.0346374661, loss_valid: 0.0903928950
epoch: 1000, loss_train: 0.0355635397, loss_valid: 0.0911941081
epoch: 1020, loss_train: 0.0360785760, loss_valid: 0.0900862291
epoch: 1040, loss_train: 0.0360137634, loss_valid: 0.0911727846
epoch: 1060, loss_train: 0.0364660025, loss_valid: 0.0901687220
epoch: 1080, loss_train: 0.0358328857, loss_valid: 0.0918265507
epoch: 1100, loss_train: 0.0348506644, loss_valid: 0.0915938392
epoch: 1120, loss_train: 0.0354898535, loss_valid: 0.0903065428
epoch: 1140, loss_train: 0.0350735597, loss_valid: 0.0917341709
epoch: 1160, loss_train: 0.0348986648, loss_valid: 0.0922539681
epoch: 1180, loss_train: 0.0357031599, loss_valid: 0.0916210413
epoch: 1200, loss_train: 0.0352102928, loss_valid: 0.0909012184
epoch: 1220, loss_train: 0.0346855596, loss_valid: 0.0929587036
epoch: 1240, loss_train: 0.0348957255, loss_valid: 0.0897673294
epoch: 1260, loss_train: 0.0351053774, loss_valid: 0.0929752439
epoch: 1280, loss_train: 0.0357238315, loss_valid: 0.0901690647
epoch: 1300, loss_train: 0.0360173807, loss_valid: 0.0894258246
epoch: 1320, loss_train: 0.0346458480, loss_valid: 0.0901405513
epoch: 1340, loss_train: 0.0349451751, loss_valid: 0.0881315544
epoch: 1360, loss_train: 0.0353106484, loss_valid: 0.0904416516
epoch: 1380, loss_train: 0.0339649171, loss_valid: 0.0901003331
epoch: 1400, loss_train: 0.0354762375, loss_valid: 0.0934452787
epoch: 1420, loss_train: 0.0348582081, loss_valid: 0.0886476859
epoch: 1440, loss_train: 0.0349252187, loss_valid: 0.0896208584
epoch: 1460, loss_train: 0.0362756401, loss_valid: 0.0903014541
epoch: 1480, loss_train: 0.0350349396, loss_valid: 0.0891712606
epoch: 1500, loss_train: 0.0338114351, loss_valid: 0.0898118243
epoch: 1520, loss_train: 0.0338876322, loss_valid: 0.0886965245
epoch: 1540, loss_train: 0.0344962068, loss_valid: 0.0899242163
epoch: 1560, loss_train: 0.0345293246, loss_valid: 0.0891033784
epoch: 1580, loss_train: 0.0348919109, loss_valid: 0.0896236673
epoch: 1600, loss_train: 0.0345546752, loss_valid: 0.0894150883
epoch: 1620, loss_train: 0.0338337719, loss_valid: 0.0899687484
epoch: 1640, loss_train: 0.0343150422, loss_valid: 0.0930210277
epoch: 1660, loss_train: 0.0335097127, loss_valid: 0.0910528004
epoch: 1680, loss_train: 0.0329445861, loss_valid: 0.0911097676
epoch: 1700, loss_train: 0.0339768752, loss_valid: 0.0929412022
epoch: 1720, loss_train: 0.0336861834, loss_valid: 0.0946650878
epoch: 1740, loss_train: 0.0328840427, loss_valid: 0.0922459885
epoch: 1760, loss_train: 0.0324009135, loss_valid: 0.0930831283
epoch: 1780, loss_train: 0.0324729122, loss_valid: 0.0910141692
epoch: 1800, loss_train: 0.0328683481, loss_valid: 0.0933257714
epoch: 1820, loss_train: 0.0324329920, loss_valid: 0.0930886865
epoch: 1840, loss_train: 0.0319949836, loss_valid: 0.0941178128
epoch: 1860, loss_train: 0.0325289071, loss_valid: 0.0933901742
epoch: 1880, loss_train: 0.0325225741, loss_valid: 0.0954213440
epoch: 1900, loss_train: 0.0317437947, loss_valid: 0.0924492776
epoch: 1920, loss_train: 0.0316186510, loss_valid: 0.0939505175
epoch: 1940, loss_train: 0.0314742438, loss_valid: 0.0945833400
epoch: 1960, loss_train: 0.0308772381, loss_valid: 0.0963598713
epoch: 1980, loss_train: 0.0307915583, loss_valid: 0.0911751091
epoch: 2000, loss_train: 0.0309887193, loss_valid: 0.0943460315
epoch: 2020, loss_train: 0.0306586009, loss_valid: 0.0944333822
epoch: 2040, loss_train: 0.0303878747, loss_valid: 0.0938603953
epoch: 2060, loss_train: 0.0299053248, loss_valid: 0.0939884037
epoch: 2080, loss_train: 0.0308636166, loss_valid: 0.0928992853
epoch: 2100, loss_train: 0.0303435251, loss_valid: 0.0913735032
epoch: 2120, loss_train: 0.0303191058, loss_valid: 0.0935884416
epoch: 2140, loss_train: 0.0302681439, loss_valid: 0.0935567245
epoch: 2160, loss_train: 0.0294550806, loss_valid: 0.0940046683
epoch: 2180, loss_train: 0.0294143613, loss_valid: 0.0937517136
epoch: 2200, loss_train: 0.0297959149, loss_valid: 0.0941743106
epoch: 2220, loss_train: 0.0292463750, loss_valid: 0.0938146561
epoch: 2240, loss_train: 0.0292031914, loss_valid: 0.0942233056
epoch: 2260, loss_train: 0.0292491522, loss_valid: 0.0939198658
epoch: 2280, loss_train: 0.0294249170, loss_valid: 0.0944921151
epoch: 2300, loss_train: 0.0284221955, loss_valid: 0.0926077217
epoch: 2320, loss_train: 0.0288713723, loss_valid: 0.0932004005
epoch: 2340, loss_train: 0.0281618293, loss_valid: 0.0946298018
epoch: 2360, loss_train: 0.0287306122, loss_valid: 0.0939629450
epoch: 2380, loss_train: 0.0279478431, loss_valid: 0.0931582004
epoch: 2400, loss_train: 0.0286665466, loss_valid: 0.0932699740
epoch: 2420, loss_train: 0.0275012180, loss_valid: 0.0947981477
epoch: 2440, loss_train: 0.0275644194, loss_valid: 0.0919954330
epoch: 2460, loss_train: 0.0274718665, loss_valid: 0.0938671231
epoch: 2480, loss_train: 0.0273504909, loss_valid: 0.0929060802
epoch: 2500, loss_train: 0.0274295248, loss_valid: 0.0941719264
epoch: 2520, loss_train: 0.0272742715, loss_valid: 0.0923287943
epoch: 2540, loss_train: 0.0268003624, loss_valid: 0.0937709138
epoch: 2560, loss_train: 0.0271535963, loss_valid: 0.0931613296
epoch: 2580, loss_train: 0.0268052798, loss_valid: 0.0947302580
epoch: 2600, loss_train: 0.0272258483, loss_valid: 0.0934240967
epoch: 2620, loss_train: 0.0264503546, loss_valid: 0.0928874314
epoch: 2640, loss_train: 0.0260018110, loss_valid: 0.0944633260
epoch: 2660, loss_train: 0.0264393054, loss_valid: 0.0932967365
epoch: 2680, loss_train: 0.0260231569, loss_valid: 0.0944067836
epoch: 2700, loss_train: 0.0259764846, loss_valid: 0.0933861434
epoch: 2720, loss_train: 0.0262193866, loss_valid: 0.0932943150
epoch: 2740, loss_train: 0.0263261236, loss_valid: 0.0941157788
epoch: 2760, loss_train: 0.0253217481, loss_valid: 0.0946684703
epoch: 2780, loss_train: 0.0249305498, loss_valid: 0.0942835882
epoch: 2800, loss_train: 0.0261412412, loss_valid: 0.0929292887
epoch: 2820, loss_train: 0.0248971861, loss_valid: 0.0934336707
epoch: 2840, loss_train: 0.0258546211, loss_valid: 0.0926482677
epoch: 2860, loss_train: 0.0248608124, loss_valid: 0.0928563923
epoch: 2880, loss_train: 0.0252514333, loss_valid: 0.0936750472
epoch: 2900, loss_train: 0.0252635591, loss_valid: 0.0930773020
epoch: 2920, loss_train: 0.0246184804, loss_valid: 0.0933114439
epoch: 2940, loss_train: 0.0252490100, loss_valid: 0.0941713974
epoch: 2960, loss_train: 0.0249153078, loss_valid: 0.0925735310
epoch: 2980, loss_train: 0.0247245654, loss_valid: 0.0928765535
epoch: 3000, loss_train: 0.0252416879, loss_valid: 0.0923921317
epoch: 3020, loss_train: 0.0240835156, loss_valid: 0.0925630927
epoch: 3040, loss_train: 0.0237110779, loss_valid: 0.0936532691
epoch: 3060, loss_train: 0.0248533450, loss_valid: 0.0945860669
epoch: 3080, loss_train: 0.0239323955, loss_valid: 0.0936794952
epoch: 3100, loss_train: 0.0243024062, loss_valid: 0.0928722546
epoch: 3120, loss_train: 0.0239597689, loss_valid: 0.0932184905
epoch: 3140, loss_train: 0.0234420002, loss_valid: 0.0930004269
epoch: 3160, loss_train: 0.0241253506, loss_valid: 0.0933110192
epoch: 3180, loss_train: 0.0236216784, loss_valid: 0.0927349553
epoch: 3200, loss_train: 0.0242344737, loss_valid: 0.0926336497
epoch: 3220, loss_train: 0.0230902787, loss_valid: 0.0931465253
epoch: 3240, loss_train: 0.0243425872, loss_valid: 0.0923609212
epoch: 3260, loss_train: 0.0234130770, loss_valid: 0.0911016390
epoch: 3280, loss_train: 0.0233609434, loss_valid: 0.0916804448
epoch: 3300, loss_train: 0.0238873698, loss_valid: 0.0920086578
epoch: 3320, loss_train: 0.0234077033, loss_valid: 0.0930116922
epoch: 3340, loss_train: 0.0234907232, loss_valid: 0.0930150896
epoch: 3360, loss_train: 0.0234532412, loss_valid: 0.0924674720
epoch: 3380, loss_train: 0.0234654583, loss_valid: 0.0913414434
epoch: 3400, loss_train: 0.0232161954, loss_valid: 0.0925050378
epoch: 3420, loss_train: 0.0229733177, loss_valid: 0.0931949168
epoch: 3440, loss_train: 0.0234679282, loss_valid: 0.0920679197
epoch: 3460, loss_train: 0.0234211348, loss_valid: 0.0928767920
epoch: 3480, loss_train: 0.0232241899, loss_valid: 0.0912028253
epoch: 3500, loss_train: 0.0229916647, loss_valid: 0.0917160586
epoch: 3520, loss_train: 0.0234590825, loss_valid: 0.0916574001
epoch: 3540, loss_train: 0.0230988525, loss_valid: 0.0901207626
epoch: 3560, loss_train: 0.0228332244, loss_valid: 0.0919127688
epoch: 3580, loss_train: 0.0226737242, loss_valid: 0.0908861607
epoch: 3600, loss_train: 0.0224702582, loss_valid: 0.0922777131
epoch: 3620, loss_train: 0.0228196364, loss_valid: 0.0921152234
epoch: 3640, loss_train: 0.0224242918, loss_valid: 0.0910320505
epoch: 3660, loss_train: 0.0223745815, loss_valid: 0.0913525820
epoch: 3680, loss_train: 0.0227075126, loss_valid: 0.0912455022
epoch: 3700, loss_train: 0.0232395213, loss_valid: 0.0913311243
epoch: 3720, loss_train: 0.0218099412, loss_valid: 0.0911436900
epoch: 3740, loss_train: 0.0223475602, loss_valid: 0.0907790884
epoch: 3760, loss_train: 0.0224439930, loss_valid: 0.0911103636
epoch: 3780, loss_train: 0.0229888391, loss_valid: 0.0924682096
epoch: 3800, loss_train: 0.0226563476, loss_valid: 0.0908919871
epoch: 3820, loss_train: 0.0222928189, loss_valid: 0.0903398916
epoch: 3840, loss_train: 0.0229065232, loss_valid: 0.0918582976
epoch: 3860, loss_train: 0.0228071064, loss_valid: 0.0909389481
epoch: 3880, loss_train: 0.0230424367, loss_valid: 0.0909917802
epoch: 3900, loss_train: 0.0221385323, loss_valid: 0.0911739841
epoch: 3920, loss_train: 0.0226213410, loss_valid: 0.0912773982
epoch: 3940, loss_train: 0.0224785991, loss_valid: 0.0907971635
epoch: 3960, loss_train: 0.0217953734, loss_valid: 0.0910160094
epoch: 3980, loss_train: 0.0227326229, loss_valid: 0.0909828544
epoch: 4000, loss_train: 0.0219542719, loss_valid: 0.0911828503
epoch: 4020, loss_train: 0.0220022500, loss_valid: 0.0909799114
epoch: 4040, loss_train: 0.0224549100, loss_valid: 0.0898953006
epoch: 4060, loss_train: 0.0217574891, loss_valid: 0.0903968588
epoch: 4080, loss_train: 0.0224416237, loss_valid: 0.0906250104
epoch: 4100, loss_train: 0.0223877169, loss_valid: 0.0912245363
epoch: 4120, loss_train: 0.0223808493, loss_valid: 0.0909854025
epoch: 4140, loss_train: 0.0219973978, loss_valid: 0.0907601714
epoch: 4160, loss_train: 0.0222936999, loss_valid: 0.0907791778
epoch: 4180, loss_train: 0.0217348989, loss_valid: 0.0914637968
epoch: 4200, loss_train: 0.0215962194, loss_valid: 0.0910240039
epoch: 4220, loss_train: 0.0222711153, loss_valid: 0.0911381692
epoch: 4240, loss_train: 0.0221364424, loss_valid: 0.0904997960
epoch: 4260, loss_train: 0.0213923603, loss_valid: 0.0910897180
epoch: 4280, loss_train: 0.0221084412, loss_valid: 0.0908831954
epoch: 4300, loss_train: 0.0219492819, loss_valid: 0.0904968828
epoch: 4320, loss_train: 0.0218537133, loss_valid: 0.0891337544
epoch: 4340, loss_train: 0.0216897763, loss_valid: 0.0904337391
epoch: 4360, loss_train: 0.0220453870, loss_valid: 0.0904597044
epoch: 4380, loss_train: 0.0223570243, loss_valid: 0.0900814906
epoch: 4400, loss_train: 0.0217336826, loss_valid: 0.0900245234
epoch: 4420, loss_train: 0.0216400921, loss_valid: 0.0907418579
epoch: 4440, loss_train: 0.0218432434, loss_valid: 0.0899386108
epoch: 4460, loss_train: 0.0213633832, loss_valid: 0.0895844549
epoch: 4480, loss_train: 0.0219842549, loss_valid: 0.0894982815
epoch: 4500, loss_train: 0.0218294319, loss_valid: 0.0899197981
epoch: 4520, loss_train: 0.0219061375, loss_valid: 0.0911085606
epoch: 4540, loss_train: 0.0221194439, loss_valid: 0.0893936232
epoch: 4560, loss_train: 0.0213562287, loss_valid: 0.0896879435
epoch: 4580, loss_train: 0.0218960047, loss_valid: 0.0894915983
epoch: 4600, loss_train: 0.0216629859, loss_valid: 0.0897956863
epoch: 4620, loss_train: 0.0212563127, loss_valid: 0.0894686505
epoch: 4640, loss_train: 0.0213010814, loss_valid: 0.0900523141
epoch: 4660, loss_train: 0.0215103328, loss_valid: 0.0902227908
epoch: 4680, loss_train: 0.0218586139, loss_valid: 0.0896692723
epoch: 4700, loss_train: 0.0217710715, loss_valid: 0.0903102309
epoch: 4720, loss_train: 0.0217806753, loss_valid: 0.0896866769
epoch: 4740, loss_train: 0.0217705872, loss_valid: 0.0900859237
epoch: 4760, loss_train: 0.0214412659, loss_valid: 0.0903078467
epoch: 4780, loss_train: 0.0215568822, loss_valid: 0.0898020864
epoch: 4800, loss_train: 0.0211938880, loss_valid: 0.0897042528
epoch: 4820, loss_train: 0.0213773251, loss_valid: 0.0898829252
epoch: 4840, loss_train: 0.0217073001, loss_valid: 0.0892440602
epoch: 4860, loss_train: 0.0213225298, loss_valid: 0.0894283727
epoch: 4880, loss_train: 0.0210411754, loss_valid: 0.0903206915
epoch: 4900, loss_train: 0.0214353763, loss_valid: 0.0888718739
epoch: 4920, loss_train: 0.0211986434, loss_valid: 0.0895264298
epoch: 4940, loss_train: 0.0211339667, loss_valid: 0.0895428658
epoch: 4960, loss_train: 0.0213295668, loss_valid: 0.0897756070
epoch: 4980, loss_train: 0.0214132722, loss_valid: 0.0889693424
Train the model: done, 2434.073386192322 seconds
Save trained model: done
