/cluster/home/xudjian/ModalGNN_Time_Domain/data/dataset_loader.py:190: UserWarning: Creating a tensor from a list of numpy.ndarrays is extremely slow. Please consider converting the list to a single numpy.ndarray with numpy.array() before converting to a tensor. (Triggered internally at ../torch/csrc/utils/tensor_new.cpp:261.)
  self.freqs = torch.tensor(self.freqs, dtype = torch.float).to(self.device)
wandb: Using wandb-core as the SDK backend. Please refer to https://wandb.me/wandb-core for more information.
wandb: Currently logged in as: jxd-engineer. Use `wandb login --relogin` to force relogin
wandb: Tracking run with wandb version 0.18.1
wandb: Run data is saved locally in /cluster/home/xudjian/ModalGNN_Time_Domain/wandb/run-20241024_102614-ujyi5x0c
wandb: Run `wandb offline` to turn off syncing.
wandb: Syncing run astral-firebrand-121
wandb: ⭐️ View project at https://wandb.ai/jxd-engineer/ModalGNN_TimeDomain
wandb: 🚀 View run at https://wandb.ai/jxd-engineer/ModalGNN_TimeDomain/runs/ujyi5x0c
wandb: - 0.020 MB of 0.020 MB uploadedwandb:                                                                                
wandb: 
wandb: Run history:
wandb: loss1_valid █▂▂▂▁▁▁▁▁▁▁▁▁▁▁▁▁▁▁▁▁▁▁▁▁▁▁▁▁▁▁▁▁▁▁▁▁▁▁▁
wandb: loss2_valid █▆▅▃▃▁▁▁▁▁▁▁▁▁▁▁▁▁▁▁▁▁▁▁▁▁▁▁▁▁▁▁▁▁▁▁▁▁▁▁
wandb: loss3_valid █▁▁▁▁▁▁▁▁▁▁▁▁▁▁▁▁▁▁▁▁▁▁▁▁▁▂▂▂▂▂▁▁▁▁▂▃▄▄▄
wandb:  loss_train ▅█▄▄▃▃▃▂▂▃▂▂▂▁▂▃▂▂▃▂▂▃▂▁▃▃▃▃▂▂▁▂▃▂▂▂▂▁▂▂
wandb:  loss_valid █▇▂▂▁▁▁▁▁▁▁▁▁▁▁▁▁▁▁▁▁▁▁▁▁▁▁▁▁▁▁▁▁▁▁▁▁▁▁▁
wandb: 
wandb: Run summary:
wandb: loss1_valid 0.02595
wandb: loss2_valid 0.00082
wandb: loss3_valid 0.01156
wandb:  loss_train 0.02287
wandb:  loss_valid 0.03834
wandb: 
wandb: 🚀 View run astral-firebrand-121 at: https://wandb.ai/jxd-engineer/ModalGNN_TimeDomain/runs/ujyi5x0c
wandb: ⭐️ View project at: https://wandb.ai/jxd-engineer/ModalGNN_TimeDomain
wandb: Synced 5 W&B file(s), 0 media file(s), 0 artifact file(s) and 0 other file(s)
wandb: Find logs at: ./wandb/run-20241024_102614-ujyi5x0c/logs
Training device: cuda:0
Create model: done
graph_id = 0
graph_id = 1
graph_id = 2
graph_id = 3
graph_id = 4
graph_id = 5
graph_id = 6
graph_id = 7
graph_id = 8
graph_id = 9
graph_id = 10
graph_id = 11
graph_id = 12
graph_id = 13
graph_id = 14
graph_id = 15
graph_id = 16
graph_id = 17
graph_id = 18
graph_id = 19
graph_id = 20
graph_id = 21
graph_id = 22
graph_id = 23
graph_id = 24
graph_id = 25
graph_id = 26
graph_id = 27
graph_id = 28
graph_id = 29
graph_id = 30
graph_id = 31
graph_id = 32
graph_id = 33
graph_id = 34
graph_id = 35
graph_id = 36
graph_id = 37
graph_id = 38
graph_id = 39
graph_id = 40
graph_id = 41
graph_id = 42
graph_id = 43
graph_id = 44
graph_id = 45
graph_id = 46
graph_id = 47
graph_id = 48
graph_id = 49
graph_id = 50
graph_id = 51
graph_id = 52
graph_id = 53
graph_id = 54
graph_id = 55
graph_id = 56
graph_id = 57
graph_id = 58
graph_id = 59
graph_id = 60
graph_id = 61
graph_id = 62
graph_id = 63
graph_id = 64
graph_id = 65
graph_id = 66
graph_id = 67
graph_id = 68
graph_id = 69
graph_id = 70
graph_id = 71
graph_id = 72
graph_id = 73
graph_id = 74
graph_id = 75
graph_id = 76
graph_id = 77
graph_id = 78
graph_id = 79
graph_id = 80
graph_id = 81
graph_id = 82
graph_id = 83
graph_id = 84
graph_id = 85
graph_id = 86
graph_id = 87
graph_id = 88
graph_id = 89
graph_id = 90
graph_id = 91
graph_id = 92
graph_id = 93
graph_id = 94
graph_id = 95
graph_id = 96
graph_id = 97
graph_id = 98
graph_id = 99
graph_id = 100
graph_id = 101
graph_id = 102
graph_id = 103
graph_id = 104
graph_id = 105
graph_id = 106
graph_id = 107
graph_id = 108
graph_id = 109
graph_id = 110
graph_id = 111
graph_id = 112
graph_id = 113
graph_id = 114
graph_id = 115
graph_id = 116
graph_id = 117
graph_id = 118
graph_id = 119
graph_id = 120
graph_id = 121
graph_id = 122
graph_id = 123
graph_id = 124
graph_id = 125
graph_id = 126
graph_id = 127
graph_id = 128
graph_id = 129
graph_id = 130
graph_id = 131
graph_id = 132
graph_id = 133
graph_id = 134
graph_id = 135
graph_id = 136
graph_id = 137
graph_id = 138
graph_id = 139
graph_id = 140
graph_id = 141
graph_id = 142
graph_id = 143
graph_id = 144
graph_id = 145
graph_id = 146
graph_id = 147
graph_id = 148
graph_id = 149
graph_id = 150
graph_id = 151
graph_id = 152
graph_id = 153
graph_id = 154
graph_id = 155
graph_id = 156
graph_id = 157
graph_id = 158
graph_id = 159
graph_id = 160
graph_id = 161
graph_id = 162
graph_id = 163
graph_id = 164
graph_id = 165
graph_id = 166
graph_id = 167
graph_id = 168
graph_id = 169
graph_id = 170
graph_id = 171
graph_id = 172
graph_id = 173
graph_id = 174
graph_id = 175
graph_id = 176
graph_id = 177
graph_id = 178
graph_id = 179
graph_id = 180
graph_id = 181
graph_id = 182
graph_id = 183
graph_id = 184
graph_id = 185
graph_id = 186
graph_id = 187
graph_id = 188
graph_id = 189
graph_id = 190
graph_id = 191
graph_id = 192
graph_id = 193
graph_id = 194
graph_id = 195
graph_id = 196
graph_id = 197
graph_id = 198
graph_id = 199
graph_id = 200
graph_id = 201
graph_id = 202
graph_id = 203
graph_id = 204
graph_id = 205
graph_id = 206
graph_id = 207
graph_id = 208
graph_id = 209
graph_id = 210
graph_id = 211
graph_id = 212
graph_id = 213
graph_id = 214
graph_id = 215
graph_id = 216
graph_id = 217
graph_id = 218
graph_id = 219
graph_id = 220
graph_id = 221
graph_id = 222
graph_id = 223
graph_id = 224
graph_id = 225
graph_id = 226
graph_id = 227
graph_id = 228
graph_id = 229
graph_id = 230
graph_id = 231
graph_id = 232
graph_id = 233
graph_id = 234
graph_id = 235
graph_id = 236
graph_id = 237
graph_id = 238
graph_id = 239
graph_id = 240
graph_id = 241
graph_id = 242
graph_id = 243
graph_id = 244
graph_id = 245
graph_id = 246
graph_id = 247
graph_id = 248
graph_id = 249
graph_id = 250
graph_id = 251
graph_id = 252
graph_id = 253
graph_id = 254
graph_id = 255
graph_id = 256
graph_id = 257
graph_id = 258
graph_id = 259
graph_id = 260
graph_id = 261
graph_id = 262
graph_id = 263
graph_id = 264
graph_id = 265
graph_id = 266
graph_id = 267
graph_id = 268
graph_id = 269
graph_id = 270
graph_id = 271
graph_id = 272
graph_id = 273
graph_id = 274
graph_id = 275
graph_id = 276
graph_id = 277
graph_id = 278
graph_id = 279
graph_id = 280
graph_id = 281
graph_id = 282
graph_id = 283
graph_id = 284
graph_id = 285
graph_id = 286
graph_id = 287
graph_id = 288
graph_id = 289
graph_id = 290
graph_id = 291
graph_id = 292
graph_id = 293
graph_id = 294
graph_id = 295
graph_id = 296
graph_id = 297
graph_id = 298
graph_id = 299
Create training dataset: done
graph_id = 495
graph_id = 496
graph_id = 497
graph_id = 498
graph_id = 499
Create validation dataset: done
epoch: 0, loss_train: 0.6202763915, loss_valid: 1.1410087347
epoch: 20, loss_train: 0.1573907584, loss_valid: 0.8509786129
epoch: 40, loss_train: 0.0998712778, loss_valid: 0.5802845955
epoch: 60, loss_train: 0.0795433372, loss_valid: 0.4871652126
epoch: 80, loss_train: 0.0700085089, loss_valid: 0.3547226489
epoch: 100, loss_train: 0.0616201870, loss_valid: 0.3191492558
epoch: 120, loss_train: 0.0525020175, loss_valid: 0.2857054174
epoch: 140, loss_train: 0.0486924946, loss_valid: 0.2105594128
epoch: 160, loss_train: 0.0473697484, loss_valid: 0.1987606287
epoch: 180, loss_train: 0.0457810089, loss_valid: 0.1763824970
epoch: 200, loss_train: 0.0440091603, loss_valid: 0.1641503125
epoch: 220, loss_train: 0.0434307419, loss_valid: 0.1601294279
epoch: 240, loss_train: 0.0429546498, loss_valid: 0.1541085541
epoch: 260, loss_train: 0.0420505404, loss_valid: 0.1510822028
epoch: 280, loss_train: 0.0414090604, loss_valid: 0.1495619565
epoch: 300, loss_train: 0.0399140567, loss_valid: 0.1358030587
epoch: 320, loss_train: 0.0407779515, loss_valid: 0.1208093539
epoch: 340, loss_train: 0.0380807221, loss_valid: 0.1201546937
epoch: 360, loss_train: 0.0367042460, loss_valid: 0.0970204547
epoch: 380, loss_train: 0.0356743112, loss_valid: 0.0837578028
epoch: 400, loss_train: 0.0357777365, loss_valid: 0.0869686157
epoch: 420, loss_train: 0.0366580412, loss_valid: 0.0815372169
epoch: 440, loss_train: 0.0352669656, loss_valid: 0.0835964158
epoch: 460, loss_train: 0.0345541835, loss_valid: 0.0803080872
epoch: 480, loss_train: 0.0347927287, loss_valid: 0.0801108256
epoch: 500, loss_train: 0.0351454839, loss_valid: 0.0778699741
epoch: 520, loss_train: 0.0347104967, loss_valid: 0.0766578242
epoch: 540, loss_train: 0.0336073935, loss_valid: 0.0743925124
epoch: 560, loss_train: 0.0331937224, loss_valid: 0.0691528320
epoch: 580, loss_train: 0.0332445018, loss_valid: 0.0360503756
epoch: 600, loss_train: 0.0316301621, loss_valid: 0.0303941518
epoch: 620, loss_train: 0.0315551981, loss_valid: 0.0287859570
epoch: 640, loss_train: 0.0316599384, loss_valid: 0.0378922336
epoch: 660, loss_train: 0.0308922436, loss_valid: 0.0312985592
epoch: 680, loss_train: 0.0310367905, loss_valid: 0.0294895452
epoch: 700, loss_train: 0.0315520167, loss_valid: 0.0355652273
epoch: 720, loss_train: 0.0315644443, loss_valid: 0.0275168251
epoch: 740, loss_train: 0.0317453369, loss_valid: 0.0281021297
epoch: 760, loss_train: 0.0314288139, loss_valid: 0.0312182903
epoch: 780, loss_train: 0.0321384594, loss_valid: 0.0264360588
epoch: 800, loss_train: 0.0309910290, loss_valid: 0.0284238812
epoch: 820, loss_train: 0.0318901129, loss_valid: 0.0308852270
epoch: 840, loss_train: 0.0305190124, loss_valid: 0.0274447985
epoch: 860, loss_train: 0.0320788883, loss_valid: 0.0272762030
epoch: 880, loss_train: 0.0304761045, loss_valid: 0.0268719699
epoch: 900, loss_train: 0.0312206000, loss_valid: 0.0285313316
epoch: 920, loss_train: 0.0308555849, loss_valid: 0.0368669443
epoch: 940, loss_train: 0.0316898078, loss_valid: 0.0250824168
epoch: 960, loss_train: 0.0302456059, loss_valid: 0.0304681715
epoch: 980, loss_train: 0.0297333803, loss_valid: 0.0285563990
epoch: 1000, loss_train: 0.0305478983, loss_valid: 0.0256269947
epoch: 1020, loss_train: 0.0313392729, loss_valid: 0.0297898203
epoch: 1040, loss_train: 0.0311290473, loss_valid: 0.0256049242
epoch: 1060, loss_train: 0.0316537768, loss_valid: 0.0262032896
epoch: 1080, loss_train: 0.0310569927, loss_valid: 0.0269356463
epoch: 1100, loss_train: 0.0301235616, loss_valid: 0.0266415998
epoch: 1120, loss_train: 0.0308328234, loss_valid: 0.0266874861
epoch: 1140, loss_train: 0.0305411816, loss_valid: 0.0259564109
epoch: 1160, loss_train: 0.0299595501, loss_valid: 0.0273371954
epoch: 1180, loss_train: 0.0310760643, loss_valid: 0.0265597012
epoch: 1200, loss_train: 0.0307436697, loss_valid: 0.0266454481
epoch: 1220, loss_train: 0.0299974047, loss_valid: 0.0267879870
epoch: 1240, loss_train: 0.0305113308, loss_valid: 0.0275054350
epoch: 1260, loss_train: 0.0303958096, loss_valid: 0.0277069062
epoch: 1280, loss_train: 0.0312364809, loss_valid: 0.0268887393
epoch: 1300, loss_train: 0.0315878764, loss_valid: 0.0277569927
epoch: 1320, loss_train: 0.0304298811, loss_valid: 0.0279995203
epoch: 1340, loss_train: 0.0306570642, loss_valid: 0.0245736372
epoch: 1360, loss_train: 0.0310210884, loss_valid: 0.0250762142
epoch: 1380, loss_train: 0.0298415720, loss_valid: 0.0257743336
epoch: 1400, loss_train: 0.0311213564, loss_valid: 0.0256332085
epoch: 1420, loss_train: 0.0306945518, loss_valid: 0.0277970396
epoch: 1440, loss_train: 0.0309812278, loss_valid: 0.0264779106
epoch: 1460, loss_train: 0.0317836069, loss_valid: 0.0265210774
epoch: 1480, loss_train: 0.0311603397, loss_valid: 0.0267449785
epoch: 1500, loss_train: 0.0299932510, loss_valid: 0.0267200656
epoch: 1520, loss_train: 0.0301969703, loss_valid: 0.0276450794
epoch: 1540, loss_train: 0.0309143476, loss_valid: 0.0281461142
epoch: 1560, loss_train: 0.0308792070, loss_valid: 0.0268883687
epoch: 1580, loss_train: 0.0316427350, loss_valid: 0.0272122696
epoch: 1600, loss_train: 0.0312566720, loss_valid: 0.0264131166
epoch: 1620, loss_train: 0.0306933969, loss_valid: 0.0265203528
epoch: 1640, loss_train: 0.0312675536, loss_valid: 0.0270432644
epoch: 1660, loss_train: 0.0306048095, loss_valid: 0.0266371295
epoch: 1680, loss_train: 0.0303100254, loss_valid: 0.0264694598
epoch: 1700, loss_train: 0.0314766727, loss_valid: 0.0254262127
epoch: 1720, loss_train: 0.0313357525, loss_valid: 0.0263345055
epoch: 1740, loss_train: 0.0305844154, loss_valid: 0.0287454315
epoch: 1760, loss_train: 0.0304057505, loss_valid: 0.0260019284
epoch: 1780, loss_train: 0.0306502953, loss_valid: 0.0265629478
epoch: 1800, loss_train: 0.0311081465, loss_valid: 0.0265308861
epoch: 1820, loss_train: 0.0307525657, loss_valid: 0.0268069748
epoch: 1840, loss_train: 0.0307510924, loss_valid: 0.0265904814
epoch: 1860, loss_train: 0.0316822082, loss_valid: 0.0259047598
epoch: 1880, loss_train: 0.0319211408, loss_valid: 0.0259736702
epoch: 1900, loss_train: 0.0310540497, loss_valid: 0.0262440201
epoch: 1920, loss_train: 0.0311085731, loss_valid: 0.0263577066
epoch: 1940, loss_train: 0.0313881114, loss_valid: 0.0261905342
epoch: 1960, loss_train: 0.0306366589, loss_valid: 0.0266143866
epoch: 1980, loss_train: 0.0305044781, loss_valid: 0.0261923093
epoch: 2000, loss_train: 0.0313998386, loss_valid: 0.0265049636
epoch: 2020, loss_train: 0.0307487622, loss_valid: 0.0270606279
epoch: 2040, loss_train: 0.0306127723, loss_valid: 0.0287216417
epoch: 2060, loss_train: 0.0303823333, loss_valid: 0.0263471715
epoch: 2080, loss_train: 0.0315337442, loss_valid: 0.0266953930
epoch: 2100, loss_train: 0.0312422551, loss_valid: 0.0258359946
epoch: 2120, loss_train: 0.0309703108, loss_valid: 0.0264792405
epoch: 2140, loss_train: 0.0315663218, loss_valid: 0.0259141456
epoch: 2160, loss_train: 0.0304910056, loss_valid: 0.0272077918
epoch: 2180, loss_train: 0.0305325296, loss_valid: 0.0265737735
epoch: 2200, loss_train: 0.0312811211, loss_valid: 0.0257469583
epoch: 2220, loss_train: 0.0306739919, loss_valid: 0.0261599012
epoch: 2240, loss_train: 0.0307566300, loss_valid: 0.0265501551
epoch: 2260, loss_train: 0.0310747139, loss_valid: 0.0265276395
epoch: 2280, loss_train: 0.0319076888, loss_valid: 0.0275392085
epoch: 2300, loss_train: 0.0304006990, loss_valid: 0.0266698599
epoch: 2320, loss_train: 0.0315363705, loss_valid: 0.0270210244
epoch: 2340, loss_train: 0.0305559896, loss_valid: 0.0259073675
epoch: 2360, loss_train: 0.0317104124, loss_valid: 0.0262793452
epoch: 2380, loss_train: 0.0301947650, loss_valid: 0.0253528934
epoch: 2400, loss_train: 0.0316931158, loss_valid: 0.0264838785
epoch: 2420, loss_train: 0.0298298504, loss_valid: 0.0264528655
epoch: 2440, loss_train: 0.0302321073, loss_valid: 0.0266457461
epoch: 2460, loss_train: 0.0308257639, loss_valid: 0.0274446756
epoch: 2480, loss_train: 0.0303421728, loss_valid: 0.0270572975
epoch: 2500, loss_train: 0.0306817945, loss_valid: 0.0272409823
epoch: 2520, loss_train: 0.0307297222, loss_valid: 0.0273429565
epoch: 2540, loss_train: 0.0304043572, loss_valid: 0.0282967482
epoch: 2560, loss_train: 0.0310990736, loss_valid: 0.0283112545
epoch: 2580, loss_train: 0.0306104980, loss_valid: 0.0298766475
epoch: 2600, loss_train: 0.0314516649, loss_valid: 0.0303046741
epoch: 2620, loss_train: 0.0305719599, loss_valid: 0.0316191129
epoch: 2640, loss_train: 0.0301752426, loss_valid: 0.0344563127
epoch: 2660, loss_train: 0.0314269960, loss_valid: 0.0333808474
epoch: 2680, loss_train: 0.0306296945, loss_valid: 0.0342643969
epoch: 2700, loss_train: 0.0307940729, loss_valid: 0.0307531767
epoch: 2720, loss_train: 0.0310860686, loss_valid: 0.0303137638
epoch: 2740, loss_train: 0.0308656376, loss_valid: 0.0312906168
epoch: 2760, loss_train: 0.0304775201, loss_valid: 0.0337610953
epoch: 2780, loss_train: 0.0298612639, loss_valid: 0.0282778554
epoch: 2800, loss_train: 0.0317522362, loss_valid: 0.0324858092
epoch: 2820, loss_train: 0.0300857481, loss_valid: 0.0351760238
epoch: 2840, loss_train: 0.0313710421, loss_valid: 0.0352576487
epoch: 2860, loss_train: 0.0306745358, loss_valid: 0.0356417820
epoch: 2880, loss_train: 0.0307969414, loss_valid: 0.0328266807
epoch: 2900, loss_train: 0.0310984831, loss_valid: 0.0386627205
epoch: 2920, loss_train: 0.0303920396, loss_valid: 0.0426684618
epoch: 2940, loss_train: 0.0310461726, loss_valid: 0.0389214605
epoch: 2960, loss_train: 0.0314319395, loss_valid: 0.0372798294
epoch: 2980, loss_train: 0.0309553109, loss_valid: 0.0404805616
epoch: 3000, loss_train: 0.0317996927, loss_valid: 0.0338902362
epoch: 3020, loss_train: 0.0306381136, loss_valid: 0.0391999558
epoch: 3040, loss_train: 0.0299024787, loss_valid: 0.0383813493
epoch: 3060, loss_train: 0.0313672982, loss_valid: 0.0386702605
epoch: 3080, loss_train: 0.0302681886, loss_valid: 0.0413669199
epoch: 3100, loss_train: 0.0309595317, loss_valid: 0.0459638834
epoch: 3120, loss_train: 0.0304313060, loss_valid: 0.0445987731
epoch: 3140, loss_train: 0.0297378749, loss_valid: 0.0526755229
epoch: 3160, loss_train: 0.0307775289, loss_valid: 0.0432330966
epoch: 3180, loss_train: 0.0298533179, loss_valid: 0.0440068319
epoch: 3200, loss_train: 0.0310278386, loss_valid: 0.0359862447
epoch: 3220, loss_train: 0.0295282006, loss_valid: 0.0416199714
epoch: 3240, loss_train: 0.0311921537, loss_valid: 0.0368143059
epoch: 3260, loss_train: 0.0298339091, loss_valid: 0.0487524942
epoch: 3280, loss_train: 0.0302458405, loss_valid: 0.0545861982
epoch: 3300, loss_train: 0.0312846303, loss_valid: 0.0305776596
epoch: 3320, loss_train: 0.0306670964, loss_valid: 0.0293056164
epoch: 3340, loss_train: 0.0300253369, loss_valid: 0.0365641378
epoch: 3360, loss_train: 0.0307975635, loss_valid: 0.0456683934
epoch: 3380, loss_train: 0.0309098717, loss_valid: 0.0568311140
epoch: 3400, loss_train: 0.0302531328, loss_valid: 0.0530894212
epoch: 3420, loss_train: 0.0299284216, loss_valid: 0.0544404909
epoch: 3440, loss_train: 0.0302932616, loss_valid: 0.0564370677
epoch: 3460, loss_train: 0.0306305327, loss_valid: 0.0511164293
epoch: 3480, loss_train: 0.0298889335, loss_valid: 0.0391749665
epoch: 3500, loss_train: 0.0296928659, loss_valid: 0.0409638658
epoch: 3520, loss_train: 0.0308357924, loss_valid: 0.0451481119
epoch: 3540, loss_train: 0.0301884972, loss_valid: 0.0522422194
epoch: 3560, loss_train: 0.0299860295, loss_valid: 0.0332833342
epoch: 3580, loss_train: 0.0294571426, loss_valid: 0.0354315042
epoch: 3600, loss_train: 0.0290335175, loss_valid: 0.0379283093
epoch: 3620, loss_train: 0.0298910178, loss_valid: 0.0347343273
epoch: 3640, loss_train: 0.0293686911, loss_valid: 0.0297054648
epoch: 3660, loss_train: 0.0295359697, loss_valid: 0.0285735689
epoch: 3680, loss_train: 0.0297952723, loss_valid: 0.0271646362
epoch: 3700, loss_train: 0.0308008939, loss_valid: 0.0274662618
epoch: 3720, loss_train: 0.0286736637, loss_valid: 0.0261955932
epoch: 3740, loss_train: 0.0292639099, loss_valid: 0.0262852758
epoch: 3760, loss_train: 0.0296691712, loss_valid: 0.0266051497
epoch: 3780, loss_train: 0.0306048281, loss_valid: 0.0264802948
epoch: 3800, loss_train: 0.0299136396, loss_valid: 0.0259472989
epoch: 3820, loss_train: 0.0292571075, loss_valid: 0.0255790930
epoch: 3840, loss_train: 0.0304840989, loss_valid: 0.0252596028
epoch: 3860, loss_train: 0.0300672408, loss_valid: 0.0252352469
epoch: 3880, loss_train: 0.0305498317, loss_valid: 0.0250364710
epoch: 3900, loss_train: 0.0291893166, loss_valid: 0.0257678367
epoch: 3920, loss_train: 0.0301812217, loss_valid: 0.0255799927
epoch: 3940, loss_train: 0.0295873731, loss_valid: 0.0258532278
epoch: 3960, loss_train: 0.0285182036, loss_valid: 0.0258140117
epoch: 3980, loss_train: 0.0298888050, loss_valid: 0.0265336931
epoch: 4000, loss_train: 0.0291309413, loss_valid: 0.0268697925
epoch: 4020, loss_train: 0.0286200009, loss_valid: 0.0273808353
epoch: 4040, loss_train: 0.0293870922, loss_valid: 0.0277644806
epoch: 4060, loss_train: 0.0283406191, loss_valid: 0.0284572896
epoch: 4080, loss_train: 0.0295612291, loss_valid: 0.0283489041
epoch: 4100, loss_train: 0.0295489859, loss_valid: 0.0284314211
epoch: 4120, loss_train: 0.0297499858, loss_valid: 0.0284896884
epoch: 4140, loss_train: 0.0291191004, loss_valid: 0.0297344513
epoch: 4160, loss_train: 0.0292315017, loss_valid: 0.0306423176
epoch: 4180, loss_train: 0.0284926109, loss_valid: 0.0311234854
epoch: 4200, loss_train: 0.0279195365, loss_valid: 0.0307357125
epoch: 4220, loss_train: 0.0292054899, loss_valid: 0.0321879312
epoch: 4240, loss_train: 0.0294017345, loss_valid: 0.0344921760
epoch: 4260, loss_train: 0.0273649450, loss_valid: 0.0375944152
epoch: 4280, loss_train: 0.0288391560, loss_valid: 0.0495605394
epoch: 4300, loss_train: 0.0288921371, loss_valid: 0.0535443574
epoch: 4320, loss_train: 0.0282302685, loss_valid: 0.0629144683
epoch: 4340, loss_train: 0.0283732899, loss_valid: 0.0732757077
epoch: 4360, loss_train: 0.0287804082, loss_valid: 0.0853562802
epoch: 4380, loss_train: 0.0291392859, loss_valid: 0.0946170390
epoch: 4400, loss_train: 0.0279532950, loss_valid: 0.0974981859
epoch: 4420, loss_train: 0.0279852133, loss_valid: 0.1068823114
epoch: 4440, loss_train: 0.0282373130, loss_valid: 0.1065996215
epoch: 4460, loss_train: 0.0274315961, loss_valid: 0.1068060473
epoch: 4480, loss_train: 0.0282726791, loss_valid: 0.1063196436
epoch: 4500, loss_train: 0.0281216856, loss_valid: 0.1138615906
epoch: 4520, loss_train: 0.0281159263, loss_valid: 0.1172472984
epoch: 4540, loss_train: 0.0281052627, loss_valid: 0.1165963188
epoch: 4560, loss_train: 0.0270160288, loss_valid: 0.1198082194
epoch: 4580, loss_train: 0.0283136424, loss_valid: 0.1180596054
epoch: 4600, loss_train: 0.0272868313, loss_valid: 0.1204429567
epoch: 4620, loss_train: 0.0265157130, loss_valid: 0.1177621186
epoch: 4640, loss_train: 0.0266474914, loss_valid: 0.1136357561
epoch: 4660, loss_train: 0.0271756258, loss_valid: 0.1211518869
epoch: 4680, loss_train: 0.0274262857, loss_valid: 0.1189581305
epoch: 4700, loss_train: 0.0273199156, loss_valid: 0.1183719710
epoch: 4720, loss_train: 0.0273393914, loss_valid: 0.1182797551
epoch: 4740, loss_train: 0.0271291789, loss_valid: 0.1211190075
epoch: 4760, loss_train: 0.0262182113, loss_valid: 0.1240668446
epoch: 4780, loss_train: 0.0265109167, loss_valid: 0.1253825277
epoch: 4800, loss_train: 0.0261837449, loss_valid: 0.1215478033
epoch: 4820, loss_train: 0.0264063533, loss_valid: 0.1261231303
epoch: 4840, loss_train: 0.0269066356, loss_valid: 0.1334128529
epoch: 4860, loss_train: 0.0262021981, loss_valid: 0.1318823099
epoch: 4880, loss_train: 0.0260456055, loss_valid: 0.1407624185
epoch: 4900, loss_train: 0.0259177685, loss_valid: 0.1423020512
epoch: 4920, loss_train: 0.0259976760, loss_valid: 0.1424225867
epoch: 4940, loss_train: 0.0256028883, loss_valid: 0.1434368789
epoch: 4960, loss_train: 0.0263195299, loss_valid: 0.1431695521
epoch: 4980, loss_train: 0.0259812959, loss_valid: 0.1484526694
Train the model: done, 2411.1653039455414 seconds
Save trained model: done
